<?xml version="1.0" ?>
<Event xmlns="http://schemas.microsoft.com/win/2004/08/events/event">
	<System>
		<Provider Guid="{5770385f-c22a-43e0-bf4c-06f5698ffbd9}" Name="Microsoft-Windows-Sysmon"/>
		<EventID Qualifiers="">3</EventID>
		<Version>5</Version>
		<Level>4</Level>
		<Task>3</Task>
		<Opcode>0</Opcode>
		<Keywords>0x8000000000000000</Keywords>
		<TimeCreated SystemTime="2021-11-30 03:05:08.370062"/>
		<EventRecordID>14567</EventRecordID>
		<Correlation ActivityID="" RelatedActivityID=""/>
		<Execution ProcessID="3064" ThreadID="3736"/>
		<Channel>Microsoft-Windows-Sysmon/Operational</Channel>
		<Computer>WIN-J23NIGGP1Q6.sysmon_set.local</Computer>
		<Security UserID="S-1-5-18"/>
	</System>
	<EventData>
		<Data Name="RuleName">-</Data>
		<Data Name="UtcTime">2021-11-30 03:05:09.312</Data>
		<Data Name="ProcessGuid">{27532e6a-8427-61a5-0b00-000000001500}</Data>
		<Data Name="ProcessId">648</Data>
		<Data Name="Image">C:\Windows\System32\services.exe</Data>
		<Data Name="User">NT AUTHORITY\SYSTEM</Data>
		<Data Name="Protocol">tcp</Data>
		<Data Name="Initiated">False</Data>
		<Data Name="SourceIsIpv6">False</Data>
		<Data Name="SourceIp">192.168.1.8</Data>
		<Data Name="SourceHostname">laptop-ropr18ak</Data>
		<Data Name="SourcePort">60489</Data>
		<Data Name="SourcePortName">-</Data>
		<Data Name="DestinationIsIpv6">False</Data>
		<Data Name="DestinationIp">192.168.1.7</Data>
		<Data Name="DestinationHostname">WIN-J23NIGGP1Q6.sysmon_set.local</Data>
		<Data Name="DestinationPort">49695</Data>
		<Data Name="DestinationPortName">-</Data>
	</EventData>
</Event>

<?xml version="1.0" ?>
<Event xmlns="http://schemas.microsoft.com/win/2004/08/events/event">
	<System>
		<Provider Guid="{5770385f-c22a-43e0-bf4c-06f5698ffbd9}" Name="Microsoft-Windows-Sysmon"/>
		<EventID Qualifiers="">5</EventID>
		<Version>3</Version>
		<Level>4</Level>
		<Task>5</Task>
		<Opcode>0</Opcode>
		<Keywords>0x8000000000000000</Keywords>
		<TimeCreated SystemTime="2021-11-30 03:05:11.934475"/>
		<EventRecordID>14568</EventRecordID>
		<Correlation ActivityID="" RelatedActivityID=""/>
		<Execution ProcessID="3064" ThreadID="3724"/>
		<Channel>Microsoft-Windows-Sysmon/Operational</Channel>
		<Computer>WIN-J23NIGGP1Q6.sysmon_set.local</Computer>
		<Security UserID="S-1-5-18"/>
	</System>
	<EventData>
		<Data Name="RuleName">-</Data>
		<Data Name="UtcTime">2021-11-30 03:05:11.932</Data>
		<Data Name="ProcessGuid">{27532e6a-94e2-61a5-0a01-000000001500}</Data>
		<Data Name="ProcessId">2412</Data>
		<Data Name="Image">C:\Windows\System32\dllhost.exe</Data>
	</EventData>
</Event>

<?xml version="1.0" ?>
<Event xmlns="http://schemas.microsoft.com/win/2004/08/events/event">
	<System>
		<Provider Guid="{5770385f-c22a-43e0-bf4c-06f5698ffbd9}" Name="Microsoft-Windows-Sysmon"/>
		<EventID Qualifiers="">3</EventID>
		<Version>5</Version>
		<Level>4</Level>
		<Task>3</Task>
		<Opcode>0</Opcode>
		<Keywords>0x8000000000000000</Keywords>
		<TimeCreated SystemTime="2021-11-30 03:05:29.619650"/>
		<EventRecordID>14569</EventRecordID>
		<Correlation ActivityID="" RelatedActivityID=""/>
		<Execution ProcessID="3064" ThreadID="3736"/>
		<Channel>Microsoft-Windows-Sysmon/Operational</Channel>
		<Computer>WIN-J23NIGGP1Q6.sysmon_set.local</Computer>
		<Security UserID="S-1-5-18"/>
	</System>
	<EventData>
		<Data Name="RuleName">-</Data>
		<Data Name="UtcTime">2021-11-30 03:05:30.752</Data>
		<Data Name="ProcessGuid">{27532e6a-847b-61a5-6a00-000000001500}</Data>
		<Data Name="ProcessId">5116</Data>
		<Data Name="Image">C:\Windows\ADWS\Microsoft.ActiveDirectory.WebServices.exe</Data>
		<Data Name="User">NT AUTHORITY\SYSTEM</Data>
		<Data Name="Protocol">tcp</Data>
		<Data Name="Initiated">True</Data>
		<Data Name="SourceIsIpv6">True</Data>
		<Data Name="SourceIp">0:0:0:0:0:0:0:1</Data>
		<Data Name="SourceHostname">WIN-J23NIGGP1Q6.sysmon_set.local</Data>
		<Data Name="SourcePort">64122</Data>
		<Data Name="SourcePortName">-</Data>
		<Data Name="DestinationIsIpv6">True</Data>
		<Data Name="DestinationIp">0:0:0:0:0:0:0:1</Data>
		<Data Name="DestinationHostname">WIN-J23NIGGP1Q6.sysmon_set.local</Data>
		<Data Name="DestinationPort">389</Data>
		<Data Name="DestinationPortName">ldap</Data>
	</EventData>
</Event>

<?xml version="1.0" ?>
<Event xmlns="http://schemas.microsoft.com/win/2004/08/events/event">
	<System>
		<Provider Guid="{5770385f-c22a-43e0-bf4c-06f5698ffbd9}" Name="Microsoft-Windows-Sysmon"/>
		<EventID Qualifiers="">3</EventID>
		<Version>5</Version>
		<Level>4</Level>
		<Task>3</Task>
		<Opcode>0</Opcode>
		<Keywords>0x8000000000000000</Keywords>
		<TimeCreated SystemTime="2021-11-30 03:05:29.619665"/>
		<EventRecordID>14570</EventRecordID>
		<Correlation ActivityID="" RelatedActivityID=""/>
		<Execution ProcessID="3064" ThreadID="3736"/>
		<Channel>Microsoft-Windows-Sysmon/Operational</Channel>
		<Computer>WIN-J23NIGGP1Q6.sysmon_set.local</Computer>
		<Security UserID="S-1-5-18"/>
	</System>
	<EventData>
		<Data Name="RuleName">-</Data>
		<Data Name="UtcTime">2021-11-30 03:05:30.752</Data>
		<Data Name="ProcessGuid">{27532e6a-8428-61a5-0c00-000000001500}</Data>
		<Data Name="ProcessId">668</Data>
		<Data Name="Image">C:\Windows\System32\lsass.exe</Data>
		<Data Name="User">NT AUTHORITY\SYSTEM</Data>
		<Data Name="Protocol">tcp</Data>
		<Data Name="Initiated">False</Data>
		<Data Name="SourceIsIpv6">True</Data>
		<Data Name="SourceIp">0:0:0:0:0:0:0:1</Data>
		<Data Name="SourceHostname">WIN-J23NIGGP1Q6.sysmon_set.local</Data>
		<Data Name="SourcePort">64122</Data>
		<Data Name="SourcePortName">-</Data>
		<Data Name="DestinationIsIpv6">True</Data>
		<Data Name="DestinationIp">0:0:0:0:0:0:0:1</Data>
		<Data Name="DestinationHostname">WIN-J23NIGGP1Q6.sysmon_set.local</Data>
		<Data Name="DestinationPort">389</Data>
		<Data Name="DestinationPortName">ldap</Data>
	</EventData>
</Event>

<?xml version="1.0" ?>
<Event xmlns="http://schemas.microsoft.com/win/2004/08/events/event">
	<System>
		<Provider Guid="{5770385f-c22a-43e0-bf4c-06f5698ffbd9}" Name="Microsoft-Windows-Sysmon"/>
		<EventID Qualifiers="">1</EventID>
		<Version>5</Version>
		<Level>4</Level>
		<Task>1</Task>
		<Opcode>0</Opcode>
		<Keywords>0x8000000000000000</Keywords>
		<TimeCreated SystemTime="2021-11-30 03:05:56.867346"/>
		<EventRecordID>14571</EventRecordID>
		<Correlation ActivityID="" RelatedActivityID=""/>
		<Execution ProcessID="3064" ThreadID="3724"/>
		<Channel>Microsoft-Windows-Sysmon/Operational</Channel>
		<Computer>WIN-J23NIGGP1Q6.sysmon_set.local</Computer>
		<Security UserID="S-1-5-18"/>
	</System>
	<EventData>
		<Data Name="RuleName">-</Data>
		<Data Name="UtcTime">2021-11-30 03:05:56.866</Data>
		<Data Name="ProcessGuid">{27532e6a-9514-61a5-0d01-000000001500}</Data>
		<Data Name="ProcessId">5972</Data>
		<Data Name="Image">C:\Windows\System32\ipconfig.exe</Data>
		<Data Name="FileVersion">10.0.17763.1 (WinBuild.160101.0800)</Data>
		<Data Name="Description">IP Configuration Utility</Data>
		<Data Name="Product">Microsoft® Windows® Operating System</Data>
		<Data Name="Company">Microsoft Corporation</Data>
		<Data Name="OriginalFileName">ipconfig.exe</Data>
		<Data Name="CommandLine">ipconfig</Data>
		<Data Name="CurrentDirectory">C:\Users\Administrator\Desktop\</Data>
		<Data Name="User">SYSMON_SET\chr.smilio</Data>
		<Data Name="LogonGuid">{27532e6a-94e2-61a5-d81e-1f0000000000}</Data>
		<Data Name="LogonId">0x00000000001f1ed8</Data>
		<Data Name="TerminalSessionId">0</Data>
		<Data Name="IntegrityLevel">High</Data>
		<Data Name="Hashes">SHA256=C5DBBDDD1193C7ADCA1E30CD17B8C7AF6A76C406DD84DC164BB959C135F1AA70</Data>
		<Data Name="ParentProcessGuid">{27532e6a-94e2-61a5-0b01-000000001500}</Data>
		<Data Name="ParentProcessId">560</Data>
		<Data Name="ParentImage">C:\Windows\System32\cmd.exe</Data>
		<Data Name="ParentCommandLine">&quot;cmd&quot; </Data>
	</EventData>
</Event>

<?xml version="1.0" ?>
<Event xmlns="http://schemas.microsoft.com/win/2004/08/events/event">
	<System>
		<Provider Guid="{5770385f-c22a-43e0-bf4c-06f5698ffbd9}" Name="Microsoft-Windows-Sysmon"/>
		<EventID Qualifiers="">5</EventID>
		<Version>3</Version>
		<Level>4</Level>
		<Task>5</Task>
		<Opcode>0</Opcode>
		<Keywords>0x8000000000000000</Keywords>
		<TimeCreated SystemTime="2021-11-30 03:05:56.876350"/>
		<EventRecordID>14572</EventRecordID>
		<Correlation ActivityID="" RelatedActivityID=""/>
		<Execution ProcessID="3064" ThreadID="3724"/>
		<Channel>Microsoft-Windows-Sysmon/Operational</Channel>
		<Computer>WIN-J23NIGGP1Q6.sysmon_set.local</Computer>
		<Security UserID="S-1-5-18"/>
	</System>
	<EventData>
		<Data Name="RuleName">-</Data>
		<Data Name="UtcTime">2021-11-30 03:05:56.870</Data>
		<Data Name="ProcessGuid">{27532e6a-9514-61a5-0d01-000000001500}</Data>
		<Data Name="ProcessId">5972</Data>
		<Data Name="Image">C:\Windows\System32\ipconfig.exe</Data>
	</EventData>
</Event>

<?xml version="1.0" ?>
<Event xmlns="http://schemas.microsoft.com/win/2004/08/events/event">
	<System>
		<Provider Guid="{5770385f-c22a-43e0-bf4c-06f5698ffbd9}" Name="Microsoft-Windows-Sysmon"/>
		<EventID Qualifiers="">3</EventID>
		<Version>5</Version>
		<Level>4</Level>
		<Task>3</Task>
		<Opcode>0</Opcode>
		<Keywords>0x8000000000000000</Keywords>
		<TimeCreated SystemTime="2021-11-30 03:06:02.869707"/>
		<EventRecordID>14573</EventRecordID>
		<Correlation ActivityID="" RelatedActivityID=""/>
		<Execution ProcessID="3064" ThreadID="3736"/>
		<Channel>Microsoft-Windows-Sysmon/Operational</Channel>
		<Computer>WIN-J23NIGGP1Q6.sysmon_set.local</Computer>
		<Security UserID="S-1-5-18"/>
	</System>
	<EventData>
		<Data Name="RuleName">-</Data>
		<Data Name="UtcTime">2021-11-30 03:06:03.609</Data>
		<Data Name="ProcessGuid">{27532e6a-8414-61a5-eb03-000000000000}</Data>
		<Data Name="ProcessId">4</Data>
		<Data Name="Image">System</Data>
		<Data Name="User">NT AUTHORITY\SYSTEM</Data>
		<Data Name="Protocol">udp</Data>
		<Data Name="Initiated">False</Data>
		<Data Name="SourceIsIpv6">False</Data>
		<Data Name="SourceIp">192.168.1.255</Data>
		<Data Name="SourceHostname">-</Data>
		<Data Name="SourcePort">138</Data>
		<Data Name="SourcePortName">netbios-dgm</Data>
		<Data Name="DestinationIsIpv6">False</Data>
		<Data Name="DestinationIp">192.168.1.8</Data>
		<Data Name="DestinationHostname">laptop-ropr18ak</Data>
		<Data Name="DestinationPort">138</Data>
		<Data Name="DestinationPortName">netbios-dgm</Data>
	</EventData>
</Event>

<?xml version="1.0" ?>
<Event xmlns="http://schemas.microsoft.com/win/2004/08/events/event">
	<System>
		<Provider Guid="{5770385f-c22a-43e0-bf4c-06f5698ffbd9}" Name="Microsoft-Windows-Sysmon"/>
		<EventID Qualifiers="">1</EventID>
		<Version>5</Version>
		<Level>4</Level>
		<Task>1</Task>
		<Opcode>0</Opcode>
		<Keywords>0x8000000000000000</Keywords>
		<TimeCreated SystemTime="2021-11-30 03:06:05.064489"/>
		<EventRecordID>14574</EventRecordID>
		<Correlation ActivityID="" RelatedActivityID=""/>
		<Execution ProcessID="3064" ThreadID="3724"/>
		<Channel>Microsoft-Windows-Sysmon/Operational</Channel>
		<Computer>WIN-J23NIGGP1Q6.sysmon_set.local</Computer>
		<Security UserID="S-1-5-18"/>
	</System>
	<EventData>
		<Data Name="RuleName">-</Data>
		<Data Name="UtcTime">2021-11-30 03:06:05.063</Data>
		<Data Name="ProcessGuid">{27532e6a-951d-61a5-0e01-000000001500}</Data>
		<Data Name="ProcessId">5292</Data>
		<Data Name="Image">C:\Windows\System32\PING.EXE</Data>
		<Data Name="FileVersion">10.0.17763.1 (WinBuild.160101.0800)</Data>
		<Data Name="Description">TCP/IP Ping Command</Data>
		<Data Name="Product">Microsoft® Windows® Operating System</Data>
		<Data Name="Company">Microsoft Corporation</Data>
		<Data Name="OriginalFileName">ping.exe</Data>
		<Data Name="CommandLine">ping  192.168.1.8</Data>
		<Data Name="CurrentDirectory">C:\Users\Administrator\Desktop\</Data>
		<Data Name="User">SYSMON_SET\chr.smilio</Data>
		<Data Name="LogonGuid">{27532e6a-94e2-61a5-d81e-1f0000000000}</Data>
		<Data Name="LogonId">0x00000000001f1ed8</Data>
		<Data Name="TerminalSessionId">0</Data>
		<Data Name="IntegrityLevel">High</Data>
		<Data Name="Hashes">SHA256=741AD992403C78A8A7DBD97C74FDA06594A247E9E2FA05A40BB6945403A90056</Data>
		<Data Name="ParentProcessGuid">{27532e6a-94e2-61a5-0b01-000000001500}</Data>
		<Data Name="ParentProcessId">560</Data>
		<Data Name="ParentImage">C:\Windows\System32\cmd.exe</Data>
		<Data Name="ParentCommandLine">&quot;cmd&quot; </Data>
	</EventData>
</Event>

<?xml version="1.0" ?>
<Event xmlns="http://schemas.microsoft.com/win/2004/08/events/event">
	<System>
		<Provider Guid="{5770385f-c22a-43e0-bf4c-06f5698ffbd9}" Name="Microsoft-Windows-Sysmon"/>
		<EventID Qualifiers="">5</EventID>
		<Version>3</Version>
		<Level>4</Level>
		<Task>5</Task>
		<Opcode>0</Opcode>
		<Keywords>0x8000000000000000</Keywords>
		<TimeCreated SystemTime="2021-11-30 03:06:08.106377"/>
		<EventRecordID>14575</EventRecordID>
		<Correlation ActivityID="" RelatedActivityID=""/>
		<Execution ProcessID="3064" ThreadID="3724"/>
		<Channel>Microsoft-Windows-Sysmon/Operational</Channel>
		<Computer>WIN-J23NIGGP1Q6.sysmon_set.local</Computer>
		<Security UserID="S-1-5-18"/>
	</System>
	<EventData>
		<Data Name="RuleName">-</Data>
		<Data Name="UtcTime">2021-11-30 03:06:08.104</Data>
		<Data Name="ProcessGuid">{27532e6a-951d-61a5-0e01-000000001500}</Data>
		<Data Name="ProcessId">5292</Data>
		<Data Name="Image">C:\Windows\System32\PING.EXE</Data>
	</EventData>
</Event>

<?xml version="1.0" ?>
<Event xmlns="http://schemas.microsoft.com/win/2004/08/events/event">
	<System>
		<Provider Guid="{5770385f-c22a-43e0-bf4c-06f5698ffbd9}" Name="Microsoft-Windows-Sysmon"/>
		<EventID Qualifiers="">1</EventID>
		<Version>5</Version>
		<Level>4</Level>
		<Task>1</Task>
		<Opcode>0</Opcode>
		<Keywords>0x8000000000000000</Keywords>
		<TimeCreated SystemTime="2021-11-30 03:06:10.845882"/>
		<EventRecordID>14576</EventRecordID>
		<Correlation ActivityID="" RelatedActivityID=""/>
		<Execution ProcessID="3064" ThreadID="3724"/>
		<Channel>Microsoft-Windows-Sysmon/Operational</Channel>
		<Computer>WIN-J23NIGGP1Q6.sysmon_set.local</Computer>
		<Security UserID="S-1-5-18"/>
	</System>
	<EventData>
		<Data Name="RuleName">-</Data>
		<Data Name="UtcTime">2021-11-30 03:06:10.845</Data>
		<Data Name="ProcessGuid">{27532e6a-9522-61a5-0f01-000000001500}</Data>
		<Data Name="ProcessId">5160</Data>
		<Data Name="Image">C:\Windows\System32\PING.EXE</Data>
		<Data Name="FileVersion">10.0.17763.1 (WinBuild.160101.0800)</Data>
		<Data Name="Description">TCP/IP Ping Command</Data>
		<Data Name="Product">Microsoft® Windows® Operating System</Data>
		<Data Name="Company">Microsoft Corporation</Data>
		<Data Name="OriginalFileName">ping.exe</Data>
		<Data Name="CommandLine">ping  192.168.1.6</Data>
		<Data Name="CurrentDirectory">C:\Users\Administrator\Desktop\</Data>
		<Data Name="User">SYSMON_SET\chr.smilio</Data>
		<Data Name="LogonGuid">{27532e6a-94e2-61a5-d81e-1f0000000000}</Data>
		<Data Name="LogonId">0x00000000001f1ed8</Data>
		<Data Name="TerminalSessionId">0</Data>
		<Data Name="IntegrityLevel">High</Data>
		<Data Name="Hashes">SHA256=741AD992403C78A8A7DBD97C74FDA06594A247E9E2FA05A40BB6945403A90056</Data>
		<Data Name="ParentProcessGuid">{27532e6a-94e2-61a5-0b01-000000001500}</Data>
		<Data Name="ParentProcessId">560</Data>
		<Data Name="ParentImage">C:\Windows\System32\cmd.exe</Data>
		<Data Name="ParentCommandLine">&quot;cmd&quot; </Data>
	</EventData>
</Event>

<?xml version="1.0" ?>
<Event xmlns="http://schemas.microsoft.com/win/2004/08/events/event">
	<System>
		<Provider Guid="{5770385f-c22a-43e0-bf4c-06f5698ffbd9}" Name="Microsoft-Windows-Sysmon"/>
		<EventID Qualifiers="">5</EventID>
		<Version>3</Version>
		<Level>4</Level>
		<Task>5</Task>
		<Opcode>0</Opcode>
		<Keywords>0x8000000000000000</Keywords>
		<TimeCreated SystemTime="2021-11-30 03:06:13.876108"/>
		<EventRecordID>14577</EventRecordID>
		<Correlation ActivityID="" RelatedActivityID=""/>
		<Execution ProcessID="3064" ThreadID="3724"/>
		<Channel>Microsoft-Windows-Sysmon/Operational</Channel>
		<Computer>WIN-J23NIGGP1Q6.sysmon_set.local</Computer>
		<Security UserID="S-1-5-18"/>
	</System>
	<EventData>
		<Data Name="RuleName">-</Data>
		<Data Name="UtcTime">2021-11-30 03:06:13.874</Data>
		<Data Name="ProcessGuid">{27532e6a-9522-61a5-0f01-000000001500}</Data>
		<Data Name="ProcessId">5160</Data>
		<Data Name="Image">C:\Windows\System32\PING.EXE</Data>
	</EventData>
</Event>

<?xml version="1.0" ?>
<Event xmlns="http://schemas.microsoft.com/win/2004/08/events/event">
	<System>
		<Provider Guid="{5770385f-c22a-43e0-bf4c-06f5698ffbd9}" Name="Microsoft-Windows-Sysmon"/>
		<EventID Qualifiers="">3</EventID>
		<Version>5</Version>
		<Level>4</Level>
		<Task>3</Task>
		<Opcode>0</Opcode>
		<Keywords>0x8000000000000000</Keywords>
		<TimeCreated SystemTime="2021-11-30 03:06:30.058504"/>
		<EventRecordID>14578</EventRecordID>
		<Correlation ActivityID="" RelatedActivityID=""/>
		<Execution ProcessID="3064" ThreadID="3736"/>
		<Channel>Microsoft-Windows-Sysmon/Operational</Channel>
		<Computer>WIN-J23NIGGP1Q6.sysmon_set.local</Computer>
		<Security UserID="S-1-5-18"/>
	</System>
	<EventData>
		<Data Name="RuleName">-</Data>
		<Data Name="UtcTime">2021-11-30 03:06:30.767</Data>
		<Data Name="ProcessGuid">{27532e6a-847b-61a5-6a00-000000001500}</Data>
		<Data Name="ProcessId">5116</Data>
		<Data Name="Image">C:\Windows\ADWS\Microsoft.ActiveDirectory.WebServices.exe</Data>
		<Data Name="User">NT AUTHORITY\SYSTEM</Data>
		<Data Name="Protocol">tcp</Data>
		<Data Name="Initiated">True</Data>
		<Data Name="SourceIsIpv6">True</Data>
		<Data Name="SourceIp">0:0:0:0:0:0:0:1</Data>
		<Data Name="SourceHostname">WIN-J23NIGGP1Q6.sysmon_set.local</Data>
		<Data Name="SourcePort">64123</Data>
		<Data Name="SourcePortName">-</Data>
		<Data Name="DestinationIsIpv6">True</Data>
		<Data Name="DestinationIp">0:0:0:0:0:0:0:1</Data>
		<Data Name="DestinationHostname">WIN-J23NIGGP1Q6.sysmon_set.local</Data>
		<Data Name="DestinationPort">389</Data>
		<Data Name="DestinationPortName">ldap</Data>
	</EventData>
</Event>

<?xml version="1.0" ?>
<Event xmlns="http://schemas.microsoft.com/win/2004/08/events/event">
	<System>
		<Provider Guid="{5770385f-c22a-43e0-bf4c-06f5698ffbd9}" Name="Microsoft-Windows-Sysmon"/>
		<EventID Qualifiers="">3</EventID>
		<Version>5</Version>
		<Level>4</Level>
		<Task>3</Task>
		<Opcode>0</Opcode>
		<Keywords>0x8000000000000000</Keywords>
		<TimeCreated SystemTime="2021-11-30 03:06:30.058517"/>
		<EventRecordID>14579</EventRecordID>
		<Correlation ActivityID="" RelatedActivityID=""/>
		<Execution ProcessID="3064" ThreadID="3736"/>
		<Channel>Microsoft-Windows-Sysmon/Operational</Channel>
		<Computer>WIN-J23NIGGP1Q6.sysmon_set.local</Computer>
		<Security UserID="S-1-5-18"/>
	</System>
	<EventData>
		<Data Name="RuleName">-</Data>
		<Data Name="UtcTime">2021-11-30 03:06:30.768</Data>
		<Data Name="ProcessGuid">{27532e6a-8428-61a5-0c00-000000001500}</Data>
		<Data Name="ProcessId">668</Data>
		<Data Name="Image">C:\Windows\System32\lsass.exe</Data>
		<Data Name="User">NT AUTHORITY\SYSTEM</Data>
		<Data Name="Protocol">tcp</Data>
		<Data Name="Initiated">False</Data>
		<Data Name="SourceIsIpv6">True</Data>
		<Data Name="SourceIp">0:0:0:0:0:0:0:1</Data>
		<Data Name="SourceHostname">WIN-J23NIGGP1Q6.sysmon_set.local</Data>
		<Data Name="SourcePort">64123</Data>
		<Data Name="SourcePortName">-</Data>
		<Data Name="DestinationIsIpv6">True</Data>
		<Data Name="DestinationIp">0:0:0:0:0:0:0:1</Data>
		<Data Name="DestinationHostname">WIN-J23NIGGP1Q6.sysmon_set.local</Data>
		<Data Name="DestinationPort">389</Data>
		<Data Name="DestinationPortName">ldap</Data>
	</EventData>
</Event>

<?xml version="1.0" ?>
<Event xmlns="http://schemas.microsoft.com/win/2004/08/events/event">
	<System>
		<Provider Guid="{5770385f-c22a-43e0-bf4c-06f5698ffbd9}" Name="Microsoft-Windows-Sysmon"/>
		<EventID Qualifiers="">3</EventID>
		<Version>5</Version>
		<Level>4</Level>
		<Task>3</Task>
		<Opcode>0</Opcode>
		<Keywords>0x8000000000000000</Keywords>
		<TimeCreated SystemTime="2021-11-30 03:07:29.385706"/>
		<EventRecordID>14580</EventRecordID>
		<Correlation ActivityID="" RelatedActivityID=""/>
		<Execution ProcessID="3064" ThreadID="3736"/>
		<Channel>Microsoft-Windows-Sysmon/Operational</Channel>
		<Computer>WIN-J23NIGGP1Q6.sysmon_set.local</Computer>
		<Security UserID="S-1-5-18"/>
	</System>
	<EventData>
		<Data Name="RuleName">-</Data>
		<Data Name="UtcTime">2021-11-30 03:07:30.783</Data>
		<Data Name="ProcessGuid">{27532e6a-847b-61a5-6a00-000000001500}</Data>
		<Data Name="ProcessId">5116</Data>
		<Data Name="Image">C:\Windows\ADWS\Microsoft.ActiveDirectory.WebServices.exe</Data>
		<Data Name="User">NT AUTHORITY\SYSTEM</Data>
		<Data Name="Protocol">tcp</Data>
		<Data Name="Initiated">True</Data>
		<Data Name="SourceIsIpv6">True</Data>
		<Data Name="SourceIp">0:0:0:0:0:0:0:1</Data>
		<Data Name="SourceHostname">WIN-J23NIGGP1Q6.sysmon_set.local</Data>
		<Data Name="SourcePort">64124</Data>
		<Data Name="SourcePortName">-</Data>
		<Data Name="DestinationIsIpv6">True</Data>
		<Data Name="DestinationIp">0:0:0:0:0:0:0:1</Data>
		<Data Name="DestinationHostname">WIN-J23NIGGP1Q6.sysmon_set.local</Data>
		<Data Name="DestinationPort">389</Data>
		<Data Name="DestinationPortName">ldap</Data>
	</EventData>
</Event>

<?xml version="1.0" ?>
<Event xmlns="http://schemas.microsoft.com/win/2004/08/events/event">
	<System>
		<Provider Guid="{5770385f-c22a-43e0-bf4c-06f5698ffbd9}" Name="Microsoft-Windows-Sysmon"/>
		<EventID Qualifiers="">3</EventID>
		<Version>5</Version>
		<Level>4</Level>
		<Task>3</Task>
		<Opcode>0</Opcode>
		<Keywords>0x8000000000000000</Keywords>
		<TimeCreated SystemTime="2021-11-30 03:07:29.385719"/>
		<EventRecordID>14581</EventRecordID>
		<Correlation ActivityID="" RelatedActivityID=""/>
		<Execution ProcessID="3064" ThreadID="3736"/>
		<Channel>Microsoft-Windows-Sysmon/Operational</Channel>
		<Computer>WIN-J23NIGGP1Q6.sysmon_set.local</Computer>
		<Security UserID="S-1-5-18"/>
	</System>
	<EventData>
		<Data Name="RuleName">-</Data>
		<Data Name="UtcTime">2021-11-30 03:07:30.783</Data>
		<Data Name="ProcessGuid">{27532e6a-8428-61a5-0c00-000000001500}</Data>
		<Data Name="ProcessId">668</Data>
		<Data Name="Image">C:\Windows\System32\lsass.exe</Data>
		<Data Name="User">NT AUTHORITY\SYSTEM</Data>
		<Data Name="Protocol">tcp</Data>
		<Data Name="Initiated">False</Data>
		<Data Name="SourceIsIpv6">True</Data>
		<Data Name="SourceIp">0:0:0:0:0:0:0:1</Data>
		<Data Name="SourceHostname">WIN-J23NIGGP1Q6.sysmon_set.local</Data>
		<Data Name="SourcePort">64124</Data>
		<Data Name="SourcePortName">-</Data>
		<Data Name="DestinationIsIpv6">True</Data>
		<Data Name="DestinationIp">0:0:0:0:0:0:0:1</Data>
		<Data Name="DestinationHostname">WIN-J23NIGGP1Q6.sysmon_set.local</Data>
		<Data Name="DestinationPort">389</Data>
		<Data Name="DestinationPortName">ldap</Data>
	</EventData>
</Event>

</Events>
Maraki mou se agapw para para poly!!

Process finished with exit code 0