<Event xmlns='http://schemas.microsoft.com/win/2004/08/events/event'>
		<System>
			<Provider Name='Microsoft-Windows-Sysmon' Guid='{5770385f-c22a-43e0-bf4c-06f5698ffbd9}'/>
			<EventID>1</EventID>
			<Version>5</Version>
			<Level>4</Level>
			<Task>1</Task>
			<Opcode>0</Opcode>
			<Keywords>0x8000000000000000</Keywords>
			<TimeCreated SystemTime='2022-06-25T19:30:32.4333805Z'/>
			<EventRecordID>5382</EventRecordID>
			<Correlation/>
			<Execution ProcessID='5676' ThreadID='6840'/>
			<Channel>Microsoft-Windows-Sysmon/Operational</Channel>
			<Computer>LAPTOP-ROPR18AK</Computer>
			<Security UserID='S-1-5-18'/>
		</System>
		<EventData>
			<Data Name='RuleName'>Sysmon_Event_1(ProcessCreate)</Data>
			<Data Name='UtcTime'>2022-06-25 19:30:32.423</Data>
			<Data Name='ProcessGuid'>{df655c70-6258-62b7-fe04-000000005201}</Data>
			<Data Name='ProcessId'>14504</Data>
			<Data Name='Image'>C:\Users\chrsm\AppData\Local\Temp\_iu14D2N.tmp</Data>
			<Data Name='FileVersion'>51.1052.0.0</Data>
			<Data Name='Description'>Setup/Uninstall</Data>
			<Data Name='Product'>-</Data>
			<Data Name='Company'>-</Data>
			<Data Name='OriginalFileName'>-</Data>
			<Data Name='CommandLine'>"C:\Users\chrsm\AppData\Local\Temp\_iu14D2N.tmp" /SECONDPHASE="C:\PROGRAM FILES (X86)\FOXIT SOFTWARE\FOXIT READER\unins000.exe" /FIRSTPHASEWND=$40C76 /verysilent /norestart</Data>
			<Data Name='CurrentDirectory'>C:\WINDOWS\system32\</Data>
			<Data Name='User'>LAPTOP-ROPR18AK\chrsm</Data>
			<Data Name='LogonGuid'>{df655c70-4db2-62b7-961b-c80000000000}</Data>
			<Data Name='LogonId'>0xc81b96</Data>
			<Data Name='TerminalSessionId'>2</Data>
			<Data Name='IntegrityLevel'>High</Data>
			<Data Name='Hashes'>MD5=B6DA80C141C355B147B150A565ADD773,SHA256=5EDD1A302E786D31BF14786E9BAF705F9A2A303213E506821B50B8E45B64FDF5,IMPHASH=F62B90E31ECA404F228FCF7068B00F31</Data>
			<Data Name='ParentProcessGuid'>{df655c70-6258-62b7-fd04-000000005201}</Data>
			<Data Name='ParentProcessId'>24272</Data>
			<Data Name='ParentImage'>C:\Program Files (x86)\FOXIT SOFTWARE\FOXIT READER\unins000.exe</Data>
			<Data Name='ParentCommandLine'>"C:\PROGRAM FILES (X86)\FOXIT SOFTWARE\FOXIT READER\unins000.exe" /verysilent /norestart</Data>
			<Data Name='ParentUser'>LAPTOP-ROPR18AK\chrsm</Data>
		</EventData>
		<System>
			<Provider Name='Microsoft-Windows-Sysmon' Guid='{5770385f-c22a-43e0-bf4c-06f5698ffbd9}'/>
			<EventID>1</EventID>
			<Version>5</Version>
			<Level>4</Level>
			<Task>1</Task>
			<Opcode>0</Opcode>
			<Keywords>0x8000000000000000</Keywords>
			<TimeCreated SystemTime='2022-06-25T19:30:32.4333805Z'/>
			<EventRecordID>5382</EventRecordID>
			<Correlation/>
			<Execution ProcessID='5676' ThreadID='6840'/>
			<Channel>Microsoft-Windows-Sysmon/Operational</Channel>
			<Computer>LAPTOP-ROPR18AK</Computer>
			<Security UserID='S-1-5-18'/>
		</System>
		<EventData>
			<Data Name='RuleName'>Sysmon_Event_1(ProcessCreate)</Data>
			<Data Name='UtcTime'>2022-06-25 19:30:32.423</Data>
			<Data Name='ProcessGuid'>{df655c70-6258-62b7-fe04-000000005201}</Data>
			<Data Name='ProcessId'>14504</Data>
			<Data Name='Image'>C:\Users\chrsm\AppData\Local\Temp\_iu14D2N.tmp</Data>
			<Data Name='FileVersion'>51.1052.0.0</Data>
			<Data Name='Description'>Setup/Uninstall</Data>
			<Data Name='Product'>-</Data>
			<Data Name='Company'>-</Data>
			<Data Name='OriginalFileName'>-</Data>
			<Data Name='CommandLine'>"C:\Users\chrsm\AppData\Local\Temp\_iu14D2N.tmp" /SECONDPHASE="C:\PROGRAM FILES (X86)\FOXIT SOFTWARE\FOXIT READER\unins000.exe" /FIRSTPHASEWND=$40C76 /verysilent /norestart</Data>
			<Data Name='CurrentDirectory'>C:\WINDOWS\system32\</Data>
			<Data Name='User'>LAPTOP-ROPR18AK\chrsm</Data>
			<Data Name='LogonGuid'>{df655c70-4db2-62b7-961b-c80000000000}</Data>
			<Data Name='LogonId'>0xc81b96</Data>
			<Data Name='TerminalSessionId'>2</Data>
			<Data Name='IntegrityLevel'>High</Data>
			<Data Name='Hashes'>MD5=B6DA80C141C355B147B150A565ADD773,SHA256=5EDD1A302E786D31BF14786E9BAF705F9A2A303213E506821B50B8E45B64FDF5,IMPHASH=F62B90E31ECA404F228FCF7068B00F31</Data>
			<Data Name='ParentProcessGuid'>{df655c70-6258-62b7-fd04-000000005201}</Data>
			<Data Name='ParentProcessId'>24272</Data>
			<Data Name='ParentImage'>C:\Program Files (x86)\FOXIT SOFTWARE\FOXIT READER\unins000.exe</Data>
			<Data Name='ParentCommandLine'>"C:\PROGRAM FILES (X86)\FOXIT SOFTWARE\FOXIT READER\unins000.exe" /verysilent /norestart</Data>
			<Data Name='ParentUser'>LAPTOP-ROPR18AK\chrsm</Data>
		</EventData>
		<System>
			<Provider Name='Microsoft-Windows-Sysmon' Guid='{5770385f-c22a-43e0-bf4c-06f5698ffbd9}'/>
			<EventID>3</EventID>
			<Version>5</Version>
			<Level>4</Level>
			<Task>3</Task>
			<Opcode>0</Opcode>
			<Keywords>0x8000000000000000</Keywords>
			<TimeCreated SystemTime='2022-06-25T19:31:16.1444537Z'/>
			<EventRecordID>5389</EventRecordID>
			<Correlation/>
			<Execution ProcessID='5676' ThreadID='6824'/>
			<Channel>Microsoft-Windows-Sysmon/Operational</Channel>
			<Computer>LAPTOP-ROPR18AK</Computer>
			<Security UserID='S-1-5-18'/>
		</System>
		<EventData>
			<Data Name='RuleName'>Sysmon_Event_3(NetworkConnect)</Data>
			<Data Name='UtcTime'>2022-06-25 19:31:14.909</Data>
			<Data Name='ProcessGuid'>{df655c70-4174-62b7-eb03-000000000000}</Data>
			<Data Name='ProcessId'>4</Data>
			<Data Name='Image'>System</Data>
			<Data Name='User'>NT AUTHORITY\SYSTEM</Data>
			<Data Name='Protocol'>udp</Data>
			<Data Name='Initiated'>true</Data>
			<Data Name='SourceIsIpv6'>false</Data>
			<Data Name='SourceIp'>192.168.1.5</Data>
			<Data Name='SourceHostname'>LAPTOP-ROPR18AK</Data>
			<Data Name='SourcePort'>137</Data>
			<Data Name='SourcePortName'>netbios-ns</Data>
			<Data Name='DestinationIsIpv6'>false</Data>
			<Data Name='DestinationIp'>20.62.223.48</Data>
			<Data Name='DestinationHostname'>-</Data>
			<Data Name='DestinationPort'>137</Data>
			<Data Name='DestinationPortName'>netbios-ns</Data>
		</EventData>
		<System>
			<Provider Name='Microsoft-Windows-Sysmon' Guid='{5770385f-c22a-43e0-bf4c-06f5698ffbd9}'/>
			<EventID>3</EventID>
			<Version>5</Version>
			<Level>4</Level>
			<Task>3</Task>
			<Opcode>0</Opcode>
			<Keywords>0x8000000000000000</Keywords>
			<TimeCreated SystemTime='2022-06-25T19:31:16.1444537Z'/>
			<EventRecordID>5389</EventRecordID>
			<Correlation/>
			<Execution ProcessID='5676' ThreadID='6824'/>
			<Channel>Microsoft-Windows-Sysmon/Operational</Channel>
			<Computer>LAPTOP-ROPR18AK</Computer>
			<Security UserID='S-1-5-18'/>
		</System>
		<EventData>
			<Data Name='RuleName'>Sysmon_Event_3(NetworkConnect)</Data>
			<Data Name='UtcTime'>2022-06-25 19:31:14.909</Data>
			<Data Name='ProcessGuid'>{df655c70-4174-62b7-eb03-000000000000}</Data>
			<Data Name='ProcessId'>4</Data>
			<Data Name='Image'>System</Data>
			<Data Name='User'>NT AUTHORITY\SYSTEM</Data>
			<Data Name='Protocol'>udp</Data>
			<Data Name='Initiated'>true</Data>
			<Data Name='SourceIsIpv6'>false</Data>
			<Data Name='SourceIp'>192.168.1.5</Data>
			<Data Name='SourceHostname'>LAPTOP-ROPR18AK</Data>
			<Data Name='SourcePort'>137</Data>
			<Data Name='SourcePortName'>netbios-ns</Data>
			<Data Name='DestinationIsIpv6'>false</Data>
			<Data Name='DestinationIp'>20.62.223.48</Data>
			<Data Name='DestinationHostname'>-</Data>
			<Data Name='DestinationPort'>137</Data>
			<Data Name='DestinationPortName'>netbios-ns</Data>
		</EventData>
		<System>
			<Provider Name='Microsoft-Windows-Sysmon' Guid='{5770385f-c22a-43e0-bf4c-06f5698ffbd9}'/>
			<EventID>4</EventID>
			<Version>3</Version>
			<Level>4</Level>
			<Task>4</Task>
			<Opcode>0</Opcode>
			<Keywords>0x8000000000000000</Keywords>
			<TimeCreated SystemTime='2021-12-07T09:45:32.9657366Z'/>
			<EventRecordID>24012</EventRecordID>
			<Correlation/>
			<Execution ProcessID='3120' ThreadID='2992'/>
			<Channel>Microsoft-Windows-Sysmon/Operational</Channel>
			<Computer>WIN-J23NIGGP1Q6.sysmon_set.local</Computer>
			<Security UserID='S-1-5-18'/>
		</System>
		<EventData>
			<Data Name='UtcTime'>2021-12-07 09:45:32.959</Data>
			<Data Name='State'>Started</Data>
			<Data Name='Version2'>13.24</Data>
			<Data Name='SchemaVersion'>4.70</Data>
		</EventData>
		<System>
			<Provider Name='Microsoft-Windows-Sysmon' Guid='{5770385f-c22a-43e0-bf4c-06f5698ffbd9}'/>
			<EventID>4</EventID>
			<Version>3</Version>
			<Level>4</Level>
			<Task>4</Task>
			<Opcode>0</Opcode>
			<Keywords>0x8000000000000000</Keywords>
			<TimeCreated SystemTime='2021-12-07T09:45:32.9657366Z'/>
			<EventRecordID>24012</EventRecordID>
			<Correlation/>
			<Execution ProcessID='3120' ThreadID='2992'/>
			<Channel>Microsoft-Windows-Sysmon/Operational</Channel>
			<Computer>WIN-J23NIGGP1Q6.sysmon_set.local</Computer>
			<Security UserID='S-1-5-18'/>
		</System>
		<EventData>
			<Data Name='UtcTime'>2021-12-07 09:45:32.959</Data>
			<Data Name='State'>Started</Data>
			<Data Name='Version2'>13.24</Data>
			<Data Name='SchemaVersion'>4.70</Data>
		</EventData>
		<System>
			<Provider Name='Microsoft-Windows-Sysmon' Guid='{5770385f-c22a-43e0-bf4c-06f5698ffbd9}'/>
			<EventID>5</EventID>
			<Version>3</Version>
			<Level>4</Level>
			<Task>5</Task>
			<Opcode>0</Opcode>
			<Keywords>0x8000000000000000</Keywords>
			<TimeCreated SystemTime='2022-06-25T19:31:15.7946375Z'/>
			<EventRecordID>5387</EventRecordID>
			<Correlation/>
			<Execution ProcessID='5676' ThreadID='6840'/>
			<Channel>Microsoft-Windows-Sysmon/Operational</Channel>
			<Computer>LAPTOP-ROPR18AK</Computer>
			<Security UserID='S-1-5-18'/>
		</System>
		<EventData>
			<Data Name='RuleName'>C:\Users</Data>
			<Data Name='UtcTime'>2022-06-25 19:31:15.794</Data>
			<Data Name='ProcessGuid'>{df655c70-622a-62b7-f904-000000005201}</Data>
			<Data Name='ProcessId'>21544</Data>
			<Data Name='Image'>C:\Users\chrsm\AppData\Roaming\Foxit Software\Addon\Foxit PDF Reader\FoxitPDFReaderUpdater.exe</Data>
			<Data Name='User'>LAPTOP-ROPR18AK\chrsm</Data>
		</EventData>
		<System>
			<Provider Name='Microsoft-Windows-Sysmon' Guid='{5770385f-c22a-43e0-bf4c-06f5698ffbd9}'/>
			<EventID>5</EventID>
			<Version>3</Version>
			<Level>4</Level>
			<Task>5</Task>
			<Opcode>0</Opcode>
			<Keywords>0x8000000000000000</Keywords>
			<TimeCreated SystemTime='2022-06-25T19:31:15.7946375Z'/>
			<EventRecordID>5387</EventRecordID>
			<Correlation/>
			<Execution ProcessID='5676' ThreadID='6840'/>
			<Channel>Microsoft-Windows-Sysmon/Operational</Channel>
			<Computer>LAPTOP-ROPR18AK</Computer>
			<Security UserID='S-1-5-18'/>
		</System>
		<EventData>
			<Data Name='RuleName'>C:\Users</Data>
			<Data Name='UtcTime'>2022-06-25 19:31:15.794</Data>
			<Data Name='ProcessGuid'>{df655c70-622a-62b7-f904-000000005201}</Data>
			<Data Name='ProcessId'>21544</Data>
			<Data Name='Image'>C:\Users\chrsm\AppData\Roaming\Foxit Software\Addon\Foxit PDF Reader\FoxitPDFReaderUpdater.exe</Data>
			<Data Name='User'>LAPTOP-ROPR18AK\chrsm</Data>
		</EventData>
		<System>
			<Provider Name='Microsoft-Windows-Sysmon' Guid='{5770385f-c22a-43e0-bf4c-06f5698ffbd9}'/>
			<EventID>16</EventID>
			<Version>3</Version>
			<Level>4</Level>
			<Task>16</Task>
			<Opcode>0</Opcode>
			<Keywords>0x8000000000000000</Keywords>
			<TimeCreated SystemTime='2022-06-23T10:34:48.9731251Z'/>
			<EventRecordID>1083</EventRecordID>
			<Correlation/>
			<Execution ProcessID='20972' ThreadID='23380'/>
			<Channel>Microsoft-Windows-Sysmon/Operational</Channel>
			<Computer>LAPTOP-ROPR18AK</Computer>
			<Security UserID='S-1-5-21-3153833558-3459030340-3832526456-1001'/>
		</System>
		<EventData>
			<Data Name='UtcTime'></Data>
			<Data Name='Configuration'></Data>
			<Data Name='ConfigurationFileHash'></Data>
		</EventData>
		<System>
			<Provider Name='Microsoft-Windows-Sysmon' Guid='{5770385f-c22a-43e0-bf4c-06f5698ffbd9}'/>
			<EventID>16</EventID>
			<Version>3</Version>
			<Level>4</Level>
			<Task>16</Task>
			<Opcode>0</Opcode>
			<Keywords>0x8000000000000000</Keywords>
			<TimeCreated SystemTime='2022-06-23T10:34:48.9731251Z'/>
			<EventRecordID>1083</EventRecordID>
			<Correlation/>
			<Execution ProcessID='20972' ThreadID='23380'/>
			<Channel>Microsoft-Windows-Sysmon/Operational</Channel>
			<Computer>LAPTOP-ROPR18AK</Computer>
			<Security UserID='S-1-5-21-3153833558-3459030340-3832526456-1001'/>
		</System>
		<EventData>
			<Data Name='UtcTime'></Data>
			<Data Name='Configuration'></Data>
			<Data Name='ConfigurationFileHash'></Data>
		</EventData>
		<System>
			<Provider Name='Microsoft-Windows-Sysmon' Guid='{5770385f-c22a-43e0-bf4c-06f5698ffbd9}'/>
			<EventID>1</EventID>
			<Version>5</Version>
			<Level>4</Level>
			<Task>1</Task>
			<Opcode>0</Opcode>
			<Keywords>0x8000000000000000</Keywords>
			<TimeCreated SystemTime='2022-06-25T19:30:32.4333805Z'/>
			<EventRecordID>5382</EventRecordID>
			<Correlation/>
			<Execution ProcessID='5676' ThreadID='6840'/>
			<Channel>Microsoft-Windows-Sysmon/Operational</Channel>
			<Computer>LAPTOP-ROPR18AK</Computer>
			<Security UserID='S-1-5-18'/>
		</System>
		<EventData>
			<Data Name='RuleName'>Sysmon_Event_1(ProcessCreate)</Data>
			<Data Name='UtcTime'>2022-06-25 19:30:32.423</Data>
			<Data Name='ProcessGuid'>{df655c70-6258-62b7-fe04-000000005201}</Data>
			<Data Name='ProcessId'>14504</Data>
			<Data Name='Image'>C:\Users\chrsm\AppData\Local\Temp\_iu14D2N.tmp</Data>
			<Data Name='FileVersion'>51.1052.0.0</Data>
			<Data Name='Description'>Setup/Uninstall</Data>
			<Data Name='Product'>-</Data>
			<Data Name='Company'>-</Data>
			<Data Name='OriginalFileName'>-</Data>
			<Data Name='CommandLine'>"C:\Users\chrsm\AppData\Local\Temp\_iu14D2N.tmp" /SECONDPHASE="C:\PROGRAM FILES (X86)\FOXIT SOFTWARE\FOXIT READER\unins000.exe" /FIRSTPHASEWND=$40C76 /verysilent /norestart</Data>
			<Data Name='CurrentDirectory'>C:\WINDOWS\system32\</Data>
			<Data Name='User'>LAPTOP-ROPR18AK\chrsm</Data>
			<Data Name='LogonGuid'>{df655c70-4db2-62b7-961b-c80000000000}</Data>
			<Data Name='LogonId'>0xc81b96</Data>
			<Data Name='TerminalSessionId'>2</Data>
			<Data Name='IntegrityLevel'>High</Data>
			<Data Name='Hashes'>MD5=B6DA80C141C355B147B150A565ADD773,SHA256=5EDD1A302E786D31BF14786E9BAF705F9A2A303213E506821B50B8E45B64FDF5,IMPHASH=F62B90E31ECA404F228FCF7068B00F31</Data>
			<Data Name='ParentProcessGuid'>{df655c70-6258-62b7-fd04-000000005201}</Data>
			<Data Name='ParentProcessId'>24272</Data>
			<Data Name='ParentImage'>C:\Program Files (x86)\FOXIT SOFTWARE\FOXIT READER\unins000.exe</Data>
			<Data Name='ParentCommandLine'>"C:\PROGRAM FILES (X86)\FOXIT SOFTWARE\FOXIT READER\unins000.exe" /verysilent /norestart</Data>
			<Data Name='ParentUser'>LAPTOP-ROPR18AK\chrsm</Data>
		</EventData>
		<System>
			<Provider Name='Microsoft-Windows-Sysmon' Guid='{5770385f-c22a-43e0-bf4c-06f5698ffbd9}'/>
			<EventID>1</EventID>
			<Version>5</Version>
			<Level>4</Level>
			<Task>1</Task>
			<Opcode>0</Opcode>
			<Keywords>0x8000000000000000</Keywords>
			<TimeCreated SystemTime='2022-06-25T19:30:32.4333805Z'/>
			<EventRecordID>5382</EventRecordID>
			<Correlation/>
			<Execution ProcessID='5676' ThreadID='6840'/>
			<Channel>Microsoft-Windows-Sysmon/Operational</Channel>
			<Computer>LAPTOP-ROPR18AK</Computer>
			<Security UserID='S-1-5-18'/>
		</System>
		<EventData>
			<Data Name='RuleName'>Sysmon_Event_1(ProcessCreate)</Data>
			<Data Name='UtcTime'>2022-06-25 19:30:32.423</Data>
			<Data Name='ProcessGuid'>{df655c70-6258-62b7-fe04-000000005201}</Data>
			<Data Name='ProcessId'>14504</Data>
			<Data Name='Image'>C:\Users\chrsm\AppData\Local\Temp\_iu14D2N.tmp</Data>
			<Data Name='FileVersion'>51.1052.0.0</Data>
			<Data Name='Description'>Setup/Uninstall</Data>
			<Data Name='Product'>-</Data>
			<Data Name='Company'>-</Data>
			<Data Name='OriginalFileName'>-</Data>
			<Data Name='CommandLine'>"C:\Users\chrsm\AppData\Local\Temp\_iu14D2N.tmp" /SECONDPHASE="C:\PROGRAM FILES (X86)\FOXIT SOFTWARE\FOXIT READER\unins000.exe" /FIRSTPHASEWND=$40C76 /verysilent /norestart</Data>
			<Data Name='CurrentDirectory'>C:\WINDOWS\system32\</Data>
			<Data Name='User'>LAPTOP-ROPR18AK\chrsm</Data>
			<Data Name='LogonGuid'>{df655c70-4db2-62b7-961b-c80000000000}</Data>
			<Data Name='LogonId'>0xc81b96</Data>
			<Data Name='TerminalSessionId'>2</Data>
			<Data Name='IntegrityLevel'>High</Data>
			<Data Name='Hashes'>MD5=B6DA80C141C355B147B150A565ADD773,SHA256=5EDD1A302E786D31BF14786E9BAF705F9A2A303213E506821B50B8E45B64FDF5,IMPHASH=F62B90E31ECA404F228FCF7068B00F31</Data>
			<Data Name='ParentProcessGuid'>{df655c70-6258-62b7-fd04-000000005201}</Data>
			<Data Name='ParentProcessId'>24272</Data>
			<Data Name='ParentImage'>C:\Program Files (x86)\FOXIT SOFTWARE\FOXIT READER\unins000.exe</Data>
			<Data Name='ParentCommandLine'>"C:\PROGRAM FILES (X86)\FOXIT SOFTWARE\FOXIT READER\unins000.exe" /verysilent /norestart</Data>
			<Data Name='ParentUser'>LAPTOP-ROPR18AK\chrsm</Data>
		</EventData>
		<System>
			<Provider Name='Microsoft-Windows-Sysmon' Guid='{5770385f-c22a-43e0-bf4c-06f5698ffbd9}'/>
			<EventID>3</EventID>
			<Version>5</Version>
			<Level>4</Level>
			<Task>3</Task>
			<Opcode>0</Opcode>
			<Keywords>0x8000000000000000</Keywords>
			<TimeCreated SystemTime='2022-06-25T19:31:16.1444537Z'/>
			<EventRecordID>5389</EventRecordID>
			<Correlation/>
			<Execution ProcessID='5676' ThreadID='6824'/>
			<Channel>Microsoft-Windows-Sysmon/Operational</Channel>
			<Computer>LAPTOP-ROPR18AK</Computer>
			<Security UserID='S-1-5-18'/>
		</System>
		<EventData>
			<Data Name='RuleName'>Sysmon_Event_3(NetworkConnect)</Data>
			<Data Name='UtcTime'>2022-06-25 19:31:14.909</Data>
			<Data Name='ProcessGuid'>{df655c70-4174-62b7-eb03-000000000000}</Data>
			<Data Name='ProcessId'>4</Data>
			<Data Name='Image'>System</Data>
			<Data Name='User'>NT AUTHORITY\SYSTEM</Data>
			<Data Name='Protocol'>udp</Data>
			<Data Name='Initiated'>true</Data>
			<Data Name='SourceIsIpv6'>false</Data>
			<Data Name='SourceIp'>192.168.1.5</Data>
			<Data Name='SourceHostname'>LAPTOP-ROPR18AK</Data>
			<Data Name='SourcePort'>137</Data>
			<Data Name='SourcePortName'>netbios-ns</Data>
			<Data Name='DestinationIsIpv6'>false</Data>
			<Data Name='DestinationIp'>20.62.223.48</Data>
			<Data Name='DestinationHostname'>-</Data>
			<Data Name='DestinationPort'>137</Data>
			<Data Name='DestinationPortName'>netbios-ns</Data>
		</EventData>
		<System>
			<Provider Name='Microsoft-Windows-Sysmon' Guid='{5770385f-c22a-43e0-bf4c-06f5698ffbd9}'/>
			<EventID>3</EventID>
			<Version>5</Version>
			<Level>4</Level>
			<Task>3</Task>
			<Opcode>0</Opcode>
			<Keywords>0x8000000000000000</Keywords>
			<TimeCreated SystemTime='2022-06-25T19:31:16.1444537Z'/>
			<EventRecordID>5389</EventRecordID>
			<Correlation/>
			<Execution ProcessID='5676' ThreadID='6824'/>
			<Channel>Microsoft-Windows-Sysmon/Operational</Channel>
			<Computer>LAPTOP-ROPR18AK</Computer>
			<Security UserID='S-1-5-18'/>
		</System>
		<EventData>
			<Data Name='RuleName'>Sysmon_Event_3(NetworkConnect)</Data>
			<Data Name='UtcTime'>2022-06-25 19:31:14.909</Data>
			<Data Name='ProcessGuid'>{df655c70-4174-62b7-eb03-000000000000}</Data>
			<Data Name='ProcessId'>4</Data>
			<Data Name='Image'>System</Data>
			<Data Name='User'>NT AUTHORITY\SYSTEM</Data>
			<Data Name='Protocol'>udp</Data>
			<Data Name='Initiated'>true</Data>
			<Data Name='SourceIsIpv6'>false</Data>
			<Data Name='SourceIp'>192.168.1.5</Data>
			<Data Name='SourceHostname'>LAPTOP-ROPR18AK</Data>
			<Data Name='SourcePort'>137</Data>
			<Data Name='SourcePortName'>netbios-ns</Data>
			<Data Name='DestinationIsIpv6'>false</Data>
			<Data Name='DestinationIp'>20.62.223.48</Data>
			<Data Name='DestinationHostname'>-</Data>
			<Data Name='DestinationPort'>137</Data>
			<Data Name='DestinationPortName'>netbios-ns</Data>
		</EventData>
		<System>
			<Provider Name='Microsoft-Windows-Sysmon' Guid='{5770385f-c22a-43e0-bf4c-06f5698ffbd9}'/>
			<EventID>4</EventID>
			<Version>3</Version>
			<Level>4</Level>
			<Task>4</Task>
			<Opcode>0</Opcode>
			<Keywords>0x8000000000000000</Keywords>
			<TimeCreated SystemTime='2021-12-07T09:45:32.9657366Z'/>
			<EventRecordID>24012</EventRecordID>
			<Correlation/>
			<Execution ProcessID='3120' ThreadID='2992'/>
			<Channel>Microsoft-Windows-Sysmon/Operational</Channel>
			<Computer>WIN-J23NIGGP1Q6.sysmon_set.local</Computer>
			<Security UserID='S-1-5-18'/>
		</System>
		<EventData>
			<Data Name='UtcTime'>2021-12-07 09:45:32.959</Data>
			<Data Name='State'>Started</Data>
			<Data Name='Version2'>13.24</Data>
			<Data Name='SchemaVersion'>4.70</Data>
		</EventData>
		<System>
			<Provider Name='Microsoft-Windows-Sysmon' Guid='{5770385f-c22a-43e0-bf4c-06f5698ffbd9}'/>
			<EventID>4</EventID>
			<Version>3</Version>
			<Level>4</Level>
			<Task>4</Task>
			<Opcode>0</Opcode>
			<Keywords>0x8000000000000000</Keywords>
			<TimeCreated SystemTime='2021-12-07T09:45:32.9657366Z'/>
			<EventRecordID>24012</EventRecordID>
			<Correlation/>
			<Execution ProcessID='3120' ThreadID='2992'/>
			<Channel>Microsoft-Windows-Sysmon/Operational</Channel>
			<Computer>WIN-J23NIGGP1Q6.sysmon_set.local</Computer>
			<Security UserID='S-1-5-18'/>
		</System>
		<EventData>
			<Data Name='UtcTime'>2021-12-07 09:45:32.959</Data>
			<Data Name='State'>Started</Data>
			<Data Name='Version2'>13.24</Data>
			<Data Name='SchemaVersion'>4.70</Data>
		</EventData>
		<System>
			<Provider Name='Microsoft-Windows-Sysmon' Guid='{5770385f-c22a-43e0-bf4c-06f5698ffbd9}'/>
			<EventID>5</EventID>
			<Version>3</Version>
			<Level>4</Level>
			<Task>5</Task>
			<Opcode>0</Opcode>
			<Keywords>0x8000000000000000</Keywords>
			<TimeCreated SystemTime='2022-06-25T19:31:15.7946375Z'/>
			<EventRecordID>5387</EventRecordID>
			<Correlation/>
			<Execution ProcessID='5676' ThreadID='6840'/>
			<Channel>Microsoft-Windows-Sysmon/Operational</Channel>
			<Computer>LAPTOP-ROPR18AK</Computer>
			<Security UserID='S-1-5-18'/>
		</System>
		<EventData>
			<Data Name='RuleName'>C:\Users</Data>
			<Data Name='UtcTime'>2022-06-25 19:31:15.794</Data>
			<Data Name='ProcessGuid'>{df655c70-622a-62b7-f904-000000005201}</Data>
			<Data Name='ProcessId'>21544</Data>
			<Data Name='Image'>C:\Users\chrsm\AppData\Roaming\Foxit Software\Addon\Foxit PDF Reader\FoxitPDFReaderUpdater.exe</Data>
			<Data Name='User'>LAPTOP-ROPR18AK\chrsm</Data>
		</EventData>
		<System>
			<Provider Name='Microsoft-Windows-Sysmon' Guid='{5770385f-c22a-43e0-bf4c-06f5698ffbd9}'/>
			<EventID>5</EventID>
			<Version>3</Version>
			<Level>4</Level>
			<Task>5</Task>
			<Opcode>0</Opcode>
			<Keywords>0x8000000000000000</Keywords>
			<TimeCreated SystemTime='2022-06-25T19:31:15.7946375Z'/>
			<EventRecordID>5387</EventRecordID>
			<Correlation/>
			<Execution ProcessID='5676' ThreadID='6840'/>
			<Channel>Microsoft-Windows-Sysmon/Operational</Channel>
			<Computer>LAPTOP-ROPR18AK</Computer>
			<Security UserID='S-1-5-18'/>
		</System>
		<EventData>
			<Data Name='RuleName'>C:\Users</Data>
			<Data Name='UtcTime'>2022-06-25 19:31:15.794</Data>
			<Data Name='ProcessGuid'>{df655c70-622a-62b7-f904-000000005201}</Data>
			<Data Name='ProcessId'>21544</Data>
			<Data Name='Image'>C:\Users\chrsm\AppData\Roaming\Foxit Software\Addon\Foxit PDF Reader\FoxitPDFReaderUpdater.exe</Data>
			<Data Name='User'>LAPTOP-ROPR18AK\chrsm</Data>
		</EventData>
		<System>
			<Provider Name='Microsoft-Windows-Sysmon' Guid='{5770385f-c22a-43e0-bf4c-06f5698ffbd9}'/>
			<EventID>16</EventID>
			<Version>3</Version>
			<Level>4</Level>
			<Task>16</Task>
			<Opcode>0</Opcode>
			<Keywords>0x8000000000000000</Keywords>
			<TimeCreated SystemTime='2022-06-23T10:34:48.9731251Z'/>
			<EventRecordID>1083</EventRecordID>
			<Correlation/>
			<Execution ProcessID='20972' ThreadID='23380'/>
			<Channel>Microsoft-Windows-Sysmon/Operational</Channel>
			<Computer>LAPTOP-ROPR18AK</Computer>
			<Security UserID='S-1-5-21-3153833558-3459030340-3832526456-1001'/>
		</System>
		<EventData>
			<Data Name='UtcTime'></Data>
			<Data Name='Configuration'></Data>
			<Data Name='ConfigurationFileHash'></Data>
		</EventData>
		<System>
			<Provider Name='Microsoft-Windows-Sysmon' Guid='{5770385f-c22a-43e0-bf4c-06f5698ffbd9}'/>
			<EventID>16</EventID>
			<Version>3</Version>
			<Level>4</Level>
			<Task>16</Task>
			<Opcode>0</Opcode>
			<Keywords>0x8000000000000000</Keywords>
			<TimeCreated SystemTime='2022-06-23T10:34:48.9731251Z'/>
			<EventRecordID>1083</EventRecordID>
			<Correlation/>
			<Execution ProcessID='20972' ThreadID='23380'/>
			<Channel>Microsoft-Windows-Sysmon/Operational</Channel>
			<Computer>LAPTOP-ROPR18AK</Computer>
			<Security UserID='S-1-5-21-3153833558-3459030340-3832526456-1001'/>
		</System>
		<EventData>
			<Data Name='UtcTime'></Data>
			<Data Name='Configuration'></Data>
			<Data Name='ConfigurationFileHash'></Data>
		</EventData>
		<System>
			<Provider Name='Microsoft-Windows-Sysmon' Guid='{5770385f-c22a-43e0-bf4c-06f5698ffbd9}'/>
			<EventID>1</EventID>
			<Version>5</Version>
			<Level>4</Level>
			<Task>1</Task>
			<Opcode>0</Opcode>
			<Keywords>0x8000000000000000</Keywords>
			<TimeCreated SystemTime='2022-06-25T19:30:32.4333805Z'/>
			<EventRecordID>5382</EventRecordID>
			<Correlation/>
			<Execution ProcessID='5676' ThreadID='6840'/>
			<Channel>Microsoft-Windows-Sysmon/Operational</Channel>
			<Computer>LAPTOP-ROPR18AK</Computer>
			<Security UserID='S-1-5-18'/>
		</System>
		<EventData>
			<Data Name='RuleName'>Sysmon_Event_1(ProcessCreate)</Data>
			<Data Name='UtcTime'>2022-06-25 19:30:32.423</Data>
			<Data Name='ProcessGuid'>{df655c70-6258-62b7-fe04-000000005201}</Data>
			<Data Name='ProcessId'>14504</Data>
			<Data Name='Image'>C:\Users\chrsm\AppData\Local\Temp\_iu14D2N.tmp</Data>
			<Data Name='FileVersion'>51.1052.0.0</Data>
			<Data Name='Description'>Setup/Uninstall</Data>
			<Data Name='Product'>-</Data>
			<Data Name='Company'>-</Data>
			<Data Name='OriginalFileName'>-</Data>
			<Data Name='CommandLine'>"C:\Users\chrsm\AppData\Local\Temp\_iu14D2N.tmp" /SECONDPHASE="C:\PROGRAM FILES (X86)\FOXIT SOFTWARE\FOXIT READER\unins000.exe" /FIRSTPHASEWND=$40C76 /verysilent /norestart</Data>
			<Data Name='CurrentDirectory'>C:\WINDOWS\system32\</Data>
			<Data Name='User'>LAPTOP-ROPR18AK\chrsm</Data>
			<Data Name='LogonGuid'>{df655c70-4db2-62b7-961b-c80000000000}</Data>
			<Data Name='LogonId'>0xc81b96</Data>
			<Data Name='TerminalSessionId'>2</Data>
			<Data Name='IntegrityLevel'>High</Data>
			<Data Name='Hashes'>MD5=B6DA80C141C355B147B150A565ADD773,SHA256=5EDD1A302E786D31BF14786E9BAF705F9A2A303213E506821B50B8E45B64FDF5,IMPHASH=F62B90E31ECA404F228FCF7068B00F31</Data>
			<Data Name='ParentProcessGuid'>{df655c70-6258-62b7-fd04-000000005201}</Data>
			<Data Name='ParentProcessId'>24272</Data>
			<Data Name='ParentImage'>C:\Program Files (x86)\FOXIT SOFTWARE\FOXIT READER\unins000.exe</Data>
			<Data Name='ParentCommandLine'>"C:\PROGRAM FILES (X86)\FOXIT SOFTWARE\FOXIT READER\unins000.exe" /verysilent /norestart</Data>
			<Data Name='ParentUser'>LAPTOP-ROPR18AK\chrsm</Data>
		</EventData>
		<System>
			<Provider Name='Microsoft-Windows-Sysmon' Guid='{5770385f-c22a-43e0-bf4c-06f5698ffbd9}'/>
			<EventID>1</EventID>
			<Version>5</Version>
			<Level>4</Level>
			<Task>1</Task>
			<Opcode>0</Opcode>
			<Keywords>0x8000000000000000</Keywords>
			<TimeCreated SystemTime='2022-06-25T19:30:32.4333805Z'/>
			<EventRecordID>5382</EventRecordID>
			<Correlation/>
			<Execution ProcessID='5676' ThreadID='6840'/>
			<Channel>Microsoft-Windows-Sysmon/Operational</Channel>
			<Computer>LAPTOP-ROPR18AK</Computer>
			<Security UserID='S-1-5-18'/>
		</System>
		<EventData>
			<Data Name='RuleName'>Sysmon_Event_1(ProcessCreate)</Data>
			<Data Name='UtcTime'>2022-06-25 19:30:32.423</Data>
			<Data Name='ProcessGuid'>{df655c70-6258-62b7-fe04-000000005201}</Data>
			<Data Name='ProcessId'>14504</Data>
			<Data Name='Image'>C:\Users\chrsm\AppData\Local\Temp\_iu14D2N.tmp</Data>
			<Data Name='FileVersion'>51.1052.0.0</Data>
			<Data Name='Description'>Setup/Uninstall</Data>
			<Data Name='Product'>-</Data>
			<Data Name='Company'>-</Data>
			<Data Name='OriginalFileName'>-</Data>
			<Data Name='CommandLine'>"C:\Users\chrsm\AppData\Local\Temp\_iu14D2N.tmp" /SECONDPHASE="C:\PROGRAM FILES (X86)\FOXIT SOFTWARE\FOXIT READER\unins000.exe" /FIRSTPHASEWND=$40C76 /verysilent /norestart</Data>
			<Data Name='CurrentDirectory'>C:\WINDOWS\system32\</Data>
			<Data Name='User'>LAPTOP-ROPR18AK\chrsm</Data>
			<Data Name='LogonGuid'>{df655c70-4db2-62b7-961b-c80000000000}</Data>
			<Data Name='LogonId'>0xc81b96</Data>
			<Data Name='TerminalSessionId'>2</Data>
			<Data Name='IntegrityLevel'>High</Data>
			<Data Name='Hashes'>MD5=B6DA80C141C355B147B150A565ADD773,SHA256=5EDD1A302E786D31BF14786E9BAF705F9A2A303213E506821B50B8E45B64FDF5,IMPHASH=F62B90E31ECA404F228FCF7068B00F31</Data>
			<Data Name='ParentProcessGuid'>{df655c70-6258-62b7-fd04-000000005201}</Data>
			<Data Name='ParentProcessId'>24272</Data>
			<Data Name='ParentImage'>C:\Program Files (x86)\FOXIT SOFTWARE\FOXIT READER\unins000.exe</Data>
			<Data Name='ParentCommandLine'>"C:\PROGRAM FILES (X86)\FOXIT SOFTWARE\FOXIT READER\unins000.exe" /verysilent /norestart</Data>
			<Data Name='ParentUser'>LAPTOP-ROPR18AK\chrsm</Data>
		</EventData>
		<System>
			<Provider Name='Microsoft-Windows-Sysmon' Guid='{5770385f-c22a-43e0-bf4c-06f5698ffbd9}'/>
			<EventID>4</EventID>
			<Version>3</Version>
			<Level>4</Level>
			<Task>4</Task>
			<Opcode>0</Opcode>
			<Keywords>0x8000000000000000</Keywords>
			<TimeCreated SystemTime='2021-12-07T09:45:32.9657366Z'/>
			<EventRecordID>24012</EventRecordID>
			<Correlation/>
			<Execution ProcessID='3120' ThreadID='2992'/>
			<Channel>Microsoft-Windows-Sysmon/Operational</Channel>
			<Computer>WIN-J23NIGGP1Q6.sysmon_set.local</Computer>
			<Security UserID='S-1-5-18'/>
		</System>
		<EventData>
			<Data Name='UtcTime'>2021-12-07 09:45:32.959</Data>
			<Data Name='State'>Started</Data>
			<Data Name='Version2'>13.24</Data>
			<Data Name='SchemaVersion'>4.70</Data>
		</EventData>
		<System>
			<Provider Name='Microsoft-Windows-Sysmon' Guid='{5770385f-c22a-43e0-bf4c-06f5698ffbd9}'/>
			<EventID>4</EventID>
			<Version>3</Version>
			<Level>4</Level>
			<Task>4</Task>
			<Opcode>0</Opcode>
			<Keywords>0x8000000000000000</Keywords>
			<TimeCreated SystemTime='2021-12-07T09:45:32.9657366Z'/>
			<EventRecordID>24012</EventRecordID>
			<Correlation/>
			<Execution ProcessID='3120' ThreadID='2992'/>
			<Channel>Microsoft-Windows-Sysmon/Operational</Channel>
			<Computer>WIN-J23NIGGP1Q6.sysmon_set.local</Computer>
			<Security UserID='S-1-5-18'/>
		</System>
		<EventData>
			<Data Name='UtcTime'>2021-12-07 09:45:32.959</Data>
			<Data Name='State'>Started</Data>
			<Data Name='Version2'>13.24</Data>
			<Data Name='SchemaVersion'>4.70</Data>
		</EventData>
		<System>
			<Provider Name='Microsoft-Windows-Sysmon' Guid='{5770385f-c22a-43e0-bf4c-06f5698ffbd9}'/>
			<EventID>16</EventID>
			<Version>3</Version>
			<Level>4</Level>
			<Task>16</Task>
			<Opcode>0</Opcode>
			<Keywords>0x8000000000000000</Keywords>
			<TimeCreated SystemTime='2022-06-23T10:34:48.9731251Z'/>
			<EventRecordID>1083</EventRecordID>
			<Correlation/>
			<Execution ProcessID='20972' ThreadID='23380'/>
			<Channel>Microsoft-Windows-Sysmon/Operational</Channel>
			<Computer>LAPTOP-ROPR18AK</Computer>
			<Security UserID='S-1-5-21-3153833558-3459030340-3832526456-1001'/>
		</System>
		<EventData>
			<Data Name='UtcTime'></Data>
			<Data Name='Configuration'></Data>
			<Data Name='ConfigurationFileHash'></Data>
		</EventData>
		<System>
			<Provider Name='Microsoft-Windows-Sysmon' Guid='{5770385f-c22a-43e0-bf4c-06f5698ffbd9}'/>
			<EventID>16</EventID>
			<Version>3</Version>
			<Level>4</Level>
			<Task>16</Task>
			<Opcode>0</Opcode>
			<Keywords>0x8000000000000000</Keywords>
			<TimeCreated SystemTime='2022-06-23T10:34:48.9731251Z'/>
			<EventRecordID>1083</EventRecordID>
			<Correlation/>
			<Execution ProcessID='20972' ThreadID='23380'/>
			<Channel>Microsoft-Windows-Sysmon/Operational</Channel>
			<Computer>LAPTOP-ROPR18AK</Computer>
			<Security UserID='S-1-5-21-3153833558-3459030340-3832526456-1001'/>
		</System>
		<EventData>
			<Data Name='UtcTime'></Data>
			<Data Name='Configuration'></Data>
			<Data Name='ConfigurationFileHash'></Data>
		</EventData>
		<System>
			<Provider Name='Microsoft-Windows-Sysmon' Guid='{5770385f-c22a-43e0-bf4c-06f5698ffbd9}'/>
			<EventID>16</EventID>
			<Version>3</Version>
			<Level>4</Level>
			<Task>16</Task>
			<Opcode>0</Opcode>
			<Keywords>0x8000000000000000</Keywords>
			<TimeCreated SystemTime='2022-06-23T10:34:48.9731251Z'/>
			<EventRecordID>1083</EventRecordID>
			<Correlation/>
			<Execution ProcessID='20972' ThreadID='23380'/>
			<Channel>Microsoft-Windows-Sysmon/Operational</Channel>
			<Computer>LAPTOP-ROPR18AK</Computer>
			<Security UserID='S-1-5-21-3153833558-3459030340-3832526456-1001'/>
		</System>
		<EventData>
			<Data Name='UtcTime'></Data>
			<Data Name='Configuration'></Data>
			<Data Name='ConfigurationFileHash'></Data>
		</EventData>
		<System>
			<Provider Name='Microsoft-Windows-Sysmon' Guid='{5770385f-c22a-43e0-bf4c-06f5698ffbd9}'/>
			<EventID>16</EventID>
			<Version>3</Version>
			<Level>4</Level>
			<Task>16</Task>
			<Opcode>0</Opcode>
			<Keywords>0x8000000000000000</Keywords>
			<TimeCreated SystemTime='2022-06-23T10:34:48.9731251Z'/>
			<EventRecordID>1083</EventRecordID>
			<Correlation/>
			<Execution ProcessID='20972' ThreadID='23380'/>
			<Channel>Microsoft-Windows-Sysmon/Operational</Channel>
			<Computer>LAPTOP-ROPR18AK</Computer>
			<Security UserID='S-1-5-21-3153833558-3459030340-3832526456-1001'/>
		</System>
		<EventData>
			<Data Name='UtcTime'></Data>
			<Data Name='Configuration'></Data>
			<Data Name='ConfigurationFileHash'></Data>
		</EventData>
		<System>
			<Provider Name='Microsoft-Windows-Sysmon' Guid='{5770385f-c22a-43e0-bf4c-06f5698ffbd9}'/>
			<EventID>1</EventID>
			<Version>5</Version>
			<Level>4</Level>
			<Task>1</Task>
			<Opcode>0</Opcode>
			<Keywords>0x8000000000000000</Keywords>
			<TimeCreated SystemTime='2022-06-25T19:30:32.4333805Z'/>
			<EventRecordID>5382</EventRecordID>
			<Correlation/>
			<Execution ProcessID='5676' ThreadID='6840'/>
			<Channel>Microsoft-Windows-Sysmon/Operational</Channel>
			<Computer>LAPTOP-ROPR18AK</Computer>
			<Security UserID='S-1-5-18'/>
		</System>
		<EventData>
			<Data Name='RuleName'>Sysmon_Event_1(ProcessCreate)</Data>
			<Data Name='UtcTime'>2022-06-25 19:30:32.423</Data>
			<Data Name='ProcessGuid'>{df655c70-6258-62b7-fe04-000000005201}</Data>
			<Data Name='ProcessId'>14504</Data>
			<Data Name='Image'>C:\Users\chrsm\AppData\Local\Temp\_iu14D2N.tmp</Data>
			<Data Name='FileVersion'>51.1052.0.0</Data>
			<Data Name='Description'>Setup/Uninstall</Data>
			<Data Name='Product'>-</Data>
			<Data Name='Company'>-</Data>
			<Data Name='OriginalFileName'>-</Data>
			<Data Name='CommandLine'>"C:\Users\chrsm\AppData\Local\Temp\_iu14D2N.tmp" /SECONDPHASE="C:\PROGRAM FILES (X86)\FOXIT SOFTWARE\FOXIT READER\unins000.exe" /FIRSTPHASEWND=$40C76 /verysilent /norestart</Data>
			<Data Name='CurrentDirectory'>C:\WINDOWS\system32\</Data>
			<Data Name='User'>LAPTOP-ROPR18AK\chrsm</Data>
			<Data Name='LogonGuid'>{df655c70-4db2-62b7-961b-c80000000000}</Data>
			<Data Name='LogonId'>0xc81b96</Data>
			<Data Name='TerminalSessionId'>2</Data>
			<Data Name='IntegrityLevel'>High</Data>
			<Data Name='Hashes'>MD5=B6DA80C141C355B147B150A565ADD773,SHA256=5EDD1A302E786D31BF14786E9BAF705F9A2A303213E506821B50B8E45B64FDF5,IMPHASH=F62B90E31ECA404F228FCF7068B00F31</Data>
			<Data Name='ParentProcessGuid'>{df655c70-6258-62b7-fd04-000000005201}</Data>
			<Data Name='ParentProcessId'>24272</Data>
			<Data Name='ParentImage'>C:\Program Files (x86)\FOXIT SOFTWARE\FOXIT READER\unins000.exe</Data>
			<Data Name='ParentCommandLine'>"C:\PROGRAM FILES (X86)\FOXIT SOFTWARE\FOXIT READER\unins000.exe" /verysilent /norestart</Data>
			<Data Name='ParentUser'>LAPTOP-ROPR18AK\chrsm</Data>
		</EventData>
		<System>
			<Provider Name='Microsoft-Windows-Sysmon' Guid='{5770385f-c22a-43e0-bf4c-06f5698ffbd9}'/>
			<EventID>1</EventID>
			<Version>5</Version>
			<Level>4</Level>
			<Task>1</Task>
			<Opcode>0</Opcode>
			<Keywords>0x8000000000000000</Keywords>
			<TimeCreated SystemTime='2022-06-25T19:30:32.4333805Z'/>
			<EventRecordID>5382</EventRecordID>
			<Correlation/>
			<Execution ProcessID='5676' ThreadID='6840'/>
			<Channel>Microsoft-Windows-Sysmon/Operational</Channel>
			<Computer>LAPTOP-ROPR18AK</Computer>
			<Security UserID='S-1-5-18'/>
		</System>
		<EventData>
			<Data Name='RuleName'>Sysmon_Event_1(ProcessCreate)</Data>
			<Data Name='UtcTime'>2022-06-25 19:30:32.423</Data>
			<Data Name='ProcessGuid'>{df655c70-6258-62b7-fe04-000000005201}</Data>
			<Data Name='ProcessId'>14504</Data>
			<Data Name='Image'>C:\Users\chrsm\AppData\Local\Temp\_iu14D2N.tmp</Data>
			<Data Name='FileVersion'>51.1052.0.0</Data>
			<Data Name='Description'>Setup/Uninstall</Data>
			<Data Name='Product'>-</Data>
			<Data Name='Company'>-</Data>
			<Data Name='OriginalFileName'>-</Data>
			<Data Name='CommandLine'>"C:\Users\chrsm\AppData\Local\Temp\_iu14D2N.tmp" /SECONDPHASE="C:\PROGRAM FILES (X86)\FOXIT SOFTWARE\FOXIT READER\unins000.exe" /FIRSTPHASEWND=$40C76 /verysilent /norestart</Data>
			<Data Name='CurrentDirectory'>C:\WINDOWS\system32\</Data>
			<Data Name='User'>LAPTOP-ROPR18AK\chrsm</Data>
			<Data Name='LogonGuid'>{df655c70-4db2-62b7-961b-c80000000000}</Data>
			<Data Name='LogonId'>0xc81b96</Data>
			<Data Name='TerminalSessionId'>2</Data>
			<Data Name='IntegrityLevel'>High</Data>
			<Data Name='Hashes'>MD5=B6DA80C141C355B147B150A565ADD773,SHA256=5EDD1A302E786D31BF14786E9BAF705F9A2A303213E506821B50B8E45B64FDF5,IMPHASH=F62B90E31ECA404F228FCF7068B00F31</Data>
			<Data Name='ParentProcessGuid'>{df655c70-6258-62b7-fd04-000000005201}</Data>
			<Data Name='ParentProcessId'>24272</Data>
			<Data Name='ParentImage'>C:\Program Files (x86)\FOXIT SOFTWARE\FOXIT READER\unins000.exe</Data>
			<Data Name='ParentCommandLine'>"C:\PROGRAM FILES (X86)\FOXIT SOFTWARE\FOXIT READER\unins000.exe" /verysilent /norestart</Data>
			<Data Name='ParentUser'>LAPTOP-ROPR18AK\chrsm</Data>
		</EventData>
		<System>
			<Provider Name='Microsoft-Windows-Sysmon' Guid='{5770385f-c22a-43e0-bf4c-06f5698ffbd9}'/>
			<EventID>1</EventID>
			<Version>5</Version>
			<Level>4</Level>
			<Task>1</Task>
			<Opcode>0</Opcode>
			<Keywords>0x8000000000000000</Keywords>
			<TimeCreated SystemTime='2022-06-25T19:30:32.4333805Z'/>
			<EventRecordID>5382</EventRecordID>
			<Correlation/>
			<Execution ProcessID='5676' ThreadID='6840'/>
			<Channel>Microsoft-Windows-Sysmon/Operational</Channel>
			<Computer>LAPTOP-ROPR18AK</Computer>
			<Security UserID='S-1-5-18'/>
		</System>
		<EventData>
			<Data Name='RuleName'>Sysmon_Event_1(ProcessCreate)</Data>
			<Data Name='UtcTime'>2022-06-25 19:30:32.423</Data>
			<Data Name='ProcessGuid'>{df655c70-6258-62b7-fe04-000000005201}</Data>
			<Data Name='ProcessId'>14504</Data>
			<Data Name='Image'>C:\Users\chrsm\AppData\Local\Temp\_iu14D2N.tmp</Data>
			<Data Name='FileVersion'>51.1052.0.0</Data>
			<Data Name='Description'>Setup/Uninstall</Data>
			<Data Name='Product'>-</Data>
			<Data Name='Company'>-</Data>
			<Data Name='OriginalFileName'>-</Data>
			<Data Name='CommandLine'>"C:\Users\chrsm\AppData\Local\Temp\_iu14D2N.tmp" /SECONDPHASE="C:\PROGRAM FILES (X86)\FOXIT SOFTWARE\FOXIT READER\unins000.exe" /FIRSTPHASEWND=$40C76 /verysilent /norestart</Data>
			<Data Name='CurrentDirectory'>C:\WINDOWS\system32\</Data>
			<Data Name='User'>LAPTOP-ROPR18AK\chrsm</Data>
			<Data Name='LogonGuid'>{df655c70-4db2-62b7-961b-c80000000000}</Data>
			<Data Name='LogonId'>0xc81b96</Data>
			<Data Name='TerminalSessionId'>2</Data>
			<Data Name='IntegrityLevel'>High</Data>
			<Data Name='Hashes'>MD5=B6DA80C141C355B147B150A565ADD773,SHA256=5EDD1A302E786D31BF14786E9BAF705F9A2A303213E506821B50B8E45B64FDF5,IMPHASH=F62B90E31ECA404F228FCF7068B00F31</Data>
			<Data Name='ParentProcessGuid'>{df655c70-6258-62b7-fd04-000000005201}</Data>
			<Data Name='ParentProcessId'>24272</Data>
			<Data Name='ParentImage'>C:\Program Files (x86)\FOXIT SOFTWARE\FOXIT READER\unins000.exe</Data>
			<Data Name='ParentCommandLine'>"C:\PROGRAM FILES (X86)\FOXIT SOFTWARE\FOXIT READER\unins000.exe" /verysilent /norestart</Data>
			<Data Name='ParentUser'>LAPTOP-ROPR18AK\chrsm</Data>
		</EventData>
		<System>
			<Provider Name='Microsoft-Windows-Sysmon' Guid='{5770385f-c22a-43e0-bf4c-06f5698ffbd9}'/>
			<EventID>1</EventID>
			<Version>5</Version>
			<Level>4</Level>
			<Task>1</Task>
			<Opcode>0</Opcode>
			<Keywords>0x8000000000000000</Keywords>
			<TimeCreated SystemTime='2022-06-25T19:30:32.4333805Z'/>
			<EventRecordID>5382</EventRecordID>
			<Correlation/>
			<Execution ProcessID='5676' ThreadID='6840'/>
			<Channel>Microsoft-Windows-Sysmon/Operational</Channel>
			<Computer>LAPTOP-ROPR18AK</Computer>
			<Security UserID='S-1-5-18'/>
		</System>
		<EventData>
			<Data Name='RuleName'>Sysmon_Event_1(ProcessCreate)</Data>
			<Data Name='UtcTime'>2022-06-25 19:30:32.423</Data>
			<Data Name='ProcessGuid'>{df655c70-6258-62b7-fe04-000000005201}</Data>
			<Data Name='ProcessId'>14504</Data>
			<Data Name='Image'>C:\Users\chrsm\AppData\Local\Temp\_iu14D2N.tmp</Data>
			<Data Name='FileVersion'>51.1052.0.0</Data>
			<Data Name='Description'>Setup/Uninstall</Data>
			<Data Name='Product'>-</Data>
			<Data Name='Company'>-</Data>
			<Data Name='OriginalFileName'>-</Data>
			<Data Name='CommandLine'>"C:\Users\chrsm\AppData\Local\Temp\_iu14D2N.tmp" /SECONDPHASE="C:\PROGRAM FILES (X86)\FOXIT SOFTWARE\FOXIT READER\unins000.exe" /FIRSTPHASEWND=$40C76 /verysilent /norestart</Data>
			<Data Name='CurrentDirectory'>C:\WINDOWS\system32\</Data>
			<Data Name='User'>LAPTOP-ROPR18AK\chrsm</Data>
			<Data Name='LogonGuid'>{df655c70-4db2-62b7-961b-c80000000000}</Data>
			<Data Name='LogonId'>0xc81b96</Data>
			<Data Name='TerminalSessionId'>2</Data>
			<Data Name='IntegrityLevel'>High</Data>
			<Data Name='Hashes'>MD5=B6DA80C141C355B147B150A565ADD773,SHA256=5EDD1A302E786D31BF14786E9BAF705F9A2A303213E506821B50B8E45B64FDF5,IMPHASH=F62B90E31ECA404F228FCF7068B00F31</Data>
			<Data Name='ParentProcessGuid'>{df655c70-6258-62b7-fd04-000000005201}</Data>
			<Data Name='ParentProcessId'>24272</Data>
			<Data Name='ParentImage'>C:\Program Files (x86)\FOXIT SOFTWARE\FOXIT READER\unins000.exe</Data>
			<Data Name='ParentCommandLine'>"C:\PROGRAM FILES (X86)\FOXIT SOFTWARE\FOXIT READER\unins000.exe" /verysilent /norestart</Data>
			<Data Name='ParentUser'>LAPTOP-ROPR18AK\chrsm</Data>
		</EventData>
		<System>
			<Provider Name='Microsoft-Windows-Sysmon' Guid='{5770385f-c22a-43e0-bf4c-06f5698ffbd9}'/>
			<EventID>1</EventID>
			<Version>5</Version>
			<Level>4</Level>
			<Task>1</Task>
			<Opcode>0</Opcode>
			<Keywords>0x8000000000000000</Keywords>
			<TimeCreated SystemTime='2022-06-25T19:30:32.4333805Z'/>
			<EventRecordID>5382</EventRecordID>
			<Correlation/>
			<Execution ProcessID='5676' ThreadID='6840'/>
			<Channel>Microsoft-Windows-Sysmon/Operational</Channel>
			<Computer>LAPTOP-ROPR18AK</Computer>
			<Security UserID='S-1-5-18'/>
		</System>
		<EventData>
			<Data Name='RuleName'>Sysmon_Event_1(ProcessCreate)</Data>
			<Data Name='UtcTime'>2022-06-25 19:30:32.423</Data>
			<Data Name='ProcessGuid'>{df655c70-6258-62b7-fe04-000000005201}</Data>
			<Data Name='ProcessId'>14504</Data>
			<Data Name='Image'>C:\Users\chrsm\AppData\Local\Temp\_iu14D2N.tmp</Data>
			<Data Name='FileVersion'>51.1052.0.0</Data>
			<Data Name='Description'>Setup/Uninstall</Data>
			<Data Name='Product'>-</Data>
			<Data Name='Company'>-</Data>
			<Data Name='OriginalFileName'>-</Data>
			<Data Name='CommandLine'>"C:\Users\chrsm\AppData\Local\Temp\_iu14D2N.tmp" /SECONDPHASE="C:\PROGRAM FILES (X86)\FOXIT SOFTWARE\FOXIT READER\unins000.exe" /FIRSTPHASEWND=$40C76 /verysilent /norestart</Data>
			<Data Name='CurrentDirectory'>C:\WINDOWS\system32\</Data>
			<Data Name='User'>LAPTOP-ROPR18AK\chrsm</Data>
			<Data Name='LogonGuid'>{df655c70-4db2-62b7-961b-c80000000000}</Data>
			<Data Name='LogonId'>0xc81b96</Data>
			<Data Name='TerminalSessionId'>2</Data>
			<Data Name='IntegrityLevel'>High</Data>
			<Data Name='Hashes'>MD5=B6DA80C141C355B147B150A565ADD773,SHA256=5EDD1A302E786D31BF14786E9BAF705F9A2A303213E506821B50B8E45B64FDF5,IMPHASH=F62B90E31ECA404F228FCF7068B00F31</Data>
			<Data Name='ParentProcessGuid'>{df655c70-6258-62b7-fd04-000000005201}</Data>
			<Data Name='ParentProcessId'>24272</Data>
			<Data Name='ParentImage'>C:\Program Files (x86)\FOXIT SOFTWARE\FOXIT READER\unins000.exe</Data>
			<Data Name='ParentCommandLine'>"C:\PROGRAM FILES (X86)\FOXIT SOFTWARE\FOXIT READER\unins000.exe" /verysilent /norestart</Data>
			<Data Name='ParentUser'>LAPTOP-ROPR18AK\chrsm</Data>
		</EventData>
		<System>
			<Provider Name='Microsoft-Windows-Sysmon' Guid='{5770385f-c22a-43e0-bf4c-06f5698ffbd9}'/>
			<EventID>1</EventID>
			<Version>5</Version>
			<Level>4</Level>
			<Task>1</Task>
			<Opcode>0</Opcode>
			<Keywords>0x8000000000000000</Keywords>
			<TimeCreated SystemTime='2022-06-25T19:30:32.4333805Z'/>
			<EventRecordID>5382</EventRecordID>
			<Correlation/>
			<Execution ProcessID='5676' ThreadID='6840'/>
			<Channel>Microsoft-Windows-Sysmon/Operational</Channel>
			<Computer>LAPTOP-ROPR18AK</Computer>
			<Security UserID='S-1-5-18'/>
		</System>
		<EventData>
			<Data Name='RuleName'>Sysmon_Event_1(ProcessCreate)</Data>
			<Data Name='UtcTime'>2022-06-25 19:30:32.423</Data>
			<Data Name='ProcessGuid'>{df655c70-6258-62b7-fe04-000000005201}</Data>
			<Data Name='ProcessId'>14504</Data>
			<Data Name='Image'>C:\Users\chrsm\AppData\Local\Temp\_iu14D2N.tmp</Data>
			<Data Name='FileVersion'>51.1052.0.0</Data>
			<Data Name='Description'>Setup/Uninstall</Data>
			<Data Name='Product'>-</Data>
			<Data Name='Company'>-</Data>
			<Data Name='OriginalFileName'>-</Data>
			<Data Name='CommandLine'>"C:\Users\chrsm\AppData\Local\Temp\_iu14D2N.tmp" /SECONDPHASE="C:\PROGRAM FILES (X86)\FOXIT SOFTWARE\FOXIT READER\unins000.exe" /FIRSTPHASEWND=$40C76 /verysilent /norestart</Data>
			<Data Name='CurrentDirectory'>C:\WINDOWS\system32\</Data>
			<Data Name='User'>LAPTOP-ROPR18AK\chrsm</Data>
			<Data Name='LogonGuid'>{df655c70-4db2-62b7-961b-c80000000000}</Data>
			<Data Name='LogonId'>0xc81b96</Data>
			<Data Name='TerminalSessionId'>2</Data>
			<Data Name='IntegrityLevel'>High</Data>
			<Data Name='Hashes'>MD5=B6DA80C141C355B147B150A565ADD773,SHA256=5EDD1A302E786D31BF14786E9BAF705F9A2A303213E506821B50B8E45B64FDF5,IMPHASH=F62B90E31ECA404F228FCF7068B00F31</Data>
			<Data Name='ParentProcessGuid'>{df655c70-6258-62b7-fd04-000000005201}</Data>
			<Data Name='ParentProcessId'>24272</Data>
			<Data Name='ParentImage'>C:\Program Files (x86)\FOXIT SOFTWARE\FOXIT READER\unins000.exe</Data>
			<Data Name='ParentCommandLine'>"C:\PROGRAM FILES (X86)\FOXIT SOFTWARE\FOXIT READER\unins000.exe" /verysilent /norestart</Data>
			<Data Name='ParentUser'>LAPTOP-ROPR18AK\chrsm</Data>
		</EventData>
		<System>
			<Provider Name='Microsoft-Windows-Sysmon' Guid='{5770385f-c22a-43e0-bf4c-06f5698ffbd9}'/>
			<EventID>1</EventID>
			<Version>5</Version>
			<Level>4</Level>
			<Task>1</Task>
			<Opcode>0</Opcode>
			<Keywords>0x8000000000000000</Keywords>
			<TimeCreated SystemTime='2022-06-25T19:30:32.4333805Z'/>
			<EventRecordID>5382</EventRecordID>
			<Correlation/>
			<Execution ProcessID='5676' ThreadID='6840'/>
			<Channel>Microsoft-Windows-Sysmon/Operational</Channel>
			<Computer>LAPTOP-ROPR18AK</Computer>
			<Security UserID='S-1-5-18'/>
		</System>
		<EventData>
			<Data Name='RuleName'>Sysmon_Event_1(ProcessCreate)</Data>
			<Data Name='UtcTime'>2022-06-25 19:30:32.423</Data>
			<Data Name='ProcessGuid'>{df655c70-6258-62b7-fe04-000000005201}</Data>
			<Data Name='ProcessId'>14504</Data>
			<Data Name='Image'>C:\Users\chrsm\AppData\Local\Temp\_iu14D2N.tmp</Data>
			<Data Name='FileVersion'>51.1052.0.0</Data>
			<Data Name='Description'>Setup/Uninstall</Data>
			<Data Name='Product'>-</Data>
			<Data Name='Company'>-</Data>
			<Data Name='OriginalFileName'>-</Data>
			<Data Name='CommandLine'>"C:\Users\chrsm\AppData\Local\Temp\_iu14D2N.tmp" /SECONDPHASE="C:\PROGRAM FILES (X86)\FOXIT SOFTWARE\FOXIT READER\unins000.exe" /FIRSTPHASEWND=$40C76 /verysilent /norestart</Data>
			<Data Name='CurrentDirectory'>C:\WINDOWS\system32\</Data>
			<Data Name='User'>LAPTOP-ROPR18AK\chrsm</Data>
			<Data Name='LogonGuid'>{df655c70-4db2-62b7-961b-c80000000000}</Data>
			<Data Name='LogonId'>0xc81b96</Data>
			<Data Name='TerminalSessionId'>2</Data>
			<Data Name='IntegrityLevel'>High</Data>
			<Data Name='Hashes'>MD5=B6DA80C141C355B147B150A565ADD773,SHA256=5EDD1A302E786D31BF14786E9BAF705F9A2A303213E506821B50B8E45B64FDF5,IMPHASH=F62B90E31ECA404F228FCF7068B00F31</Data>
			<Data Name='ParentProcessGuid'>{df655c70-6258-62b7-fd04-000000005201}</Data>
			<Data Name='ParentProcessId'>24272</Data>
			<Data Name='ParentImage'>C:\Program Files (x86)\FOXIT SOFTWARE\FOXIT READER\unins000.exe</Data>
			<Data Name='ParentCommandLine'>"C:\PROGRAM FILES (X86)\FOXIT SOFTWARE\FOXIT READER\unins000.exe" /verysilent /norestart</Data>
			<Data Name='ParentUser'>LAPTOP-ROPR18AK\chrsm</Data>
		</EventData>
