<Event xmlns='http://schemas.microsoft.com/win/2004/08/events/event'>
	<System>
			<Provider Name='Microsoft-Windows-Sysmon' Guid='{5770385f-c22a-43e0-bf4c-06f5698ffbd9}'/>
			<EventID>3</EventID>
			<Version>5</Version>
			<Level>4</Level>
			<Task>3</Task>
			<Opcode>0</Opcode>
			<Keywords>0x8000000000000000</Keywords>
			<TimeCreated SystemTime='2021-11-30T03:32:13.574041400Z'/>
			<EventRecordID>14846</EventRecordID>
			<Correlation/>
			<Execution ProcessID='3064' ThreadID='3736'/>
			<Channel>Microsoft-Windows-Sysmon/Operational</Channel>
			<Computer>WIN-J23NIGGP1Q6.sysmon_set.local</Computer>
			<Security UserID='S-1-5-18'/>
		</System>
		<EventData>
			<Data Name='RuleName'>-</Data>
			<Data Name='UtcTime'>2021-11-30 03:31:40.302</Data>
			<Data Name='ProcessGuid'>{27532e6a-8428-61a5-0c00-000000001500}</Data>
			<Data Name='ProcessId'>668</Data>
			<Data Name='Image'>C:\Windows\System32\lsass.exe</Data>
			<Data Name='User'>NT AUTHORITY\SYSTEM</Data>
			<Data Name='Protocol'>tcp</Data>
			<Data Name='Initiated'>false</Data>
			<Data Name='SourceIsIpv6'>true</Data>
			<Data Name='SourceIp'>fe80:0:0:0:e870:5d9:16ed:6004</Data>
			<Data Name='SourceHostname'>WIN-J23NIGGP1Q6.sysmon_set.local</Data>
			<Data Name='SourcePort'>64195</Data>
			<Data Name='SourcePortName'>-</Data>
			<Data Name='DestinationIsIpv6'>true</Data>
			<Data Name='DestinationIp'>fe80:0:0:0:e870:5d9:16ed:6004</Data>
			<Data Name='DestinationHostname'>WIN-J23NIGGP1Q6.sysmon_set.local</Data>
			<Data Name='DestinationPort'>49668</Data>
			<Data Name='DestinationPortName'>-</Data>
		</EventData>
		<System>
			<Provider Name='Microsoft-Windows-Sysmon' Guid='{5770385f-c22a-43e0-bf4c-06f5698ffbd9}'/>
			<EventID>1</EventID>
			<Version>5</Version>
			<Level>4</Level>
			<Task>1</Task>
			<Opcode>0</Opcode>
			<Keywords>0x8000000000000000</Keywords>
			<TimeCreated SystemTime='2021-11-30T03:28:57.478336800Z'/>
			<EventRecordID>14811</EventRecordID>
			<Correlation/>
			<Execution ProcessID='3064' ThreadID='3724'/>
			<Channel>Microsoft-Windows-Sysmon/Operational</Channel>
			<Computer>WIN-J23NIGGP1Q6.sysmon_set.local</Computer>
			<Security UserID='S-1-5-18'/>
		</System>
		<EventData>
			<Data Name='RuleName'>-</Data>
			<Data Name='UtcTime'>2021-11-30 03:28:57.477</Data>
			<Data Name='ProcessGuid'>{27532e6a-9a79-61a5-1801-000000001500}</Data>
			<Data Name='ProcessId'>3876</Data>
			<Data Name='Image'>C:\Windows\System32\whoami.exe</Data>
			<Data Name='FileVersion'>10.0.17763.1 (WinBuild.160101.0800)</Data>
			<Data Name='Description'>whoami - displays logged on user information</Data>
			<Data Name='Product'>Microsoft® Windows® Operating System</Data>
			<Data Name='Company'>Microsoft Corporation</Data>
			<Data Name='OriginalFileName'>whoami.exe</Data>
			<Data Name='CommandLine'>whoami</Data>
			<Data Name='CurrentDirectory'>C:\Windows\system32\</Data>
			<Data Name='User'>SYSMON_SET\chr.smilio</Data>
			<Data Name='LogonGuid'>{27532e6a-9a73-61a5-00aa-250000000000}</Data>
			<Data Name='LogonId'>0x25aa00</Data>
			<Data Name='TerminalSessionId'>0</Data>
			<Data Name='IntegrityLevel'>High</Data>
			<Data Name='Hashes'>SHA256=1D5491E3C468EE4B4EF6EDFF4BBC7D06EE83180F6F0B1576763EA2EFE049493A</Data>
			<Data Name='ParentProcessGuid'>{27532e6a-9a74-61a5-1501-000000001500}</Data>
			<Data Name='ParentProcessId'>4944</Data>
			<Data Name='ParentImage'>C:\Windows\System32\cmd.exe</Data>
			<Data Name='ParentCommandLine'>"cmd" </Data>
		</EventData>
		<System>
			<Provider Name='Microsoft-Windows-Sysmon' Guid='{5770385f-c22a-43e0-bf4c-06f5698ffbd9}'/>
			<EventID>5</EventID>
			<Version>3</Version>
			<Level>4</Level>
			<Task>5</Task>
			<Opcode>0</Opcode>
			<Keywords>0x8000000000000000</Keywords>
			<TimeCreated SystemTime='2021-11-30T03:31:51.792896600Z'/>
			<EventRecordID>14840</EventRecordID>
			<Correlation/>
			<Execution ProcessID='3064' ThreadID='3724'/>
			<Channel>Microsoft-Windows-Sysmon/Operational</Channel>
			<Computer>WIN-J23NIGGP1Q6.sysmon_set.local</Computer>
			<Security UserID='S-1-5-18'/>
		</System>
		<EventData>
			<Data Name='RuleName'>-</Data>
			<Data Name='UtcTime'>2021-11-30 03:31:51.790</Data>
			<Data Name='ProcessGuid'>{27532e6a-9a74-61a5-1601-000000001500}</Data>
			<Data Name='ProcessId'>1144</Data>
			<Data Name='Image'>C:\Windows\System32\conhost.exe</Data>
		</EventData>
	</Event>
