<Event xmlns="http://schemas.microsoft.com/win/2004/08/events/event">
                <System>
                        <Provider Name="Microsoft-Windows-Sysmon" Guid="{5770385f-c22a-43e0-bf4c-06f5698ffbd9}"/>
                        <EventID>3</EventID>
                        <Version>5</Version>
                        <Level>4</Level>
                        <Task>3</Task>
                        <Opcode>0</Opcode>
                        <Keywords>0x8000000000000000</Keywords>
                        <TimeCreated SystemTime="2022-06-25T16:58:58.6866018Z"/>
                        <EventRecordID>4482</EventRecordID>
                        <Correlation/>
                        <Execution ProcessID="5520" ThreadID="6760"/>
                        <Channel>Microsoft-Windows-Sysmon/Operational</Channel>
                        <Computer>LAPTOP-ROPR18AK</Computer>
                        <Security UserID="S-1-5-18"/>
                </System>
                <EventData>
                        <Data Name="RuleName">Sysmon_Event_3(NetworkConnect)</Data>
                        <Data Name="UtcTime">2022-06-25 16:59:01.125</Data>
                        <Data Name="ProcessGuid">{df655c70-91fb-62b3-eb03-000000000000}</Data>
                        <Data Name="ProcessId">4</Data>
                        <Data Name="Image">System</Data>
                        <Data Name="User">NT AUTHORITY\SYSTEM</Data>
                        <Data Name="Protocol">udp</Data>
                        <Data Name="Initiated">'FALSE'</Data>
                        <Data Name="SourceIsIpv6">'FALSE'</Data>
                        <Data Name="SourceIp">169.254.255.255</Data>
                        <Data Name="SourceHostname">-</Data>
                        <Data Name="SourcePort">138</Data>
                        <Data Name="SourcePortName">netbios-dgm</Data>
                        <Data Name="DestinationIsIpv6">'FALSE'</Data>
                        <Data Name="DestinationIp">169.254.3.2</Data>
                        <Data Name="DestinationHostname">LAPTOP-ROPR18AK</Data>
                        <Data Name="DestinationPort">138</Data>
                        <Data Name="DestinationPortName">netbios-dgm</Data>
                </EventData>
                <System>
			<Provider Name='Microsoft-Windows-Sysmon' Guid='{5770385f-c22a-43e0-bf4c-06f5698ffbd9}'/>
			<EventID>1</EventID>
			<Version>5</Version>
			<Level>4</Level>
			<Task>1</Task>
			<Opcode>0</Opcode>
			<Keywords>0x8000000000000000</Keywords>
			<TimeCreated SystemTime='2021-11-30T03:28:52.223518500Z'/>
			<EventRecordID>14802</EventRecordID>
			<Correlation/>
			<Execution ProcessID='3064' ThreadID='3724'/>
			<Channel>Microsoft-Windows-Sysmon/Operational</Channel>
			<Computer>WIN-J23NIGGP1Q6.sysmon_set.local</Computer>
			<Security UserID='S-1-5-18'/>
		</System>
		<EventData>
			<Data Name='RuleName'>-</Data>
			<Data Name='UtcTime'>2021-11-30 03:28:52.223</Data>
			<Data Name='ProcessGuid'>{27532e6a-9a74-61a5-1401-000000001500}</Data>
			<Data Name='ProcessId'>5780</Data>
			<Data Name='Image'>C:\Windows\System32\dllhost.exe</Data>
			<Data Name='FileVersion'>10.0.17763.1 (WinBuild.160101.0800)</Data>
			<Data Name='Description'>COM Surrogate</Data>
			<Data Name='Product'>Microsoft® Windows® Operating System</Data>
			<Data Name='Company'>Microsoft Corporation</Data>
			<Data Name='OriginalFileName'>dllhost.exe</Data>
			<Data Name='CommandLine'>C:\Windows\system32\DllHost.exe /Processid:{E10F6C3A-F1AE-4ADC-AA9D-2FE65525666E}</Data>
			<Data Name='CurrentDirectory'>C:\Windows\system32\</Data>
			<Data Name='User'>NT AUTHORITY\SYSTEM</Data>
			<Data Name='LogonGuid'>{27532e6a-8429-61a5-e703-000000000000}</Data>
			<Data Name='LogonId'>0x3e7</Data>
			<Data Name='TerminalSessionId'>0</Data>
			<Data Name='IntegrityLevel'>System</Data>
			<Data Name='Hashes'>SHA256=C4E078607DB2784BE7761C86048DFFA6F3EF04B551354A32FCDEC3B6A3450905</Data>
			<Data Name='ParentProcessGuid'>{27532e6a-8433-61a5-0e00-000000001500}</Data>
			<Data Name='ParentProcessId'>904</Data>
			<Data Name='ParentImage'>C:\Windows\System32\svchost.exe</Data>
			<Data Name='ParentCommandLine'>C:\Windows\system32\svchost.exe -k DcomLaunch -p</Data>
		</EventData>
		<System>
			<Provider Name='Microsoft-Windows-Sysmon' Guid='{5770385f-c22a-43e0-bf4c-06f5698ffbd9}'/>
			<EventID>5</EventID>
			<Version>3</Version>
			<Level>4</Level>
			<Task>5</Task>
			<Opcode>0</Opcode>
			<Keywords>0x8000000000000000</Keywords>
			<TimeCreated SystemTime='2021-11-30T03:28:49.277391800Z'/>
			<EventRecordID>14801</EventRecordID>
			<Correlation/>
			<Execution ProcessID='3064' ThreadID='3724'/>
			<Channel>Microsoft-Windows-Sysmon/Operational</Channel>
			<Computer>WIN-J23NIGGP1Q6.sysmon_set.local</Computer>
			<Security UserID='S-1-5-18'/>
		</System>
		<EventData>
			<Data Name='RuleName'>-</Data>
			<Data Name='UtcTime'>2021-11-30 03:28:49.268</Data>
			<Data Name='ProcessGuid'>{27532e6a-9a71-61a5-1301-000000001500}</Data>
			<Data Name='ProcessId'>5280</Data>
			<Data Name='Image'>C:\Windows\System32\ipconfig.exe</Data>
		</EventData>
		<System>
			<Provider Name='Microsoft-Windows-Sysmon' Guid='{5770385f-c22a-43e0-bf4c-06f5698ffbd9}'/>
			<EventID>1</EventID>
			<Version>5</Version>
			<Level>4</Level>
			<Task>1</Task>
			<Opcode>0</Opcode>
			<Keywords>0x8000000000000000</Keywords>
			<TimeCreated SystemTime='2021-11-30T03:28:49.246750900Z'/>
			<EventRecordID>14800</EventRecordID>
			<Correlation/>
			<Execution ProcessID='3064' ThreadID='3724'/>
			<Channel>Microsoft-Windows-Sysmon/Operational</Channel>
			<Computer>WIN-J23NIGGP1Q6.sysmon_set.local</Computer>
			<Security UserID='S-1-5-18'/>
		</System>
		<EventData>
			<Data Name='RuleName'>-</Data>
			<Data Name='UtcTime'>2021-11-30 03:28:49.246</Data>
			<Data Name='ProcessGuid'>{27532e6a-9a71-61a5-1301-000000001500}</Data>
			<Data Name='ProcessId'>5280</Data>
			<Data Name='Image'>C:\Windows\System32\ipconfig.exe</Data>
			<Data Name='FileVersion'>10.0.17763.1 (WinBuild.160101.0800)</Data>
			<Data Name='Description'>IP Configuration Utility</Data>
			<Data Name='Product'>Microsoft® Windows® Operating System</Data>
			<Data Name='Company'>Microsoft Corporation</Data>
			<Data Name='OriginalFileName'>ipconfig.exe</Data>
			<Data Name='CommandLine'>ipconfig</Data>
			<Data Name='CurrentDirectory'>C:\Users\Administrator\</Data>
			<Data Name='User'>SYSMON_SET\Administrator</Data>
			<Data Name='LogonGuid'>{27532e6a-84a3-61a5-f257-040000000000}</Data>
			<Data Name='LogonId'>0x457f2</Data>
			<Data Name='TerminalSessionId'>1</Data>
			<Data Name='IntegrityLevel'>High</Data>
			<Data Name='Hashes'>SHA256=C5DBBDDD1193C7ADCA1E30CD17B8C7AF6A76C406DD84DC164BB959C135F1AA70</Data>
			<Data Name='ParentProcessGuid'>{27532e6a-9a6f-61a5-1101-000000001500}</Data>
			<Data Name='ParentProcessId'>4592</Data>
			<Data Name='ParentImage'>C:\Windows\System32\cmd.exe</Data>
			<Data Name='ParentCommandLine'>"C:\Windows\system32\cmd.exe" </Data>
		</EventData>
        </Event>