Information	25/06/2022 20:10:27	Microsoft-Windows-Sysmon	3	Network connection detected (rule: NetworkConnect)	"Network connection detected:
RuleName: Sysmon_Event_3(NetworkConnect)
UtcTime: 2022-06-25 17:10:26.579
ProcessGuid: {df655c70-4174-62b7-eb03-000000000000}
ProcessId: 4
Image: System
User: NT AUTHORITY\SYSTEM
Protocol: udp
Initiated: true
SourceIsIpv6: false
SourceIp: 192.168.229.2
SourceHostname: LAPTOP-ROPR18AK
SourcePort: 137
SourcePortName: netbios-ns
DestinationIsIpv6: false
DestinationIp: 224.0.0.251
DestinationHostname: -
DestinationPort: 137
DestinationPortName: netbios-ns"
Information	25/06/2022 20:10:27	Microsoft-Windows-Sysmon	3	Network connection detected (rule: NetworkConnect)	"Network connection detected:
RuleName: Sysmon_Event_3(NetworkConnect)
UtcTime: 2022-06-25 17:10:26.579
ProcessGuid: {df655c70-4174-62b7-eb03-000000000000}
ProcessId: 4
Image: System
User: NT AUTHORITY\SYSTEM
Protocol: udp
Initiated: true
SourceIsIpv6: false
SourceIp: 169.254.142.2
SourceHostname: LAPTOP-ROPR18AK
SourcePort: 137
SourcePortName: netbios-ns
DestinationIsIpv6: false
DestinationIp: 224.0.0.251
DestinationHostname: -
DestinationPort: 137
DestinationPortName: netbios-ns"
Information	25/06/2022 20:10:27	Microsoft-Windows-Sysmon	3	Network connection detected (rule: NetworkConnect)	"Network connection detected:
RuleName: Sysmon_Event_3(NetworkConnect)
UtcTime: 2022-06-25 17:10:26.579
ProcessGuid: {df655c70-4174-62b7-eb03-000000000000}
ProcessId: 4
Image: System
User: NT AUTHORITY\SYSTEM
Protocol: udp
Initiated: true
SourceIsIpv6: false
SourceIp: 192.168.76.2
SourceHostname: LAPTOP-ROPR18AK
SourcePort: 137
SourcePortName: netbios-ns
DestinationIsIpv6: false
DestinationIp: 224.0.0.251
DestinationHostname: -
DestinationPort: 137
DestinationPortName: netbios-ns"
Information	25/06/2022 20:10:27	Microsoft-Windows-Sysmon	3	Network connection detected (rule: NetworkConnect)	"Network connection detected:
RuleName: Sysmon_Event_3(NetworkConnect)
UtcTime: 2022-06-25 17:10:26.579
ProcessGuid: {df655c70-4174-62b7-eb03-000000000000}
ProcessId: 4
Image: System
User: NT AUTHORITY\SYSTEM
Protocol: udp
Initiated: true
SourceIsIpv6: false
SourceIp: 192.168.156.105
SourceHostname: LAPTOP-ROPR18AK
SourcePort: 137
SourcePortName: netbios-ns
DestinationIsIpv6: false
DestinationIp: 224.0.0.251
DestinationHostname: -
DestinationPort: 137
DestinationPortName: netbios-ns"
Information	25/06/2022 20:10:27	Microsoft-Windows-Sysmon	3	Network connection detected (rule: NetworkConnect)	"Network connection detected:
RuleName: Sysmon_Event_3(NetworkConnect)
UtcTime: 2022-06-25 17:10:26.579
ProcessGuid: {df655c70-4174-62b7-eb03-000000000000}
ProcessId: 4
Image: System
User: NT AUTHORITY\SYSTEM
Protocol: udp
Initiated: true
SourceIsIpv6: false
SourceIp: 169.254.250.108
SourceHostname: LAPTOP-ROPR18AK
SourcePort: 137
SourcePortName: netbios-ns
DestinationIsIpv6: false
DestinationIp: 224.0.0.251
DestinationHostname: -
DestinationPort: 137
DestinationPortName: netbios-ns"
Information	25/06/2022 20:10:27	Microsoft-Windows-Sysmon	3	Network connection detected (rule: NetworkConnect)	"Network connection detected:
RuleName: Sysmon_Event_3(NetworkConnect)
UtcTime: 2022-06-25 17:10:26.579
ProcessGuid: {df655c70-4174-62b7-eb03-000000000000}
ProcessId: 4
Image: System
User: NT AUTHORITY\SYSTEM
Protocol: udp
Initiated: true
SourceIsIpv6: false
SourceIp: 192.168.128.102
SourceHostname: LAPTOP-ROPR18AK
SourcePort: 137
SourcePortName: netbios-ns
DestinationIsIpv6: false
DestinationIp: 224.0.0.251
DestinationHostname: -
DestinationPort: 137
DestinationPortName: netbios-ns"
Information	25/06/2022 20:10:27	Microsoft-Windows-Sysmon	3	Network connection detected (rule: NetworkConnect)	"Network connection detected:
RuleName: Sysmon_Event_3(NetworkConnect)
UtcTime: 2022-06-25 17:10:26.579
ProcessGuid: {df655c70-4174-62b7-eb03-000000000000}
ProcessId: 4
Image: System
User: NT AUTHORITY\SYSTEM
Protocol: udp
Initiated: true
SourceIsIpv6: false
SourceIp: 169.254.9.4
SourceHostname: LAPTOP-ROPR18AK
SourcePort: 137
SourcePortName: netbios-ns
DestinationIsIpv6: false
DestinationIp: 224.0.0.251
DestinationHostname: -
DestinationPort: 137
DestinationPortName: netbios-ns"
Information	25/06/2022 20:10:27	Microsoft-Windows-Sysmon	3	Network connection detected (rule: NetworkConnect)	"Network connection detected:
RuleName: Sysmon_Event_3(NetworkConnect)
UtcTime: 2022-06-25 17:10:26.579
ProcessGuid: {df655c70-4174-62b7-eb03-000000000000}
ProcessId: 4
Image: System
User: NT AUTHORITY\SYSTEM
Protocol: udp
Initiated: true
SourceIsIpv6: false
SourceIp: 169.254.3.2
SourceHostname: LAPTOP-ROPR18AK
SourcePort: 137
SourcePortName: netbios-ns
DestinationIsIpv6: false
DestinationIp: 224.0.0.251
DestinationHostname: -
DestinationPort: 137
DestinationPortName: netbios-ns"
Information	25/06/2022 20:10:27	Microsoft-Windows-Sysmon	3	Network connection detected (rule: NetworkConnect)	"Network connection detected:
RuleName: Sysmon_Event_3(NetworkConnect)
UtcTime: 2022-06-25 17:10:26.579
ProcessGuid: {df655c70-4174-62b7-eb03-000000000000}
ProcessId: 4
Image: System
User: NT AUTHORITY\SYSTEM
Protocol: udp
Initiated: true
SourceIsIpv6: false
SourceIp: 169.254.234.2
SourceHostname: LAPTOP-ROPR18AK
SourcePort: 137
SourcePortName: netbios-ns
DestinationIsIpv6: false
DestinationIp: 224.0.0.251
DestinationHostname: -
DestinationPort: 137
DestinationPortName: netbios-ns"
Information	25/06/2022 20:10:27	Microsoft-Windows-Sysmon	3	Network connection detected (rule: NetworkConnect)	"Network connection detected:
RuleName: Sysmon_Event_3(NetworkConnect)
UtcTime: 2022-06-25 17:10:26.579
ProcessGuid: {df655c70-4174-62b7-eb03-000000000000}
ProcessId: 4
Image: System
User: NT AUTHORITY\SYSTEM
Protocol: udp
Initiated: true
SourceIsIpv6: false
SourceIp: 169.254.157.2
SourceHostname: LAPTOP-ROPR18AK
SourcePort: 137
SourcePortName: netbios-ns
DestinationIsIpv6: false
DestinationIp: 224.0.0.251
DestinationHostname: -
DestinationPort: 137
DestinationPortName: netbios-ns"
Information	25/06/2022 20:10:27	Microsoft-Windows-Sysmon	3	Network connection detected (rule: NetworkConnect)	"Network connection detected:
RuleName: Sysmon_Event_3(NetworkConnect)
UtcTime: 2022-06-25 17:10:26.579
ProcessGuid: {df655c70-4174-62b7-eb03-000000000000}
ProcessId: 4
Image: System
User: NT AUTHORITY\SYSTEM
Protocol: udp
Initiated: true
SourceIsIpv6: false
SourceIp: 169.254.80.102
SourceHostname: LAPTOP-ROPR18AK
SourcePort: 137
SourcePortName: netbios-ns
DestinationIsIpv6: false
DestinationIp: 224.0.0.251
DestinationHostname: -
DestinationPort: 137
DestinationPortName: netbios-ns"
Information	25/06/2022 20:10:27	Microsoft-Windows-Sysmon	3	Network connection detected (rule: NetworkConnect)	"Network connection detected:
RuleName: Sysmon_Event_3(NetworkConnect)
UtcTime: 2022-06-25 17:10:26.578
ProcessGuid: {df655c70-4174-62b7-eb03-000000000000}
ProcessId: 4
Image: System
User: NT AUTHORITY\SYSTEM
Protocol: udp
Initiated: true
SourceIsIpv6: false
SourceIp: 169.254.50.19
SourceHostname: LAPTOP-ROPR18AK
SourcePort: 137
SourcePortName: netbios-ns
DestinationIsIpv6: false
DestinationIp: 224.0.0.251
DestinationHostname: -
DestinationPort: 137
DestinationPortName: netbios-ns"
Information	25/06/2022 20:10:27	Microsoft-Windows-Sysmon	3	Network connection detected (rule: NetworkConnect)	"Network connection detected:
RuleName: Sysmon_Event_3(NetworkConnect)
UtcTime: 2022-06-25 17:10:26.578
ProcessGuid: {df655c70-4174-62b7-eb03-000000000000}
ProcessId: 4
Image: System
User: NT AUTHORITY\SYSTEM
Protocol: udp
Initiated: true
SourceIsIpv6: false
SourceIp: 169.254.77.2
SourceHostname: LAPTOP-ROPR18AK
SourcePort: 137
SourcePortName: netbios-ns
DestinationIsIpv6: false
DestinationIp: 224.0.0.251
DestinationHostname: -
DestinationPort: 137
DestinationPortName: netbios-ns"
Information	25/06/2022 20:10:27	Microsoft-Windows-Sysmon	3	Network connection detected (rule: NetworkConnect)	"Network connection detected:
RuleName: Sysmon_Event_3(NetworkConnect)
UtcTime: 2022-06-25 17:10:26.578
ProcessGuid: {df655c70-4174-62b7-eb03-000000000000}
ProcessId: 4
Image: System
User: NT AUTHORITY\SYSTEM
Protocol: udp
Initiated: true
SourceIsIpv6: false
SourceIp: 169.254.228.2
SourceHostname: LAPTOP-ROPR18AK
SourcePort: 137
SourcePortName: netbios-ns
DestinationIsIpv6: false
DestinationIp: 224.0.0.251
DestinationHostname: -
DestinationPort: 137
DestinationPortName: netbios-ns"
Information	25/06/2022 20:10:27	Microsoft-Windows-Sysmon	3	Network connection detected (rule: NetworkConnect)	"Network connection detected:
RuleName: Sysmon_Event_3(NetworkConnect)
UtcTime: 2022-06-25 17:10:26.168
ProcessGuid: {df655c70-4174-62b7-eb03-000000000000}
ProcessId: 4
Image: System
User: NT AUTHORITY\SYSTEM
Protocol: udp
Initiated: false
SourceIsIpv6: false
SourceIp: 192.168.16.255
SourceHostname: -
SourcePort: 137
SourcePortName: netbios-ns
DestinationIsIpv6: false
DestinationIp: 192.168.16.2
DestinationHostname: LAPTOP-ROPR18AK
DestinationPort: 137
DestinationPortName: netbios-ns"
Information	25/06/2022 20:10:27	Microsoft-Windows-Sysmon	3	Network connection detected (rule: NetworkConnect)	"Network connection detected:
RuleName: Sysmon_Event_3(NetworkConnect)
UtcTime: 2022-06-25 17:10:26.167
ProcessGuid: {df655c70-4174-62b7-eb03-000000000000}
ProcessId: 4
Image: System
User: NT AUTHORITY\SYSTEM
Protocol: udp
Initiated: true
SourceIsIpv6: false
SourceIp: 192.168.16.2
SourceHostname: LAPTOP-ROPR18AK
SourcePort: 137
SourcePortName: netbios-ns
DestinationIsIpv6: false
DestinationIp: 192.168.16.255
DestinationHostname: -
DestinationPort: 137
DestinationPortName: netbios-ns"
Information	25/06/2022 20:10:27	Microsoft-Windows-Sysmon	3	Network connection detected (rule: NetworkConnect)	"Network connection detected:
RuleName: Sysmon_Event_3(NetworkConnect)
UtcTime: 2022-06-25 17:10:25.843
ProcessGuid: {df655c70-4174-62b7-eb03-000000000000}
ProcessId: 4
Image: System
User: NT AUTHORITY\SYSTEM
Protocol: udp
Initiated: true
SourceIsIpv6: false
SourceIp: 192.168.179.2
SourceHostname: LAPTOP-ROPR18AK
SourcePort: 137
SourcePortName: netbios-ns
DestinationIsIpv6: false
DestinationIp: 169.254.255.255
DestinationHostname: -
DestinationPort: 137
DestinationPortName: netbios-ns"
Information	25/06/2022 20:10:27	Microsoft-Windows-Sysmon	3	Network connection detected (rule: NetworkConnect)	"Network connection detected:
RuleName: Sysmon_Event_3(NetworkConnect)
UtcTime: 2022-06-25 17:10:25.843
ProcessGuid: {df655c70-4174-62b7-eb03-000000000000}
ProcessId: 4
Image: System
User: NT AUTHORITY\SYSTEM
Protocol: udp
Initiated: true
SourceIsIpv6: false
SourceIp: 192.168.98.2
SourceHostname: LAPTOP-ROPR18AK
SourcePort: 137
SourcePortName: netbios-ns
DestinationIsIpv6: false
DestinationIp: 169.254.255.255
DestinationHostname: -
DestinationPort: 137
DestinationPortName: netbios-ns"
Information	25/06/2022 20:10:27	Microsoft-Windows-Sysmon	3	Network connection detected (rule: NetworkConnect)	"Network connection detected:
RuleName: Sysmon_Event_3(NetworkConnect)
UtcTime: 2022-06-25 17:10:25.843
ProcessGuid: {df655c70-4174-62b7-eb03-000000000000}
ProcessId: 4
Image: System
User: NT AUTHORITY\SYSTEM
Protocol: udp
Initiated: true
SourceIsIpv6: false
SourceIp: 192.168.214.2
SourceHostname: LAPTOP-ROPR18AK
SourcePort: 137
SourcePortName: netbios-ns
DestinationIsIpv6: false
DestinationIp: 169.254.255.255
DestinationHostname: -
DestinationPort: 137
DestinationPortName: netbios-ns"
Information	25/06/2022 20:10:27	Microsoft-Windows-Sysmon	3	Network connection detected (rule: NetworkConnect)	"Network connection detected:
RuleName: Sysmon_Event_3(NetworkConnect)
UtcTime: 2022-06-25 17:10:25.843
ProcessGuid: {df655c70-4174-62b7-eb03-000000000000}
ProcessId: 4
Image: System
User: NT AUTHORITY\SYSTEM
Protocol: udp
Initiated: true
SourceIsIpv6: false
SourceIp: 192.168.16.2
SourceHostname: LAPTOP-ROPR18AK
SourcePort: 137
SourcePortName: netbios-ns
DestinationIsIpv6: false
DestinationIp: 169.254.255.255
DestinationHostname: -
DestinationPort: 137
DestinationPortName: netbios-ns"
Information	25/06/2022 20:10:27	Microsoft-Windows-Sysmon	3	Network connection detected (rule: NetworkConnect)	"Network connection detected:
RuleName: Sysmon_Event_3(NetworkConnect)
UtcTime: 2022-06-25 17:10:25.843
ProcessGuid: {df655c70-4174-62b7-eb03-000000000000}
ProcessId: 4
Image: System
User: NT AUTHORITY\SYSTEM
Protocol: udp
Initiated: true
SourceIsIpv6: false
SourceIp: 192.168.229.2
SourceHostname: LAPTOP-ROPR18AK
SourcePort: 137
SourcePortName: netbios-ns
DestinationIsIpv6: false
DestinationIp: 169.254.255.255
DestinationHostname: -
DestinationPort: 137
DestinationPortName: netbios-ns"
Information	25/06/2022 20:10:27	Microsoft-Windows-Sysmon	3	Network connection detected (rule: NetworkConnect)	"Network connection detected:
RuleName: Sysmon_Event_3(NetworkConnect)
UtcTime: 2022-06-25 17:10:25.843
ProcessGuid: {df655c70-4174-62b7-eb03-000000000000}
ProcessId: 4
Image: System
User: NT AUTHORITY\SYSTEM
Protocol: udp
Initiated: true
SourceIsIpv6: false
SourceIp: 192.168.76.2
SourceHostname: LAPTOP-ROPR18AK
SourcePort: 137
SourcePortName: netbios-ns
DestinationIsIpv6: false
DestinationIp: 169.254.255.255
DestinationHostname: -
DestinationPort: 137
DestinationPortName: netbios-ns"
Information	25/06/2022 20:10:27	Microsoft-Windows-Sysmon	3	Network connection detected (rule: NetworkConnect)	"Network connection detected:
RuleName: Sysmon_Event_3(NetworkConnect)
UtcTime: 2022-06-25 17:10:25.843
ProcessGuid: {df655c70-4174-62b7-eb03-000000000000}
ProcessId: 4
Image: System
User: NT AUTHORITY\SYSTEM
Protocol: udp
Initiated: true
SourceIsIpv6: false
SourceIp: 192.168.156.105
SourceHostname: LAPTOP-ROPR18AK
SourcePort: 137
SourcePortName: netbios-ns
DestinationIsIpv6: false
DestinationIp: 169.254.255.255
DestinationHostname: -
DestinationPort: 137
DestinationPortName: netbios-ns"
Information	25/06/2022 20:10:27	Microsoft-Windows-Sysmon	3	Network connection detected (rule: NetworkConnect)	"Network connection detected:
RuleName: Sysmon_Event_3(NetworkConnect)
UtcTime: 2022-06-25 17:10:25.843
ProcessGuid: {df655c70-4174-62b7-eb03-000000000000}
ProcessId: 4
Image: System
User: NT AUTHORITY\SYSTEM
Protocol: udp
Initiated: true
SourceIsIpv6: false
SourceIp: 192.168.128.102
SourceHostname: LAPTOP-ROPR18AK
SourcePort: 137
SourcePortName: netbios-ns
DestinationIsIpv6: false
DestinationIp: 169.254.255.255
DestinationHostname: -
DestinationPort: 137
DestinationPortName: netbios-ns"
Information	25/06/2022 20:10:26	Microsoft-Windows-Sysmon	5	Process terminated (rule: ProcessTerminate)	"Process terminated:
RuleName: sc Execution
UtcTime: 2022-06-25 17:10:26.558
ProcessGuid: {df655c70-4182-62b7-a200-000000005201}
ProcessId: 9068
Image: C:\Windows\SysWOW64\sc.exe
User: NT AUTHORITY\SYSTEM"
Information	25/06/2022 20:10:26	Microsoft-Windows-Sysmon	5	Process terminated (rule: ProcessTerminate)	"Process terminated:
RuleName: sc Execution
UtcTime: 2022-06-25 17:10:26.529
ProcessGuid: {df655c70-4182-62b7-a000-000000005201}
ProcessId: 8436
Image: C:\Windows\SysWOW64\sc.exe
User: NT AUTHORITY\SYSTEM"
Information	25/06/2022 20:10:26	Microsoft-Windows-Sysmon	5	Process terminated (rule: ProcessTerminate)	"Process terminated:
RuleName: sc Execution
UtcTime: 2022-06-25 17:10:26.452
ProcessGuid: {df655c70-4182-62b7-9e00-000000005201}
ProcessId: 9124
Image: C:\Windows\SysWOW64\sc.exe
User: NT AUTHORITY\SYSTEM"
Information	25/06/2022 20:10:26	Microsoft-Windows-Sysmon	5	Process terminated (rule: ProcessTerminate)	"Process terminated:
RuleName: sc Execution
UtcTime: 2022-06-25 17:10:26.435
ProcessGuid: {df655c70-4182-62b7-9c00-000000005201}
ProcessId: 9056
Image: C:\Windows\SysWOW64\sc.exe
User: NT AUTHORITY\SYSTEM"
Information	25/06/2022 20:10:26	Microsoft-Windows-Sysmon	5	Process terminated (rule: ProcessTerminate)	"Process terminated:
RuleName: sc Execution
UtcTime: 2022-06-25 17:10:26.127
ProcessGuid: {df655c70-4182-62b7-8d00-000000005201}
ProcessId: 8236
Image: C:\Windows\System32\sc.exe
User: NT AUTHORITY\SYSTEM"
Information	25/06/2022 20:10:25	Microsoft-Windows-Sysmon	3	Network connection detected (rule: NetworkConnect)	"Network connection detected:
RuleName: Sysmon_Event_3(NetworkConnect)
UtcTime: 2022-06-25 17:10:23.654
ProcessGuid: {df655c70-4174-62b7-eb03-000000000000}
ProcessId: 4
Image: System
User: NT AUTHORITY\SYSTEM
Protocol: udp
Initiated: false
SourceIsIpv6: false
SourceIp: 169.254.255.255
SourceHostname: -
SourcePort: 137
SourcePortName: netbios-ns
DestinationIsIpv6: false
DestinationIp: 169.254.138.2
DestinationHostname: LAPTOP-ROPR18AK
DestinationPort: 137
DestinationPortName: netbios-ns"
Information	25/06/2022 20:10:25	Microsoft-Windows-Sysmon	3	Network connection detected (rule: NetworkConnect)	"Network connection detected:
RuleName: Sysmon_Event_3(NetworkConnect)
UtcTime: 2022-06-25 17:10:23.654
ProcessGuid: {df655c70-4174-62b7-eb03-000000000000}
ProcessId: 4
Image: System
User: NT AUTHORITY\SYSTEM
Protocol: udp
Initiated: true
SourceIsIpv6: false
SourceIp: 169.254.138.2
SourceHostname: LAPTOP-ROPR18AK
SourcePort: 137
SourcePortName: netbios-ns
DestinationIsIpv6: false
DestinationIp: 169.254.255.255
DestinationHostname: -
DestinationPort: 137
DestinationPortName: netbios-ns"
Information	25/06/2022 20:10:25	Microsoft-Windows-Sysmon	5	Process terminated (rule: ProcessTerminate)	"Process terminated:
RuleName: sc Execution
UtcTime: 2022-06-25 17:10:25.773
ProcessGuid: {df655c70-4181-62b7-8500-000000005201}
ProcessId: 1828
Image: C:\Windows\System32\sc.exe
User: NT AUTHORITY\SYSTEM"
Information	25/06/2022 20:10:24	Microsoft-Windows-Sysmon	5	Process terminated (rule: ProcessTerminate)	"Process terminated:
RuleName: Mimikatz Execution
UtcTime: 2022-06-25 17:10:24.639
ProcessGuid: {df655c70-417d-62b7-2600-000000005201}
ProcessId: 2180
Image: C:\Windows\System32\cmd.exe
User: NT AUTHORITY\SYSTEM"
Information	25/06/2022 20:10:24	Microsoft-Windows-Sysmon	5	Process terminated (rule: ProcessTerminate)	"Process terminated:
RuleName: Mimikatz Execution
UtcTime: 2022-06-25 17:10:24.636
ProcessGuid: {df655c70-4180-62b7-8000-000000005201}
ProcessId: 7644
Image: C:\Windows\System32\cmd.exe
User: NT AUTHORITY\SYSTEM"
Information	25/06/2022 20:10:24	Microsoft-Windows-Sysmon	5	Process terminated (rule: ProcessTerminate)	"Process terminated:
RuleName: sc Execution
UtcTime: 2022-06-25 17:10:24.636
ProcessGuid: {df655c70-4180-62b7-8100-000000005201}
ProcessId: 7728
Image: C:\Windows\System32\sc.exe
User: NT AUTHORITY\SYSTEM"
Information	25/06/2022 20:10:24	Microsoft-Windows-Sysmon	5	Process terminated (rule: ProcessTerminate)	"Process terminated:
RuleName: Mimikatz Execution
UtcTime: 2022-06-25 17:10:24.374
ProcessGuid: {df655c70-417f-62b7-5900-000000005201}
ProcessId: 5364
Image: C:\Windows\System32\cmd.exe
User: NT AUTHORITY\SYSTEM"
Information	25/06/2022 20:10:23	Microsoft-Windows-Sysmon	4	Sysmon service state changed	"Sysmon service state changed:
UtcTime: 2022-06-25 17:10:23.561
State: Started
Version: 13.30
SchemaVersion: 4.81"
Information	25/06/2022 20:09:50	Microsoft-Windows-Sysmon	5	Process terminated (rule: ProcessTerminate)	"Process terminated:
RuleName: C:\Users
UtcTime: 2022-06-25 17:09:50.916
ProcessGuid: {df655c70-b156-62b6-d314-000000005101}
ProcessId: 22896
Image: C:\Users\chrsm\AppData\Local\Viber\Viber.exe
User: LAPTOP-ROPR18AK\chrsm"
Information	25/06/2022 20:09:45	Microsoft-Windows-Sysmon	5	Process terminated (rule: ProcessTerminate)	"Process terminated:
RuleName: C:\Users
UtcTime: 2022-06-25 17:09:45.873
ProcessGuid: {df655c70-b15d-62b6-ee14-000000005101}
ProcessId: 23308
Image: C:\Users\chrsm\AppData\Local\slack\app-4.26.2\slack.exe
User: LAPTOP-ROPR18AK\chrsm"
Information	25/06/2022 20:09:45	Microsoft-Windows-Sysmon	5	Process terminated (rule: ProcessTerminate)	"Process terminated:
RuleName: C:\Users
UtcTime: 2022-06-25 17:09:45.845
ProcessGuid: {df655c70-b160-62b6-fb14-000000005101}
ProcessId: 300
Image: C:\Users\chrsm\AppData\Local\slack\app-4.26.2\slack.exe
User: LAPTOP-ROPR18AK\chrsm"
Information	25/06/2022 20:09:45	Microsoft-Windows-Sysmon	5	Process terminated (rule: ProcessTerminate)	"Process terminated:
RuleName: C:\Users
UtcTime: 2022-06-25 17:09:45.840
ProcessGuid: {df655c70-b15c-62b6-ec14-000000005101}
ProcessId: 20388
Image: C:\Users\chrsm\AppData\Local\slack\app-4.26.2\slack.exe
User: LAPTOP-ROPR18AK\chrsm"
Information	25/06/2022 20:09:45	Microsoft-Windows-Sysmon	5	Process terminated (rule: ProcessTerminate)	"Process terminated:
RuleName: C:\Users
UtcTime: 2022-06-25 17:09:45.820
ProcessGuid: {df655c70-b15f-62b6-f914-000000005101}
ProcessId: 10112
Image: C:\Users\chrsm\AppData\Local\slack\app-4.26.2\slack.exe
User: LAPTOP-ROPR18AK\chrsm"
Information	25/06/2022 20:09:45	Microsoft-Windows-Sysmon	5	Process terminated (rule: ProcessTerminate)	"Process terminated:
RuleName: C:\Users
UtcTime: 2022-06-25 17:09:45.796
ProcessGuid: {df655c70-b15f-62b6-fa14-000000005101}
ProcessId: 12728
Image: C:\Users\chrsm\AppData\Local\slack\app-4.26.2\slack.exe
User: LAPTOP-ROPR18AK\chrsm"
Information	25/06/2022 20:09:12	Microsoft-Windows-Sysmon	3	Network connection detected (rule: NetworkConnect)	"Network connection detected:
RuleName: Sysmon_Event_3(NetworkConnect)
UtcTime: 2022-06-25 17:09:15.148
ProcessGuid: {df655c70-91fb-62b3-eb03-000000000000}
ProcessId: 4
Image: System
User: NT AUTHORITY\SYSTEM
Protocol: udp
Initiated: false
SourceIsIpv6: false
SourceIp: 169.254.255.255
SourceHostname: -
SourcePort: 137
SourcePortName: netbios-ns
DestinationIsIpv6: false
DestinationIp: 169.254.50.19
DestinationHostname: LAPTOP-ROPR18AK
DestinationPort: 137
DestinationPortName: netbios-ns"
Information	25/06/2022 20:09:12	Microsoft-Windows-Sysmon	3	Network connection detected (rule: NetworkConnect)	"Network connection detected:
RuleName: Sysmon_Event_3(NetworkConnect)
UtcTime: 2022-06-25 17:09:15.148
ProcessGuid: {df655c70-91fb-62b3-eb03-000000000000}
ProcessId: 4
Image: System
User: NT AUTHORITY\SYSTEM
Protocol: udp
Initiated: true
SourceIsIpv6: false
SourceIp: 169.254.50.19
SourceHostname: LAPTOP-ROPR18AK
SourcePort: 137
SourcePortName: netbios-ns
DestinationIsIpv6: false
DestinationIp: 169.254.255.255
DestinationHostname: -
DestinationPort: 137
DestinationPortName: netbios-ns"
Information	25/06/2022 20:09:10	Microsoft-Windows-Sysmon	3	Network connection detected (rule: NetworkConnect)	"Network connection detected:
RuleName: Sysmon_Event_3(NetworkConnect)
UtcTime: 2022-06-25 17:09:12.876
ProcessGuid: {df655c70-91fb-62b3-eb03-000000000000}
ProcessId: 4
Image: System
User: NT AUTHORITY\SYSTEM
Protocol: udp
Initiated: false
SourceIsIpv6: false
SourceIp: 192.168.179.255
SourceHostname: -
SourcePort: 137
SourcePortName: netbios-ns
DestinationIsIpv6: false
DestinationIp: 192.168.179.2
DestinationHostname: LAPTOP-ROPR18AK
DestinationPort: 137
DestinationPortName: netbios-ns"
Information	25/06/2022 20:09:10	Microsoft-Windows-Sysmon	3	Network connection detected (rule: NetworkConnect)	"Network connection detected:
RuleName: Sysmon_Event_3(NetworkConnect)
UtcTime: 2022-06-25 17:09:12.876
ProcessGuid: {df655c70-91fb-62b3-eb03-000000000000}
ProcessId: 4
Image: System
User: NT AUTHORITY\SYSTEM
Protocol: udp
Initiated: true
SourceIsIpv6: false
SourceIp: 192.168.179.2
SourceHostname: LAPTOP-ROPR18AK
SourcePort: 137
SourcePortName: netbios-ns
DestinationIsIpv6: false
DestinationIp: 192.168.179.255
DestinationHostname: -
DestinationPort: 137
DestinationPortName: netbios-ns"
Information	25/06/2022 20:09:07	Microsoft-Windows-Sysmon	3	Network connection detected (rule: NetworkConnect)	"Network connection detected:
RuleName: Sysmon_Event_3(NetworkConnect)
UtcTime: 2022-06-25 17:09:10.577
ProcessGuid: {df655c70-91fb-62b3-eb03-000000000000}
ProcessId: 4
Image: System
User: NT AUTHORITY\SYSTEM
Protocol: udp
Initiated: false
SourceIsIpv6: false
SourceIp: 169.254.255.255
SourceHostname: -
SourcePort: 137
SourcePortName: netbios-ns
DestinationIsIpv6: false
DestinationIp: 169.254.30.169
DestinationHostname: LAPTOP-ROPR18AK
DestinationPort: 137
DestinationPortName: netbios-ns"
Information	25/06/2022 20:09:07	Microsoft-Windows-Sysmon	3	Network connection detected (rule: NetworkConnect)	"Network connection detected:
RuleName: Sysmon_Event_3(NetworkConnect)
UtcTime: 2022-06-25 17:09:10.577
ProcessGuid: {df655c70-91fb-62b3-eb03-000000000000}
ProcessId: 4
Image: System
User: NT AUTHORITY\SYSTEM
Protocol: udp
Initiated: true
SourceIsIpv6: false
SourceIp: 169.254.30.169
SourceHostname: LAPTOP-ROPR18AK
SourcePort: 137
SourcePortName: netbios-ns
DestinationIsIpv6: false
DestinationIp: 169.254.255.255
DestinationHostname: -
DestinationPort: 137
DestinationPortName: netbios-ns"
Information	25/06/2022 20:09:05	Microsoft-Windows-Sysmon	3	Network connection detected (rule: NetworkConnect)	"Network connection detected:
RuleName: Sysmon_Event_3(NetworkConnect)
UtcTime: 2022-06-25 17:09:08.297
ProcessGuid: {df655c70-91fb-62b3-eb03-000000000000}
ProcessId: 4
Image: System
User: NT AUTHORITY\SYSTEM
Protocol: udp
Initiated: false
SourceIsIpv6: false
SourceIp: 169.254.255.255
SourceHostname: -
SourcePort: 137
SourcePortName: netbios-ns
DestinationIsIpv6: false
DestinationIp: 169.254.97.182
DestinationHostname: LAPTOP-ROPR18AK
DestinationPort: 137
DestinationPortName: netbios-ns"
Information	25/06/2022 20:09:05	Microsoft-Windows-Sysmon	3	Network connection detected (rule: NetworkConnect)	"Network connection detected:
RuleName: Sysmon_Event_3(NetworkConnect)
UtcTime: 2022-06-25 17:09:08.297
ProcessGuid: {df655c70-91fb-62b3-eb03-000000000000}
ProcessId: 4
Image: System
User: NT AUTHORITY\SYSTEM
Protocol: udp
Initiated: true
SourceIsIpv6: false
SourceIp: 169.254.97.182
SourceHostname: LAPTOP-ROPR18AK
SourcePort: 137
SourcePortName: netbios-ns
DestinationIsIpv6: false
DestinationIp: 169.254.255.255
DestinationHostname: -
DestinationPort: 137
DestinationPortName: netbios-ns"
Information	25/06/2022 20:09:03	Microsoft-Windows-Sysmon	3	Network connection detected (rule: NetworkConnect)	"Network connection detected:
RuleName: Sysmon_Event_3(NetworkConnect)
UtcTime: 2022-06-25 17:09:06.030
ProcessGuid: {df655c70-91fb-62b3-eb03-000000000000}
ProcessId: 4
Image: System
User: NT AUTHORITY\SYSTEM
Protocol: udp
Initiated: false
SourceIsIpv6: false
SourceIp: 169.254.255.255
SourceHostname: -
SourcePort: 137
SourcePortName: netbios-ns
DestinationIsIpv6: false
DestinationIp: 169.254.219.4
DestinationHostname: LAPTOP-ROPR18AK
DestinationPort: 137
DestinationPortName: netbios-ns"
Information	25/06/2022 20:09:03	Microsoft-Windows-Sysmon	3	Network connection detected (rule: NetworkConnect)	"Network connection detected:
RuleName: Sysmon_Event_3(NetworkConnect)
UtcTime: 2022-06-25 17:09:06.030
ProcessGuid: {df655c70-91fb-62b3-eb03-000000000000}
ProcessId: 4
Image: System
User: NT AUTHORITY\SYSTEM
Protocol: udp
Initiated: true
SourceIsIpv6: false
SourceIp: 169.254.219.4
SourceHostname: LAPTOP-ROPR18AK
SourcePort: 137
SourcePortName: netbios-ns
DestinationIsIpv6: false
DestinationIp: 169.254.255.255
DestinationHostname: -
DestinationPort: 137
DestinationPortName: netbios-ns"
Information	25/06/2022 20:09:03	Microsoft-Windows-Sysmon	3	Network connection detected (rule: NetworkConnect)	"Network connection detected:
RuleName: Sysmon_Event_3(NetworkConnect)
UtcTime: 2022-06-25 17:09:05.481
ProcessGuid: {df655c70-91fb-62b3-eb03-000000000000}
ProcessId: 4
Image: System
User: NT AUTHORITY\SYSTEM
Protocol: udp
Initiated: false
SourceIsIpv6: false
SourceIp: 169.254.255.255
SourceHostname: -
SourcePort: 137
SourcePortName: netbios-ns
DestinationIsIpv6: false
DestinationIp: 169.254.121.47
DestinationHostname: LAPTOP-ROPR18AK.home
DestinationPort: 137
DestinationPortName: netbios-ns"
Information	25/06/2022 20:09:03	Microsoft-Windows-Sysmon	3	Network connection detected (rule: NetworkConnect)	"Network connection detected:
RuleName: Sysmon_Event_3(NetworkConnect)
UtcTime: 2022-06-25 17:09:05.481
ProcessGuid: {df655c70-91fb-62b3-eb03-000000000000}
ProcessId: 4
Image: System
User: NT AUTHORITY\SYSTEM
Protocol: udp
Initiated: true
SourceIsIpv6: false
SourceIp: 169.254.121.47
SourceHostname: LAPTOP-ROPR18AK.home
SourcePort: 137
SourcePortName: netbios-ns
DestinationIsIpv6: false
DestinationIp: 169.254.255.255
DestinationHostname: -
DestinationPort: 137
DestinationPortName: netbios-ns"
Information	25/06/2022 20:09:00	Microsoft-Windows-Sysmon	3	Network connection detected (rule: NetworkConnect)	"Network connection detected:
RuleName: Sysmon_Event_3(NetworkConnect)
UtcTime: 2022-06-25 17:09:03.756
ProcessGuid: {df655c70-91fb-62b3-eb03-000000000000}
ProcessId: 4
Image: System
User: NT AUTHORITY\SYSTEM
Protocol: udp
Initiated: false
SourceIsIpv6: false
SourceIp: 192.168.98.255
SourceHostname: -
SourcePort: 137
SourcePortName: netbios-ns
DestinationIsIpv6: false
DestinationIp: 192.168.98.2
DestinationHostname: LAPTOP-ROPR18AK
DestinationPort: 137
DestinationPortName: netbios-ns"
Information	25/06/2022 20:09:00	Microsoft-Windows-Sysmon	3	Network connection detected (rule: NetworkConnect)	"Network connection detected:
RuleName: Sysmon_Event_3(NetworkConnect)
UtcTime: 2022-06-25 17:09:03.756
ProcessGuid: {df655c70-91fb-62b3-eb03-000000000000}
ProcessId: 4
Image: System
User: NT AUTHORITY\SYSTEM
Protocol: udp
Initiated: true
SourceIsIpv6: false
SourceIp: 192.168.98.2
SourceHostname: LAPTOP-ROPR18AK
SourcePort: 137
SourcePortName: netbios-ns
DestinationIsIpv6: false
DestinationIp: 192.168.98.255
DestinationHostname: -
DestinationPort: 137
DestinationPortName: netbios-ns"
Information	25/06/2022 20:08:59	Microsoft-Windows-Sysmon	3	Network connection detected (rule: NetworkConnect)	"Network connection detected:
RuleName: Sysmon_Event_3(NetworkConnect)
UtcTime: 2022-06-25 17:09:01.478
ProcessGuid: {df655c70-91fb-62b3-eb03-000000000000}
ProcessId: 4
Image: System
User: NT AUTHORITY\SYSTEM
Protocol: udp
Initiated: false
SourceIsIpv6: false
SourceIp: 169.254.255.255
SourceHostname: -
SourcePort: 137
SourcePortName: netbios-ns
DestinationIsIpv6: false
DestinationIp: 169.254.45.171
DestinationHostname: LAPTOP-ROPR18AK
DestinationPort: 137
DestinationPortName: netbios-ns"
Information	25/06/2022 20:08:59	Microsoft-Windows-Sysmon	3	Network connection detected (rule: NetworkConnect)	"Network connection detected:
RuleName: Sysmon_Event_3(NetworkConnect)
UtcTime: 2022-06-25 17:09:01.478
ProcessGuid: {df655c70-91fb-62b3-eb03-000000000000}
ProcessId: 4
Image: System
User: NT AUTHORITY\SYSTEM
Protocol: udp
Initiated: true
SourceIsIpv6: false
SourceIp: 169.254.45.171
SourceHostname: LAPTOP-ROPR18AK
SourcePort: 137
SourcePortName: netbios-ns
DestinationIsIpv6: false
DestinationIp: 169.254.255.255
DestinationHostname: -
DestinationPort: 137
DestinationPortName: netbios-ns"
Information	25/06/2022 20:08:57	Microsoft-Windows-Sysmon	3	Network connection detected (rule: NetworkConnect)	"Network connection detected:
RuleName: Sysmon_Event_3(NetworkConnect)
UtcTime: 2022-06-25 17:08:59.198
ProcessGuid: {df655c70-91fb-62b3-eb03-000000000000}
ProcessId: 4
Image: System
User: NT AUTHORITY\SYSTEM
Protocol: udp
Initiated: false
SourceIsIpv6: false
SourceIp: 169.254.255.255
SourceHostname: -
SourcePort: 137
SourcePortName: netbios-ns
DestinationIsIpv6: false
DestinationIp: 169.254.43.26
DestinationHostname: LAPTOP-ROPR18AK
DestinationPort: 137
DestinationPortName: netbios-ns"
Information	25/06/2022 20:08:56	Microsoft-Windows-Sysmon	3	Network connection detected (rule: NetworkConnect)	"Network connection detected:
RuleName: Sysmon_Event_3(NetworkConnect)
UtcTime: 2022-06-25 17:08:59.198
ProcessGuid: {df655c70-91fb-62b3-eb03-000000000000}
ProcessId: 4
Image: System
User: NT AUTHORITY\SYSTEM
Protocol: udp
Initiated: true
SourceIsIpv6: false
SourceIp: 169.254.43.26
SourceHostname: LAPTOP-ROPR18AK
SourcePort: 137
SourcePortName: netbios-ns
DestinationIsIpv6: false
DestinationIp: 169.254.255.255
DestinationHostname: -
DestinationPort: 137
DestinationPortName: netbios-ns"
Information	25/06/2022 20:08:54	Microsoft-Windows-Sysmon	3	Network connection detected (rule: NetworkConnect)	"Network connection detected:
RuleName: Sysmon_Event_3(NetworkConnect)
UtcTime: 2022-06-25 17:08:56.938
ProcessGuid: {df655c70-91fb-62b3-eb03-000000000000}
ProcessId: 4
Image: System
User: NT AUTHORITY\SYSTEM
Protocol: udp
Initiated: false
SourceIsIpv6: false
SourceIp: 192.168.214.255
SourceHostname: -
SourcePort: 137
SourcePortName: netbios-ns
DestinationIsIpv6: false
DestinationIp: 192.168.214.2
DestinationHostname: LAPTOP-ROPR18AK
DestinationPort: 137
DestinationPortName: netbios-ns"
Information	25/06/2022 20:08:54	Microsoft-Windows-Sysmon	3	Network connection detected (rule: NetworkConnect)	"Network connection detected:
RuleName: Sysmon_Event_3(NetworkConnect)
UtcTime: 2022-06-25 17:08:56.937
ProcessGuid: {df655c70-91fb-62b3-eb03-000000000000}
ProcessId: 4
Image: System
User: NT AUTHORITY\SYSTEM
Protocol: udp
Initiated: true
SourceIsIpv6: false
SourceIp: 192.168.214.2
SourceHostname: LAPTOP-ROPR18AK
SourcePort: 137
SourcePortName: netbios-ns
DestinationIsIpv6: false
DestinationIp: 192.168.214.255
DestinationHostname: -
DestinationPort: 137
DestinationPortName: netbios-ns"
Information	25/06/2022 20:08:52	Microsoft-Windows-Sysmon	3	Network connection detected (rule: NetworkConnect)	"Network connection detected:
RuleName: Sysmon_Event_3(NetworkConnect)
UtcTime: 2022-06-25 17:08:54.678
ProcessGuid: {df655c70-91fb-62b3-eb03-000000000000}
ProcessId: 4
Image: System
User: NT AUTHORITY\SYSTEM
Protocol: udp
Initiated: false
SourceIsIpv6: false
SourceIp: 169.254.255.255
SourceHostname: -
SourcePort: 137
SourcePortName: netbios-ns
DestinationIsIpv6: false
DestinationIp: 169.254.138.2
DestinationHostname: LAPTOP-ROPR18AK
DestinationPort: 137
DestinationPortName: netbios-ns"
Information	25/06/2022 20:08:52	Microsoft-Windows-Sysmon	3	Network connection detected (rule: NetworkConnect)	"Network connection detected:
RuleName: Sysmon_Event_3(NetworkConnect)
UtcTime: 2022-06-25 17:08:54.678
ProcessGuid: {df655c70-91fb-62b3-eb03-000000000000}
ProcessId: 4
Image: System
User: NT AUTHORITY\SYSTEM
Protocol: udp
Initiated: true
SourceIsIpv6: false
SourceIp: 169.254.138.2
SourceHostname: LAPTOP-ROPR18AK
SourcePort: 137
SourcePortName: netbios-ns
DestinationIsIpv6: false
DestinationIp: 169.254.255.255
DestinationHostname: -
DestinationPort: 137
DestinationPortName: netbios-ns"
Information	25/06/2022 20:08:49	Microsoft-Windows-Sysmon	3	Network connection detected (rule: NetworkConnect)	"Network connection detected:
RuleName: Sysmon_Event_3(NetworkConnect)
UtcTime: 2022-06-25 17:08:52.401
ProcessGuid: {df655c70-91fb-62b3-eb03-000000000000}
ProcessId: 4
Image: System
User: NT AUTHORITY\SYSTEM
Protocol: udp
Initiated: false
SourceIsIpv6: false
SourceIp: 192.168.16.255
SourceHostname: -
SourcePort: 137
SourcePortName: netbios-ns
DestinationIsIpv6: false
DestinationIp: 192.168.16.2
DestinationHostname: LAPTOP-ROPR18AK
DestinationPort: 137
DestinationPortName: netbios-ns"
Information	25/06/2022 20:08:49	Microsoft-Windows-Sysmon	3	Network connection detected (rule: NetworkConnect)	"Network connection detected:
RuleName: Sysmon_Event_3(NetworkConnect)
UtcTime: 2022-06-25 17:08:52.401
ProcessGuid: {df655c70-91fb-62b3-eb03-000000000000}
ProcessId: 4
Image: System
User: NT AUTHORITY\SYSTEM
Protocol: udp
Initiated: true
SourceIsIpv6: false
SourceIp: 192.168.16.2
SourceHostname: LAPTOP-ROPR18AK
SourcePort: 137
SourcePortName: netbios-ns
DestinationIsIpv6: false
DestinationIp: 192.168.16.255
DestinationHostname: -
DestinationPort: 137
DestinationPortName: netbios-ns"
Information	25/06/2022 20:08:47	Microsoft-Windows-Sysmon	3	Network connection detected (rule: NetworkConnect)	"Network connection detected:
RuleName: Sysmon_Event_3(NetworkConnect)
UtcTime: 2022-06-25 17:08:50.125
ProcessGuid: {df655c70-91fb-62b3-eb03-000000000000}
ProcessId: 4
Image: System
User: NT AUTHORITY\SYSTEM
Protocol: udp
Initiated: false
SourceIsIpv6: false
SourceIp: 192.168.229.255
SourceHostname: -
SourcePort: 137
SourcePortName: netbios-ns
DestinationIsIpv6: false
DestinationIp: 192.168.229.2
DestinationHostname: LAPTOP-ROPR18AK
DestinationPort: 137
DestinationPortName: netbios-ns"
Information	25/06/2022 20:08:47	Microsoft-Windows-Sysmon	3	Network connection detected (rule: NetworkConnect)	"Network connection detected:
RuleName: Sysmon_Event_3(NetworkConnect)
UtcTime: 2022-06-25 17:08:50.125
ProcessGuid: {df655c70-91fb-62b3-eb03-000000000000}
ProcessId: 4
Image: System
User: NT AUTHORITY\SYSTEM
Protocol: udp
Initiated: true
SourceIsIpv6: false
SourceIp: 192.168.229.2
SourceHostname: LAPTOP-ROPR18AK
SourcePort: 137
SourcePortName: netbios-ns
DestinationIsIpv6: false
DestinationIp: 192.168.229.255
DestinationHostname: -
DestinationPort: 137
DestinationPortName: netbios-ns"
Information	25/06/2022 20:08:45	Microsoft-Windows-Sysmon	3	Network connection detected (rule: NetworkConnect)	"Network connection detected:
RuleName: Sysmon_Event_3(NetworkConnect)
UtcTime: 2022-06-25 17:08:47.834
ProcessGuid: {df655c70-91fb-62b3-eb03-000000000000}
ProcessId: 4
Image: System
User: NT AUTHORITY\SYSTEM
Protocol: udp
Initiated: false
SourceIsIpv6: false
SourceIp: 169.254.255.255
SourceHostname: -
SourcePort: 137
SourcePortName: netbios-ns
DestinationIsIpv6: false
DestinationIp: 169.254.142.2
DestinationHostname: LAPTOP-ROPR18AK
DestinationPort: 137
DestinationPortName: netbios-ns"
Information	25/06/2022 20:08:45	Microsoft-Windows-Sysmon	3	Network connection detected (rule: NetworkConnect)	"Network connection detected:
RuleName: Sysmon_Event_3(NetworkConnect)
UtcTime: 2022-06-25 17:08:47.834
ProcessGuid: {df655c70-91fb-62b3-eb03-000000000000}
ProcessId: 4
Image: System
User: NT AUTHORITY\SYSTEM
Protocol: udp
Initiated: true
SourceIsIpv6: false
SourceIp: 169.254.142.2
SourceHostname: LAPTOP-ROPR18AK
SourcePort: 137
SourcePortName: netbios-ns
DestinationIsIpv6: false
DestinationIp: 169.254.255.255
DestinationHostname: -
DestinationPort: 137
DestinationPortName: netbios-ns"
Information	25/06/2022 20:08:43	Microsoft-Windows-Sysmon	3	Network connection detected (rule: NetworkConnect)	"Network connection detected:
RuleName: Sysmon_Event_3(NetworkConnect)
UtcTime: 2022-06-25 17:08:45.559
ProcessGuid: {df655c70-91fb-62b3-eb03-000000000000}
ProcessId: 4
Image: System
User: NT AUTHORITY\SYSTEM
Protocol: udp
Initiated: false
SourceIsIpv6: false
SourceIp: 192.168.76.255
SourceHostname: -
SourcePort: 137
SourcePortName: netbios-ns
DestinationIsIpv6: false
DestinationIp: 192.168.76.2
DestinationHostname: LAPTOP-ROPR18AK
DestinationPort: 137
DestinationPortName: netbios-ns"
Information	25/06/2022 20:08:43	Microsoft-Windows-Sysmon	3	Network connection detected (rule: NetworkConnect)	"Network connection detected:
RuleName: Sysmon_Event_3(NetworkConnect)
UtcTime: 2022-06-25 17:08:45.559
ProcessGuid: {df655c70-91fb-62b3-eb03-000000000000}
ProcessId: 4
Image: System
User: NT AUTHORITY\SYSTEM
Protocol: udp
Initiated: true
SourceIsIpv6: false
SourceIp: 192.168.76.2
SourceHostname: LAPTOP-ROPR18AK
SourcePort: 137
SourcePortName: netbios-ns
DestinationIsIpv6: false
DestinationIp: 192.168.76.255
DestinationHostname: -
DestinationPort: 137
DestinationPortName: netbios-ns"
Information	25/06/2022 20:08:41	Microsoft-Windows-Sysmon	3	Network connection detected (rule: NetworkConnect)	"Network connection detected:
RuleName: Sysmon_Event_3(NetworkConnect)
UtcTime: 2022-06-25 17:08:43.269
ProcessGuid: {df655c70-91fb-62b3-eb03-000000000000}
ProcessId: 4
Image: System
User: NT AUTHORITY\SYSTEM
Protocol: udp
Initiated: false
SourceIsIpv6: false
SourceIp: 192.168.156.255
SourceHostname: -
SourcePort: 137
SourcePortName: netbios-ns
DestinationIsIpv6: false
DestinationIp: 192.168.156.105
DestinationHostname: LAPTOP-ROPR18AK
DestinationPort: 137
DestinationPortName: netbios-ns"
Information	25/06/2022 20:08:41	Microsoft-Windows-Sysmon	3	Network connection detected (rule: NetworkConnect)	"Network connection detected:
RuleName: Sysmon_Event_3(NetworkConnect)
UtcTime: 2022-06-25 17:08:43.269
ProcessGuid: {df655c70-91fb-62b3-eb03-000000000000}
ProcessId: 4
Image: System
User: NT AUTHORITY\SYSTEM
Protocol: udp
Initiated: true
SourceIsIpv6: false
SourceIp: 192.168.156.105
SourceHostname: LAPTOP-ROPR18AK
SourcePort: 137
SourcePortName: netbios-ns
DestinationIsIpv6: false
DestinationIp: 192.168.156.255
DestinationHostname: -
DestinationPort: 137
DestinationPortName: netbios-ns"
Information	25/06/2022 20:08:38	Microsoft-Windows-Sysmon	3	Network connection detected (rule: NetworkConnect)	"Network connection detected:
RuleName: Sysmon_Event_3(NetworkConnect)
UtcTime: 2022-06-25 17:08:40.989
ProcessGuid: {df655c70-91fb-62b3-eb03-000000000000}
ProcessId: 4
Image: System
User: NT AUTHORITY\SYSTEM
Protocol: udp
Initiated: false
SourceIsIpv6: false
SourceIp: 169.254.255.255
SourceHostname: -
SourcePort: 137
SourcePortName: netbios-ns
DestinationIsIpv6: false
DestinationIp: 169.254.250.108
DestinationHostname: LAPTOP-ROPR18AK
DestinationPort: 137
DestinationPortName: netbios-ns"
Information	25/06/2022 20:08:38	Microsoft-Windows-Sysmon	3	Network connection detected (rule: NetworkConnect)	"Network connection detected:
RuleName: Sysmon_Event_3(NetworkConnect)
UtcTime: 2022-06-25 17:08:40.989
ProcessGuid: {df655c70-91fb-62b3-eb03-000000000000}
ProcessId: 4
Image: System
User: NT AUTHORITY\SYSTEM
Protocol: udp
Initiated: true
SourceIsIpv6: false
SourceIp: 169.254.250.108
SourceHostname: LAPTOP-ROPR18AK
SourcePort: 137
SourcePortName: netbios-ns
DestinationIsIpv6: false
DestinationIp: 169.254.255.255
DestinationHostname: -
DestinationPort: 137
DestinationPortName: netbios-ns"
Information	25/06/2022 20:08:36	Microsoft-Windows-Sysmon	3	Network connection detected (rule: NetworkConnect)	"Network connection detected:
RuleName: Sysmon_Event_3(NetworkConnect)
UtcTime: 2022-06-25 17:08:38.713
ProcessGuid: {df655c70-91fb-62b3-eb03-000000000000}
ProcessId: 4
Image: System
User: NT AUTHORITY\SYSTEM
Protocol: udp
Initiated: false
SourceIsIpv6: false
SourceIp: 192.168.128.255
SourceHostname: -
SourcePort: 137
SourcePortName: netbios-ns
DestinationIsIpv6: false
DestinationIp: 192.168.128.102
DestinationHostname: LAPTOP-ROPR18AK
DestinationPort: 137
DestinationPortName: netbios-ns"
Information	25/06/2022 20:08:36	Microsoft-Windows-Sysmon	3	Network connection detected (rule: NetworkConnect)	"Network connection detected:
RuleName: Sysmon_Event_3(NetworkConnect)
UtcTime: 2022-06-25 17:08:38.712
ProcessGuid: {df655c70-91fb-62b3-eb03-000000000000}
ProcessId: 4
Image: System
User: NT AUTHORITY\SYSTEM
Protocol: udp
Initiated: true
SourceIsIpv6: false
SourceIp: 192.168.128.102
SourceHostname: LAPTOP-ROPR18AK
SourcePort: 137
SourcePortName: netbios-ns
DestinationIsIpv6: false
DestinationIp: 192.168.128.255
DestinationHostname: -
DestinationPort: 137
DestinationPortName: netbios-ns"
Information	25/06/2022 20:08:34	Microsoft-Windows-Sysmon	3	Network connection detected (rule: NetworkConnect)	"Network connection detected:
RuleName: Sysmon_Event_3(NetworkConnect)
UtcTime: 2022-06-25 17:08:36.421
ProcessGuid: {df655c70-91fb-62b3-eb03-000000000000}
ProcessId: 4
Image: System
User: NT AUTHORITY\SYSTEM
Protocol: udp
Initiated: false
SourceIsIpv6: false
SourceIp: 169.254.255.255
SourceHostname: -
SourcePort: 137
SourcePortName: netbios-ns
DestinationIsIpv6: false
DestinationIp: 169.254.9.4
DestinationHostname: LAPTOP-ROPR18AK
DestinationPort: 137
DestinationPortName: netbios-ns"
Information	25/06/2022 20:08:34	Microsoft-Windows-Sysmon	3	Network connection detected (rule: NetworkConnect)	"Network connection detected:
RuleName: Sysmon_Event_3(NetworkConnect)
UtcTime: 2022-06-25 17:08:36.421
ProcessGuid: {df655c70-91fb-62b3-eb03-000000000000}
ProcessId: 4
Image: System
User: NT AUTHORITY\SYSTEM
Protocol: udp
Initiated: true
SourceIsIpv6: false
SourceIp: 169.254.9.4
SourceHostname: LAPTOP-ROPR18AK
SourcePort: 137
SourcePortName: netbios-ns
DestinationIsIpv6: false
DestinationIp: 169.254.255.255
DestinationHostname: -
DestinationPort: 137
DestinationPortName: netbios-ns"
Information	25/06/2022 20:08:32	Microsoft-Windows-Sysmon	3	Network connection detected (rule: NetworkConnect)	"Network connection detected:
RuleName: Sysmon_Event_3(NetworkConnect)
UtcTime: 2022-06-25 17:08:34.130
ProcessGuid: {df655c70-91fb-62b3-eb03-000000000000}
ProcessId: 4
Image: System
User: NT AUTHORITY\SYSTEM
Protocol: udp
Initiated: false
SourceIsIpv6: false
SourceIp: 169.254.255.255
SourceHostname: -
SourcePort: 137
SourcePortName: netbios-ns
DestinationIsIpv6: false
DestinationIp: 169.254.3.2
DestinationHostname: LAPTOP-ROPR18AK
DestinationPort: 137
DestinationPortName: netbios-ns"
Information	25/06/2022 20:08:32	Microsoft-Windows-Sysmon	3	Network connection detected (rule: NetworkConnect)	"Network connection detected:
RuleName: Sysmon_Event_3(NetworkConnect)
UtcTime: 2022-06-25 17:08:34.130
ProcessGuid: {df655c70-91fb-62b3-eb03-000000000000}
ProcessId: 4
Image: System
User: NT AUTHORITY\SYSTEM
Protocol: udp
Initiated: true
SourceIsIpv6: false
SourceIp: 169.254.3.2
SourceHostname: LAPTOP-ROPR18AK
SourcePort: 137
SourcePortName: netbios-ns
DestinationIsIpv6: false
DestinationIp: 169.254.255.255
DestinationHostname: -
DestinationPort: 137
DestinationPortName: netbios-ns"
Information	25/06/2022 20:08:29	Microsoft-Windows-Sysmon	3	Network connection detected (rule: NetworkConnect)	"Network connection detected:
RuleName: Sysmon_Event_3(NetworkConnect)
UtcTime: 2022-06-25 17:08:31.853
ProcessGuid: {df655c70-91fb-62b3-eb03-000000000000}
ProcessId: 4
Image: System
User: NT AUTHORITY\SYSTEM
Protocol: udp
Initiated: false
SourceIsIpv6: false
SourceIp: 169.254.255.255
SourceHostname: -
SourcePort: 137
SourcePortName: netbios-ns
DestinationIsIpv6: false
DestinationIp: 169.254.234.2
DestinationHostname: LAPTOP-ROPR18AK
DestinationPort: 137
DestinationPortName: netbios-ns"
Information	25/06/2022 20:08:29	Microsoft-Windows-Sysmon	3	Network connection detected (rule: NetworkConnect)	"Network connection detected:
RuleName: Sysmon_Event_3(NetworkConnect)
UtcTime: 2022-06-25 17:08:31.853
ProcessGuid: {df655c70-91fb-62b3-eb03-000000000000}
ProcessId: 4
Image: System
User: NT AUTHORITY\SYSTEM
Protocol: udp
Initiated: true
SourceIsIpv6: false
SourceIp: 169.254.234.2
SourceHostname: LAPTOP-ROPR18AK
SourcePort: 137
SourcePortName: netbios-ns
DestinationIsIpv6: false
DestinationIp: 169.254.255.255
DestinationHostname: -
DestinationPort: 137
DestinationPortName: netbios-ns"
Information	25/06/2022 20:08:27	Microsoft-Windows-Sysmon	3	Network connection detected (rule: NetworkConnect)	"Network connection detected:
RuleName: Sysmon_Event_3(NetworkConnect)
UtcTime: 2022-06-25 17:08:29.576
ProcessGuid: {df655c70-91fb-62b3-eb03-000000000000}
ProcessId: 4
Image: System
User: NT AUTHORITY\SYSTEM
Protocol: udp
Initiated: false
SourceIsIpv6: false
SourceIp: 169.254.255.255
SourceHostname: -
SourcePort: 137
SourcePortName: netbios-ns
DestinationIsIpv6: false
DestinationIp: 169.254.157.2
DestinationHostname: LAPTOP-ROPR18AK
DestinationPort: 137
DestinationPortName: netbios-ns"
Information	25/06/2022 20:08:27	Microsoft-Windows-Sysmon	3	Network connection detected (rule: NetworkConnect)	"Network connection detected:
RuleName: Sysmon_Event_3(NetworkConnect)
UtcTime: 2022-06-25 17:08:29.576
ProcessGuid: {df655c70-91fb-62b3-eb03-000000000000}
ProcessId: 4
Image: System
User: NT AUTHORITY\SYSTEM
Protocol: udp
Initiated: true
SourceIsIpv6: false
SourceIp: 169.254.157.2
SourceHostname: LAPTOP-ROPR18AK
SourcePort: 137
SourcePortName: netbios-ns
DestinationIsIpv6: false
DestinationIp: 169.254.255.255
DestinationHostname: -
DestinationPort: 137
DestinationPortName: netbios-ns"
Information	25/06/2022 20:08:27	Microsoft-Windows-Sysmon	3	Network connection detected (rule: NetworkConnect)	"Network connection detected:
RuleName: Sysmon_Event_3(NetworkConnect)
UtcTime: 2022-06-25 17:08:29.189
ProcessGuid: {df655c70-91fb-62b3-eb03-000000000000}
ProcessId: 4
Image: System
User: NT AUTHORITY\SYSTEM
Protocol: udp
Initiated: false
SourceIsIpv6: false
SourceIp: 192.168.1.255
SourceHostname: -
SourcePort: 137
SourcePortName: netbios-ns
DestinationIsIpv6: false
DestinationIp: 192.168.1.5
DestinationHostname: iphonechristos
DestinationPort: 137
DestinationPortName: netbios-ns"
Information	25/06/2022 20:08:27	Microsoft-Windows-Sysmon	3	Network connection detected (rule: NetworkConnect)	"Network connection detected:
RuleName: Sysmon_Event_3(NetworkConnect)
UtcTime: 2022-06-25 17:08:29.189
ProcessGuid: {df655c70-91fb-62b3-eb03-000000000000}
ProcessId: 4
Image: System
User: NT AUTHORITY\SYSTEM
Protocol: udp
Initiated: true
SourceIsIpv6: false
SourceIp: 192.168.1.5
SourceHostname: iphonechristos
SourcePort: 137
SourcePortName: netbios-ns
DestinationIsIpv6: false
DestinationIp: 192.168.1.255
DestinationHostname: -
DestinationPort: 137
DestinationPortName: netbios-ns"
Information	25/06/2022 20:08:25	Microsoft-Windows-Sysmon	3	Network connection detected (rule: NetworkConnect)	"Network connection detected:
RuleName: Sysmon_Event_3(NetworkConnect)
UtcTime: 2022-06-25 17:08:27.313
ProcessGuid: {df655c70-91fb-62b3-eb03-000000000000}
ProcessId: 4
Image: System
User: NT AUTHORITY\SYSTEM
Protocol: udp
Initiated: false
SourceIsIpv6: false
SourceIp: 169.254.255.255
SourceHostname: -
SourcePort: 137
SourcePortName: netbios-ns
DestinationIsIpv6: false
DestinationIp: 169.254.80.102
DestinationHostname: LAPTOP-ROPR18AK
DestinationPort: 137
DestinationPortName: netbios-ns"
Information	25/06/2022 20:08:25	Microsoft-Windows-Sysmon	3	Network connection detected (rule: NetworkConnect)	"Network connection detected:
RuleName: Sysmon_Event_3(NetworkConnect)
UtcTime: 2022-06-25 17:08:27.313
ProcessGuid: {df655c70-91fb-62b3-eb03-000000000000}
ProcessId: 4
Image: System
User: NT AUTHORITY\SYSTEM
Protocol: udp
Initiated: true
SourceIsIpv6: false
SourceIp: 169.254.80.102
SourceHostname: LAPTOP-ROPR18AK
SourcePort: 137
SourcePortName: netbios-ns
DestinationIsIpv6: false
DestinationIp: 169.254.255.255
DestinationHostname: -
DestinationPort: 137
DestinationPortName: netbios-ns"
