Information	25/06/2022 21:07:51	Microsoft-Windows-Sysmon	5	Process terminated (rule: ProcessTerminate)	"Process terminated:
RuleName: C:\Users
UtcTime: 2022-06-25 18:07:51.744
ProcessGuid: {df655c70-4eef-62b7-1f03-000000005201}
ProcessId: 16440
Image: C:\Users\chrsm\AppData\Local\Viber\QtWebEngineProcess.exe
User: LAPTOP-ROPR18AK\chrsm"
Information	25/06/2022 21:07:33	Microsoft-Windows-Sysmon	5	Process terminated (rule: ProcessTerminate)	"Process terminated:
RuleName: C:\Users
UtcTime: 2022-06-25 18:07:33.048
ProcessGuid: {df655c70-4edf-62b7-1a03-000000005201}
ProcessId: 1940
Image: C:\Users\chrsm\AppData\Local\Programs\Opera\launcher.exe
User: LAPTOP-ROPR18AK\chrsm"
Information	25/06/2022 21:07:33	Microsoft-Windows-Sysmon	5	Process terminated (rule: ProcessTerminate)	"Process terminated:
RuleName: C:\Users
UtcTime: 2022-06-25 18:07:33.047
ProcessGuid: {df655c70-4edf-62b7-1e03-000000005201}
ProcessId: 14296
Image: C:\Users\chrsm\AppData\Local\Programs\Opera\87.0.4390.45\opera_autoupdate.exe
User: LAPTOP-ROPR18AK\chrsm"
Information	25/06/2022 21:07:33	Microsoft-Windows-Sysmon	5	Process terminated (rule: ProcessTerminate)	"Process terminated:
RuleName: C:\Users
UtcTime: 2022-06-25 18:07:33.040
ProcessGuid: {df655c70-4edf-62b7-1d03-000000005201}
ProcessId: 8860
Image: C:\Users\chrsm\AppData\Local\Programs\Opera\87.0.4390.45\opera_autoupdate.exe
User: LAPTOP-ROPR18AK\chrsm"
Information	25/06/2022 21:07:27	Microsoft-Windows-Sysmon	5	Process terminated (rule: ProcessTerminate)	"Process terminated:
RuleName: C:\Users
UtcTime: 2022-06-25 18:07:27.829
ProcessGuid: {df655c70-4edf-62b7-1c03-000000005201}
ProcessId: 14676
Image: C:\Users\chrsm\AppData\Local\Temp\.opera\8408E7AB7347\installer.exe
User: LAPTOP-ROPR18AK\chrsm"
Information	25/06/2022 21:05:24	Microsoft-Windows-Sysmon	3	Network connection detected (rule: NetworkConnect)	"Network connection detected:
RuleName: Sysmon_Event_3(NetworkConnect)
UtcTime: 2022-06-25 18:05:21.776
ProcessGuid: {df655c70-4174-62b7-eb03-000000000000}
ProcessId: 4
Image: System
User: NT AUTHORITY\SYSTEM
Protocol: udp
Initiated: true
SourceIsIpv6: false
SourceIp: 192.168.1.5
SourceHostname: LAPTOP-ROPR18AK
SourcePort: 137
SourcePortName: netbios-ns
DestinationIsIpv6: false
DestinationIp: 13.74.111.192
DestinationHostname: -
DestinationPort: 137
DestinationPortName: netbios-ns"
Information	25/06/2022 21:05:22	Microsoft-Windows-Sysmon	3	Network connection detected (rule: NetworkConnect)	"Network connection detected:
RuleName: Sysmon_Event_3(NetworkConnect)
UtcTime: 2022-06-25 18:05:20.775
ProcessGuid: {df655c70-4174-62b7-eb03-000000000000}
ProcessId: 4
Image: System
User: NT AUTHORITY\SYSTEM
Protocol: udp
Initiated: true
SourceIsIpv6: false
SourceIp: 192.168.1.5
SourceHostname: LAPTOP-ROPR18AK
SourcePort: 137
SourcePortName: netbios-ns
DestinationIsIpv6: false
DestinationIp: 40.126.32.75
DestinationHostname: -
DestinationPort: 137
DestinationPortName: netbios-ns"
Information	25/06/2022 21:05:07	Microsoft-Windows-Sysmon	5	Process terminated (rule: ProcessTerminate)	"Process terminated:
RuleName: C:\Users
UtcTime: 2022-06-25 18:05:07.210
ProcessGuid: {df655c70-4e52-62b7-0e03-000000005201}
ProcessId: 20368
Image: C:\Users\chrsm\AppData\Local\slack\app-4.26.2\slack.exe
User: LAPTOP-ROPR18AK\chrsm"
Information	25/06/2022 21:04:54	Microsoft-Windows-Sysmon	5	Process terminated (rule: ProcessTerminate)	"Process terminated:
RuleName: C:\Users
UtcTime: 2022-06-25 18:04:54.806
ProcessGuid: {df655c70-4e46-62b7-0b03-000000005201}
ProcessId: 9756
Image: C:\Users\chrsm\AppData\Local\Microsoft\Teams\current\Teams.exe
User: LAPTOP-ROPR18AK\chrsm"
Information	25/06/2022 21:04:32	Microsoft-Windows-Sysmon	3	Network connection detected (rule: NetworkConnect)	"Network connection detected:
RuleName: Sysmon_Event_3(NetworkConnect)
UtcTime: 2022-06-25 18:04:30.339
ProcessGuid: {df655c70-4174-62b7-eb03-000000000000}
ProcessId: 4
Image: System
User: NT AUTHORITY\SYSTEM
Protocol: udp
Initiated: true
SourceIsIpv6: false
SourceIp: 192.168.1.5
SourceHostname: LAPTOP-ROPR18AK
SourcePort: 137
SourcePortName: netbios-ns
DestinationIsIpv6: false
DestinationIp: 104.208.16.89
DestinationHostname: -
DestinationPort: 137
DestinationPortName: netbios-ns"
Information	25/06/2022 21:04:27	Microsoft-Windows-Sysmon	5	Process terminated (rule: ProcessTerminate)	"Process terminated:
RuleName: C:\Users
UtcTime: 2022-06-25 18:04:27.774
ProcessGuid: {df655c70-4dce-62b7-bd02-000000005201}
ProcessId: 10796
Image: C:\Users\chrsm\AppData\Local\Microsoft\Teams\current\Teams.exe
User: LAPTOP-ROPR18AK\chrsm"
Information	25/06/2022 21:03:53	Microsoft-Windows-Sysmon	5	Process terminated (rule: ProcessTerminate)	"Process terminated:
RuleName: C:\Users
UtcTime: 2022-06-25 18:03:53.997
ProcessGuid: {df655c70-4e03-62b7-fd02-000000005201}
ProcessId: 21312
Image: C:\Users\chrsm\AppData\Local\Microsoft\OneDrive\22.111.0522.0002\FileCoAuth.exe
User: LAPTOP-ROPR18AK\chrsm"
Information	25/06/2022 21:03:43	Microsoft-Windows-Sysmon	3	Network connection detected (rule: NetworkConnect)	"Network connection detected:
RuleName: Sysmon_Event_3(NetworkConnect)
UtcTime: 2022-06-25 18:03:42.045
ProcessGuid: {df655c70-4174-62b7-eb03-000000000000}
ProcessId: 4
Image: System
User: NT AUTHORITY\SYSTEM
Protocol: udp
Initiated: true
SourceIsIpv6: false
SourceIp: 192.168.1.5
SourceHostname: LAPTOP-ROPR18AK
SourcePort: 137
SourcePortName: netbios-ns
DestinationIsIpv6: false
DestinationIp: 40.70.161.7
DestinationHostname: -
DestinationPort: 137
DestinationPortName: netbios-ns"
Information	25/06/2022 21:03:42	Microsoft-Windows-Sysmon	3	Network connection detected (rule: NetworkConnect)	"Network connection detected:
RuleName: Sysmon_Event_3(NetworkConnect)
UtcTime: 2022-06-25 18:03:41.069
ProcessGuid: {df655c70-4174-62b7-eb03-000000000000}
ProcessId: 4
Image: System
User: NT AUTHORITY\SYSTEM
Protocol: udp
Initiated: false
SourceIsIpv6: false
SourceIp: 169.254.255.255
SourceHostname: -
SourcePort: 137
SourcePortName: netbios-ns
DestinationIsIpv6: false
DestinationIp: 169.254.50.19
DestinationHostname: LAPTOP-ROPR18AK
DestinationPort: 137
DestinationPortName: netbios-ns"
Information	25/06/2022 21:03:42	Microsoft-Windows-Sysmon	3	Network connection detected (rule: NetworkConnect)	"Network connection detected:
RuleName: Sysmon_Event_3(NetworkConnect)
UtcTime: 2022-06-25 18:03:41.069
ProcessGuid: {df655c70-4174-62b7-eb03-000000000000}
ProcessId: 4
Image: System
User: NT AUTHORITY\SYSTEM
Protocol: udp
Initiated: true
SourceIsIpv6: false
SourceIp: 169.254.50.19
SourceHostname: LAPTOP-ROPR18AK
SourcePort: 137
SourcePortName: netbios-ns
DestinationIsIpv6: false
DestinationIp: 169.254.255.255
DestinationHostname: -
DestinationPort: 137
DestinationPortName: netbios-ns"
Information	25/06/2022 21:03:39	Microsoft-Windows-Sysmon	3	Network connection detected (rule: NetworkConnect)	"Network connection detected:
RuleName: Sysmon_Event_3(NetworkConnect)
UtcTime: 2022-06-25 18:03:38.031
ProcessGuid: {df655c70-4174-62b7-eb03-000000000000}
ProcessId: 4
Image: System
User: NT AUTHORITY\SYSTEM
Protocol: udp
Initiated: false
SourceIsIpv6: false
SourceIp: 192.168.1.255
SourceHostname: -
SourcePort: 137
SourcePortName: netbios-ns
DestinationIsIpv6: false
DestinationIp: 192.168.1.5
DestinationHostname: LAPTOP-ROPR18AK
DestinationPort: 137
DestinationPortName: netbios-ns"
Information	25/06/2022 21:03:39	Microsoft-Windows-Sysmon	3	Network connection detected (rule: NetworkConnect)	"Network connection detected:
RuleName: Sysmon_Event_3(NetworkConnect)
UtcTime: 2022-06-25 18:03:38.030
ProcessGuid: {df655c70-4174-62b7-eb03-000000000000}
ProcessId: 4
Image: System
User: NT AUTHORITY\SYSTEM
Protocol: udp
Initiated: true
SourceIsIpv6: false
SourceIp: 192.168.1.5
SourceHostname: LAPTOP-ROPR18AK
SourcePort: 137
SourcePortName: netbios-ns
DestinationIsIpv6: false
DestinationIp: 192.168.1.255
DestinationHostname: -
DestinationPort: 137
DestinationPortName: netbios-ns"
Information	25/06/2022 21:03:36	Microsoft-Windows-Sysmon	5	Process terminated (rule: ProcessTerminate)	"Process terminated:
RuleName: C:\ProgramData
UtcTime: 2022-06-25 18:03:36.999
ProcessGuid: {df655c70-4df5-62b7-f702-000000005201}
ProcessId: 16820
Image: C:\ProgramData\Microsoft\Windows Defender\Platform\4.18.2203.5-0\MpCmdRun.exe
User: NT AUTHORITY\SYSTEM"
Information	25/06/2022 21:03:34	Microsoft-Windows-Sysmon	5	Process terminated (rule: ProcessTerminate)	"Process terminated:
RuleName: C:\ProgramData
UtcTime: 2022-06-25 18:03:34.449
ProcessGuid: {df655c70-4db6-62b7-6e02-000000005201}
ProcessId: 16260
Image: C:\ProgramData\Microsoft\Windows Defender\Platform\4.18.2203.5-0\MsMpEng.exe
User: NT AUTHORITY\SYSTEM"
Information	25/06/2022 21:03:34	Microsoft-Windows-Sysmon	3	Network connection detected (rule: NetworkConnect)	"Network connection detected:
RuleName: Sysmon_Event_3(NetworkConnect)
UtcTime: 2022-06-25 18:03:33.472
ProcessGuid: {df655c70-4174-62b7-eb03-000000000000}
ProcessId: 4
Image: System
User: NT AUTHORITY\SYSTEM
Protocol: udp
Initiated: true
SourceIsIpv6: false
SourceIp: 192.168.1.5
SourceHostname: LAPTOP-ROPR18AK
SourcePort: 137
SourcePortName: netbios-ns
DestinationIsIpv6: false
DestinationIp: 192.168.1.1
DestinationHostname: speedport.ip
DestinationPort: 137
DestinationPortName: netbios-ns"
Information	25/06/2022 21:03:34	Microsoft-Windows-Sysmon	5	Process terminated (rule: ProcessTerminate)	"Process terminated:
RuleName: C:\ProgramData
UtcTime: 2022-06-25 18:03:34.047
ProcessGuid: {df655c70-4dbb-62b7-8a02-000000005201}
ProcessId: 18852
Image: C:\ProgramData\Microsoft\Windows Defender\Platform\4.18.2203.5-0\NisSrv.exe
User: NT AUTHORITY\LOCAL SERVICE"
Information	25/06/2022 21:03:31	Microsoft-Windows-Sysmon	3	Network connection detected (rule: NetworkConnect)	"Network connection detected:
RuleName: Sysmon_Event_3(NetworkConnect)
UtcTime: 2022-06-25 18:03:30.337
ProcessGuid: {df655c70-4174-62b7-eb03-000000000000}
ProcessId: 4
Image: System
User: NT AUTHORITY\SYSTEM
Protocol: udp
Initiated: false
SourceIsIpv6: false
SourceIp: 192.168.179.255
SourceHostname: -
SourcePort: 137
SourcePortName: netbios-ns
DestinationIsIpv6: false
DestinationIp: 192.168.179.2
DestinationHostname: LAPTOP-ROPR18AK
DestinationPort: 137
DestinationPortName: netbios-ns"
Information	25/06/2022 21:03:31	Microsoft-Windows-Sysmon	3	Network connection detected (rule: NetworkConnect)	"Network connection detected:
RuleName: Sysmon_Event_3(NetworkConnect)
UtcTime: 2022-06-25 18:03:30.337
ProcessGuid: {df655c70-4174-62b7-eb03-000000000000}
ProcessId: 4
Image: System
User: NT AUTHORITY\SYSTEM
Protocol: udp
Initiated: true
SourceIsIpv6: false
SourceIp: 192.168.179.2
SourceHostname: LAPTOP-ROPR18AK
SourcePort: 137
SourcePortName: netbios-ns
DestinationIsIpv6: false
DestinationIp: 192.168.179.255
DestinationHostname: -
DestinationPort: 137
DestinationPortName: netbios-ns"
Information	25/06/2022 21:03:28	Microsoft-Windows-Sysmon	3	Network connection detected (rule: NetworkConnect)	"Network connection detected:
RuleName: Sysmon_Event_3(NetworkConnect)
UtcTime: 2022-06-25 18:03:27.790
ProcessGuid: {df655c70-4174-62b7-eb03-000000000000}
ProcessId: 4
Image: System
User: NT AUTHORITY\SYSTEM
Protocol: udp
Initiated: true
SourceIsIpv6: false
SourceIp: 192.168.1.5
SourceHostname: LAPTOP-ROPR18AK
SourcePort: 137
SourcePortName: netbios-ns
DestinationIsIpv6: false
DestinationIp: 13.69.239.73
DestinationHostname: -
DestinationPort: 137
DestinationPortName: netbios-ns"
Information	25/06/2022 21:03:27	Microsoft-Windows-Sysmon	3	Network connection detected (rule: NetworkConnect)	"Network connection detected:
RuleName: Sysmon_Event_3(NetworkConnect)
UtcTime: 2022-06-25 18:03:27.235
ProcessGuid: {df655c70-4174-62b7-eb03-000000000000}
ProcessId: 4
Image: System
User: NT AUTHORITY\SYSTEM
Protocol: udp
Initiated: false
SourceIsIpv6: false
SourceIp: 169.254.255.255
SourceHostname: -
SourcePort: 137
SourcePortName: netbios-ns
DestinationIsIpv6: false
DestinationIp: 169.254.30.169
DestinationHostname: LAPTOP-ROPR18AK
DestinationPort: 137
DestinationPortName: netbios-ns"
Information	25/06/2022 21:03:27	Microsoft-Windows-Sysmon	3	Network connection detected (rule: NetworkConnect)	"Network connection detected:
RuleName: Sysmon_Event_3(NetworkConnect)
UtcTime: 2022-06-25 18:03:27.235
ProcessGuid: {df655c70-4174-62b7-eb03-000000000000}
ProcessId: 4
Image: System
User: NT AUTHORITY\SYSTEM
Protocol: udp
Initiated: true
SourceIsIpv6: false
SourceIp: 169.254.30.169
SourceHostname: LAPTOP-ROPR18AK
SourcePort: 137
SourcePortName: netbios-ns
DestinationIsIpv6: false
DestinationIp: 169.254.255.255
DestinationHostname: -
DestinationPort: 137
DestinationPortName: netbios-ns"
Information	25/06/2022 21:03:25	Microsoft-Windows-Sysmon	3	Network connection detected (rule: NetworkConnect)	"Network connection detected:
RuleName: Sysmon_Event_3(NetworkConnect)
UtcTime: 2022-06-25 18:03:24.167
ProcessGuid: {df655c70-4174-62b7-eb03-000000000000}
ProcessId: 4
Image: System
User: NT AUTHORITY\SYSTEM
Protocol: udp
Initiated: false
SourceIsIpv6: false
SourceIp: 169.254.255.255
SourceHostname: -
SourcePort: 137
SourcePortName: netbios-ns
DestinationIsIpv6: false
DestinationIp: 169.254.97.182
DestinationHostname: LAPTOP-ROPR18AK
DestinationPort: 137
DestinationPortName: netbios-ns"
Information	25/06/2022 21:03:25	Microsoft-Windows-Sysmon	3	Network connection detected (rule: NetworkConnect)	"Network connection detected:
RuleName: Sysmon_Event_3(NetworkConnect)
UtcTime: 2022-06-25 18:03:24.166
ProcessGuid: {df655c70-4174-62b7-eb03-000000000000}
ProcessId: 4
Image: System
User: NT AUTHORITY\SYSTEM
Protocol: udp
Initiated: true
SourceIsIpv6: false
SourceIp: 169.254.97.182
SourceHostname: LAPTOP-ROPR18AK
SourcePort: 137
SourcePortName: netbios-ns
DestinationIsIpv6: false
DestinationIp: 169.254.255.255
DestinationHostname: -
DestinationPort: 137
DestinationPortName: netbios-ns"
Information	25/06/2022 21:03:21	Microsoft-Windows-Sysmon	3	Network connection detected (rule: NetworkConnect)	"Network connection detected:
RuleName: Sysmon_Event_3(NetworkConnect)
UtcTime: 2022-06-25 18:03:21.090
ProcessGuid: {df655c70-4174-62b7-eb03-000000000000}
ProcessId: 4
Image: System
User: NT AUTHORITY\SYSTEM
Protocol: udp
Initiated: false
SourceIsIpv6: false
SourceIp: 169.254.255.255
SourceHostname: -
SourcePort: 137
SourcePortName: netbios-ns
DestinationIsIpv6: false
DestinationIp: 169.254.219.4
DestinationHostname: LAPTOP-ROPR18AK
DestinationPort: 137
DestinationPortName: netbios-ns"
Information	25/06/2022 21:03:21	Microsoft-Windows-Sysmon	3	Network connection detected (rule: NetworkConnect)	"Network connection detected:
RuleName: Sysmon_Event_3(NetworkConnect)
UtcTime: 2022-06-25 18:03:21.090
ProcessGuid: {df655c70-4174-62b7-eb03-000000000000}
ProcessId: 4
Image: System
User: NT AUTHORITY\SYSTEM
Protocol: udp
Initiated: true
SourceIsIpv6: false
SourceIp: 169.254.219.4
SourceHostname: LAPTOP-ROPR18AK
SourcePort: 137
SourcePortName: netbios-ns
DestinationIsIpv6: false
DestinationIp: 169.254.255.255
DestinationHostname: -
DestinationPort: 137
DestinationPortName: netbios-ns"
Information	25/06/2022 21:03:18	Microsoft-Windows-Sysmon	3	Network connection detected (rule: NetworkConnect)	"Network connection detected:
RuleName: Sysmon_Event_3(NetworkConnect)
UtcTime: 2022-06-25 18:03:18.015
ProcessGuid: {df655c70-4174-62b7-eb03-000000000000}
ProcessId: 4
Image: System
User: NT AUTHORITY\SYSTEM
Protocol: udp
Initiated: false
SourceIsIpv6: false
SourceIp: 192.168.98.255
SourceHostname: -
SourcePort: 137
SourcePortName: netbios-ns
DestinationIsIpv6: false
DestinationIp: 192.168.98.2
DestinationHostname: LAPTOP-ROPR18AK
DestinationPort: 137
DestinationPortName: netbios-ns"
Information	25/06/2022 21:03:18	Microsoft-Windows-Sysmon	3	Network connection detected (rule: NetworkConnect)	"Network connection detected:
RuleName: Sysmon_Event_3(NetworkConnect)
UtcTime: 2022-06-25 18:03:18.015
ProcessGuid: {df655c70-4174-62b7-eb03-000000000000}
ProcessId: 4
Image: System
User: NT AUTHORITY\SYSTEM
Protocol: udp
Initiated: true
SourceIsIpv6: false
SourceIp: 192.168.98.2
SourceHostname: LAPTOP-ROPR18AK
SourcePort: 137
SourcePortName: netbios-ns
DestinationIsIpv6: false
DestinationIp: 192.168.98.255
DestinationHostname: -
DestinationPort: 137
DestinationPortName: netbios-ns"
Information	25/06/2022 21:03:17	Microsoft-Windows-Sysmon	3	Network connection detected (rule: NetworkConnect)	"Network connection detected:
RuleName: Sysmon_Event_3(NetworkConnect)
UtcTime: 2022-06-25 18:03:16.743
ProcessGuid: {df655c70-4174-62b7-eb03-000000000000}
ProcessId: 4
Image: System
User: NT AUTHORITY\SYSTEM
Protocol: udp
Initiated: true
SourceIsIpv6: false
SourceIp: 192.168.1.5
SourceHostname: LAPTOP-ROPR18AK
SourcePort: 137
SourcePortName: netbios-ns
DestinationIsIpv6: false
DestinationIp: 52.178.103.218
DestinationHostname: -
DestinationPort: 137
DestinationPortName: netbios-ns"
Information	25/06/2022 21:03:15	Microsoft-Windows-Sysmon	3	Network connection detected (rule: NetworkConnect)	"Network connection detected:
RuleName: Sysmon_Event_3(NetworkConnect)
UtcTime: 2022-06-25 18:03:14.933
ProcessGuid: {df655c70-4174-62b7-eb03-000000000000}
ProcessId: 4
Image: System
User: NT AUTHORITY\SYSTEM
Protocol: udp
Initiated: false
SourceIsIpv6: false
SourceIp: 169.254.255.255
SourceHostname: -
SourcePort: 137
SourcePortName: netbios-ns
DestinationIsIpv6: false
DestinationIp: 169.254.45.171
DestinationHostname: LAPTOP-ROPR18AK
DestinationPort: 137
DestinationPortName: netbios-ns"
Information	25/06/2022 21:03:15	Microsoft-Windows-Sysmon	3	Network connection detected (rule: NetworkConnect)	"Network connection detected:
RuleName: Sysmon_Event_3(NetworkConnect)
UtcTime: 2022-06-25 18:03:14.933
ProcessGuid: {df655c70-4174-62b7-eb03-000000000000}
ProcessId: 4
Image: System
User: NT AUTHORITY\SYSTEM
Protocol: udp
Initiated: true
SourceIsIpv6: false
SourceIp: 169.254.45.171
SourceHostname: LAPTOP-ROPR18AK
SourcePort: 137
SourcePortName: netbios-ns
DestinationIsIpv6: false
DestinationIp: 169.254.255.255
DestinationHostname: -
DestinationPort: 137
DestinationPortName: netbios-ns"
Information	25/06/2022 21:03:12	Microsoft-Windows-Sysmon	3	Network connection detected (rule: NetworkConnect)	"Network connection detected:
RuleName: Sysmon_Event_3(NetworkConnect)
UtcTime: 2022-06-25 18:03:12.845
ProcessGuid: {df655c70-4174-62b7-eb03-000000000000}
ProcessId: 4
Image: System
User: NT AUTHORITY\SYSTEM
Protocol: udp
Initiated: true
SourceIsIpv6: false
SourceIp: 192.168.1.5
SourceHostname: LAPTOP-ROPR18AK
SourcePort: 137
SourcePortName: netbios-ns
DestinationIsIpv6: false
DestinationIp: 51.140.246.137
DestinationHostname: -
DestinationPort: 137
DestinationPortName: netbios-ns"
Information	25/06/2022 21:03:12	Microsoft-Windows-Sysmon	3	Network connection detected (rule: NetworkConnect)	"Network connection detected:
RuleName: Sysmon_Event_3(NetworkConnect)
UtcTime: 2022-06-25 18:03:11.858
ProcessGuid: {df655c70-4174-62b7-eb03-000000000000}
ProcessId: 4
Image: System
User: NT AUTHORITY\SYSTEM
Protocol: udp
Initiated: false
SourceIsIpv6: false
SourceIp: 169.254.255.255
SourceHostname: -
SourcePort: 137
SourcePortName: netbios-ns
DestinationIsIpv6: false
DestinationIp: 169.254.43.26
DestinationHostname: LAPTOP-ROPR18AK
DestinationPort: 137
DestinationPortName: netbios-ns"
Information	25/06/2022 21:03:12	Microsoft-Windows-Sysmon	3	Network connection detected (rule: NetworkConnect)	"Network connection detected:
RuleName: Sysmon_Event_3(NetworkConnect)
UtcTime: 2022-06-25 18:03:11.857
ProcessGuid: {df655c70-4174-62b7-eb03-000000000000}
ProcessId: 4
Image: System
User: NT AUTHORITY\SYSTEM
Protocol: udp
Initiated: true
SourceIsIpv6: false
SourceIp: 169.254.43.26
SourceHostname: LAPTOP-ROPR18AK
SourcePort: 137
SourcePortName: netbios-ns
DestinationIsIpv6: false
DestinationIp: 169.254.255.255
DestinationHostname: -
DestinationPort: 137
DestinationPortName: netbios-ns"
Information	25/06/2022 21:03:11	Microsoft-Windows-Sysmon	3	Network connection detected (rule: NetworkConnect)	"Network connection detected:
RuleName: Sysmon_Event_3(NetworkConnect)
UtcTime: 2022-06-25 18:03:11.820
ProcessGuid: {df655c70-4174-62b7-eb03-000000000000}
ProcessId: 4
Image: System
User: NT AUTHORITY\SYSTEM
Protocol: udp
Initiated: true
SourceIsIpv6: false
SourceIp: 192.168.1.5
SourceHostname: LAPTOP-ROPR18AK
SourcePort: 137
SourcePortName: netbios-ns
DestinationIsIpv6: false
DestinationIp: 13.69.109.130
DestinationHostname: -
DestinationPort: 137
DestinationPortName: netbios-ns"
Information	25/06/2022 21:03:11	Microsoft-Windows-Sysmon	3	Network connection detected (rule: NetworkConnect)	"Network connection detected:
RuleName: Sysmon_Event_3(NetworkConnect)
UtcTime: 2022-06-25 18:03:11.702
ProcessGuid: {df655c70-4174-62b7-eb03-000000000000}
ProcessId: 4
Image: System
User: NT AUTHORITY\SYSTEM
Protocol: udp
Initiated: true
SourceIsIpv6: false
SourceIp: 192.168.1.5
SourceHostname: LAPTOP-ROPR18AK
SourcePort: 137
SourcePortName: netbios-ns
DestinationIsIpv6: false
DestinationIp: 51.124.41.146
DestinationHostname: -
DestinationPort: 137
DestinationPortName: netbios-ns"
Information	25/06/2022 21:03:09	Microsoft-Windows-Sysmon	3	Network connection detected (rule: NetworkConnect)	"Network connection detected:
RuleName: Sysmon_Event_3(NetworkConnect)
UtcTime: 2022-06-25 18:03:08.777
ProcessGuid: {df655c70-4174-62b7-eb03-000000000000}
ProcessId: 4
Image: System
User: NT AUTHORITY\SYSTEM
Protocol: udp
Initiated: false
SourceIsIpv6: false
SourceIp: 192.168.214.255
SourceHostname: -
SourcePort: 137
SourcePortName: netbios-ns
DestinationIsIpv6: false
DestinationIp: 192.168.214.2
DestinationHostname: LAPTOP-ROPR18AK
DestinationPort: 137
DestinationPortName: netbios-ns"
Information	25/06/2022 21:03:09	Microsoft-Windows-Sysmon	3	Network connection detected (rule: NetworkConnect)	"Network connection detected:
RuleName: Sysmon_Event_3(NetworkConnect)
UtcTime: 2022-06-25 18:03:08.777
ProcessGuid: {df655c70-4174-62b7-eb03-000000000000}
ProcessId: 4
Image: System
User: NT AUTHORITY\SYSTEM
Protocol: udp
Initiated: true
SourceIsIpv6: false
SourceIp: 192.168.214.2
SourceHostname: LAPTOP-ROPR18AK
SourcePort: 137
SourcePortName: netbios-ns
DestinationIsIpv6: false
DestinationIp: 192.168.214.255
DestinationHostname: -
DestinationPort: 137
DestinationPortName: netbios-ns"
Information	25/06/2022 21:03:08	Microsoft-Windows-Sysmon	3	Network connection detected (rule: NetworkConnect)	"Network connection detected:
RuleName: Sysmon_Event_3(NetworkConnect)
UtcTime: 2022-06-25 18:03:07.623
ProcessGuid: {df655c70-4174-62b7-eb03-000000000000}
ProcessId: 4
Image: System
User: NT AUTHORITY\SYSTEM
Protocol: udp
Initiated: true
SourceIsIpv6: false
SourceIp: 192.168.1.5
SourceHostname: LAPTOP-ROPR18AK
SourcePort: 137
SourcePortName: netbios-ns
DestinationIsIpv6: false
DestinationIp: 20.50.73.10
DestinationHostname: -
DestinationPort: 137
DestinationPortName: netbios-ns"
Information	25/06/2022 21:03:08	Microsoft-Windows-Sysmon	3	Network connection detected (rule: NetworkConnect)	"Network connection detected:
RuleName: Sysmon_Event_3(NetworkConnect)
UtcTime: 2022-06-25 18:03:07.569
ProcessGuid: {df655c70-4174-62b7-eb03-000000000000}
ProcessId: 4
Image: System
User: NT AUTHORITY\SYSTEM
Protocol: udp
Initiated: true
SourceIsIpv6: false
SourceIp: 192.168.1.5
SourceHostname: LAPTOP-ROPR18AK
SourcePort: 137
SourcePortName: netbios-ns
DestinationIsIpv6: false
DestinationIp: 20.67.219.150
DestinationHostname: -
DestinationPort: 137
DestinationPortName: netbios-ns"
Information	25/06/2022 21:03:08	Microsoft-Windows-Sysmon	3	Network connection detected (rule: NetworkConnect)	"Network connection detected:
RuleName: Sysmon_Event_3(NetworkConnect)
UtcTime: 2022-06-25 18:03:07.568
ProcessGuid: {df655c70-4174-62b7-eb03-000000000000}
ProcessId: 4
Image: System
User: NT AUTHORITY\SYSTEM
Protocol: udp
Initiated: true
SourceIsIpv6: false
SourceIp: 192.168.1.5
SourceHostname: LAPTOP-ROPR18AK
SourcePort: 137
SourcePortName: netbios-ns
DestinationIsIpv6: false
DestinationIp: 20.199.120.85
DestinationHostname: -
DestinationPort: 137
DestinationPortName: netbios-ns"
Information	25/06/2022 21:03:06	Microsoft-Windows-Sysmon	3	Network connection detected (rule: NetworkConnect)	"Network connection detected:
RuleName: Sysmon_Event_3(NetworkConnect)
UtcTime: 2022-06-25 18:03:05.672
ProcessGuid: {df655c70-4174-62b7-eb03-000000000000}
ProcessId: 4
Image: System
User: NT AUTHORITY\SYSTEM
Protocol: udp
Initiated: false
SourceIsIpv6: false
SourceIp: 169.254.255.255
SourceHostname: -
SourcePort: 137
SourcePortName: netbios-ns
DestinationIsIpv6: false
DestinationIp: 169.254.138.2
DestinationHostname: LAPTOP-ROPR18AK
DestinationPort: 137
DestinationPortName: netbios-ns"
Information	25/06/2022 21:03:06	Microsoft-Windows-Sysmon	3	Network connection detected (rule: NetworkConnect)	"Network connection detected:
RuleName: Sysmon_Event_3(NetworkConnect)
UtcTime: 2022-06-25 18:03:05.672
ProcessGuid: {df655c70-4174-62b7-eb03-000000000000}
ProcessId: 4
Image: System
User: NT AUTHORITY\SYSTEM
Protocol: udp
Initiated: true
SourceIsIpv6: false
SourceIp: 169.254.138.2
SourceHostname: LAPTOP-ROPR18AK
SourcePort: 137
SourcePortName: netbios-ns
DestinationIsIpv6: false
DestinationIp: 169.254.255.255
DestinationHostname: -
DestinationPort: 137
DestinationPortName: netbios-ns"
Information	25/06/2022 21:03:06	Microsoft-Windows-Sysmon	3	Network connection detected (rule: NetworkConnect)	"Network connection detected:
RuleName: Sysmon_Event_3(NetworkConnect)
UtcTime: 2022-06-25 18:03:05.513
ProcessGuid: {df655c70-4174-62b7-eb03-000000000000}
ProcessId: 4
Image: System
User: NT AUTHORITY\SYSTEM
Protocol: udp
Initiated: true
SourceIsIpv6: false
SourceIp: 192.168.1.5
SourceHostname: LAPTOP-ROPR18AK
SourcePort: 137
SourcePortName: netbios-ns
DestinationIsIpv6: false
DestinationIp: 20.54.103.203
DestinationHostname: -
DestinationPort: 137
DestinationPortName: netbios-ns"
Information	25/06/2022 21:03:05	Microsoft-Windows-Sysmon	3	Network connection detected (rule: NetworkConnect)	"Network connection detected:
RuleName: Sysmon_Event_3(NetworkConnect)
UtcTime: 2022-06-25 18:03:04.498
ProcessGuid: {df655c70-4174-62b7-eb03-000000000000}
ProcessId: 4
Image: System
User: NT AUTHORITY\SYSTEM
Protocol: udp
Initiated: true
SourceIsIpv6: false
SourceIp: 192.168.1.5
SourceHostname: LAPTOP-ROPR18AK
SourcePort: 137
SourcePortName: netbios-ns
DestinationIsIpv6: false
DestinationIp: 13.78.111.199
DestinationHostname: -
DestinationPort: 137
DestinationPortName: netbios-ns"
Information	25/06/2022 21:03:05	Microsoft-Windows-Sysmon	5	Process terminated (rule: ProcessTerminate)	"Process terminated:
RuleName: C:\Users
UtcTime: 2022-06-25 18:03:05.477
ProcessGuid: {df655c70-4dd3-62b7-d202-000000005201}
ProcessId: 11312
Image: C:\Users\chrsm\AppData\Local\slack\slack.exe
User: LAPTOP-ROPR18AK\chrsm"
Information	25/06/2022 21:03:02	Microsoft-Windows-Sysmon	3	Network connection detected (rule: NetworkConnect)	"Network connection detected:
RuleName: Sysmon_Event_3(NetworkConnect)
UtcTime: 2022-06-25 18:03:02.602
ProcessGuid: {df655c70-4174-62b7-eb03-000000000000}
ProcessId: 4
Image: System
User: NT AUTHORITY\SYSTEM
Protocol: udp
Initiated: false
SourceIsIpv6: false
SourceIp: 192.168.16.255
SourceHostname: -
SourcePort: 137
SourcePortName: netbios-ns
DestinationIsIpv6: false
DestinationIp: 192.168.16.2
DestinationHostname: LAPTOP-ROPR18AK
DestinationPort: 137
DestinationPortName: netbios-ns"
Information	25/06/2022 21:03:02	Microsoft-Windows-Sysmon	3	Network connection detected (rule: NetworkConnect)	"Network connection detected:
RuleName: Sysmon_Event_3(NetworkConnect)
UtcTime: 2022-06-25 18:03:02.602
ProcessGuid: {df655c70-4174-62b7-eb03-000000000000}
ProcessId: 4
Image: System
User: NT AUTHORITY\SYSTEM
Protocol: udp
Initiated: true
SourceIsIpv6: false
SourceIp: 192.168.16.2
SourceHostname: LAPTOP-ROPR18AK
SourcePort: 137
SourcePortName: netbios-ns
DestinationIsIpv6: false
DestinationIp: 192.168.16.255
DestinationHostname: -
DestinationPort: 137
DestinationPortName: netbios-ns"
Information	25/06/2022 21:03:02	Microsoft-Windows-Sysmon	3	Network connection detected (rule: NetworkConnect)	"Network connection detected:
RuleName: Sysmon_Event_3(NetworkConnect)
UtcTime: 2022-06-25 18:03:02.551
ProcessGuid: {df655c70-4174-62b7-eb03-000000000000}
ProcessId: 4
Image: System
User: NT AUTHORITY\SYSTEM
Protocol: udp
Initiated: false
SourceIsIpv6: false
SourceIp: 169.254.255.255
SourceHostname: -
SourcePort: 138
SourcePortName: netbios-dgm
DestinationIsIpv6: false
DestinationIp: 169.254.228.2
DestinationHostname: LAPTOP-ROPR18AK
DestinationPort: 138
DestinationPortName: netbios-dgm"
Information	25/06/2022 21:03:02	Microsoft-Windows-Sysmon	3	Network connection detected (rule: NetworkConnect)	"Network connection detected:
RuleName: Sysmon_Event_3(NetworkConnect)
UtcTime: 2022-06-25 18:03:02.551
ProcessGuid: {df655c70-4174-62b7-eb03-000000000000}
ProcessId: 4
Image: System
User: NT AUTHORITY\SYSTEM
Protocol: udp
Initiated: true
SourceIsIpv6: false
SourceIp: 169.254.228.2
SourceHostname: LAPTOP-ROPR18AK
SourcePort: 138
SourcePortName: netbios-dgm
DestinationIsIpv6: false
DestinationIp: 169.254.255.255
DestinationHostname: -
DestinationPort: 138
DestinationPortName: netbios-dgm"
Information	25/06/2022 21:03:02	Microsoft-Windows-Sysmon	3	Network connection detected (rule: NetworkConnect)	"Network connection detected:
RuleName: Sysmon_Event_3(NetworkConnect)
UtcTime: 2022-06-25 18:03:02.551
ProcessGuid: {df655c70-4174-62b7-eb03-000000000000}
ProcessId: 4
Image: System
User: NT AUTHORITY\SYSTEM
Protocol: udp
Initiated: false
SourceIsIpv6: false
SourceIp: 169.254.255.255
SourceHostname: -
SourcePort: 138
SourcePortName: netbios-dgm
DestinationIsIpv6: false
DestinationIp: 169.254.77.2
DestinationHostname: LAPTOP-ROPR18AK
DestinationPort: 138
DestinationPortName: netbios-dgm"
Information	25/06/2022 21:03:02	Microsoft-Windows-Sysmon	3	Network connection detected (rule: NetworkConnect)	"Network connection detected:
RuleName: Sysmon_Event_3(NetworkConnect)
UtcTime: 2022-06-25 18:03:02.551
ProcessGuid: {df655c70-4174-62b7-eb03-000000000000}
ProcessId: 4
Image: System
User: NT AUTHORITY\SYSTEM
Protocol: udp
Initiated: true
SourceIsIpv6: false
SourceIp: 169.254.77.2
SourceHostname: LAPTOP-ROPR18AK
SourcePort: 138
SourcePortName: netbios-dgm
DestinationIsIpv6: false
DestinationIp: 169.254.255.255
DestinationHostname: -
DestinationPort: 138
DestinationPortName: netbios-dgm"
Information	25/06/2022 21:03:02	Microsoft-Windows-Sysmon	3	Network connection detected (rule: NetworkConnect)	"Network connection detected:
RuleName: Sysmon_Event_3(NetworkConnect)
UtcTime: 2022-06-25 18:03:02.551
ProcessGuid: {df655c70-4174-62b7-eb03-000000000000}
ProcessId: 4
Image: System
User: NT AUTHORITY\SYSTEM
Protocol: udp
Initiated: false
SourceIsIpv6: false
SourceIp: 169.254.255.255
SourceHostname: -
SourcePort: 138
SourcePortName: netbios-dgm
DestinationIsIpv6: false
DestinationIp: 169.254.80.102
DestinationHostname: LAPTOP-ROPR18AK
DestinationPort: 138
DestinationPortName: netbios-dgm"
Information	25/06/2022 21:03:02	Microsoft-Windows-Sysmon	3	Network connection detected (rule: NetworkConnect)	"Network connection detected:
RuleName: Sysmon_Event_3(NetworkConnect)
UtcTime: 2022-06-25 18:03:02.551
ProcessGuid: {df655c70-4174-62b7-eb03-000000000000}
ProcessId: 4
Image: System
User: NT AUTHORITY\SYSTEM
Protocol: udp
Initiated: true
SourceIsIpv6: false
SourceIp: 169.254.80.102
SourceHostname: LAPTOP-ROPR18AK
SourcePort: 138
SourcePortName: netbios-dgm
DestinationIsIpv6: false
DestinationIp: 169.254.255.255
DestinationHostname: -
DestinationPort: 138
DestinationPortName: netbios-dgm"
Information	25/06/2022 21:03:02	Microsoft-Windows-Sysmon	3	Network connection detected (rule: NetworkConnect)	"Network connection detected:
RuleName: Sysmon_Event_3(NetworkConnect)
UtcTime: 2022-06-25 18:03:02.551
ProcessGuid: {df655c70-4174-62b7-eb03-000000000000}
ProcessId: 4
Image: System
User: NT AUTHORITY\SYSTEM
Protocol: udp
Initiated: false
SourceIsIpv6: false
SourceIp: 169.254.255.255
SourceHostname: -
SourcePort: 138
SourcePortName: netbios-dgm
DestinationIsIpv6: false
DestinationIp: 169.254.157.2
DestinationHostname: LAPTOP-ROPR18AK
DestinationPort: 138
DestinationPortName: netbios-dgm"
Information	25/06/2022 21:03:02	Microsoft-Windows-Sysmon	3	Network connection detected (rule: NetworkConnect)	"Network connection detected:
RuleName: Sysmon_Event_3(NetworkConnect)
UtcTime: 2022-06-25 18:03:02.551
ProcessGuid: {df655c70-4174-62b7-eb03-000000000000}
ProcessId: 4
Image: System
User: NT AUTHORITY\SYSTEM
Protocol: udp
Initiated: true
SourceIsIpv6: false
SourceIp: 169.254.157.2
SourceHostname: LAPTOP-ROPR18AK
SourcePort: 138
SourcePortName: netbios-dgm
DestinationIsIpv6: false
DestinationIp: 169.254.255.255
DestinationHostname: -
DestinationPort: 138
DestinationPortName: netbios-dgm"
Information	25/06/2022 21:03:02	Microsoft-Windows-Sysmon	3	Network connection detected (rule: NetworkConnect)	"Network connection detected:
RuleName: Sysmon_Event_3(NetworkConnect)
UtcTime: 2022-06-25 18:03:02.551
ProcessGuid: {df655c70-4174-62b7-eb03-000000000000}
ProcessId: 4
Image: System
User: NT AUTHORITY\SYSTEM
Protocol: udp
Initiated: false
SourceIsIpv6: false
SourceIp: 169.254.255.255
SourceHostname: -
SourcePort: 138
SourcePortName: netbios-dgm
DestinationIsIpv6: false
DestinationIp: 169.254.234.2
DestinationHostname: LAPTOP-ROPR18AK
DestinationPort: 138
DestinationPortName: netbios-dgm"
Information	25/06/2022 21:03:02	Microsoft-Windows-Sysmon	3	Network connection detected (rule: NetworkConnect)	"Network connection detected:
RuleName: Sysmon_Event_3(NetworkConnect)
UtcTime: 2022-06-25 18:03:02.551
ProcessGuid: {df655c70-4174-62b7-eb03-000000000000}
ProcessId: 4
Image: System
User: NT AUTHORITY\SYSTEM
Protocol: udp
Initiated: true
SourceIsIpv6: false
SourceIp: 169.254.234.2
SourceHostname: LAPTOP-ROPR18AK
SourcePort: 138
SourcePortName: netbios-dgm
DestinationIsIpv6: false
DestinationIp: 169.254.255.255
DestinationHostname: -
DestinationPort: 138
DestinationPortName: netbios-dgm"
Information	25/06/2022 21:03:02	Microsoft-Windows-Sysmon	3	Network connection detected (rule: NetworkConnect)	"Network connection detected:
RuleName: Sysmon_Event_3(NetworkConnect)
UtcTime: 2022-06-25 18:03:02.551
ProcessGuid: {df655c70-4174-62b7-eb03-000000000000}
ProcessId: 4
Image: System
User: NT AUTHORITY\SYSTEM
Protocol: udp
Initiated: false
SourceIsIpv6: false
SourceIp: 169.254.255.255
SourceHostname: -
SourcePort: 138
SourcePortName: netbios-dgm
DestinationIsIpv6: false
DestinationIp: 169.254.3.2
DestinationHostname: LAPTOP-ROPR18AK
DestinationPort: 138
DestinationPortName: netbios-dgm"
Information	25/06/2022 21:03:02	Microsoft-Windows-Sysmon	3	Network connection detected (rule: NetworkConnect)	"Network connection detected:
RuleName: Sysmon_Event_3(NetworkConnect)
UtcTime: 2022-06-25 18:03:02.550
ProcessGuid: {df655c70-4174-62b7-eb03-000000000000}
ProcessId: 4
Image: System
User: NT AUTHORITY\SYSTEM
Protocol: udp
Initiated: true
SourceIsIpv6: false
SourceIp: 169.254.3.2
SourceHostname: LAPTOP-ROPR18AK
SourcePort: 138
SourcePortName: netbios-dgm
DestinationIsIpv6: false
DestinationIp: 169.254.255.255
DestinationHostname: -
DestinationPort: 138
DestinationPortName: netbios-dgm"
Information	25/06/2022 21:03:02	Microsoft-Windows-Sysmon	3	Network connection detected (rule: NetworkConnect)	"Network connection detected:
RuleName: Sysmon_Event_3(NetworkConnect)
UtcTime: 2022-06-25 18:03:02.550
ProcessGuid: {df655c70-4174-62b7-eb03-000000000000}
ProcessId: 4
Image: System
User: NT AUTHORITY\SYSTEM
Protocol: udp
Initiated: false
SourceIsIpv6: false
SourceIp: 169.254.255.255
SourceHostname: -
SourcePort: 138
SourcePortName: netbios-dgm
DestinationIsIpv6: false
DestinationIp: 169.254.9.4
DestinationHostname: LAPTOP-ROPR18AK
DestinationPort: 138
DestinationPortName: netbios-dgm"
Information	25/06/2022 21:03:02	Microsoft-Windows-Sysmon	3	Network connection detected (rule: NetworkConnect)	"Network connection detected:
RuleName: Sysmon_Event_3(NetworkConnect)
UtcTime: 2022-06-25 18:03:02.550
ProcessGuid: {df655c70-4174-62b7-eb03-000000000000}
ProcessId: 4
Image: System
User: NT AUTHORITY\SYSTEM
Protocol: udp
Initiated: true
SourceIsIpv6: false
SourceIp: 169.254.9.4
SourceHostname: LAPTOP-ROPR18AK
SourcePort: 138
SourcePortName: netbios-dgm
DestinationIsIpv6: false
DestinationIp: 169.254.255.255
DestinationHostname: -
DestinationPort: 138
DestinationPortName: netbios-dgm"
Information	25/06/2022 21:03:02	Microsoft-Windows-Sysmon	3	Network connection detected (rule: NetworkConnect)	"Network connection detected:
RuleName: Sysmon_Event_3(NetworkConnect)
UtcTime: 2022-06-25 18:03:02.550
ProcessGuid: {df655c70-4174-62b7-eb03-000000000000}
ProcessId: 4
Image: System
User: NT AUTHORITY\SYSTEM
Protocol: udp
Initiated: false
SourceIsIpv6: false
SourceIp: 192.168.128.255
SourceHostname: -
SourcePort: 138
SourcePortName: netbios-dgm
DestinationIsIpv6: false
DestinationIp: 192.168.128.102
DestinationHostname: LAPTOP-ROPR18AK
DestinationPort: 138
DestinationPortName: netbios-dgm"
Information	25/06/2022 21:03:02	Microsoft-Windows-Sysmon	3	Network connection detected (rule: NetworkConnect)	"Network connection detected:
RuleName: Sysmon_Event_3(NetworkConnect)
UtcTime: 2022-06-25 18:03:02.550
ProcessGuid: {df655c70-4174-62b7-eb03-000000000000}
ProcessId: 4
Image: System
User: NT AUTHORITY\SYSTEM
Protocol: udp
Initiated: true
SourceIsIpv6: false
SourceIp: 192.168.128.102
SourceHostname: LAPTOP-ROPR18AK
SourcePort: 138
SourcePortName: netbios-dgm
DestinationIsIpv6: false
DestinationIp: 192.168.128.255
DestinationHostname: -
DestinationPort: 138
DestinationPortName: netbios-dgm"
Information	25/06/2022 21:03:02	Microsoft-Windows-Sysmon	3	Network connection detected (rule: NetworkConnect)	"Network connection detected:
RuleName: Sysmon_Event_3(NetworkConnect)
UtcTime: 2022-06-25 18:03:02.550
ProcessGuid: {df655c70-4174-62b7-eb03-000000000000}
ProcessId: 4
Image: System
User: NT AUTHORITY\SYSTEM
Protocol: udp
Initiated: false
SourceIsIpv6: false
SourceIp: 169.254.255.255
SourceHostname: -
SourcePort: 138
SourcePortName: netbios-dgm
DestinationIsIpv6: false
DestinationIp: 169.254.250.108
DestinationHostname: LAPTOP-ROPR18AK
DestinationPort: 138
DestinationPortName: netbios-dgm"
Information	25/06/2022 21:03:02	Microsoft-Windows-Sysmon	3	Network connection detected (rule: NetworkConnect)	"Network connection detected:
RuleName: Sysmon_Event_3(NetworkConnect)
UtcTime: 2022-06-25 18:03:02.550
ProcessGuid: {df655c70-4174-62b7-eb03-000000000000}
ProcessId: 4
Image: System
User: NT AUTHORITY\SYSTEM
Protocol: udp
Initiated: true
SourceIsIpv6: false
SourceIp: 169.254.250.108
SourceHostname: LAPTOP-ROPR18AK
SourcePort: 138
SourcePortName: netbios-dgm
DestinationIsIpv6: false
DestinationIp: 169.254.255.255
DestinationHostname: -
DestinationPort: 138
DestinationPortName: netbios-dgm"
Information	25/06/2022 21:03:02	Microsoft-Windows-Sysmon	3	Network connection detected (rule: NetworkConnect)	"Network connection detected:
RuleName: Sysmon_Event_3(NetworkConnect)
UtcTime: 2022-06-25 18:03:02.550
ProcessGuid: {df655c70-4174-62b7-eb03-000000000000}
ProcessId: 4
Image: System
User: NT AUTHORITY\SYSTEM
Protocol: udp
Initiated: false
SourceIsIpv6: false
SourceIp: 192.168.156.255
SourceHostname: -
SourcePort: 138
SourcePortName: netbios-dgm
DestinationIsIpv6: false
DestinationIp: 192.168.156.105
DestinationHostname: LAPTOP-ROPR18AK
DestinationPort: 138
DestinationPortName: netbios-dgm"
Information	25/06/2022 21:03:02	Microsoft-Windows-Sysmon	3	Network connection detected (rule: NetworkConnect)	"Network connection detected:
RuleName: Sysmon_Event_3(NetworkConnect)
UtcTime: 2022-06-25 18:03:02.550
ProcessGuid: {df655c70-4174-62b7-eb03-000000000000}
ProcessId: 4
Image: System
User: NT AUTHORITY\SYSTEM
Protocol: udp
Initiated: true
SourceIsIpv6: false
SourceIp: 192.168.156.105
SourceHostname: LAPTOP-ROPR18AK
SourcePort: 138
SourcePortName: netbios-dgm
DestinationIsIpv6: false
DestinationIp: 192.168.156.255
DestinationHostname: -
DestinationPort: 138
DestinationPortName: netbios-dgm"
Information	25/06/2022 21:03:02	Microsoft-Windows-Sysmon	3	Network connection detected (rule: NetworkConnect)	"Network connection detected:
RuleName: Sysmon_Event_3(NetworkConnect)
UtcTime: 2022-06-25 18:03:02.550
ProcessGuid: {df655c70-4174-62b7-eb03-000000000000}
ProcessId: 4
Image: System
User: NT AUTHORITY\SYSTEM
Protocol: udp
Initiated: false
SourceIsIpv6: false
SourceIp: 192.168.76.255
SourceHostname: -
SourcePort: 138
SourcePortName: netbios-dgm
DestinationIsIpv6: false
DestinationIp: 192.168.76.2
DestinationHostname: LAPTOP-ROPR18AK
DestinationPort: 138
DestinationPortName: netbios-dgm"
Information	25/06/2022 21:03:02	Microsoft-Windows-Sysmon	3	Network connection detected (rule: NetworkConnect)	"Network connection detected:
RuleName: Sysmon_Event_3(NetworkConnect)
UtcTime: 2022-06-25 18:03:02.550
ProcessGuid: {df655c70-4174-62b7-eb03-000000000000}
ProcessId: 4
Image: System
User: NT AUTHORITY\SYSTEM
Protocol: udp
Initiated: true
SourceIsIpv6: false
SourceIp: 192.168.76.2
SourceHostname: LAPTOP-ROPR18AK
SourcePort: 138
SourcePortName: netbios-dgm
DestinationIsIpv6: false
DestinationIp: 192.168.76.255
DestinationHostname: -
DestinationPort: 138
DestinationPortName: netbios-dgm"
Information	25/06/2022 21:03:02	Microsoft-Windows-Sysmon	3	Network connection detected (rule: NetworkConnect)	"Network connection detected:
RuleName: Sysmon_Event_3(NetworkConnect)
UtcTime: 2022-06-25 18:03:02.549
ProcessGuid: {df655c70-4174-62b7-eb03-000000000000}
ProcessId: 4
Image: System
User: NT AUTHORITY\SYSTEM
Protocol: udp
Initiated: false
SourceIsIpv6: false
SourceIp: 169.254.255.255
SourceHostname: -
SourcePort: 138
SourcePortName: netbios-dgm
DestinationIsIpv6: false
DestinationIp: 169.254.142.2
DestinationHostname: LAPTOP-ROPR18AK
DestinationPort: 138
DestinationPortName: netbios-dgm"
Information	25/06/2022 21:03:02	Microsoft-Windows-Sysmon	3	Network connection detected (rule: NetworkConnect)	"Network connection detected:
RuleName: Sysmon_Event_3(NetworkConnect)
UtcTime: 2022-06-25 18:03:02.549
ProcessGuid: {df655c70-4174-62b7-eb03-000000000000}
ProcessId: 4
Image: System
User: NT AUTHORITY\SYSTEM
Protocol: udp
Initiated: true
SourceIsIpv6: false
SourceIp: 169.254.142.2
SourceHostname: LAPTOP-ROPR18AK
SourcePort: 138
SourcePortName: netbios-dgm
DestinationIsIpv6: false
DestinationIp: 169.254.255.255
DestinationHostname: -
DestinationPort: 138
DestinationPortName: netbios-dgm"
Information	25/06/2022 21:03:02	Microsoft-Windows-Sysmon	3	Network connection detected (rule: NetworkConnect)	"Network connection detected:
RuleName: Sysmon_Event_3(NetworkConnect)
UtcTime: 2022-06-25 18:03:02.549
ProcessGuid: {df655c70-4174-62b7-eb03-000000000000}
ProcessId: 4
Image: System
User: NT AUTHORITY\SYSTEM
Protocol: udp
Initiated: false
SourceIsIpv6: false
SourceIp: 192.168.229.255
SourceHostname: -
SourcePort: 138
SourcePortName: netbios-dgm
DestinationIsIpv6: false
DestinationIp: 192.168.229.2
DestinationHostname: LAPTOP-ROPR18AK
DestinationPort: 138
DestinationPortName: netbios-dgm"
Information	25/06/2022 21:03:02	Microsoft-Windows-Sysmon	3	Network connection detected (rule: NetworkConnect)	"Network connection detected:
RuleName: Sysmon_Event_3(NetworkConnect)
UtcTime: 2022-06-25 18:03:02.549
ProcessGuid: {df655c70-4174-62b7-eb03-000000000000}
ProcessId: 4
Image: System
User: NT AUTHORITY\SYSTEM
Protocol: udp
Initiated: true
SourceIsIpv6: false
SourceIp: 192.168.229.2
SourceHostname: LAPTOP-ROPR18AK
SourcePort: 138
SourcePortName: netbios-dgm
DestinationIsIpv6: false
DestinationIp: 192.168.229.255
DestinationHostname: -
DestinationPort: 138
DestinationPortName: netbios-dgm"
Information	25/06/2022 21:03:02	Microsoft-Windows-Sysmon	3	Network connection detected (rule: NetworkConnect)	"Network connection detected:
RuleName: Sysmon_Event_3(NetworkConnect)
UtcTime: 2022-06-25 18:03:02.437
ProcessGuid: {df655c70-4174-62b7-eb03-000000000000}
ProcessId: 4
Image: System
User: NT AUTHORITY\SYSTEM
Protocol: udp
Initiated: true
SourceIsIpv6: false
SourceIp: 192.168.1.5
SourceHostname: LAPTOP-ROPR18AK
SourcePort: 137
SourcePortName: netbios-ns
DestinationIsIpv6: false
DestinationIp: 13.69.239.72
DestinationHostname: -
DestinationPort: 137
DestinationPortName: netbios-ns"
Information	25/06/2022 21:03:00	Microsoft-Windows-Sysmon	3	Network connection detected (rule: NetworkConnect)	"Network connection detected:
RuleName: Sysmon_Event_3(NetworkConnect)
UtcTime: 2022-06-25 18:02:59.523
ProcessGuid: {df655c70-4174-62b7-eb03-000000000000}
ProcessId: 4
Image: System
User: NT AUTHORITY\SYSTEM
Protocol: udp
Initiated: false
SourceIsIpv6: false
SourceIp: 192.168.229.255
SourceHostname: -
SourcePort: 137
SourcePortName: netbios-ns
DestinationIsIpv6: false
DestinationIp: 192.168.229.2
DestinationHostname: LAPTOP-ROPR18AK
DestinationPort: 137
DestinationPortName: netbios-ns"
Information	25/06/2022 21:03:00	Microsoft-Windows-Sysmon	3	Network connection detected (rule: NetworkConnect)	"Network connection detected:
RuleName: Sysmon_Event_3(NetworkConnect)
UtcTime: 2022-06-25 18:02:59.523
ProcessGuid: {df655c70-4174-62b7-eb03-000000000000}
ProcessId: 4
Image: System
User: NT AUTHORITY\SYSTEM
Protocol: udp
Initiated: true
SourceIsIpv6: false
SourceIp: 192.168.229.2
SourceHostname: LAPTOP-ROPR18AK
SourcePort: 137
SourcePortName: netbios-ns
DestinationIsIpv6: false
DestinationIp: 192.168.229.255
DestinationHostname: -
DestinationPort: 137
DestinationPortName: netbios-ns"
Information	25/06/2022 21:02:57	Microsoft-Windows-Sysmon	3	Network connection detected (rule: NetworkConnect)	"Network connection detected:
RuleName: Sysmon_Event_3(NetworkConnect)
UtcTime: 2022-06-25 18:02:56.456
ProcessGuid: {df655c70-4174-62b7-eb03-000000000000}
ProcessId: 4
Image: System
User: NT AUTHORITY\SYSTEM
Protocol: udp
Initiated: false
SourceIsIpv6: false
SourceIp: 169.254.255.255
SourceHostname: -
SourcePort: 137
SourcePortName: netbios-ns
DestinationIsIpv6: false
DestinationIp: 169.254.142.2
DestinationHostname: LAPTOP-ROPR18AK
DestinationPort: 137
DestinationPortName: netbios-ns"
Information	25/06/2022 21:02:57	Microsoft-Windows-Sysmon	3	Network connection detected (rule: NetworkConnect)	"Network connection detected:
RuleName: Sysmon_Event_3(NetworkConnect)
UtcTime: 2022-06-25 18:02:56.456
ProcessGuid: {df655c70-4174-62b7-eb03-000000000000}
ProcessId: 4
Image: System
User: NT AUTHORITY\SYSTEM
Protocol: udp
Initiated: true
SourceIsIpv6: false
SourceIp: 169.254.142.2
SourceHostname: LAPTOP-ROPR18AK
SourcePort: 137
SourcePortName: netbios-ns
DestinationIsIpv6: false
DestinationIp: 169.254.255.255
DestinationHostname: -
DestinationPort: 137
DestinationPortName: netbios-ns"
Information	25/06/2022 21:02:55	Microsoft-Windows-Sysmon	5	Process terminated (rule: ProcessTerminate)	"Process terminated:
RuleName: C:\Users
UtcTime: 2022-06-25 18:02:55.866
ProcessGuid: {df655c70-4dcb-62b7-b802-000000005201}
ProcessId: 19804
Image: C:\Users\chrsm\AppData\Local\Microsoft\Teams\Update.exe
User: LAPTOP-ROPR18AK\chrsm"
Information	25/06/2022 21:02:54	Microsoft-Windows-Sysmon	3	Network connection detected (rule: NetworkConnect)	"Network connection detected:
RuleName: Sysmon_Event_3(NetworkConnect)
UtcTime: 2022-06-25 18:02:53.389
ProcessGuid: {df655c70-4174-62b7-eb03-000000000000}
ProcessId: 4
Image: System
User: NT AUTHORITY\SYSTEM
Protocol: udp
Initiated: false
SourceIsIpv6: false
SourceIp: 192.168.76.255
SourceHostname: -
SourcePort: 137
SourcePortName: netbios-ns
DestinationIsIpv6: false
DestinationIp: 192.168.76.2
DestinationHostname: LAPTOP-ROPR18AK
DestinationPort: 137
DestinationPortName: netbios-ns"
Information	25/06/2022 21:02:54	Microsoft-Windows-Sysmon	3	Network connection detected (rule: NetworkConnect)	"Network connection detected:
RuleName: Sysmon_Event_3(NetworkConnect)
UtcTime: 2022-06-25 18:02:53.389
ProcessGuid: {df655c70-4174-62b7-eb03-000000000000}
ProcessId: 4
Image: System
User: NT AUTHORITY\SYSTEM
Protocol: udp
Initiated: true
SourceIsIpv6: false
SourceIp: 192.168.76.2
SourceHostname: LAPTOP-ROPR18AK
SourcePort: 137
SourcePortName: netbios-ns
DestinationIsIpv6: false
DestinationIp: 192.168.76.255
DestinationHostname: -
DestinationPort: 137
DestinationPortName: netbios-ns"
Information	25/06/2022 21:02:51	Microsoft-Windows-Sysmon	3	Network connection detected (rule: NetworkConnect)	"Network connection detected:
RuleName: Sysmon_Event_3(NetworkConnect)
UtcTime: 2022-06-25 18:02:50.334
ProcessGuid: {df655c70-4174-62b7-eb03-000000000000}
ProcessId: 4
Image: System
User: NT AUTHORITY\SYSTEM
Protocol: udp
Initiated: false
SourceIsIpv6: false
SourceIp: 192.168.156.255
SourceHostname: -
SourcePort: 137
SourcePortName: netbios-ns
DestinationIsIpv6: false
DestinationIp: 192.168.156.105
DestinationHostname: LAPTOP-ROPR18AK
DestinationPort: 137
DestinationPortName: netbios-ns"
Information	25/06/2022 21:02:51	Microsoft-Windows-Sysmon	3	Network connection detected (rule: NetworkConnect)	"Network connection detected:
RuleName: Sysmon_Event_3(NetworkConnect)
UtcTime: 2022-06-25 18:02:50.333
ProcessGuid: {df655c70-4174-62b7-eb03-000000000000}
ProcessId: 4
Image: System
User: NT AUTHORITY\SYSTEM
Protocol: udp
Initiated: true
SourceIsIpv6: false
SourceIp: 192.168.156.105
SourceHostname: LAPTOP-ROPR18AK
SourcePort: 137
SourcePortName: netbios-ns
DestinationIsIpv6: false
DestinationIp: 192.168.156.255
DestinationHostname: -
DestinationPort: 137
DestinationPortName: netbios-ns"
Information	25/06/2022 21:02:48	Microsoft-Windows-Sysmon	3	Network connection detected (rule: NetworkConnect)	"Network connection detected:
RuleName: Sysmon_Event_3(NetworkConnect)
UtcTime: 2022-06-25 18:02:47.273
ProcessGuid: {df655c70-4174-62b7-eb03-000000000000}
ProcessId: 4
Image: System
User: NT AUTHORITY\SYSTEM
Protocol: udp
Initiated: false
SourceIsIpv6: false
SourceIp: 169.254.255.255
SourceHostname: -
SourcePort: 137
SourcePortName: netbios-ns
DestinationIsIpv6: false
DestinationIp: 169.254.250.108
DestinationHostname: LAPTOP-ROPR18AK
DestinationPort: 137
DestinationPortName: netbios-ns"
