Information	25/06/2022 10:36:48	Microsoft-Windows-Sysmon	5	Process terminated (rule: ProcessTerminate)	"Process terminated:
RuleName: C:\Users
UtcTime: 2022-06-25 07:36:48.695
ProcessGuid: {df655c70-bb0d-62b6-0d16-000000005101}
ProcessId: 14816
Image: C:\Users\chrsm\AppData\Local\Viber\QtWebEngineProcess.exe
User: LAPTOP-ROPR18AK\chrsm"
Information	25/06/2022 10:36:41	Microsoft-Windows-Sysmon	5	Process terminated (rule: ProcessTerminate)	"Process terminated:
RuleName: C:\Users
UtcTime: 2022-06-25 07:36:41.735
ProcessGuid: {df655c70-bb07-62b6-0c16-000000005101}
ProcessId: 24020
Image: C:\Users\chrsm\AppData\Local\Viber\QtWebEngineProcess.exe
User: LAPTOP-ROPR18AK\chrsm"
Information	25/06/2022 10:36:34	Microsoft-Windows-Sysmon	5	Process terminated (rule: ProcessTerminate)	"Process terminated:
RuleName: C:\Users
UtcTime: 2022-06-25 07:36:34.197
ProcessGuid: {df655c70-bafe-62b6-0b16-000000005101}
ProcessId: 23048
Image: C:\Users\chrsm\AppData\Local\Viber\QtWebEngineProcess.exe
User: LAPTOP-ROPR18AK\chrsm"
Information	25/06/2022 10:34:10	Microsoft-Windows-Sysmon	5	Process terminated (rule: ProcessTerminate)	"Process terminated:
RuleName: C:\Users
UtcTime: 2022-06-25 07:34:10.061
ProcessGuid: {df655c70-ba66-62b6-0316-000000005101}
ProcessId: 18528
Image: C:\Users\chrsm\AppData\Local\Viber\QtWebEngineProcess.exe
User: LAPTOP-ROPR18AK\chrsm"
Information	25/06/2022 10:31:31	Microsoft-Windows-Sysmon	3	Network connection detected (rule: NetworkConnect)	"Network connection detected:
RuleName: Sysmon_Event_3(NetworkConnect)
UtcTime: 2022-06-25 07:31:33.824
ProcessGuid: {df655c70-91fb-62b3-eb03-000000000000}
ProcessId: 4
Image: System
User: NT AUTHORITY\SYSTEM
Protocol: udp
Initiated: true
SourceIsIpv6: false
SourceIp: 192.168.1.5
SourceHostname: iphonechristos
SourcePort: 137
SourcePortName: netbios-ns
DestinationIsIpv6: false
DestinationIp: 52.109.88.191
DestinationHostname: -
DestinationPort: 137
DestinationPortName: netbios-ns"
Information	25/06/2022 10:26:32	Microsoft-Windows-Sysmon	3	Network connection detected (rule: NetworkConnect)	"Network connection detected:
RuleName: Sysmon_Event_3(NetworkConnect)
UtcTime: 2022-06-25 07:26:35.480
ProcessGuid: {df655c70-91fb-62b3-eb03-000000000000}
ProcessId: 4
Image: System
User: NT AUTHORITY\SYSTEM
Protocol: udp
Initiated: true
SourceIsIpv6: false
SourceIp: 192.168.1.5
SourceHostname: iphonechristos
SourcePort: 137
SourcePortName: netbios-ns
DestinationIsIpv6: false
DestinationIp: 192.168.1.1
DestinationHostname: -
DestinationPort: 137
DestinationPortName: netbios-ns"
Information	25/06/2022 10:19:46	Microsoft-Windows-Sysmon	3	Network connection detected (rule: NetworkConnect)	"Network connection detected:
RuleName: Sysmon_Event_3(NetworkConnect)
UtcTime: 2022-06-25 07:19:49.007
ProcessGuid: {df655c70-91fb-62b3-eb03-000000000000}
ProcessId: 4
Image: System
User: NT AUTHORITY\SYSTEM
Protocol: udp
Initiated: false
SourceIsIpv6: false
SourceIp: 169.254.255.255
SourceHostname: -
SourcePort: 138
SourcePortName: netbios-dgm
DestinationIsIpv6: false
DestinationIp: 169.254.228.2
DestinationHostname: LAPTOP-ROPR18AK
DestinationPort: 138
DestinationPortName: netbios-dgm"
Information	25/06/2022 10:19:46	Microsoft-Windows-Sysmon	3	Network connection detected (rule: NetworkConnect)	"Network connection detected:
RuleName: Sysmon_Event_3(NetworkConnect)
UtcTime: 2022-06-25 07:19:49.007
ProcessGuid: {df655c70-91fb-62b3-eb03-000000000000}
ProcessId: 4
Image: System
User: NT AUTHORITY\SYSTEM
Protocol: udp
Initiated: true
SourceIsIpv6: false
SourceIp: 169.254.228.2
SourceHostname: LAPTOP-ROPR18AK
SourcePort: 138
SourcePortName: netbios-dgm
DestinationIsIpv6: false
DestinationIp: 169.254.255.255
DestinationHostname: -
DestinationPort: 138
DestinationPortName: netbios-dgm"
Information	25/06/2022 10:19:46	Microsoft-Windows-Sysmon	3	Network connection detected (rule: NetworkConnect)	"Network connection detected:
RuleName: Sysmon_Event_3(NetworkConnect)
UtcTime: 2022-06-25 07:19:49.007
ProcessGuid: {df655c70-91fb-62b3-eb03-000000000000}
ProcessId: 4
Image: System
User: NT AUTHORITY\SYSTEM
Protocol: udp
Initiated: false
SourceIsIpv6: false
SourceIp: 169.254.255.255
SourceHostname: -
SourcePort: 138
SourcePortName: netbios-dgm
DestinationIsIpv6: false
DestinationIp: 169.254.77.2
DestinationHostname: LAPTOP-ROPR18AK
DestinationPort: 138
DestinationPortName: netbios-dgm"
Information	25/06/2022 10:19:46	Microsoft-Windows-Sysmon	3	Network connection detected (rule: NetworkConnect)	"Network connection detected:
RuleName: Sysmon_Event_3(NetworkConnect)
UtcTime: 2022-06-25 07:19:49.007
ProcessGuid: {df655c70-91fb-62b3-eb03-000000000000}
ProcessId: 4
Image: System
User: NT AUTHORITY\SYSTEM
Protocol: udp
Initiated: true
SourceIsIpv6: false
SourceIp: 169.254.77.2
SourceHostname: LAPTOP-ROPR18AK
SourcePort: 138
SourcePortName: netbios-dgm
DestinationIsIpv6: false
DestinationIp: 169.254.255.255
DestinationHostname: -
DestinationPort: 138
DestinationPortName: netbios-dgm"
Information	25/06/2022 10:19:46	Microsoft-Windows-Sysmon	3	Network connection detected (rule: NetworkConnect)	"Network connection detected:
RuleName: Sysmon_Event_3(NetworkConnect)
UtcTime: 2022-06-25 07:19:49.007
ProcessGuid: {df655c70-91fb-62b3-eb03-000000000000}
ProcessId: 4
Image: System
User: NT AUTHORITY\SYSTEM
Protocol: udp
Initiated: false
SourceIsIpv6: false
SourceIp: 169.254.255.255
SourceHostname: -
SourcePort: 138
SourcePortName: netbios-dgm
DestinationIsIpv6: false
DestinationIp: 169.254.80.102
DestinationHostname: LAPTOP-ROPR18AK
DestinationPort: 138
DestinationPortName: netbios-dgm"
Information	25/06/2022 10:19:46	Microsoft-Windows-Sysmon	3	Network connection detected (rule: NetworkConnect)	"Network connection detected:
RuleName: Sysmon_Event_3(NetworkConnect)
UtcTime: 2022-06-25 07:19:49.007
ProcessGuid: {df655c70-91fb-62b3-eb03-000000000000}
ProcessId: 4
Image: System
User: NT AUTHORITY\SYSTEM
Protocol: udp
Initiated: true
SourceIsIpv6: false
SourceIp: 169.254.80.102
SourceHostname: LAPTOP-ROPR18AK
SourcePort: 138
SourcePortName: netbios-dgm
DestinationIsIpv6: false
DestinationIp: 169.254.255.255
DestinationHostname: -
DestinationPort: 138
DestinationPortName: netbios-dgm"
Information	25/06/2022 10:19:46	Microsoft-Windows-Sysmon	3	Network connection detected (rule: NetworkConnect)	"Network connection detected:
RuleName: Sysmon_Event_3(NetworkConnect)
UtcTime: 2022-06-25 07:19:49.007
ProcessGuid: {df655c70-91fb-62b3-eb03-000000000000}
ProcessId: 4
Image: System
User: NT AUTHORITY\SYSTEM
Protocol: udp
Initiated: false
SourceIsIpv6: false
SourceIp: 169.254.255.255
SourceHostname: -
SourcePort: 138
SourcePortName: netbios-dgm
DestinationIsIpv6: false
DestinationIp: 169.254.157.2
DestinationHostname: LAPTOP-ROPR18AK
DestinationPort: 138
DestinationPortName: netbios-dgm"
Information	25/06/2022 10:19:46	Microsoft-Windows-Sysmon	3	Network connection detected (rule: NetworkConnect)	"Network connection detected:
RuleName: Sysmon_Event_3(NetworkConnect)
UtcTime: 2022-06-25 07:19:49.007
ProcessGuid: {df655c70-91fb-62b3-eb03-000000000000}
ProcessId: 4
Image: System
User: NT AUTHORITY\SYSTEM
Protocol: udp
Initiated: true
SourceIsIpv6: false
SourceIp: 169.254.157.2
SourceHostname: LAPTOP-ROPR18AK
SourcePort: 138
SourcePortName: netbios-dgm
DestinationIsIpv6: false
DestinationIp: 169.254.255.255
DestinationHostname: -
DestinationPort: 138
DestinationPortName: netbios-dgm"
Information	25/06/2022 10:19:46	Microsoft-Windows-Sysmon	3	Network connection detected (rule: NetworkConnect)	"Network connection detected:
RuleName: Sysmon_Event_3(NetworkConnect)
UtcTime: 2022-06-25 07:19:49.007
ProcessGuid: {df655c70-91fb-62b3-eb03-000000000000}
ProcessId: 4
Image: System
User: NT AUTHORITY\SYSTEM
Protocol: udp
Initiated: false
SourceIsIpv6: false
SourceIp: 169.254.255.255
SourceHostname: -
SourcePort: 138
SourcePortName: netbios-dgm
DestinationIsIpv6: false
DestinationIp: 169.254.234.2
DestinationHostname: LAPTOP-ROPR18AK
DestinationPort: 138
DestinationPortName: netbios-dgm"
Information	25/06/2022 10:19:46	Microsoft-Windows-Sysmon	3	Network connection detected (rule: NetworkConnect)	"Network connection detected:
RuleName: Sysmon_Event_3(NetworkConnect)
UtcTime: 2022-06-25 07:19:49.007
ProcessGuid: {df655c70-91fb-62b3-eb03-000000000000}
ProcessId: 4
Image: System
User: NT AUTHORITY\SYSTEM
Protocol: udp
Initiated: true
SourceIsIpv6: false
SourceIp: 169.254.234.2
SourceHostname: LAPTOP-ROPR18AK
SourcePort: 138
SourcePortName: netbios-dgm
DestinationIsIpv6: false
DestinationIp: 169.254.255.255
DestinationHostname: -
DestinationPort: 138
DestinationPortName: netbios-dgm"
Information	25/06/2022 10:19:46	Microsoft-Windows-Sysmon	3	Network connection detected (rule: NetworkConnect)	"Network connection detected:
RuleName: Sysmon_Event_3(NetworkConnect)
UtcTime: 2022-06-25 07:19:49.006
ProcessGuid: {df655c70-91fb-62b3-eb03-000000000000}
ProcessId: 4
Image: System
User: NT AUTHORITY\SYSTEM
Protocol: udp
Initiated: false
SourceIsIpv6: false
SourceIp: 169.254.255.255
SourceHostname: -
SourcePort: 138
SourcePortName: netbios-dgm
DestinationIsIpv6: false
DestinationIp: 169.254.3.2
DestinationHostname: LAPTOP-ROPR18AK
DestinationPort: 138
DestinationPortName: netbios-dgm"
Information	25/06/2022 10:19:46	Microsoft-Windows-Sysmon	3	Network connection detected (rule: NetworkConnect)	"Network connection detected:
RuleName: Sysmon_Event_3(NetworkConnect)
UtcTime: 2022-06-25 07:19:49.006
ProcessGuid: {df655c70-91fb-62b3-eb03-000000000000}
ProcessId: 4
Image: System
User: NT AUTHORITY\SYSTEM
Protocol: udp
Initiated: true
SourceIsIpv6: false
SourceIp: 169.254.3.2
SourceHostname: LAPTOP-ROPR18AK
SourcePort: 138
SourcePortName: netbios-dgm
DestinationIsIpv6: false
DestinationIp: 169.254.255.255
DestinationHostname: -
DestinationPort: 138
DestinationPortName: netbios-dgm"
Information	25/06/2022 10:19:46	Microsoft-Windows-Sysmon	3	Network connection detected (rule: NetworkConnect)	"Network connection detected:
RuleName: Sysmon_Event_3(NetworkConnect)
UtcTime: 2022-06-25 07:19:49.006
ProcessGuid: {df655c70-91fb-62b3-eb03-000000000000}
ProcessId: 4
Image: System
User: NT AUTHORITY\SYSTEM
Protocol: udp
Initiated: false
SourceIsIpv6: false
SourceIp: 169.254.255.255
SourceHostname: -
SourcePort: 138
SourcePortName: netbios-dgm
DestinationIsIpv6: false
DestinationIp: 169.254.9.4
DestinationHostname: LAPTOP-ROPR18AK
DestinationPort: 138
DestinationPortName: netbios-dgm"
Information	25/06/2022 10:19:46	Microsoft-Windows-Sysmon	3	Network connection detected (rule: NetworkConnect)	"Network connection detected:
RuleName: Sysmon_Event_3(NetworkConnect)
UtcTime: 2022-06-25 07:19:49.006
ProcessGuid: {df655c70-91fb-62b3-eb03-000000000000}
ProcessId: 4
Image: System
User: NT AUTHORITY\SYSTEM
Protocol: udp
Initiated: true
SourceIsIpv6: false
SourceIp: 169.254.9.4
SourceHostname: LAPTOP-ROPR18AK
SourcePort: 138
SourcePortName: netbios-dgm
DestinationIsIpv6: false
DestinationIp: 169.254.255.255
DestinationHostname: -
DestinationPort: 138
DestinationPortName: netbios-dgm"
Information	25/06/2022 10:19:46	Microsoft-Windows-Sysmon	3	Network connection detected (rule: NetworkConnect)	"Network connection detected:
RuleName: Sysmon_Event_3(NetworkConnect)
UtcTime: 2022-06-25 07:19:49.006
ProcessGuid: {df655c70-91fb-62b3-eb03-000000000000}
ProcessId: 4
Image: System
User: NT AUTHORITY\SYSTEM
Protocol: udp
Initiated: false
SourceIsIpv6: false
SourceIp: 192.168.128.255
SourceHostname: -
SourcePort: 138
SourcePortName: netbios-dgm
DestinationIsIpv6: false
DestinationIp: 192.168.128.102
DestinationHostname: LAPTOP-ROPR18AK
DestinationPort: 138
DestinationPortName: netbios-dgm"
Information	25/06/2022 10:19:46	Microsoft-Windows-Sysmon	3	Network connection detected (rule: NetworkConnect)	"Network connection detected:
RuleName: Sysmon_Event_3(NetworkConnect)
UtcTime: 2022-06-25 07:19:49.006
ProcessGuid: {df655c70-91fb-62b3-eb03-000000000000}
ProcessId: 4
Image: System
User: NT AUTHORITY\SYSTEM
Protocol: udp
Initiated: true
SourceIsIpv6: false
SourceIp: 192.168.128.102
SourceHostname: LAPTOP-ROPR18AK
SourcePort: 138
SourcePortName: netbios-dgm
DestinationIsIpv6: false
DestinationIp: 192.168.128.255
DestinationHostname: -
DestinationPort: 138
DestinationPortName: netbios-dgm"
Information	25/06/2022 10:19:46	Microsoft-Windows-Sysmon	3	Network connection detected (rule: NetworkConnect)	"Network connection detected:
RuleName: Sysmon_Event_3(NetworkConnect)
UtcTime: 2022-06-25 07:19:49.006
ProcessGuid: {df655c70-91fb-62b3-eb03-000000000000}
ProcessId: 4
Image: System
User: NT AUTHORITY\SYSTEM
Protocol: udp
Initiated: false
SourceIsIpv6: false
SourceIp: 169.254.255.255
SourceHostname: -
SourcePort: 138
SourcePortName: netbios-dgm
DestinationIsIpv6: false
DestinationIp: 169.254.250.108
DestinationHostname: LAPTOP-ROPR18AK
DestinationPort: 138
DestinationPortName: netbios-dgm"
Information	25/06/2022 10:19:46	Microsoft-Windows-Sysmon	3	Network connection detected (rule: NetworkConnect)	"Network connection detected:
RuleName: Sysmon_Event_3(NetworkConnect)
UtcTime: 2022-06-25 07:19:49.006
ProcessGuid: {df655c70-91fb-62b3-eb03-000000000000}
ProcessId: 4
Image: System
User: NT AUTHORITY\SYSTEM
Protocol: udp
Initiated: true
SourceIsIpv6: false
SourceIp: 169.254.250.108
SourceHostname: LAPTOP-ROPR18AK
SourcePort: 138
SourcePortName: netbios-dgm
DestinationIsIpv6: false
DestinationIp: 169.254.255.255
DestinationHostname: -
DestinationPort: 138
DestinationPortName: netbios-dgm"
Information	25/06/2022 10:19:46	Microsoft-Windows-Sysmon	3	Network connection detected (rule: NetworkConnect)	"Network connection detected:
RuleName: Sysmon_Event_3(NetworkConnect)
UtcTime: 2022-06-25 07:19:49.006
ProcessGuid: {df655c70-91fb-62b3-eb03-000000000000}
ProcessId: 4
Image: System
User: NT AUTHORITY\SYSTEM
Protocol: udp
Initiated: false
SourceIsIpv6: false
SourceIp: 192.168.156.255
SourceHostname: -
SourcePort: 138
SourcePortName: netbios-dgm
DestinationIsIpv6: false
DestinationIp: 192.168.156.105
DestinationHostname: LAPTOP-ROPR18AK
DestinationPort: 138
DestinationPortName: netbios-dgm"
Information	25/06/2022 10:19:46	Microsoft-Windows-Sysmon	3	Network connection detected (rule: NetworkConnect)	"Network connection detected:
RuleName: Sysmon_Event_3(NetworkConnect)
UtcTime: 2022-06-25 07:19:49.006
ProcessGuid: {df655c70-91fb-62b3-eb03-000000000000}
ProcessId: 4
Image: System
User: NT AUTHORITY\SYSTEM
Protocol: udp
Initiated: true
SourceIsIpv6: false
SourceIp: 192.168.156.105
SourceHostname: LAPTOP-ROPR18AK
SourcePort: 138
SourcePortName: netbios-dgm
DestinationIsIpv6: false
DestinationIp: 192.168.156.255
DestinationHostname: -
DestinationPort: 138
DestinationPortName: netbios-dgm"
Information	25/06/2022 10:19:46	Microsoft-Windows-Sysmon	3	Network connection detected (rule: NetworkConnect)	"Network connection detected:
RuleName: Sysmon_Event_3(NetworkConnect)
UtcTime: 2022-06-25 07:19:49.006
ProcessGuid: {df655c70-91fb-62b3-eb03-000000000000}
ProcessId: 4
Image: System
User: NT AUTHORITY\SYSTEM
Protocol: udp
Initiated: false
SourceIsIpv6: false
SourceIp: 192.168.76.255
SourceHostname: -
SourcePort: 138
SourcePortName: netbios-dgm
DestinationIsIpv6: false
DestinationIp: 192.168.76.2
DestinationHostname: LAPTOP-ROPR18AK
DestinationPort: 138
DestinationPortName: netbios-dgm"
Information	25/06/2022 10:19:46	Microsoft-Windows-Sysmon	3	Network connection detected (rule: NetworkConnect)	"Network connection detected:
RuleName: Sysmon_Event_3(NetworkConnect)
UtcTime: 2022-06-25 07:19:49.006
ProcessGuid: {df655c70-91fb-62b3-eb03-000000000000}
ProcessId: 4
Image: System
User: NT AUTHORITY\SYSTEM
Protocol: udp
Initiated: true
SourceIsIpv6: false
SourceIp: 192.168.76.2
SourceHostname: LAPTOP-ROPR18AK
SourcePort: 138
SourcePortName: netbios-dgm
DestinationIsIpv6: false
DestinationIp: 192.168.76.255
DestinationHostname: -
DestinationPort: 138
DestinationPortName: netbios-dgm"
Information	25/06/2022 10:19:46	Microsoft-Windows-Sysmon	3	Network connection detected (rule: NetworkConnect)	"Network connection detected:
RuleName: Sysmon_Event_3(NetworkConnect)
UtcTime: 2022-06-25 07:19:49.006
ProcessGuid: {df655c70-91fb-62b3-eb03-000000000000}
ProcessId: 4
Image: System
User: NT AUTHORITY\SYSTEM
Protocol: udp
Initiated: false
SourceIsIpv6: false
SourceIp: 169.254.255.255
SourceHostname: -
SourcePort: 138
SourcePortName: netbios-dgm
DestinationIsIpv6: false
DestinationIp: 169.254.142.2
DestinationHostname: LAPTOP-ROPR18AK
DestinationPort: 138
DestinationPortName: netbios-dgm"
Information	25/06/2022 10:19:46	Microsoft-Windows-Sysmon	3	Network connection detected (rule: NetworkConnect)	"Network connection detected:
RuleName: Sysmon_Event_3(NetworkConnect)
UtcTime: 2022-06-25 07:19:49.006
ProcessGuid: {df655c70-91fb-62b3-eb03-000000000000}
ProcessId: 4
Image: System
User: NT AUTHORITY\SYSTEM
Protocol: udp
Initiated: true
SourceIsIpv6: false
SourceIp: 169.254.142.2
SourceHostname: LAPTOP-ROPR18AK
SourcePort: 138
SourcePortName: netbios-dgm
DestinationIsIpv6: false
DestinationIp: 169.254.255.255
DestinationHostname: -
DestinationPort: 138
DestinationPortName: netbios-dgm"
Information	25/06/2022 10:19:46	Microsoft-Windows-Sysmon	3	Network connection detected (rule: NetworkConnect)	"Network connection detected:
RuleName: Sysmon_Event_3(NetworkConnect)
UtcTime: 2022-06-25 07:19:49.006
ProcessGuid: {df655c70-91fb-62b3-eb03-000000000000}
ProcessId: 4
Image: System
User: NT AUTHORITY\SYSTEM
Protocol: udp
Initiated: false
SourceIsIpv6: false
SourceIp: 192.168.229.255
SourceHostname: -
SourcePort: 138
SourcePortName: netbios-dgm
DestinationIsIpv6: false
DestinationIp: 192.168.229.2
DestinationHostname: LAPTOP-ROPR18AK
DestinationPort: 138
DestinationPortName: netbios-dgm"
Information	25/06/2022 10:19:46	Microsoft-Windows-Sysmon	3	Network connection detected (rule: NetworkConnect)	"Network connection detected:
RuleName: Sysmon_Event_3(NetworkConnect)
UtcTime: 2022-06-25 07:19:49.006
ProcessGuid: {df655c70-91fb-62b3-eb03-000000000000}
ProcessId: 4
Image: System
User: NT AUTHORITY\SYSTEM
Protocol: udp
Initiated: true
SourceIsIpv6: false
SourceIp: 192.168.229.2
SourceHostname: LAPTOP-ROPR18AK
SourcePort: 138
SourcePortName: netbios-dgm
DestinationIsIpv6: false
DestinationIp: 192.168.229.255
DestinationHostname: -
DestinationPort: 138
DestinationPortName: netbios-dgm"
Information	25/06/2022 10:19:46	Microsoft-Windows-Sysmon	3	Network connection detected (rule: NetworkConnect)	"Network connection detected:
RuleName: Sysmon_Event_3(NetworkConnect)
UtcTime: 2022-06-25 07:19:49.006
ProcessGuid: {df655c70-91fb-62b3-eb03-000000000000}
ProcessId: 4
Image: System
User: NT AUTHORITY\SYSTEM
Protocol: udp
Initiated: false
SourceIsIpv6: false
SourceIp: 192.168.16.255
SourceHostname: -
SourcePort: 138
SourcePortName: netbios-dgm
DestinationIsIpv6: false
DestinationIp: 192.168.16.2
DestinationHostname: LAPTOP-ROPR18AK
DestinationPort: 138
DestinationPortName: netbios-dgm"
Information	25/06/2022 10:19:46	Microsoft-Windows-Sysmon	3	Network connection detected (rule: NetworkConnect)	"Network connection detected:
RuleName: Sysmon_Event_3(NetworkConnect)
UtcTime: 2022-06-25 07:19:49.006
ProcessGuid: {df655c70-91fb-62b3-eb03-000000000000}
ProcessId: 4
Image: System
User: NT AUTHORITY\SYSTEM
Protocol: udp
Initiated: true
SourceIsIpv6: false
SourceIp: 192.168.16.2
SourceHostname: LAPTOP-ROPR18AK
SourcePort: 138
SourcePortName: netbios-dgm
DestinationIsIpv6: false
DestinationIp: 192.168.16.255
DestinationHostname: -
DestinationPort: 138
DestinationPortName: netbios-dgm"
Information	25/06/2022 10:19:46	Microsoft-Windows-Sysmon	3	Network connection detected (rule: NetworkConnect)	"Network connection detected:
RuleName: Sysmon_Event_3(NetworkConnect)
UtcTime: 2022-06-25 07:19:49.005
ProcessGuid: {df655c70-91fb-62b3-eb03-000000000000}
ProcessId: 4
Image: System
User: NT AUTHORITY\SYSTEM
Protocol: udp
Initiated: false
SourceIsIpv6: false
SourceIp: 169.254.255.255
SourceHostname: -
SourcePort: 138
SourcePortName: netbios-dgm
DestinationIsIpv6: false
DestinationIp: 169.254.138.2
DestinationHostname: LAPTOP-ROPR18AK
DestinationPort: 138
DestinationPortName: netbios-dgm"
Information	25/06/2022 10:19:46	Microsoft-Windows-Sysmon	3	Network connection detected (rule: NetworkConnect)	"Network connection detected:
RuleName: Sysmon_Event_3(NetworkConnect)
UtcTime: 2022-06-25 07:19:49.005
ProcessGuid: {df655c70-91fb-62b3-eb03-000000000000}
ProcessId: 4
Image: System
User: NT AUTHORITY\SYSTEM
Protocol: udp
Initiated: true
SourceIsIpv6: false
SourceIp: 169.254.138.2
SourceHostname: LAPTOP-ROPR18AK
SourcePort: 138
SourcePortName: netbios-dgm
DestinationIsIpv6: false
DestinationIp: 169.254.255.255
DestinationHostname: -
DestinationPort: 138
DestinationPortName: netbios-dgm"
Information	25/06/2022 10:19:46	Microsoft-Windows-Sysmon	3	Network connection detected (rule: NetworkConnect)	"Network connection detected:
RuleName: Sysmon_Event_3(NetworkConnect)
UtcTime: 2022-06-25 07:19:49.005
ProcessGuid: {df655c70-91fb-62b3-eb03-000000000000}
ProcessId: 4
Image: System
User: NT AUTHORITY\SYSTEM
Protocol: udp
Initiated: false
SourceIsIpv6: false
SourceIp: 192.168.214.255
SourceHostname: -
SourcePort: 138
SourcePortName: netbios-dgm
DestinationIsIpv6: false
DestinationIp: 192.168.214.2
DestinationHostname: LAPTOP-ROPR18AK
DestinationPort: 138
DestinationPortName: netbios-dgm"
Information	25/06/2022 10:19:46	Microsoft-Windows-Sysmon	3	Network connection detected (rule: NetworkConnect)	"Network connection detected:
RuleName: Sysmon_Event_3(NetworkConnect)
UtcTime: 2022-06-25 07:19:49.005
ProcessGuid: {df655c70-91fb-62b3-eb03-000000000000}
ProcessId: 4
Image: System
User: NT AUTHORITY\SYSTEM
Protocol: udp
Initiated: true
SourceIsIpv6: false
SourceIp: 192.168.214.2
SourceHostname: LAPTOP-ROPR18AK
SourcePort: 138
SourcePortName: netbios-dgm
DestinationIsIpv6: false
DestinationIp: 192.168.214.255
DestinationHostname: -
DestinationPort: 138
DestinationPortName: netbios-dgm"
Information	25/06/2022 10:19:46	Microsoft-Windows-Sysmon	3	Network connection detected (rule: NetworkConnect)	"Network connection detected:
RuleName: Sysmon_Event_3(NetworkConnect)
UtcTime: 2022-06-25 07:19:49.005
ProcessGuid: {df655c70-91fb-62b3-eb03-000000000000}
ProcessId: 4
Image: System
User: NT AUTHORITY\SYSTEM
Protocol: udp
Initiated: false
SourceIsIpv6: false
SourceIp: 169.254.255.255
SourceHostname: -
SourcePort: 138
SourcePortName: netbios-dgm
DestinationIsIpv6: false
DestinationIp: 169.254.43.26
DestinationHostname: LAPTOP-ROPR18AK
DestinationPort: 138
DestinationPortName: netbios-dgm"
Information	25/06/2022 10:19:46	Microsoft-Windows-Sysmon	3	Network connection detected (rule: NetworkConnect)	"Network connection detected:
RuleName: Sysmon_Event_3(NetworkConnect)
UtcTime: 2022-06-25 07:19:49.005
ProcessGuid: {df655c70-91fb-62b3-eb03-000000000000}
ProcessId: 4
Image: System
User: NT AUTHORITY\SYSTEM
Protocol: udp
Initiated: true
SourceIsIpv6: false
SourceIp: 169.254.43.26
SourceHostname: LAPTOP-ROPR18AK
SourcePort: 138
SourcePortName: netbios-dgm
DestinationIsIpv6: false
DestinationIp: 169.254.255.255
DestinationHostname: -
DestinationPort: 138
DestinationPortName: netbios-dgm"
Information	25/06/2022 10:19:46	Microsoft-Windows-Sysmon	3	Network connection detected (rule: NetworkConnect)	"Network connection detected:
RuleName: Sysmon_Event_3(NetworkConnect)
UtcTime: 2022-06-25 07:19:49.005
ProcessGuid: {df655c70-91fb-62b3-eb03-000000000000}
ProcessId: 4
Image: System
User: NT AUTHORITY\SYSTEM
Protocol: udp
Initiated: false
SourceIsIpv6: false
SourceIp: 169.254.255.255
SourceHostname: -
SourcePort: 138
SourcePortName: netbios-dgm
DestinationIsIpv6: false
DestinationIp: 169.254.45.171
DestinationHostname: LAPTOP-ROPR18AK
DestinationPort: 138
DestinationPortName: netbios-dgm"
Information	25/06/2022 10:19:46	Microsoft-Windows-Sysmon	3	Network connection detected (rule: NetworkConnect)	"Network connection detected:
RuleName: Sysmon_Event_3(NetworkConnect)
UtcTime: 2022-06-25 07:19:49.005
ProcessGuid: {df655c70-91fb-62b3-eb03-000000000000}
ProcessId: 4
Image: System
User: NT AUTHORITY\SYSTEM
Protocol: udp
Initiated: true
SourceIsIpv6: false
SourceIp: 169.254.45.171
SourceHostname: LAPTOP-ROPR18AK
SourcePort: 138
SourcePortName: netbios-dgm
DestinationIsIpv6: false
DestinationIp: 169.254.255.255
DestinationHostname: -
DestinationPort: 138
DestinationPortName: netbios-dgm"
Information	25/06/2022 10:19:46	Microsoft-Windows-Sysmon	3	Network connection detected (rule: NetworkConnect)	"Network connection detected:
RuleName: Sysmon_Event_3(NetworkConnect)
UtcTime: 2022-06-25 07:19:49.005
ProcessGuid: {df655c70-91fb-62b3-eb03-000000000000}
ProcessId: 4
Image: System
User: NT AUTHORITY\SYSTEM
Protocol: udp
Initiated: false
SourceIsIpv6: false
SourceIp: 192.168.98.255
SourceHostname: -
SourcePort: 138
SourcePortName: netbios-dgm
DestinationIsIpv6: false
DestinationIp: 192.168.98.2
DestinationHostname: LAPTOP-ROPR18AK
DestinationPort: 138
DestinationPortName: netbios-dgm"
Information	25/06/2022 10:19:46	Microsoft-Windows-Sysmon	3	Network connection detected (rule: NetworkConnect)	"Network connection detected:
RuleName: Sysmon_Event_3(NetworkConnect)
UtcTime: 2022-06-25 07:19:49.005
ProcessGuid: {df655c70-91fb-62b3-eb03-000000000000}
ProcessId: 4
Image: System
User: NT AUTHORITY\SYSTEM
Protocol: udp
Initiated: true
SourceIsIpv6: false
SourceIp: 192.168.98.2
SourceHostname: LAPTOP-ROPR18AK
SourcePort: 138
SourcePortName: netbios-dgm
DestinationIsIpv6: false
DestinationIp: 192.168.98.255
DestinationHostname: -
DestinationPort: 138
DestinationPortName: netbios-dgm"
Information	25/06/2022 10:19:46	Microsoft-Windows-Sysmon	3	Network connection detected (rule: NetworkConnect)	"Network connection detected:
RuleName: Sysmon_Event_3(NetworkConnect)
UtcTime: 2022-06-25 07:19:49.005
ProcessGuid: {df655c70-91fb-62b3-eb03-000000000000}
ProcessId: 4
Image: System
User: NT AUTHORITY\SYSTEM
Protocol: udp
Initiated: false
SourceIsIpv6: false
SourceIp: 169.254.255.255
SourceHostname: -
SourcePort: 138
SourcePortName: netbios-dgm
DestinationIsIpv6: false
DestinationIp: 169.254.219.4
DestinationHostname: LAPTOP-ROPR18AK
DestinationPort: 138
DestinationPortName: netbios-dgm"
Information	25/06/2022 10:19:46	Microsoft-Windows-Sysmon	3	Network connection detected (rule: NetworkConnect)	"Network connection detected:
RuleName: Sysmon_Event_3(NetworkConnect)
UtcTime: 2022-06-25 07:19:49.005
ProcessGuid: {df655c70-91fb-62b3-eb03-000000000000}
ProcessId: 4
Image: System
User: NT AUTHORITY\SYSTEM
Protocol: udp
Initiated: true
SourceIsIpv6: false
SourceIp: 169.254.219.4
SourceHostname: LAPTOP-ROPR18AK
SourcePort: 138
SourcePortName: netbios-dgm
DestinationIsIpv6: false
DestinationIp: 169.254.255.255
DestinationHostname: -
DestinationPort: 138
DestinationPortName: netbios-dgm"
Information	25/06/2022 10:19:46	Microsoft-Windows-Sysmon	3	Network connection detected (rule: NetworkConnect)	"Network connection detected:
RuleName: Sysmon_Event_3(NetworkConnect)
UtcTime: 2022-06-25 07:19:49.004
ProcessGuid: {df655c70-91fb-62b3-eb03-000000000000}
ProcessId: 4
Image: System
User: NT AUTHORITY\SYSTEM
Protocol: udp
Initiated: false
SourceIsIpv6: false
SourceIp: 169.254.255.255
SourceHostname: -
SourcePort: 138
SourcePortName: netbios-dgm
DestinationIsIpv6: false
DestinationIp: 169.254.97.182
DestinationHostname: LAPTOP-ROPR18AK
DestinationPort: 138
DestinationPortName: netbios-dgm"
Information	25/06/2022 10:19:46	Microsoft-Windows-Sysmon	3	Network connection detected (rule: NetworkConnect)	"Network connection detected:
RuleName: Sysmon_Event_3(NetworkConnect)
UtcTime: 2022-06-25 07:19:49.004
ProcessGuid: {df655c70-91fb-62b3-eb03-000000000000}
ProcessId: 4
Image: System
User: NT AUTHORITY\SYSTEM
Protocol: udp
Initiated: true
SourceIsIpv6: false
SourceIp: 169.254.97.182
SourceHostname: LAPTOP-ROPR18AK
SourcePort: 138
SourcePortName: netbios-dgm
DestinationIsIpv6: false
DestinationIp: 169.254.255.255
DestinationHostname: -
DestinationPort: 138
DestinationPortName: netbios-dgm"
Information	25/06/2022 10:19:46	Microsoft-Windows-Sysmon	3	Network connection detected (rule: NetworkConnect)	"Network connection detected:
RuleName: Sysmon_Event_3(NetworkConnect)
UtcTime: 2022-06-25 07:19:49.004
ProcessGuid: {df655c70-91fb-62b3-eb03-000000000000}
ProcessId: 4
Image: System
User: NT AUTHORITY\SYSTEM
Protocol: udp
Initiated: false
SourceIsIpv6: false
SourceIp: 169.254.255.255
SourceHostname: -
SourcePort: 138
SourcePortName: netbios-dgm
DestinationIsIpv6: false
DestinationIp: 169.254.30.169
DestinationHostname: LAPTOP-ROPR18AK
DestinationPort: 138
DestinationPortName: netbios-dgm"
Information	25/06/2022 10:19:46	Microsoft-Windows-Sysmon	3	Network connection detected (rule: NetworkConnect)	"Network connection detected:
RuleName: Sysmon_Event_3(NetworkConnect)
UtcTime: 2022-06-25 07:19:49.004
ProcessGuid: {df655c70-91fb-62b3-eb03-000000000000}
ProcessId: 4
Image: System
User: NT AUTHORITY\SYSTEM
Protocol: udp
Initiated: true
SourceIsIpv6: false
SourceIp: 169.254.30.169
SourceHostname: LAPTOP-ROPR18AK
SourcePort: 138
SourcePortName: netbios-dgm
DestinationIsIpv6: false
DestinationIp: 169.254.255.255
DestinationHostname: -
DestinationPort: 138
DestinationPortName: netbios-dgm"
Information	25/06/2022 10:19:46	Microsoft-Windows-Sysmon	3	Network connection detected (rule: NetworkConnect)	"Network connection detected:
RuleName: Sysmon_Event_3(NetworkConnect)
UtcTime: 2022-06-25 07:19:49.004
ProcessGuid: {df655c70-91fb-62b3-eb03-000000000000}
ProcessId: 4
Image: System
User: NT AUTHORITY\SYSTEM
Protocol: udp
Initiated: false
SourceIsIpv6: false
SourceIp: 192.168.179.255
SourceHostname: -
SourcePort: 138
SourcePortName: netbios-dgm
DestinationIsIpv6: false
DestinationIp: 192.168.179.2
DestinationHostname: LAPTOP-ROPR18AK
DestinationPort: 138
DestinationPortName: netbios-dgm"
Information	25/06/2022 10:19:46	Microsoft-Windows-Sysmon	3	Network connection detected (rule: NetworkConnect)	"Network connection detected:
RuleName: Sysmon_Event_3(NetworkConnect)
UtcTime: 2022-06-25 07:19:49.004
ProcessGuid: {df655c70-91fb-62b3-eb03-000000000000}
ProcessId: 4
Image: System
User: NT AUTHORITY\SYSTEM
Protocol: udp
Initiated: true
SourceIsIpv6: false
SourceIp: 192.168.179.2
SourceHostname: LAPTOP-ROPR18AK
SourcePort: 138
SourcePortName: netbios-dgm
DestinationIsIpv6: false
DestinationIp: 192.168.179.255
DestinationHostname: -
DestinationPort: 138
DestinationPortName: netbios-dgm"
Information	25/06/2022 10:19:46	Microsoft-Windows-Sysmon	3	Network connection detected (rule: NetworkConnect)	"Network connection detected:
RuleName: Sysmon_Event_3(NetworkConnect)
UtcTime: 2022-06-25 07:19:49.004
ProcessGuid: {df655c70-91fb-62b3-eb03-000000000000}
ProcessId: 4
Image: System
User: NT AUTHORITY\SYSTEM
Protocol: udp
Initiated: false
SourceIsIpv6: false
SourceIp: 192.168.1.255
SourceHostname: -
SourcePort: 138
SourcePortName: netbios-dgm
DestinationIsIpv6: false
DestinationIp: 192.168.1.5
DestinationHostname: iphonechristos
DestinationPort: 138
DestinationPortName: netbios-dgm"
Information	25/06/2022 10:19:46	Microsoft-Windows-Sysmon	3	Network connection detected (rule: NetworkConnect)	"Network connection detected:
RuleName: Sysmon_Event_3(NetworkConnect)
UtcTime: 2022-06-25 07:19:49.004
ProcessGuid: {df655c70-91fb-62b3-eb03-000000000000}
ProcessId: 4
Image: System
User: NT AUTHORITY\SYSTEM
Protocol: udp
Initiated: true
SourceIsIpv6: false
SourceIp: 192.168.1.5
SourceHostname: iphonechristos
SourcePort: 138
SourcePortName: netbios-dgm
DestinationIsIpv6: false
DestinationIp: 192.168.1.255
DestinationHostname: -
DestinationPort: 138
DestinationPortName: netbios-dgm"
Information	25/06/2022 10:19:46	Microsoft-Windows-Sysmon	3	Network connection detected (rule: NetworkConnect)	"Network connection detected:
RuleName: Sysmon_Event_3(NetworkConnect)
UtcTime: 2022-06-25 07:19:49.004
ProcessGuid: {df655c70-91fb-62b3-eb03-000000000000}
ProcessId: 4
Image: System
User: NT AUTHORITY\SYSTEM
Protocol: udp
Initiated: false
SourceIsIpv6: false
SourceIp: 169.254.255.255
SourceHostname: -
SourcePort: 138
SourcePortName: netbios-dgm
DestinationIsIpv6: false
DestinationIp: 169.254.50.19
DestinationHostname: LAPTOP-ROPR18AK
DestinationPort: 138
DestinationPortName: netbios-dgm"
Information	25/06/2022 10:19:46	Microsoft-Windows-Sysmon	3	Network connection detected (rule: NetworkConnect)	"Network connection detected:
RuleName: Sysmon_Event_3(NetworkConnect)
UtcTime: 2022-06-25 07:19:49.004
ProcessGuid: {df655c70-91fb-62b3-eb03-000000000000}
ProcessId: 4
Image: System
User: NT AUTHORITY\SYSTEM
Protocol: udp
Initiated: true
SourceIsIpv6: false
SourceIp: 169.254.50.19
SourceHostname: LAPTOP-ROPR18AK
SourcePort: 138
SourcePortName: netbios-dgm
DestinationIsIpv6: false
DestinationIp: 169.254.255.255
DestinationHostname: -
DestinationPort: 138
DestinationPortName: netbios-dgm"
Information	25/06/2022 10:17:49	Microsoft-Windows-Sysmon	3	Network connection detected (rule: NetworkConnect)	"Network connection detected:
RuleName: Sysmon_Event_3(NetworkConnect)
UtcTime: 2022-06-25 07:17:50.960
ProcessGuid: {df655c70-91fb-62b3-eb03-000000000000}
ProcessId: 4
Image: System
User: NT AUTHORITY\SYSTEM
Protocol: udp
Initiated: false
SourceIsIpv6: false
SourceIp: 192.168.1.255
SourceHostname: -
SourcePort: 137
SourcePortName: netbios-ns
DestinationIsIpv6: false
DestinationIp: 192.168.1.22
DestinationHostname: -
DestinationPort: 137
DestinationPortName: netbios-ns"
Information	25/06/2022 10:15:41	Microsoft-Windows-Sysmon	3	Network connection detected (rule: NetworkConnect)	"Network connection detected:
RuleName: Sysmon_Event_3(NetworkConnect)
UtcTime: 2022-06-25 07:15:44.007
ProcessGuid: {df655c70-91fb-62b3-eb03-000000000000}
ProcessId: 4
Image: System
User: NT AUTHORITY\SYSTEM
Protocol: udp
Initiated: true
SourceIsIpv6: false
SourceIp: 192.168.1.5
SourceHostname: iphonechristos
SourcePort: 137
SourcePortName: netbios-ns
DestinationIsIpv6: false
DestinationIp: 52.184.217.37
DestinationHostname: -
DestinationPort: 137
DestinationPortName: netbios-ns"
Information	25/06/2022 10:10:33	Microsoft-Windows-Sysmon	3	Network connection detected (rule: NetworkConnect)	"Network connection detected:
RuleName: Sysmon_Event_3(NetworkConnect)
UtcTime: 2022-06-25 07:10:35.426
ProcessGuid: {df655c70-91fb-62b3-eb03-000000000000}
ProcessId: 4
Image: System
User: NT AUTHORITY\SYSTEM
Protocol: udp
Initiated: true
SourceIsIpv6: false
SourceIp: 192.168.1.5
SourceHostname: iphonechristos
SourcePort: 137
SourcePortName: netbios-ns
DestinationIsIpv6: false
DestinationIp: 192.168.1.1
DestinationHostname: -
DestinationPort: 137
DestinationPortName: netbios-ns"
Information	25/06/2022 10:09:58	Microsoft-Windows-Sysmon	3	Network connection detected (rule: NetworkConnect)	"Network connection detected:
RuleName: Sysmon_Event_3(NetworkConnect)
UtcTime: 2022-06-25 07:10:00.512
ProcessGuid: {df655c70-91fb-62b3-eb03-000000000000}
ProcessId: 4
Image: System
User: NT AUTHORITY\SYSTEM
Protocol: udp
Initiated: true
SourceIsIpv6: false
SourceIp: 192.168.1.5
SourceHostname: iphonechristos
SourcePort: 137
SourcePortName: netbios-ns
DestinationIsIpv6: false
DestinationIp: 104.208.16.89
DestinationHostname: -
DestinationPort: 137
DestinationPortName: netbios-ns"
Information	25/06/2022 10:04:13	Microsoft-Windows-Sysmon	5	Process terminated (rule: ProcessTerminate)	"Process terminated:
RuleName: C:\Users
UtcTime: 2022-06-25 07:04:13.938
ProcessGuid: {df655c70-b363-62b6-be15-000000005101}
ProcessId: 7496
Image: C:\Users\chrsm\AppData\Local\Temp\6456159E-CC8C-4886-BAE6-8D63EEEB7E75\DismHost.exe
User: LAPTOP-ROPR18AK\chrsm"
Information	25/06/2022 10:04:06	Microsoft-Windows-Sysmon	3	Network connection detected (rule: NetworkConnect)	"Network connection detected:
RuleName: Sysmon_Event_3(NetworkConnect)
UtcTime: 2022-06-25 07:04:09.011
ProcessGuid: {df655c70-91fb-62b3-eb03-000000000000}
ProcessId: 4
Image: System
User: NT AUTHORITY\SYSTEM
Protocol: udp
Initiated: true
SourceIsIpv6: false
SourceIp: 192.168.1.5
SourceHostname: iphonechristos
SourcePort: 137
SourcePortName: netbios-ns
DestinationIsIpv6: false
DestinationIp: 20.101.57.9
DestinationHostname: -
DestinationPort: 137
DestinationPortName: netbios-ns"
Information	25/06/2022 10:04:01	Microsoft-Windows-Sysmon	5	Process terminated (rule: ProcessTerminate)	"Process terminated:
RuleName: sc Execution
UtcTime: 2022-06-25 07:04:01.006
ProcessGuid: {df655c70-b360-62b6-7f15-000000005101}
ProcessId: 3948
Image: C:\Windows\System32\sc.exe
User: NT AUTHORITY\LOCAL SERVICE"
Information	25/06/2022 10:02:05	Microsoft-Windows-Sysmon	3	Network connection detected (rule: NetworkConnect)	"Network connection detected:
RuleName: Sysmon_Event_3(NetworkConnect)
UtcTime: 2022-06-25 07:02:07.817
ProcessGuid: {df655c70-91fb-62b3-eb03-000000000000}
ProcessId: 4
Image: System
User: NT AUTHORITY\SYSTEM
Protocol: udp
Initiated: true
SourceIsIpv6: false
SourceIp: 192.168.1.5
SourceHostname: iphonechristos
SourcePort: 137
SourcePortName: netbios-ns
DestinationIsIpv6: false
DestinationIp: 20.50.80.210
DestinationHostname: -
DestinationPort: 137
DestinationPortName: netbios-ns"
Information	25/06/2022 10:00:08	Microsoft-Windows-Sysmon	3	Network connection detected (rule: NetworkConnect)	"Network connection detected:
RuleName: Sysmon_Event_3(NetworkConnect)
UtcTime: 2022-06-25 07:00:10.588
ProcessGuid: {df655c70-91fb-62b3-eb03-000000000000}
ProcessId: 4
Image: System
User: NT AUTHORITY\SYSTEM
Protocol: udp
Initiated: true
SourceIsIpv6: false
SourceIp: 192.168.1.5
SourceHostname: iphonechristos
SourcePort: 137
SourcePortName: netbios-ns
DestinationIsIpv6: false
DestinationIp: 8.241.78.252
DestinationHostname: -
DestinationPort: 137
DestinationPortName: netbios-ns"
Information	25/06/2022 10:00:08	Microsoft-Windows-Sysmon	5	Process terminated (rule: ProcessTerminate)	"Process terminated:
RuleName: C:\Users
UtcTime: 2022-06-25 07:00:08.340
ProcessGuid: {df655c70-b273-62b6-5215-000000005101}
ProcessId: 6972
Image: C:\Users\chrsm\AppData\Local\Programs\Opera\launcher.exe
User: LAPTOP-ROPR18AK\chrsm"
Information	25/06/2022 10:00:08	Microsoft-Windows-Sysmon	5	Process terminated (rule: ProcessTerminate)	"Process terminated:
RuleName: C:\Users
UtcTime: 2022-06-25 07:00:08.339
ProcessGuid: {df655c70-b273-62b6-5615-000000005101}
ProcessId: 2256
Image: C:\Users\chrsm\AppData\Local\Programs\Opera\87.0.4390.45\opera_autoupdate.exe
User: LAPTOP-ROPR18AK\chrsm"
Information	25/06/2022 10:00:08	Microsoft-Windows-Sysmon	5	Process terminated (rule: ProcessTerminate)	"Process terminated:
RuleName: C:\Users
UtcTime: 2022-06-25 07:00:08.334
ProcessGuid: {df655c70-b273-62b6-5515-000000005101}
ProcessId: 1648
Image: C:\Users\chrsm\AppData\Local\Programs\Opera\87.0.4390.45\opera_autoupdate.exe
User: LAPTOP-ROPR18AK\chrsm"
Information	25/06/2022 10:00:03	Microsoft-Windows-Sysmon	5	Process terminated (rule: ProcessTerminate)	"Process terminated:
RuleName: C:\Users
UtcTime: 2022-06-25 07:00:03.347
ProcessGuid: {df655c70-b273-62b6-5415-000000005101}
ProcessId: 6980
Image: C:\Users\chrsm\AppData\Local\Temp\.opera\8408E7AB7347\installer.exe
User: LAPTOP-ROPR18AK\chrsm"
Information	25/06/2022 09:58:31	Microsoft-Windows-Sysmon	5	Process terminated (rule: ProcessTerminate)	"Process terminated:
RuleName: C:\ProgramData
UtcTime: 2022-06-25 06:58:31.865
ProcessGuid: {df655c70-b14b-62b6-bd14-000000005101}
ProcessId: 10936
Image: C:\ProgramData\Microsoft\Windows Defender\Platform\4.18.2203.5-0\MpCmdRun.exe
User: NT AUTHORITY\NETWORK SERVICE"
Information	25/06/2022 09:57:56	Microsoft-Windows-Sysmon	3	Network connection detected (rule: NetworkConnect)	"Network connection detected:
RuleName: Sysmon_Event_3(NetworkConnect)
UtcTime: 2022-06-25 06:57:59.128
ProcessGuid: {df655c70-91fb-62b3-eb03-000000000000}
ProcessId: 4
Image: System
User: NT AUTHORITY\SYSTEM
Protocol: udp
Initiated: true
SourceIsIpv6: false
SourceIp: 192.168.1.5
SourceHostname: iphonechristos
SourcePort: 137
SourcePortName: netbios-ns
DestinationIsIpv6: false
DestinationIp: 52.167.85.21
DestinationHostname: -
DestinationPort: 137
DestinationPortName: netbios-ns"
Information	25/06/2022 09:57:48	Microsoft-Windows-Sysmon	5	Process terminated (rule: ProcessTerminate)	"Process terminated:
RuleName: C:\Users
UtcTime: 2022-06-25 06:57:48.494
ProcessGuid: {df655c70-b156-62b6-d214-000000005101}
ProcessId: 23196
Image: C:\Users\chrsm\AppData\Local\Microsoft\Teams\current\Teams.exe
User: LAPTOP-ROPR18AK\chrsm"
Information	25/06/2022 09:57:48	Microsoft-Windows-Sysmon	5	Process terminated (rule: ProcessTerminate)	"Process terminated:
RuleName: C:\Users
UtcTime: 2022-06-25 06:57:48.462
ProcessGuid: {df655c70-b156-62b6-d414-000000005101}
ProcessId: 24100
Image: C:\Users\chrsm\AppData\Local\Microsoft\Teams\current\Teams.exe
User: LAPTOP-ROPR18AK\chrsm"
Information	25/06/2022 09:57:48	Microsoft-Windows-Sysmon	5	Process terminated (rule: ProcessTerminate)	"Process terminated:
RuleName: C:\Users
UtcTime: 2022-06-25 06:57:48.462
ProcessGuid: {df655c70-b157-62b6-d914-000000005101}
ProcessId: 12540
Image: C:\Users\chrsm\AppData\Local\Microsoft\Teams\current\Teams.exe
User: LAPTOP-ROPR18AK\chrsm"
Information	25/06/2022 09:57:48	Microsoft-Windows-Sysmon	5	Process terminated (rule: ProcessTerminate)	"Process terminated:
RuleName: C:\Users
UtcTime: 2022-06-25 06:57:48.456
ProcessGuid: {df655c70-b157-62b6-d514-000000005101}
ProcessId: 880
Image: C:\Users\chrsm\AppData\Local\Microsoft\Teams\current\Teams.exe
User: LAPTOP-ROPR18AK\chrsm"
Information	25/06/2022 09:57:48	Microsoft-Windows-Sysmon	5	Process terminated (rule: ProcessTerminate)	"Process terminated:
RuleName: C:\Users
UtcTime: 2022-06-25 06:57:48.435
ProcessGuid: {df655c70-b157-62b6-d714-000000005101}
ProcessId: 21444
Image: C:\Users\chrsm\AppData\Local\Microsoft\Teams\current\Teams.exe
User: LAPTOP-ROPR18AK\chrsm"
Information	25/06/2022 09:57:48	Microsoft-Windows-Sysmon	5	Process terminated (rule: ProcessTerminate)	"Process terminated:
RuleName: C:\Users
UtcTime: 2022-06-25 06:57:48.064
ProcessGuid: {df655c70-b157-62b6-da14-000000005101}
ProcessId: 15760
Image: C:\Users\chrsm\AppData\Local\Microsoft\Teams\current\Teams.exe
User: LAPTOP-ROPR18AK\chrsm"
Information	25/06/2022 09:57:48	Microsoft-Windows-Sysmon	5	Process terminated (rule: ProcessTerminate)	"Process terminated:
RuleName: C:\Users
UtcTime: 2022-06-25 06:57:48.063
ProcessGuid: {df655c70-b158-62b6-db14-000000005101}
ProcessId: 3316
Image: C:\Users\chrsm\AppData\Local\Microsoft\Teams\current\Teams.exe
User: LAPTOP-ROPR18AK\chrsm"
Information	25/06/2022 09:57:28	Microsoft-Windows-Sysmon	5	Process terminated (rule: ProcessTerminate)	"Process terminated:
RuleName: C:\Users
UtcTime: 2022-06-25 06:57:28.076
ProcessGuid: {df655c70-b1d7-62b6-3115-000000005101}
ProcessId: 21600
Image: C:\Users\chrsm\AppData\Local\slack\app-4.26.2\slack.exe
User: LAPTOP-ROPR18AK\chrsm"
Information	25/06/2022 09:57:19	Microsoft-Windows-Sysmon	5	Process terminated (rule: ProcessTerminate)	"Process terminated:
RuleName: C:\Users
UtcTime: 2022-06-25 06:57:19.157
ProcessGuid: {df655c70-b1ce-62b6-2e15-000000005101}
ProcessId: 14108
Image: C:\Users\chrsm\AppData\Local\Microsoft\Teams\current\Teams.exe
User: LAPTOP-ROPR18AK\chrsm"
Information	25/06/2022 09:56:49	Microsoft-Windows-Sysmon	5	Process terminated (rule: ProcessTerminate)	"Process terminated:
RuleName: C:\Users
UtcTime: 2022-06-25 06:56:49.967
ProcessGuid: {df655c70-b157-62b6-d614-000000005101}
ProcessId: 1328
Image: C:\Users\chrsm\AppData\Local\Microsoft\Teams\current\Teams.exe
User: LAPTOP-ROPR18AK\chrsm"
Information	25/06/2022 09:56:09	Microsoft-Windows-Sysmon	5	Process terminated (rule: ProcessTerminate)	"Process terminated:
RuleName: C:\ProgramData
UtcTime: 2022-06-25 06:56:09.684
ProcessGuid: {df655c70-b186-62b6-2315-000000005101}
ProcessId: 12624
Image: C:\ProgramData\Microsoft\Windows Defender\Platform\4.18.2203.5-0\MpCmdRun.exe
User: NT AUTHORITY\SYSTEM"
Information	25/06/2022 09:56:07	Microsoft-Windows-Sysmon	5	Process terminated (rule: ProcessTerminate)	"Process terminated:
RuleName: C:\ProgramData
UtcTime: 2022-06-25 06:56:07.391
ProcessGuid: {df655c70-b148-62b6-8a14-000000005101}
ProcessId: 9060
Image: C:\ProgramData\Microsoft\Windows Defender\Platform\4.18.2203.5-0\MsMpEng.exe
User: NT AUTHORITY\SYSTEM"
Information	25/06/2022 09:56:07	Microsoft-Windows-Sysmon	5	Process terminated (rule: ProcessTerminate)	"Process terminated:
RuleName: C:\ProgramData
UtcTime: 2022-06-25 06:56:07.232
ProcessGuid: {df655c70-b14b-62b6-be14-000000005101}
ProcessId: 23112
Image: C:\ProgramData\Microsoft\Windows Defender\Platform\4.18.2203.5-0\MpCmdRun.exe
User: NT AUTHORITY\SYSTEM"
Information	25/06/2022 09:56:06	Microsoft-Windows-Sysmon	5	Process terminated (rule: ProcessTerminate)	"Process terminated:
RuleName: C:\ProgramData
UtcTime: 2022-06-25 06:56:06.763
ProcessGuid: {df655c70-b14b-62b6-c014-000000005101}
ProcessId: 13952
Image: C:\ProgramData\Microsoft\Windows Defender\Platform\4.18.2203.5-0\NisSrv.exe
User: NT AUTHORITY\LOCAL SERVICE"
Information	25/06/2022 09:56:00	Microsoft-Windows-Sysmon	5	Process terminated (rule: ProcessTerminate)	"Process terminated:
RuleName: sc Execution
UtcTime: 2022-06-25 06:56:00.548
ProcessGuid: {df655c70-b180-62b6-1415-000000005101}
ProcessId: 15660
Image: C:\Windows\System32\sc.exe
User: NT AUTHORITY\SYSTEM"
Information	25/06/2022 09:55:54	Microsoft-Windows-Sysmon	5	Process terminated (rule: ProcessTerminate)	"Process terminated:
RuleName: C:\Users
UtcTime: 2022-06-25 06:55:54.346
ProcessGuid: {df655c70-b174-62b6-0b15-000000005101}
ProcessId: 24796
Image: C:\Users\chrsm\AppData\Local\Microsoft\OneDrive\22.111.0522.0002\FileCoAuth.exe
User: LAPTOP-ROPR18AK\chrsm"
Information	25/06/2022 09:55:48	Microsoft-Windows-Sysmon	3	Network connection detected (rule: NetworkConnect)	"Network connection detected:
RuleName: Sysmon_Event_3(NetworkConnect)
UtcTime: 2022-06-25 06:55:50.779
ProcessGuid: {df655c70-91fb-62b3-eb03-000000000000}
ProcessId: 4
Image: System
User: NT AUTHORITY\SYSTEM
Protocol: udp
Initiated: false
SourceIsIpv6: false
SourceIp: 169.254.255.255
SourceHostname: -
SourcePort: 138
SourcePortName: netbios-dgm
DestinationIsIpv6: false
DestinationIp: 169.254.228.2
DestinationHostname: LAPTOP-ROPR18AK
DestinationPort: 138
DestinationPortName: netbios-dgm"
Information	25/06/2022 09:55:48	Microsoft-Windows-Sysmon	3	Network connection detected (rule: NetworkConnect)	"Network connection detected:
RuleName: Sysmon_Event_3(NetworkConnect)
UtcTime: 2022-06-25 06:55:50.779
ProcessGuid: {df655c70-91fb-62b3-eb03-000000000000}
ProcessId: 4
Image: System
User: NT AUTHORITY\SYSTEM
Protocol: udp
Initiated: true
SourceIsIpv6: false
SourceIp: 169.254.228.2
SourceHostname: LAPTOP-ROPR18AK
SourcePort: 138
SourcePortName: netbios-dgm
DestinationIsIpv6: false
DestinationIp: 169.254.255.255
DestinationHostname: -
DestinationPort: 138
DestinationPortName: netbios-dgm"
Information	25/06/2022 09:55:48	Microsoft-Windows-Sysmon	3	Network connection detected (rule: NetworkConnect)	"Network connection detected:
RuleName: Sysmon_Event_3(NetworkConnect)
UtcTime: 2022-06-25 06:55:50.779
ProcessGuid: {df655c70-91fb-62b3-eb03-000000000000}
ProcessId: 4
Image: System
User: NT AUTHORITY\SYSTEM
Protocol: udp
Initiated: false
SourceIsIpv6: false
SourceIp: 169.254.255.255
SourceHostname: -
SourcePort: 138
SourcePortName: netbios-dgm
DestinationIsIpv6: false
DestinationIp: 169.254.77.2
DestinationHostname: LAPTOP-ROPR18AK
DestinationPort: 138
DestinationPortName: netbios-dgm"
Information	25/06/2022 09:55:48	Microsoft-Windows-Sysmon	3	Network connection detected (rule: NetworkConnect)	"Network connection detected:
RuleName: Sysmon_Event_3(NetworkConnect)
UtcTime: 2022-06-25 06:55:50.779
ProcessGuid: {df655c70-91fb-62b3-eb03-000000000000}
ProcessId: 4
Image: System
User: NT AUTHORITY\SYSTEM
Protocol: udp
Initiated: true
SourceIsIpv6: false
SourceIp: 169.254.77.2
SourceHostname: LAPTOP-ROPR18AK
SourcePort: 138
SourcePortName: netbios-dgm
DestinationIsIpv6: false
DestinationIp: 169.254.255.255
DestinationHostname: -
DestinationPort: 138
DestinationPortName: netbios-dgm"
Information	25/06/2022 09:55:48	Microsoft-Windows-Sysmon	3	Network connection detected (rule: NetworkConnect)	"Network connection detected:
RuleName: Sysmon_Event_3(NetworkConnect)
UtcTime: 2022-06-25 06:55:50.779
ProcessGuid: {df655c70-91fb-62b3-eb03-000000000000}
ProcessId: 4
Image: System
User: NT AUTHORITY\SYSTEM
Protocol: udp
Initiated: false
SourceIsIpv6: false
SourceIp: 169.254.255.255
SourceHostname: -
SourcePort: 138
SourcePortName: netbios-dgm
DestinationIsIpv6: false
DestinationIp: 169.254.80.102
DestinationHostname: LAPTOP-ROPR18AK
DestinationPort: 138
DestinationPortName: netbios-dgm"
Information	25/06/2022 09:55:48	Microsoft-Windows-Sysmon	3	Network connection detected (rule: NetworkConnect)	"Network connection detected:
RuleName: Sysmon_Event_3(NetworkConnect)
UtcTime: 2022-06-25 06:55:50.779
ProcessGuid: {df655c70-91fb-62b3-eb03-000000000000}
ProcessId: 4
Image: System
User: NT AUTHORITY\SYSTEM
Protocol: udp
Initiated: true
SourceIsIpv6: false
SourceIp: 169.254.80.102
SourceHostname: LAPTOP-ROPR18AK
SourcePort: 138
SourcePortName: netbios-dgm
DestinationIsIpv6: false
DestinationIp: 169.254.255.255
DestinationHostname: -
DestinationPort: 138
DestinationPortName: netbios-dgm"
Information	25/06/2022 09:55:48	Microsoft-Windows-Sysmon	3	Network connection detected (rule: NetworkConnect)	"Network connection detected:
RuleName: Sysmon_Event_3(NetworkConnect)
UtcTime: 2022-06-25 06:55:50.779
ProcessGuid: {df655c70-91fb-62b3-eb03-000000000000}
ProcessId: 4
Image: System
User: NT AUTHORITY\SYSTEM
Protocol: udp
Initiated: false
SourceIsIpv6: false
SourceIp: 169.254.255.255
SourceHostname: -
SourcePort: 138
SourcePortName: netbios-dgm
DestinationIsIpv6: false
DestinationIp: 169.254.157.2
DestinationHostname: LAPTOP-ROPR18AK
DestinationPort: 138
DestinationPortName: netbios-dgm"
