Information	25/06/2022 07:03:58	Microsoft-Windows-Sysmon	3	Network connection detected (rule: NetworkConnect)	"Network connection detected:
RuleName: Sysmon_Event_3(NetworkConnect)
UtcTime: 2022-06-25 04:04:00.861
ProcessGuid: {df655c70-91fb-62b3-eb03-000000000000}
ProcessId: 4
Image: System
User: NT AUTHORITY\SYSTEM
Protocol: udp
Initiated: false
SourceIsIpv6: false
SourceIp: 169.254.255.255
SourceHostname: -
SourcePort: 138
SourcePortName: netbios-dgm
DestinationIsIpv6: false
DestinationIp: 169.254.234.2
DestinationHostname: LAPTOP-ROPR18AK
DestinationPort: 138
DestinationPortName: netbios-dgm"
Information	25/06/2022 07:03:58	Microsoft-Windows-Sysmon	3	Network connection detected (rule: NetworkConnect)	"Network connection detected:
RuleName: Sysmon_Event_3(NetworkConnect)
UtcTime: 2022-06-25 04:04:00.860
ProcessGuid: {df655c70-91fb-62b3-eb03-000000000000}
ProcessId: 4
Image: System
User: NT AUTHORITY\SYSTEM
Protocol: udp
Initiated: true
SourceIsIpv6: false
SourceIp: 169.254.234.2
SourceHostname: LAPTOP-ROPR18AK
SourcePort: 138
SourcePortName: netbios-dgm
DestinationIsIpv6: false
DestinationIp: 169.254.255.255
DestinationHostname: -
DestinationPort: 138
DestinationPortName: netbios-dgm"
Information	25/06/2022 07:03:58	Microsoft-Windows-Sysmon	3	Network connection detected (rule: NetworkConnect)	"Network connection detected:
RuleName: Sysmon_Event_3(NetworkConnect)
UtcTime: 2022-06-25 04:04:00.860
ProcessGuid: {df655c70-91fb-62b3-eb03-000000000000}
ProcessId: 4
Image: System
User: NT AUTHORITY\SYSTEM
Protocol: udp
Initiated: false
SourceIsIpv6: false
SourceIp: 169.254.255.255
SourceHostname: -
SourcePort: 138
SourcePortName: netbios-dgm
DestinationIsIpv6: false
DestinationIp: 169.254.3.2
DestinationHostname: LAPTOP-ROPR18AK
DestinationPort: 138
DestinationPortName: netbios-dgm"
Information	25/06/2022 07:03:58	Microsoft-Windows-Sysmon	3	Network connection detected (rule: NetworkConnect)	"Network connection detected:
RuleName: Sysmon_Event_3(NetworkConnect)
UtcTime: 2022-06-25 04:04:00.860
ProcessGuid: {df655c70-91fb-62b3-eb03-000000000000}
ProcessId: 4
Image: System
User: NT AUTHORITY\SYSTEM
Protocol: udp
Initiated: true
SourceIsIpv6: false
SourceIp: 169.254.3.2
SourceHostname: LAPTOP-ROPR18AK
SourcePort: 138
SourcePortName: netbios-dgm
DestinationIsIpv6: false
DestinationIp: 169.254.255.255
DestinationHostname: -
DestinationPort: 138
DestinationPortName: netbios-dgm"
Information	25/06/2022 07:03:58	Microsoft-Windows-Sysmon	3	Network connection detected (rule: NetworkConnect)	"Network connection detected:
RuleName: Sysmon_Event_3(NetworkConnect)
UtcTime: 2022-06-25 04:04:00.860
ProcessGuid: {df655c70-91fb-62b3-eb03-000000000000}
ProcessId: 4
Image: System
User: NT AUTHORITY\SYSTEM
Protocol: udp
Initiated: false
SourceIsIpv6: false
SourceIp: 169.254.255.255
SourceHostname: -
SourcePort: 138
SourcePortName: netbios-dgm
DestinationIsIpv6: false
DestinationIp: 169.254.9.4
DestinationHostname: LAPTOP-ROPR18AK
DestinationPort: 138
DestinationPortName: netbios-dgm"
Information	25/06/2022 07:03:58	Microsoft-Windows-Sysmon	3	Network connection detected (rule: NetworkConnect)	"Network connection detected:
RuleName: Sysmon_Event_3(NetworkConnect)
UtcTime: 2022-06-25 04:04:00.860
ProcessGuid: {df655c70-91fb-62b3-eb03-000000000000}
ProcessId: 4
Image: System
User: NT AUTHORITY\SYSTEM
Protocol: udp
Initiated: true
SourceIsIpv6: false
SourceIp: 169.254.9.4
SourceHostname: LAPTOP-ROPR18AK
SourcePort: 138
SourcePortName: netbios-dgm
DestinationIsIpv6: false
DestinationIp: 169.254.255.255
DestinationHostname: -
DestinationPort: 138
DestinationPortName: netbios-dgm"
Information	25/06/2022 07:03:58	Microsoft-Windows-Sysmon	3	Network connection detected (rule: NetworkConnect)	"Network connection detected:
RuleName: Sysmon_Event_3(NetworkConnect)
UtcTime: 2022-06-25 04:04:00.859
ProcessGuid: {df655c70-91fb-62b3-eb03-000000000000}
ProcessId: 4
Image: System
User: NT AUTHORITY\SYSTEM
Protocol: udp
Initiated: false
SourceIsIpv6: false
SourceIp: 192.168.128.255
SourceHostname: -
SourcePort: 138
SourcePortName: netbios-dgm
DestinationIsIpv6: false
DestinationIp: 192.168.128.102
DestinationHostname: LAPTOP-ROPR18AK
DestinationPort: 138
DestinationPortName: netbios-dgm"
Information	25/06/2022 07:03:58	Microsoft-Windows-Sysmon	3	Network connection detected (rule: NetworkConnect)	"Network connection detected:
RuleName: Sysmon_Event_3(NetworkConnect)
UtcTime: 2022-06-25 04:04:00.859
ProcessGuid: {df655c70-91fb-62b3-eb03-000000000000}
ProcessId: 4
Image: System
User: NT AUTHORITY\SYSTEM
Protocol: udp
Initiated: true
SourceIsIpv6: false
SourceIp: 192.168.128.102
SourceHostname: LAPTOP-ROPR18AK
SourcePort: 138
SourcePortName: netbios-dgm
DestinationIsIpv6: false
DestinationIp: 192.168.128.255
DestinationHostname: -
DestinationPort: 138
DestinationPortName: netbios-dgm"
Information	25/06/2022 07:03:58	Microsoft-Windows-Sysmon	3	Network connection detected (rule: NetworkConnect)	"Network connection detected:
RuleName: Sysmon_Event_3(NetworkConnect)
UtcTime: 2022-06-25 04:04:00.859
ProcessGuid: {df655c70-91fb-62b3-eb03-000000000000}
ProcessId: 4
Image: System
User: NT AUTHORITY\SYSTEM
Protocol: udp
Initiated: false
SourceIsIpv6: false
SourceIp: 169.254.255.255
SourceHostname: -
SourcePort: 138
SourcePortName: netbios-dgm
DestinationIsIpv6: false
DestinationIp: 169.254.250.108
DestinationHostname: LAPTOP-ROPR18AK
DestinationPort: 138
DestinationPortName: netbios-dgm"
Information	25/06/2022 07:03:58	Microsoft-Windows-Sysmon	3	Network connection detected (rule: NetworkConnect)	"Network connection detected:
RuleName: Sysmon_Event_3(NetworkConnect)
UtcTime: 2022-06-25 04:04:00.859
ProcessGuid: {df655c70-91fb-62b3-eb03-000000000000}
ProcessId: 4
Image: System
User: NT AUTHORITY\SYSTEM
Protocol: udp
Initiated: true
SourceIsIpv6: false
SourceIp: 169.254.250.108
SourceHostname: LAPTOP-ROPR18AK
SourcePort: 138
SourcePortName: netbios-dgm
DestinationIsIpv6: false
DestinationIp: 169.254.255.255
DestinationHostname: -
DestinationPort: 138
DestinationPortName: netbios-dgm"
Information	25/06/2022 07:03:58	Microsoft-Windows-Sysmon	3	Network connection detected (rule: NetworkConnect)	"Network connection detected:
RuleName: Sysmon_Event_3(NetworkConnect)
UtcTime: 2022-06-25 04:04:00.859
ProcessGuid: {df655c70-91fb-62b3-eb03-000000000000}
ProcessId: 4
Image: System
User: NT AUTHORITY\SYSTEM
Protocol: udp
Initiated: false
SourceIsIpv6: false
SourceIp: 192.168.156.255
SourceHostname: -
SourcePort: 138
SourcePortName: netbios-dgm
DestinationIsIpv6: false
DestinationIp: 192.168.156.105
DestinationHostname: LAPTOP-ROPR18AK
DestinationPort: 138
DestinationPortName: netbios-dgm"
Information	25/06/2022 07:03:58	Microsoft-Windows-Sysmon	3	Network connection detected (rule: NetworkConnect)	"Network connection detected:
RuleName: Sysmon_Event_3(NetworkConnect)
UtcTime: 2022-06-25 04:04:00.858
ProcessGuid: {df655c70-91fb-62b3-eb03-000000000000}
ProcessId: 4
Image: System
User: NT AUTHORITY\SYSTEM
Protocol: udp
Initiated: true
SourceIsIpv6: false
SourceIp: 192.168.156.105
SourceHostname: LAPTOP-ROPR18AK
SourcePort: 138
SourcePortName: netbios-dgm
DestinationIsIpv6: false
DestinationIp: 192.168.156.255
DestinationHostname: -
DestinationPort: 138
DestinationPortName: netbios-dgm"
Information	25/06/2022 07:03:58	Microsoft-Windows-Sysmon	3	Network connection detected (rule: NetworkConnect)	"Network connection detected:
RuleName: Sysmon_Event_3(NetworkConnect)
UtcTime: 2022-06-25 04:04:00.858
ProcessGuid: {df655c70-91fb-62b3-eb03-000000000000}
ProcessId: 4
Image: System
User: NT AUTHORITY\SYSTEM
Protocol: udp
Initiated: false
SourceIsIpv6: false
SourceIp: 192.168.76.255
SourceHostname: -
SourcePort: 138
SourcePortName: netbios-dgm
DestinationIsIpv6: false
DestinationIp: 192.168.76.2
DestinationHostname: LAPTOP-ROPR18AK
DestinationPort: 138
DestinationPortName: netbios-dgm"
Information	25/06/2022 07:03:58	Microsoft-Windows-Sysmon	3	Network connection detected (rule: NetworkConnect)	"Network connection detected:
RuleName: Sysmon_Event_3(NetworkConnect)
UtcTime: 2022-06-25 04:04:00.858
ProcessGuid: {df655c70-91fb-62b3-eb03-000000000000}
ProcessId: 4
Image: System
User: NT AUTHORITY\SYSTEM
Protocol: udp
Initiated: true
SourceIsIpv6: false
SourceIp: 192.168.76.2
SourceHostname: LAPTOP-ROPR18AK
SourcePort: 138
SourcePortName: netbios-dgm
DestinationIsIpv6: false
DestinationIp: 192.168.76.255
DestinationHostname: -
DestinationPort: 138
DestinationPortName: netbios-dgm"
Information	25/06/2022 07:03:58	Microsoft-Windows-Sysmon	3	Network connection detected (rule: NetworkConnect)	"Network connection detected:
RuleName: Sysmon_Event_3(NetworkConnect)
UtcTime: 2022-06-25 04:04:00.858
ProcessGuid: {df655c70-91fb-62b3-eb03-000000000000}
ProcessId: 4
Image: System
User: NT AUTHORITY\SYSTEM
Protocol: udp
Initiated: false
SourceIsIpv6: false
SourceIp: 169.254.255.255
SourceHostname: -
SourcePort: 138
SourcePortName: netbios-dgm
DestinationIsIpv6: false
DestinationIp: 169.254.142.2
DestinationHostname: LAPTOP-ROPR18AK
DestinationPort: 138
DestinationPortName: netbios-dgm"
Information	25/06/2022 07:03:58	Microsoft-Windows-Sysmon	3	Network connection detected (rule: NetworkConnect)	"Network connection detected:
RuleName: Sysmon_Event_3(NetworkConnect)
UtcTime: 2022-06-25 04:04:00.858
ProcessGuid: {df655c70-91fb-62b3-eb03-000000000000}
ProcessId: 4
Image: System
User: NT AUTHORITY\SYSTEM
Protocol: udp
Initiated: true
SourceIsIpv6: false
SourceIp: 169.254.142.2
SourceHostname: LAPTOP-ROPR18AK
SourcePort: 138
SourcePortName: netbios-dgm
DestinationIsIpv6: false
DestinationIp: 169.254.255.255
DestinationHostname: -
DestinationPort: 138
DestinationPortName: netbios-dgm"
Information	25/06/2022 07:03:58	Microsoft-Windows-Sysmon	3	Network connection detected (rule: NetworkConnect)	"Network connection detected:
RuleName: Sysmon_Event_3(NetworkConnect)
UtcTime: 2022-06-25 04:04:00.857
ProcessGuid: {df655c70-91fb-62b3-eb03-000000000000}
ProcessId: 4
Image: System
User: NT AUTHORITY\SYSTEM
Protocol: udp
Initiated: false
SourceIsIpv6: false
SourceIp: 192.168.229.255
SourceHostname: -
SourcePort: 138
SourcePortName: netbios-dgm
DestinationIsIpv6: false
DestinationIp: 192.168.229.2
DestinationHostname: LAPTOP-ROPR18AK
DestinationPort: 138
DestinationPortName: netbios-dgm"
Information	25/06/2022 07:03:58	Microsoft-Windows-Sysmon	3	Network connection detected (rule: NetworkConnect)	"Network connection detected:
RuleName: Sysmon_Event_3(NetworkConnect)
UtcTime: 2022-06-25 04:04:00.857
ProcessGuid: {df655c70-91fb-62b3-eb03-000000000000}
ProcessId: 4
Image: System
User: NT AUTHORITY\SYSTEM
Protocol: udp
Initiated: true
SourceIsIpv6: false
SourceIp: 192.168.229.2
SourceHostname: LAPTOP-ROPR18AK
SourcePort: 138
SourcePortName: netbios-dgm
DestinationIsIpv6: false
DestinationIp: 192.168.229.255
DestinationHostname: -
DestinationPort: 138
DestinationPortName: netbios-dgm"
Information	25/06/2022 07:03:58	Microsoft-Windows-Sysmon	3	Network connection detected (rule: NetworkConnect)	"Network connection detected:
RuleName: Sysmon_Event_3(NetworkConnect)
UtcTime: 2022-06-25 04:04:00.857
ProcessGuid: {df655c70-91fb-62b3-eb03-000000000000}
ProcessId: 4
Image: System
User: NT AUTHORITY\SYSTEM
Protocol: udp
Initiated: false
SourceIsIpv6: false
SourceIp: 192.168.16.255
SourceHostname: -
SourcePort: 138
SourcePortName: netbios-dgm
DestinationIsIpv6: false
DestinationIp: 192.168.16.2
DestinationHostname: LAPTOP-ROPR18AK
DestinationPort: 138
DestinationPortName: netbios-dgm"
Information	25/06/2022 07:03:58	Microsoft-Windows-Sysmon	3	Network connection detected (rule: NetworkConnect)	"Network connection detected:
RuleName: Sysmon_Event_3(NetworkConnect)
UtcTime: 2022-06-25 04:04:00.857
ProcessGuid: {df655c70-91fb-62b3-eb03-000000000000}
ProcessId: 4
Image: System
User: NT AUTHORITY\SYSTEM
Protocol: udp
Initiated: true
SourceIsIpv6: false
SourceIp: 192.168.16.2
SourceHostname: LAPTOP-ROPR18AK
SourcePort: 138
SourcePortName: netbios-dgm
DestinationIsIpv6: false
DestinationIp: 192.168.16.255
DestinationHostname: -
DestinationPort: 138
DestinationPortName: netbios-dgm"
Information	25/06/2022 07:03:58	Microsoft-Windows-Sysmon	3	Network connection detected (rule: NetworkConnect)	"Network connection detected:
RuleName: Sysmon_Event_3(NetworkConnect)
UtcTime: 2022-06-25 04:04:00.857
ProcessGuid: {df655c70-91fb-62b3-eb03-000000000000}
ProcessId: 4
Image: System
User: NT AUTHORITY\SYSTEM
Protocol: udp
Initiated: false
SourceIsIpv6: false
SourceIp: 169.254.255.255
SourceHostname: -
SourcePort: 138
SourcePortName: netbios-dgm
DestinationIsIpv6: false
DestinationIp: 169.254.138.2
DestinationHostname: LAPTOP-ROPR18AK
DestinationPort: 138
DestinationPortName: netbios-dgm"
Information	25/06/2022 07:03:58	Microsoft-Windows-Sysmon	3	Network connection detected (rule: NetworkConnect)	"Network connection detected:
RuleName: Sysmon_Event_3(NetworkConnect)
UtcTime: 2022-06-25 04:04:00.856
ProcessGuid: {df655c70-91fb-62b3-eb03-000000000000}
ProcessId: 4
Image: System
User: NT AUTHORITY\SYSTEM
Protocol: udp
Initiated: true
SourceIsIpv6: false
SourceIp: 169.254.138.2
SourceHostname: LAPTOP-ROPR18AK
SourcePort: 138
SourcePortName: netbios-dgm
DestinationIsIpv6: false
DestinationIp: 169.254.255.255
DestinationHostname: -
DestinationPort: 138
DestinationPortName: netbios-dgm"
Information	25/06/2022 07:03:58	Microsoft-Windows-Sysmon	3	Network connection detected (rule: NetworkConnect)	"Network connection detected:
RuleName: Sysmon_Event_3(NetworkConnect)
UtcTime: 2022-06-25 04:04:00.856
ProcessGuid: {df655c70-91fb-62b3-eb03-000000000000}
ProcessId: 4
Image: System
User: NT AUTHORITY\SYSTEM
Protocol: udp
Initiated: false
SourceIsIpv6: false
SourceIp: 192.168.214.255
SourceHostname: -
SourcePort: 138
SourcePortName: netbios-dgm
DestinationIsIpv6: false
DestinationIp: 192.168.214.2
DestinationHostname: LAPTOP-ROPR18AK
DestinationPort: 138
DestinationPortName: netbios-dgm"
Information	25/06/2022 07:03:58	Microsoft-Windows-Sysmon	3	Network connection detected (rule: NetworkConnect)	"Network connection detected:
RuleName: Sysmon_Event_3(NetworkConnect)
UtcTime: 2022-06-25 04:04:00.856
ProcessGuid: {df655c70-91fb-62b3-eb03-000000000000}
ProcessId: 4
Image: System
User: NT AUTHORITY\SYSTEM
Protocol: udp
Initiated: true
SourceIsIpv6: false
SourceIp: 192.168.214.2
SourceHostname: LAPTOP-ROPR18AK
SourcePort: 138
SourcePortName: netbios-dgm
DestinationIsIpv6: false
DestinationIp: 192.168.214.255
DestinationHostname: -
DestinationPort: 138
DestinationPortName: netbios-dgm"
Information	25/06/2022 07:03:58	Microsoft-Windows-Sysmon	3	Network connection detected (rule: NetworkConnect)	"Network connection detected:
RuleName: Sysmon_Event_3(NetworkConnect)
UtcTime: 2022-06-25 04:04:00.856
ProcessGuid: {df655c70-91fb-62b3-eb03-000000000000}
ProcessId: 4
Image: System
User: NT AUTHORITY\SYSTEM
Protocol: udp
Initiated: false
SourceIsIpv6: false
SourceIp: 169.254.255.255
SourceHostname: -
SourcePort: 138
SourcePortName: netbios-dgm
DestinationIsIpv6: false
DestinationIp: 169.254.43.26
DestinationHostname: LAPTOP-ROPR18AK
DestinationPort: 138
DestinationPortName: netbios-dgm"
Information	25/06/2022 07:03:58	Microsoft-Windows-Sysmon	3	Network connection detected (rule: NetworkConnect)	"Network connection detected:
RuleName: Sysmon_Event_3(NetworkConnect)
UtcTime: 2022-06-25 04:04:00.855
ProcessGuid: {df655c70-91fb-62b3-eb03-000000000000}
ProcessId: 4
Image: System
User: NT AUTHORITY\SYSTEM
Protocol: udp
Initiated: true
SourceIsIpv6: false
SourceIp: 169.254.43.26
SourceHostname: LAPTOP-ROPR18AK
SourcePort: 138
SourcePortName: netbios-dgm
DestinationIsIpv6: false
DestinationIp: 169.254.255.255
DestinationHostname: -
DestinationPort: 138
DestinationPortName: netbios-dgm"
Information	25/06/2022 07:03:58	Microsoft-Windows-Sysmon	3	Network connection detected (rule: NetworkConnect)	"Network connection detected:
RuleName: Sysmon_Event_3(NetworkConnect)
UtcTime: 2022-06-25 04:04:00.855
ProcessGuid: {df655c70-91fb-62b3-eb03-000000000000}
ProcessId: 4
Image: System
User: NT AUTHORITY\SYSTEM
Protocol: udp
Initiated: false
SourceIsIpv6: false
SourceIp: 169.254.255.255
SourceHostname: -
SourcePort: 138
SourcePortName: netbios-dgm
DestinationIsIpv6: false
DestinationIp: 169.254.45.171
DestinationHostname: LAPTOP-ROPR18AK
DestinationPort: 138
DestinationPortName: netbios-dgm"
Information	25/06/2022 07:03:58	Microsoft-Windows-Sysmon	3	Network connection detected (rule: NetworkConnect)	"Network connection detected:
RuleName: Sysmon_Event_3(NetworkConnect)
UtcTime: 2022-06-25 04:04:00.855
ProcessGuid: {df655c70-91fb-62b3-eb03-000000000000}
ProcessId: 4
Image: System
User: NT AUTHORITY\SYSTEM
Protocol: udp
Initiated: true
SourceIsIpv6: false
SourceIp: 169.254.45.171
SourceHostname: LAPTOP-ROPR18AK
SourcePort: 138
SourcePortName: netbios-dgm
DestinationIsIpv6: false
DestinationIp: 169.254.255.255
DestinationHostname: -
DestinationPort: 138
DestinationPortName: netbios-dgm"
Information	25/06/2022 07:03:58	Microsoft-Windows-Sysmon	3	Network connection detected (rule: NetworkConnect)	"Network connection detected:
RuleName: Sysmon_Event_3(NetworkConnect)
UtcTime: 2022-06-25 04:04:00.855
ProcessGuid: {df655c70-91fb-62b3-eb03-000000000000}
ProcessId: 4
Image: System
User: NT AUTHORITY\SYSTEM
Protocol: udp
Initiated: false
SourceIsIpv6: false
SourceIp: 192.168.98.255
SourceHostname: -
SourcePort: 138
SourcePortName: netbios-dgm
DestinationIsIpv6: false
DestinationIp: 192.168.98.2
DestinationHostname: LAPTOP-ROPR18AK
DestinationPort: 138
DestinationPortName: netbios-dgm"
Information	25/06/2022 07:03:58	Microsoft-Windows-Sysmon	3	Network connection detected (rule: NetworkConnect)	"Network connection detected:
RuleName: Sysmon_Event_3(NetworkConnect)
UtcTime: 2022-06-25 04:04:00.855
ProcessGuid: {df655c70-91fb-62b3-eb03-000000000000}
ProcessId: 4
Image: System
User: NT AUTHORITY\SYSTEM
Protocol: udp
Initiated: true
SourceIsIpv6: false
SourceIp: 192.168.98.2
SourceHostname: LAPTOP-ROPR18AK
SourcePort: 138
SourcePortName: netbios-dgm
DestinationIsIpv6: false
DestinationIp: 192.168.98.255
DestinationHostname: -
DestinationPort: 138
DestinationPortName: netbios-dgm"
Information	25/06/2022 07:03:58	Microsoft-Windows-Sysmon	3	Network connection detected (rule: NetworkConnect)	"Network connection detected:
RuleName: Sysmon_Event_3(NetworkConnect)
UtcTime: 2022-06-25 04:04:00.854
ProcessGuid: {df655c70-91fb-62b3-eb03-000000000000}
ProcessId: 4
Image: System
User: NT AUTHORITY\SYSTEM
Protocol: udp
Initiated: false
SourceIsIpv6: false
SourceIp: 169.254.255.255
SourceHostname: -
SourcePort: 138
SourcePortName: netbios-dgm
DestinationIsIpv6: false
DestinationIp: 169.254.219.4
DestinationHostname: LAPTOP-ROPR18AK
DestinationPort: 138
DestinationPortName: netbios-dgm"
Information	25/06/2022 07:03:58	Microsoft-Windows-Sysmon	3	Network connection detected (rule: NetworkConnect)	"Network connection detected:
RuleName: Sysmon_Event_3(NetworkConnect)
UtcTime: 2022-06-25 04:04:00.854
ProcessGuid: {df655c70-91fb-62b3-eb03-000000000000}
ProcessId: 4
Image: System
User: NT AUTHORITY\SYSTEM
Protocol: udp
Initiated: true
SourceIsIpv6: false
SourceIp: 169.254.219.4
SourceHostname: LAPTOP-ROPR18AK
SourcePort: 138
SourcePortName: netbios-dgm
DestinationIsIpv6: false
DestinationIp: 169.254.255.255
DestinationHostname: -
DestinationPort: 138
DestinationPortName: netbios-dgm"
Information	25/06/2022 07:03:58	Microsoft-Windows-Sysmon	3	Network connection detected (rule: NetworkConnect)	"Network connection detected:
RuleName: Sysmon_Event_3(NetworkConnect)
UtcTime: 2022-06-25 04:04:00.854
ProcessGuid: {df655c70-91fb-62b3-eb03-000000000000}
ProcessId: 4
Image: System
User: NT AUTHORITY\SYSTEM
Protocol: udp
Initiated: false
SourceIsIpv6: false
SourceIp: 169.254.255.255
SourceHostname: -
SourcePort: 138
SourcePortName: netbios-dgm
DestinationIsIpv6: false
DestinationIp: 169.254.97.182
DestinationHostname: LAPTOP-ROPR18AK
DestinationPort: 138
DestinationPortName: netbios-dgm"
Information	25/06/2022 07:03:58	Microsoft-Windows-Sysmon	3	Network connection detected (rule: NetworkConnect)	"Network connection detected:
RuleName: Sysmon_Event_3(NetworkConnect)
UtcTime: 2022-06-25 04:04:00.854
ProcessGuid: {df655c70-91fb-62b3-eb03-000000000000}
ProcessId: 4
Image: System
User: NT AUTHORITY\SYSTEM
Protocol: udp
Initiated: true
SourceIsIpv6: false
SourceIp: 169.254.97.182
SourceHostname: LAPTOP-ROPR18AK
SourcePort: 138
SourcePortName: netbios-dgm
DestinationIsIpv6: false
DestinationIp: 169.254.255.255
DestinationHostname: -
DestinationPort: 138
DestinationPortName: netbios-dgm"
Information	25/06/2022 07:03:58	Microsoft-Windows-Sysmon	3	Network connection detected (rule: NetworkConnect)	"Network connection detected:
RuleName: Sysmon_Event_3(NetworkConnect)
UtcTime: 2022-06-25 04:04:00.853
ProcessGuid: {df655c70-91fb-62b3-eb03-000000000000}
ProcessId: 4
Image: System
User: NT AUTHORITY\SYSTEM
Protocol: udp
Initiated: false
SourceIsIpv6: false
SourceIp: 169.254.255.255
SourceHostname: -
SourcePort: 138
SourcePortName: netbios-dgm
DestinationIsIpv6: false
DestinationIp: 169.254.30.169
DestinationHostname: LAPTOP-ROPR18AK
DestinationPort: 138
DestinationPortName: netbios-dgm"
Information	25/06/2022 07:03:58	Microsoft-Windows-Sysmon	3	Network connection detected (rule: NetworkConnect)	"Network connection detected:
RuleName: Sysmon_Event_3(NetworkConnect)
UtcTime: 2022-06-25 04:04:00.853
ProcessGuid: {df655c70-91fb-62b3-eb03-000000000000}
ProcessId: 4
Image: System
User: NT AUTHORITY\SYSTEM
Protocol: udp
Initiated: true
SourceIsIpv6: false
SourceIp: 169.254.30.169
SourceHostname: LAPTOP-ROPR18AK
SourcePort: 138
SourcePortName: netbios-dgm
DestinationIsIpv6: false
DestinationIp: 169.254.255.255
DestinationHostname: -
DestinationPort: 138
DestinationPortName: netbios-dgm"
Information	25/06/2022 07:03:58	Microsoft-Windows-Sysmon	3	Network connection detected (rule: NetworkConnect)	"Network connection detected:
RuleName: Sysmon_Event_3(NetworkConnect)
UtcTime: 2022-06-25 04:04:00.853
ProcessGuid: {df655c70-91fb-62b3-eb03-000000000000}
ProcessId: 4
Image: System
User: NT AUTHORITY\SYSTEM
Protocol: udp
Initiated: false
SourceIsIpv6: false
SourceIp: 192.168.179.255
SourceHostname: -
SourcePort: 138
SourcePortName: netbios-dgm
DestinationIsIpv6: false
DestinationIp: 192.168.179.2
DestinationHostname: LAPTOP-ROPR18AK
DestinationPort: 138
DestinationPortName: netbios-dgm"
Information	25/06/2022 07:03:58	Microsoft-Windows-Sysmon	3	Network connection detected (rule: NetworkConnect)	"Network connection detected:
RuleName: Sysmon_Event_3(NetworkConnect)
UtcTime: 2022-06-25 04:04:00.853
ProcessGuid: {df655c70-91fb-62b3-eb03-000000000000}
ProcessId: 4
Image: System
User: NT AUTHORITY\SYSTEM
Protocol: udp
Initiated: true
SourceIsIpv6: false
SourceIp: 192.168.179.2
SourceHostname: LAPTOP-ROPR18AK
SourcePort: 138
SourcePortName: netbios-dgm
DestinationIsIpv6: false
DestinationIp: 192.168.179.255
DestinationHostname: -
DestinationPort: 138
DestinationPortName: netbios-dgm"
Information	25/06/2022 07:03:58	Microsoft-Windows-Sysmon	3	Network connection detected (rule: NetworkConnect)	"Network connection detected:
RuleName: Sysmon_Event_3(NetworkConnect)
UtcTime: 2022-06-25 04:04:00.853
ProcessGuid: {df655c70-91fb-62b3-eb03-000000000000}
ProcessId: 4
Image: System
User: NT AUTHORITY\SYSTEM
Protocol: udp
Initiated: false
SourceIsIpv6: false
SourceIp: 192.168.1.255
SourceHostname: -
SourcePort: 138
SourcePortName: netbios-dgm
DestinationIsIpv6: false
DestinationIp: 192.168.1.8
DestinationHostname: LAPTOP-ROPR18AK.home
DestinationPort: 138
DestinationPortName: netbios-dgm"
Information	25/06/2022 07:03:58	Microsoft-Windows-Sysmon	3	Network connection detected (rule: NetworkConnect)	"Network connection detected:
RuleName: Sysmon_Event_3(NetworkConnect)
UtcTime: 2022-06-25 04:04:00.852
ProcessGuid: {df655c70-91fb-62b3-eb03-000000000000}
ProcessId: 4
Image: System
User: NT AUTHORITY\SYSTEM
Protocol: udp
Initiated: true
SourceIsIpv6: false
SourceIp: 192.168.1.8
SourceHostname: LAPTOP-ROPR18AK.home
SourcePort: 138
SourcePortName: netbios-dgm
DestinationIsIpv6: false
DestinationIp: 192.168.1.255
DestinationHostname: -
DestinationPort: 138
DestinationPortName: netbios-dgm"
Information	25/06/2022 07:03:58	Microsoft-Windows-Sysmon	3	Network connection detected (rule: NetworkConnect)	"Network connection detected:
RuleName: Sysmon_Event_3(NetworkConnect)
UtcTime: 2022-06-25 04:04:00.852
ProcessGuid: {df655c70-91fb-62b3-eb03-000000000000}
ProcessId: 4
Image: System
User: NT AUTHORITY\SYSTEM
Protocol: udp
Initiated: false
SourceIsIpv6: false
SourceIp: 169.254.255.255
SourceHostname: -
SourcePort: 138
SourcePortName: netbios-dgm
DestinationIsIpv6: false
DestinationIp: 169.254.50.19
DestinationHostname: LAPTOP-ROPR18AK
DestinationPort: 138
DestinationPortName: netbios-dgm"
Information	25/06/2022 07:03:58	Microsoft-Windows-Sysmon	3	Network connection detected (rule: NetworkConnect)	"Network connection detected:
RuleName: Sysmon_Event_3(NetworkConnect)
UtcTime: 2022-06-25 04:04:00.852
ProcessGuid: {df655c70-91fb-62b3-eb03-000000000000}
ProcessId: 4
Image: System
User: NT AUTHORITY\SYSTEM
Protocol: udp
Initiated: true
SourceIsIpv6: false
SourceIp: 169.254.50.19
SourceHostname: LAPTOP-ROPR18AK
SourcePort: 138
SourcePortName: netbios-dgm
DestinationIsIpv6: false
DestinationIp: 169.254.255.255
DestinationHostname: -
DestinationPort: 138
DestinationPortName: netbios-dgm"
Information	25/06/2022 07:03:53	Microsoft-Windows-Sysmon	5	Process terminated (rule: ProcessTerminate)	"Process terminated:
RuleName: C:\Users
UtcTime: 2022-06-25 04:03:53.386
ProcessGuid: {df655c70-8924-62b6-7613-000000005101}
ProcessId: 16552
Image: C:\Users\chrsm\AppData\Local\Programs\Opera\launcher.exe
User: LAPTOP-ROPR18AK\chrsm"
Information	25/06/2022 07:03:53	Microsoft-Windows-Sysmon	5	Process terminated (rule: ProcessTerminate)	"Process terminated:
RuleName: C:\Users
UtcTime: 2022-06-25 04:03:53.385
ProcessGuid: {df655c70-8924-62b6-7b13-000000005101}
ProcessId: 16744
Image: C:\Users\chrsm\AppData\Local\Programs\Opera\87.0.4390.45\opera_autoupdate.exe
User: LAPTOP-ROPR18AK\chrsm"
Information	25/06/2022 07:03:53	Microsoft-Windows-Sysmon	5	Process terminated (rule: ProcessTerminate)	"Process terminated:
RuleName: C:\Users
UtcTime: 2022-06-25 04:03:53.378
ProcessGuid: {df655c70-8924-62b6-7a13-000000005101}
ProcessId: 8512
Image: C:\Users\chrsm\AppData\Local\Programs\Opera\87.0.4390.45\opera_autoupdate.exe
User: LAPTOP-ROPR18AK\chrsm"
Information	25/06/2022 07:03:48	Microsoft-Windows-Sysmon	5	Process terminated (rule: ProcessTerminate)	"Process terminated:
RuleName: C:\Users
UtcTime: 2022-06-25 04:03:48.666
ProcessGuid: {df655c70-8924-62b6-7913-000000005101}
ProcessId: 23684
Image: C:\Users\chrsm\AppData\Local\Temp\.opera\8408E7AB7347\installer.exe
User: LAPTOP-ROPR18AK\chrsm"
Information	25/06/2022 07:02:23	Microsoft-Windows-Sysmon	5	Process terminated (rule: ProcessTerminate)	"Process terminated:
RuleName: C:\ProgramData
UtcTime: 2022-06-25 04:02:23.390
ProcessGuid: {df655c70-8801-62b6-bd12-000000005101}
ProcessId: 9384
Image: C:\ProgramData\Microsoft\Windows Defender\Platform\4.18.2203.5-0\MpCmdRun.exe
User: NT AUTHORITY\NETWORK SERVICE"
Information	25/06/2022 07:01:53	Microsoft-Windows-Sysmon	3	Network connection detected (rule: NetworkConnect)	"Network connection detected:
RuleName: Sysmon_Event_3(NetworkConnect)
UtcTime: 2022-06-25 04:01:55.644
ProcessGuid: {df655c70-91fb-62b3-eb03-000000000000}
ProcessId: 4
Image: System
User: NT AUTHORITY\SYSTEM
Protocol: udp
Initiated: true
SourceIsIpv6: false
SourceIp: 192.168.1.8
SourceHostname: LAPTOP-ROPR18AK.home
SourcePort: 137
SourcePortName: netbios-ns
DestinationIsIpv6: false
DestinationIp: 13.105.28.32
DestinationHostname: -
DestinationPort: 137
DestinationPortName: netbios-ns"
Information	25/06/2022 07:01:44	Microsoft-Windows-Sysmon	5	Process terminated (rule: ProcessTerminate)	"Process terminated:
RuleName: C:\Users
UtcTime: 2022-06-25 04:01:44.881
ProcessGuid: {df655c70-88a3-62b6-5213-000000005101}
ProcessId: 23592
Image: C:\Users\chrsm\AppData\Local\Programs\Opera\launcher.exe
User: LAPTOP-ROPR18AK\chrsm"
Information	25/06/2022 07:01:44	Microsoft-Windows-Sysmon	5	Process terminated (rule: ProcessTerminate)	"Process terminated:
RuleName: C:\Users
UtcTime: 2022-06-25 04:01:44.879
ProcessGuid: {df655c70-88a4-62b6-6013-000000005101}
ProcessId: 15088
Image: C:\Users\chrsm\AppData\Local\Programs\Opera\87.0.4390.45\opera_autoupdate.exe
User: LAPTOP-ROPR18AK\chrsm"
Information	25/06/2022 07:01:44	Microsoft-Windows-Sysmon	5	Process terminated (rule: ProcessTerminate)	"Process terminated:
RuleName: C:\Users
UtcTime: 2022-06-25 04:01:44.866
ProcessGuid: {df655c70-88a4-62b6-5f13-000000005101}
ProcessId: 11244
Image: C:\Users\chrsm\AppData\Local\Programs\Opera\87.0.4390.45\opera_autoupdate.exe
User: LAPTOP-ROPR18AK\chrsm"
Information	25/06/2022 07:01:41	Microsoft-Windows-Sysmon	3	Network connection detected (rule: NetworkConnect)	"Network connection detected:
RuleName: Sysmon_Event_3(NetworkConnect)
UtcTime: 2022-06-25 04:01:43.547
ProcessGuid: {df655c70-91fb-62b3-eb03-000000000000}
ProcessId: 4
Image: System
User: NT AUTHORITY\SYSTEM
Protocol: udp
Initiated: true
SourceIsIpv6: false
SourceIp: 192.168.1.8
SourceHostname: LAPTOP-ROPR18AK.home
SourcePort: 137
SourcePortName: netbios-ns
DestinationIsIpv6: false
DestinationIp: 51.105.232.141
DestinationHostname: -
DestinationPort: 137
DestinationPortName: netbios-ns"
Information	25/06/2022 07:01:41	Microsoft-Windows-Sysmon	3	Network connection detected (rule: NetworkConnect)	"Network connection detected:
RuleName: Sysmon_Event_3(NetworkConnect)
UtcTime: 2022-06-25 04:01:43.502
ProcessGuid: {df655c70-91fb-62b3-eb03-000000000000}
ProcessId: 4
Image: System
User: NT AUTHORITY\SYSTEM
Protocol: udp
Initiated: true
SourceIsIpv6: false
SourceIp: 192.168.1.8
SourceHostname: LAPTOP-ROPR18AK.home
SourcePort: 137
SourcePortName: netbios-ns
DestinationIsIpv6: false
DestinationIp: 52.242.101.226
DestinationHostname: -
DestinationPort: 137
DestinationPortName: netbios-ns"
Information	25/06/2022 07:01:40	Microsoft-Windows-Sysmon	5	Process terminated (rule: ProcessTerminate)	"Process terminated:
RuleName: C:\Users
UtcTime: 2022-06-25 04:01:40.001
ProcessGuid: {df655c70-88a3-62b6-5d13-000000005101}
ProcessId: 24612
Image: C:\Users\chrsm\AppData\Local\Temp\.opera\8408E7AB7347\installer.exe
User: LAPTOP-ROPR18AK\chrsm"
Information	25/06/2022 07:01:30	Microsoft-Windows-Sysmon	5	Process terminated (rule: ProcessTerminate)	"Process terminated:
RuleName: C:\Users
UtcTime: 2022-06-25 04:01:30.127
ProcessGuid: {df655c70-8899-62b6-4713-000000005101}
ProcessId: 12552
Image: C:\Users\chrsm\AppData\Local\slack\app-4.26.2\slack.exe
User: LAPTOP-ROPR18AK\chrsm"
Information	25/06/2022 07:00:52	Microsoft-Windows-Sysmon	3	Network connection detected (rule: NetworkConnect)	"Network connection detected:
RuleName: Sysmon_Event_3(NetworkConnect)
UtcTime: 2022-06-25 04:00:53.098
ProcessGuid: {df655c70-91fb-62b3-eb03-000000000000}
ProcessId: 4
Image: System
User: NT AUTHORITY\SYSTEM
Protocol: udp
Initiated: true
SourceIsIpv6: false
SourceIp: 192.168.1.8
SourceHostname: LAPTOP-ROPR18AK.home
SourcePort: 137
SourcePortName: netbios-ns
DestinationIsIpv6: false
DestinationIp: 212.205.126.41
DestinationHostname: -
DestinationPort: 137
DestinationPortName: netbios-ns"
Information	25/06/2022 07:00:47	Microsoft-Windows-Sysmon	3	Network connection detected (rule: NetworkConnect)	"Network connection detected:
RuleName: Sysmon_Event_3(NetworkConnect)
UtcTime: 2022-06-25 04:00:49.338
ProcessGuid: {df655c70-91fb-62b3-eb03-000000000000}
ProcessId: 4
Image: System
User: NT AUTHORITY\SYSTEM
Protocol: udp
Initiated: true
SourceIsIpv6: false
SourceIp: 192.168.1.8
SourceHostname: LAPTOP-ROPR18AK.home
SourcePort: 137
SourcePortName: netbios-ns
DestinationIsIpv6: false
DestinationIp: 40.79.141.152
DestinationHostname: -
DestinationPort: 137
DestinationPortName: netbios-ns"
Information	25/06/2022 07:00:21	Microsoft-Windows-Sysmon	5	Process terminated (rule: ProcessTerminate)	"Process terminated:
RuleName: C:\Users
UtcTime: 2022-06-25 04:00:21.793
ProcessGuid: {df655c70-884f-62b6-2513-000000005101}
ProcessId: 7892
Image: C:\Users\chrsm\AppData\Local\Microsoft\OneDrive\22.111.0522.0002\FileCoAuth.exe
User: LAPTOP-ROPR18AK\chrsm"
Information	25/06/2022 07:00:13	Microsoft-Windows-Sysmon	3	Network connection detected (rule: NetworkConnect)	"Network connection detected:
RuleName: Sysmon_Event_3(NetworkConnect)
UtcTime: 2022-06-25 04:00:14.830
ProcessGuid: {df655c70-91fb-62b3-eb03-000000000000}
ProcessId: 4
Image: System
User: NT AUTHORITY\SYSTEM
Protocol: udp
Initiated: true
SourceIsIpv6: false
SourceIp: 192.168.1.8
SourceHostname: LAPTOP-ROPR18AK.home
SourcePort: 137
SourcePortName: netbios-ns
DestinationIsIpv6: false
DestinationIp: 17.57.146.22
DestinationHostname: -
DestinationPort: 137
DestinationPortName: netbios-ns"
Information	25/06/2022 07:00:12	Microsoft-Windows-Sysmon	3	Network connection detected (rule: NetworkConnect)	"Network connection detected:
RuleName: Sysmon_Event_3(NetworkConnect)
UtcTime: 2022-06-25 04:00:14.099
ProcessGuid: {df655c70-91fb-62b3-eb03-000000000000}
ProcessId: 4
Image: System
User: NT AUTHORITY\SYSTEM
Protocol: udp
Initiated: true
SourceIsIpv6: false
SourceIp: 192.168.1.8
SourceHostname: LAPTOP-ROPR18AK.home
SourcePort: 137
SourcePortName: netbios-ns
DestinationIsIpv6: false
DestinationIp: 52.188.50.245
DestinationHostname: -
DestinationPort: 137
DestinationPortName: netbios-ns"
Information	25/06/2022 07:00:01	Microsoft-Windows-Sysmon	5	Process terminated (rule: ProcessTerminate)	"Process terminated:
RuleName: C:\ProgramData
UtcTime: 2022-06-25 04:00:01.189
ProcessGuid: {df655c70-883e-62b6-1713-000000005101}
ProcessId: 15496
Image: C:\ProgramData\Microsoft\Windows Defender\Platform\4.18.2203.5-0\MpCmdRun.exe
User: NT AUTHORITY\SYSTEM"
Information	25/06/2022 06:59:58	Microsoft-Windows-Sysmon	5	Process terminated (rule: ProcessTerminate)	"Process terminated:
RuleName: C:\ProgramData
UtcTime: 2022-06-25 03:59:58.821
ProcessGuid: {df655c70-87f9-62b6-7e12-000000005101}
ProcessId: 1320
Image: C:\ProgramData\Microsoft\Windows Defender\Platform\4.18.2203.5-0\MsMpEng.exe
User: NT AUTHORITY\SYSTEM"
Information	25/06/2022 06:59:58	Microsoft-Windows-Sysmon	5	Process terminated (rule: ProcessTerminate)	"Process terminated:
RuleName: C:\ProgramData
UtcTime: 2022-06-25 03:59:58.315
ProcessGuid: {df655c70-8801-62b6-c112-000000005101}
ProcessId: 21316
Image: C:\ProgramData\Microsoft\Windows Defender\Platform\4.18.2203.5-0\NisSrv.exe
User: NT AUTHORITY\LOCAL SERVICE"
Information	25/06/2022 06:59:58	Microsoft-Windows-Sysmon	5	Process terminated (rule: ProcessTerminate)	"Process terminated:
RuleName: C:\ProgramData
UtcTime: 2022-06-25 03:59:58.167
ProcessGuid: {df655c70-8801-62b6-be12-000000005101}
ProcessId: 13896
Image: C:\ProgramData\Microsoft\Windows Defender\Platform\4.18.2203.5-0\MpCmdRun.exe
User: NT AUTHORITY\SYSTEM"
Information	25/06/2022 06:59:56	Microsoft-Windows-Sysmon	5	Process terminated (rule: ProcessTerminate)	"Process terminated:
RuleName: C:\ProgramData
UtcTime: 2022-06-25 03:59:56.970
ProcessGuid: {df655c70-883b-62b6-1213-000000005101}
ProcessId: 17172
Image: C:\ProgramData\Microsoft\Windows Defender\Platform\4.18.2203.5-0\MpCmdRun.exe
User: NT AUTHORITY\NETWORK SERVICE"
Information	25/06/2022 06:59:45	Microsoft-Windows-Sysmon	3	Network connection detected (rule: NetworkConnect)	"Network connection detected:
RuleName: Sysmon_Event_3(NetworkConnect)
UtcTime: 2022-06-25 03:59:47.654
ProcessGuid: {df655c70-91fb-62b3-eb03-000000000000}
ProcessId: 4
Image: System
User: NT AUTHORITY\SYSTEM
Protocol: udp
Initiated: true
SourceIsIpv6: false
SourceIp: 192.168.1.8
SourceHostname: LAPTOP-ROPR18AK.home
SourcePort: 137
SourcePortName: netbios-ns
DestinationIsIpv6: false
DestinationIp: 52.152.108.96
DestinationHostname: -
DestinationPort: 137
DestinationPortName: netbios-ns"
Information	25/06/2022 06:59:34	Microsoft-Windows-Sysmon	3	Network connection detected (rule: NetworkConnect)	"Network connection detected:
RuleName: Sysmon_Event_3(NetworkConnect)
UtcTime: 2022-06-25 03:59:36.393
ProcessGuid: {df655c70-91fb-62b3-eb03-000000000000}
ProcessId: 4
Image: System
User: NT AUTHORITY\SYSTEM
Protocol: udp
Initiated: true
SourceIsIpv6: false
SourceIp: 192.168.1.8
SourceHostname: LAPTOP-ROPR18AK.home
SourcePort: 137
SourcePortName: netbios-ns
DestinationIsIpv6: false
DestinationIp: 104.18.21.226
DestinationHostname: -
DestinationPort: 137
DestinationPortName: netbios-ns"
Information	25/06/2022 06:59:33	Microsoft-Windows-Sysmon	3	Network connection detected (rule: NetworkConnect)	"Network connection detected:
RuleName: Sysmon_Event_3(NetworkConnect)
UtcTime: 2022-06-25 03:59:34.347
ProcessGuid: {df655c70-91fb-62b3-eb03-000000000000}
ProcessId: 4
Image: System
User: NT AUTHORITY\SYSTEM
Protocol: udp
Initiated: false
SourceIsIpv6: false
SourceIp: 169.254.255.255
SourceHostname: -
SourcePort: 137
SourcePortName: netbios-ns
DestinationIsIpv6: false
DestinationIp: 169.254.50.19
DestinationHostname: LAPTOP-ROPR18AK
DestinationPort: 137
DestinationPortName: netbios-ns"
Information	25/06/2022 06:59:33	Microsoft-Windows-Sysmon	3	Network connection detected (rule: NetworkConnect)	"Network connection detected:
RuleName: Sysmon_Event_3(NetworkConnect)
UtcTime: 2022-06-25 03:59:34.347
ProcessGuid: {df655c70-91fb-62b3-eb03-000000000000}
ProcessId: 4
Image: System
User: NT AUTHORITY\SYSTEM
Protocol: udp
Initiated: true
SourceIsIpv6: false
SourceIp: 169.254.50.19
SourceHostname: LAPTOP-ROPR18AK
SourcePort: 137
SourcePortName: netbios-ns
DestinationIsIpv6: false
DestinationIp: 169.254.255.255
DestinationHostname: -
DestinationPort: 137
DestinationPortName: netbios-ns"
Information	25/06/2022 06:59:31	Microsoft-Windows-Sysmon	3	Network connection detected (rule: NetworkConnect)	"Network connection detected:
RuleName: Sysmon_Event_3(NetworkConnect)
UtcTime: 2022-06-25 03:59:33.223
ProcessGuid: {df655c70-91fb-62b3-eb03-000000000000}
ProcessId: 4
Image: System
User: NT AUTHORITY\SYSTEM
Protocol: udp
Initiated: true
SourceIsIpv6: false
SourceIp: 192.168.1.8
SourceHostname: LAPTOP-ROPR18AK.home
SourcePort: 137
SourcePortName: netbios-ns
DestinationIsIpv6: false
DestinationIp: 192.168.1.9
DestinationHostname: -
DestinationPort: 137
DestinationPortName: netbios-ns"
Information	25/06/2022 06:59:30	Microsoft-Windows-Sysmon	3	Network connection detected (rule: NetworkConnect)	"Network connection detected:
RuleName: Sysmon_Event_3(NetworkConnect)
UtcTime: 2022-06-25 03:59:32.379
ProcessGuid: {df655c70-91fb-62b3-eb03-000000000000}
ProcessId: 4
Image: System
User: NT AUTHORITY\SYSTEM
Protocol: udp
Initiated: true
SourceIsIpv6: false
SourceIp: 192.168.1.8
SourceHostname: LAPTOP-ROPR18AK.home
SourcePort: 137
SourcePortName: netbios-ns
DestinationIsIpv6: false
DestinationIp: 20.72.205.209
DestinationHostname: -
DestinationPort: 137
DestinationPortName: netbios-ns"
Information	25/06/2022 06:59:30	Microsoft-Windows-Sysmon	3	Network connection detected (rule: NetworkConnect)	"Network connection detected:
RuleName: Sysmon_Event_3(NetworkConnect)
UtcTime: 2022-06-25 03:59:32.243
ProcessGuid: {df655c70-91fb-62b3-eb03-000000000000}
ProcessId: 4
Image: System
User: NT AUTHORITY\SYSTEM
Protocol: udp
Initiated: false
SourceIsIpv6: false
SourceIp: 192.168.1.255
SourceHostname: -
SourcePort: 137
SourcePortName: netbios-ns
DestinationIsIpv6: false
DestinationIp: 192.168.1.9
DestinationHostname: -
DestinationPort: 137
DestinationPortName: netbios-ns"
Information	25/06/2022 06:59:30	Microsoft-Windows-Sysmon	3	Network connection detected (rule: NetworkConnect)	"Network connection detected:
RuleName: Sysmon_Event_3(NetworkConnect)
UtcTime: 2022-06-25 03:59:32.082
ProcessGuid: {df655c70-91fb-62b3-eb03-000000000000}
ProcessId: 4
Image: System
User: NT AUTHORITY\SYSTEM
Protocol: udp
Initiated: false
SourceIsIpv6: false
SourceIp: 192.168.1.255
SourceHostname: -
SourcePort: 137
SourcePortName: netbios-ns
DestinationIsIpv6: false
DestinationIp: 192.168.1.8
DestinationHostname: LAPTOP-ROPR18AK.home
DestinationPort: 137
DestinationPortName: netbios-ns"
Information	25/06/2022 06:59:30	Microsoft-Windows-Sysmon	3	Network connection detected (rule: NetworkConnect)	"Network connection detected:
RuleName: Sysmon_Event_3(NetworkConnect)
UtcTime: 2022-06-25 03:59:32.082
ProcessGuid: {df655c70-91fb-62b3-eb03-000000000000}
ProcessId: 4
Image: System
User: NT AUTHORITY\SYSTEM
Protocol: udp
Initiated: true
SourceIsIpv6: false
SourceIp: 192.168.1.8
SourceHostname: LAPTOP-ROPR18AK.home
SourcePort: 137
SourcePortName: netbios-ns
DestinationIsIpv6: false
DestinationIp: 192.168.1.255
DestinationHostname: -
DestinationPort: 137
DestinationPortName: netbios-ns"
Information	25/06/2022 06:59:30	Microsoft-Windows-Sysmon	3	Network connection detected (rule: NetworkConnect)	"Network connection detected:
RuleName: Sysmon_Event_3(NetworkConnect)
UtcTime: 2022-06-25 03:59:31.261
ProcessGuid: {df655c70-91fb-62b3-eb03-000000000000}
ProcessId: 4
Image: System
User: NT AUTHORITY\SYSTEM
Protocol: udp
Initiated: true
SourceIsIpv6: false
SourceIp: 192.168.1.8
SourceHostname: LAPTOP-ROPR18AK.home
SourcePort: 137
SourcePortName: netbios-ns
DestinationIsIpv6: false
DestinationIp: 40.101.78.114
DestinationHostname: -
DestinationPort: 137
DestinationPortName: netbios-ns"
Information	25/06/2022 06:59:29	Microsoft-Windows-Sysmon	5	Process terminated (rule: ProcessTerminate)	"Process terminated:
RuleName: C:\Users
UtcTime: 2022-06-25 03:59:29.595
ProcessGuid: {df655c70-881b-62b6-e912-000000005101}
ProcessId: 25160
Image: C:\Users\chrsm\AppData\Local\slack\slack.exe
User: LAPTOP-ROPR18AK\chrsm"
Information	25/06/2022 06:59:29	Microsoft-Windows-Sysmon	5	Process terminated (rule: ProcessTerminate)	"Process terminated:
RuleName: C:\Users
UtcTime: 2022-06-25 03:59:29.392
ProcessGuid: {df655c70-880a-62b6-cd12-000000005101}
ProcessId: 7552
Image: C:\Users\chrsm\AppData\Local\Microsoft\Teams\current\Teams.exe
User: LAPTOP-ROPR18AK\chrsm"
Information	25/06/2022 06:59:29	Microsoft-Windows-Sysmon	5	Process terminated (rule: ProcessTerminate)	"Process terminated:
RuleName: C:\Users
UtcTime: 2022-06-25 03:59:29.344
ProcessGuid: {df655c70-880b-62b6-cf12-000000005101}
ProcessId: 21012
Image: C:\Users\chrsm\AppData\Local\Microsoft\Teams\current\Teams.exe
User: LAPTOP-ROPR18AK\chrsm"
Information	25/06/2022 06:59:29	Microsoft-Windows-Sysmon	5	Process terminated (rule: ProcessTerminate)	"Process terminated:
RuleName: C:\Users
UtcTime: 2022-06-25 03:59:29.339
ProcessGuid: {df655c70-880c-62b6-d412-000000005101}
ProcessId: 356
Image: C:\Users\chrsm\AppData\Local\Microsoft\Teams\current\Teams.exe
User: LAPTOP-ROPR18AK\chrsm"
Information	25/06/2022 06:59:29	Microsoft-Windows-Sysmon	5	Process terminated (rule: ProcessTerminate)	"Process terminated:
RuleName: C:\Users
UtcTime: 2022-06-25 03:59:29.327
ProcessGuid: {df655c70-880c-62b6-d012-000000005101}
ProcessId: 14904
Image: C:\Users\chrsm\AppData\Local\Microsoft\Teams\current\Teams.exe
User: LAPTOP-ROPR18AK\chrsm"
Information	25/06/2022 06:59:29	Microsoft-Windows-Sysmon	5	Process terminated (rule: ProcessTerminate)	"Process terminated:
RuleName: C:\Users
UtcTime: 2022-06-25 03:59:29.282
ProcessGuid: {df655c70-880c-62b6-d212-000000005101}
ProcessId: 15120
Image: C:\Users\chrsm\AppData\Local\Microsoft\Teams\current\Teams.exe
User: LAPTOP-ROPR18AK\chrsm"
Information	25/06/2022 06:59:29	Microsoft-Windows-Sysmon	5	Process terminated (rule: ProcessTerminate)	"Process terminated:
RuleName: C:\Users
UtcTime: 2022-06-25 03:59:29.279
ProcessGuid: {df655c70-880c-62b6-d112-000000005101}
ProcessId: 1360
Image: C:\Users\chrsm\AppData\Local\Microsoft\Teams\current\Teams.exe
User: LAPTOP-ROPR18AK\chrsm"
Information	25/06/2022 06:59:28	Microsoft-Windows-Sysmon	5	Process terminated (rule: ProcessTerminate)	"Process terminated:
RuleName: C:\Users
UtcTime: 2022-06-25 03:59:28.868
ProcessGuid: {df655c70-8811-62b6-d812-000000005101}
ProcessId: 17704
Image: C:\Users\chrsm\AppData\Local\Microsoft\Teams\current\Teams.exe
User: LAPTOP-ROPR18AK\chrsm"
Information	25/06/2022 06:59:28	Microsoft-Windows-Sysmon	5	Process terminated (rule: ProcessTerminate)	"Process terminated:
RuleName: C:\Users
UtcTime: 2022-06-25 03:59:28.868
ProcessGuid: {df655c70-8810-62b6-d712-000000005101}
ProcessId: 24476
Image: C:\Users\chrsm\AppData\Local\Microsoft\Teams\current\Teams.exe
User: LAPTOP-ROPR18AK\chrsm"
Information	25/06/2022 06:59:28	Microsoft-Windows-Sysmon	3	Network connection detected (rule: NetworkConnect)	"Network connection detected:
RuleName: Sysmon_Event_3(NetworkConnect)
UtcTime: 2022-06-25 03:59:29.821
ProcessGuid: {df655c70-91fb-62b3-eb03-000000000000}
ProcessId: 4
Image: System
User: NT AUTHORITY\SYSTEM
Protocol: udp
Initiated: false
SourceIsIpv6: false
SourceIp: 192.168.179.255
SourceHostname: -
SourcePort: 137
SourcePortName: netbios-ns
DestinationIsIpv6: false
DestinationIp: 192.168.179.2
DestinationHostname: LAPTOP-ROPR18AK
DestinationPort: 137
DestinationPortName: netbios-ns"
Information	25/06/2022 06:59:28	Microsoft-Windows-Sysmon	3	Network connection detected (rule: NetworkConnect)	"Network connection detected:
RuleName: Sysmon_Event_3(NetworkConnect)
UtcTime: 2022-06-25 03:59:29.821
ProcessGuid: {df655c70-91fb-62b3-eb03-000000000000}
ProcessId: 4
Image: System
User: NT AUTHORITY\SYSTEM
Protocol: udp
Initiated: true
SourceIsIpv6: false
SourceIp: 192.168.179.2
SourceHostname: LAPTOP-ROPR18AK
SourcePort: 137
SourcePortName: netbios-ns
DestinationIsIpv6: false
DestinationIp: 192.168.179.255
DestinationHostname: -
DestinationPort: 137
DestinationPortName: netbios-ns"
Information	25/06/2022 06:59:26	Microsoft-Windows-Sysmon	3	Network connection detected (rule: NetworkConnect)	"Network connection detected:
RuleName: Sysmon_Event_3(NetworkConnect)
UtcTime: 2022-06-25 03:59:28.253
ProcessGuid: {df655c70-91fb-62b3-eb03-000000000000}
ProcessId: 4
Image: System
User: NT AUTHORITY\SYSTEM
Protocol: udp
Initiated: true
SourceIsIpv6: false
SourceIp: 192.168.1.8
SourceHostname: LAPTOP-ROPR18AK.home
SourcePort: 137
SourcePortName: netbios-ns
DestinationIsIpv6: false
DestinationIp: 212.205.126.138
DestinationHostname: -
DestinationPort: 137
DestinationPortName: netbios-ns"
Information	25/06/2022 06:59:26	Microsoft-Windows-Sysmon	3	Network connection detected (rule: NetworkConnect)	"Network connection detected:
RuleName: Sysmon_Event_3(NetworkConnect)
UtcTime: 2022-06-25 03:59:28.241
ProcessGuid: {df655c70-91fb-62b3-eb03-000000000000}
ProcessId: 4
Image: System
User: NT AUTHORITY\SYSTEM
Protocol: udp
Initiated: true
SourceIsIpv6: false
SourceIp: 192.168.1.8
SourceHostname: LAPTOP-ROPR18AK.home
SourcePort: 137
SourcePortName: netbios-ns
DestinationIsIpv6: false
DestinationIp: 212.205.126.33
DestinationHostname: -
DestinationPort: 137
DestinationPortName: netbios-ns"
Information	25/06/2022 06:59:26	Microsoft-Windows-Sysmon	3	Network connection detected (rule: NetworkConnect)	"Network connection detected:
RuleName: Sysmon_Event_3(NetworkConnect)
UtcTime: 2022-06-25 03:59:28.217
ProcessGuid: {df655c70-91fb-62b3-eb03-000000000000}
ProcessId: 4
Image: System
User: NT AUTHORITY\SYSTEM
Protocol: udp
Initiated: true
SourceIsIpv6: false
SourceIp: 192.168.1.8
SourceHostname: LAPTOP-ROPR18AK.home
SourcePort: 137
SourcePortName: netbios-ns
DestinationIsIpv6: false
DestinationIp: 212.205.126.34
DestinationHostname: -
DestinationPort: 137
DestinationPortName: netbios-ns"
Information	25/06/2022 06:59:25	Microsoft-Windows-Sysmon	3	Network connection detected (rule: NetworkConnect)	"Network connection detected:
RuleName: Sysmon_Event_3(NetworkConnect)
UtcTime: 2022-06-25 03:59:27.561
ProcessGuid: {df655c70-91fb-62b3-eb03-000000000000}
ProcessId: 4
Image: System
User: NT AUTHORITY\SYSTEM
Protocol: udp
Initiated: false
SourceIsIpv6: false
SourceIp: 169.254.255.255
SourceHostname: -
SourcePort: 137
SourcePortName: netbios-ns
DestinationIsIpv6: false
DestinationIp: 169.254.30.169
DestinationHostname: LAPTOP-ROPR18AK
DestinationPort: 137
DestinationPortName: netbios-ns"
Information	25/06/2022 06:59:25	Microsoft-Windows-Sysmon	3	Network connection detected (rule: NetworkConnect)	"Network connection detected:
RuleName: Sysmon_Event_3(NetworkConnect)
UtcTime: 2022-06-25 03:59:27.561
ProcessGuid: {df655c70-91fb-62b3-eb03-000000000000}
ProcessId: 4
Image: System
User: NT AUTHORITY\SYSTEM
Protocol: udp
Initiated: true
SourceIsIpv6: false
SourceIp: 169.254.30.169
SourceHostname: LAPTOP-ROPR18AK
SourcePort: 137
SourcePortName: netbios-ns
DestinationIsIpv6: false
DestinationIp: 169.254.255.255
DestinationHostname: -
DestinationPort: 137
DestinationPortName: netbios-ns"
Information	25/06/2022 06:59:24	Microsoft-Windows-Sysmon	3	Network connection detected (rule: NetworkConnect)	"Network connection detected:
RuleName: Sysmon_Event_3(NetworkConnect)
UtcTime: 2022-06-25 03:59:25.300
ProcessGuid: {df655c70-91fb-62b3-eb03-000000000000}
ProcessId: 4
Image: System
User: NT AUTHORITY\SYSTEM
Protocol: udp
Initiated: false
SourceIsIpv6: false
SourceIp: 169.254.255.255
SourceHostname: -
SourcePort: 137
SourcePortName: netbios-ns
DestinationIsIpv6: false
DestinationIp: 169.254.97.182
DestinationHostname: LAPTOP-ROPR18AK
DestinationPort: 137
DestinationPortName: netbios-ns"
Information	25/06/2022 06:59:24	Microsoft-Windows-Sysmon	3	Network connection detected (rule: NetworkConnect)	"Network connection detected:
RuleName: Sysmon_Event_3(NetworkConnect)
UtcTime: 2022-06-25 03:59:25.299
ProcessGuid: {df655c70-91fb-62b3-eb03-000000000000}
ProcessId: 4
Image: System
User: NT AUTHORITY\SYSTEM
Protocol: udp
Initiated: true
SourceIsIpv6: false
SourceIp: 169.254.97.182
SourceHostname: LAPTOP-ROPR18AK
SourcePort: 137
SourcePortName: netbios-ns
DestinationIsIpv6: false
DestinationIp: 169.254.255.255
DestinationHostname: -
DestinationPort: 137
DestinationPortName: netbios-ns"
