Information	24/06/2022 16:21:46	Microsoft-Windows-Sysmon	3	Network connection detected (rule: NetworkConnect)	"Network connection detected:
RuleName: Sysmon_Event_3(NetworkConnect)
UtcTime: 2022-06-24 13:21:46.686
ProcessGuid: {df655c70-91fb-62b3-eb03-000000000000}
ProcessId: 4
Image: System
User: NT AUTHORITY\SYSTEM
Protocol: udp
Initiated: true
SourceIsIpv6: false
SourceIp: 169.254.142.2
SourceHostname: LAPTOP-ROPR18AK
SourcePort: 137
SourcePortName: netbios-ns
DestinationIsIpv6: false
DestinationIp: 169.254.255.255
DestinationHostname: -
DestinationPort: 137
DestinationPortName: netbios-ns"
Information	24/06/2022 16:21:44	Microsoft-Windows-Sysmon	3	Network connection detected (rule: NetworkConnect)	"Network connection detected:
RuleName: Sysmon_Event_3(NetworkConnect)
UtcTime: 2022-06-24 13:21:44.426
ProcessGuid: {df655c70-91fb-62b3-eb03-000000000000}
ProcessId: 4
Image: System
User: NT AUTHORITY\SYSTEM
Protocol: udp
Initiated: false
SourceIsIpv6: false
SourceIp: 192.168.156.255
SourceHostname: -
SourcePort: 137
SourcePortName: netbios-ns
DestinationIsIpv6: false
DestinationIp: 192.168.156.105
DestinationHostname: LAPTOP-ROPR18AK
DestinationPort: 137
DestinationPortName: netbios-ns"
Information	24/06/2022 16:21:44	Microsoft-Windows-Sysmon	3	Network connection detected (rule: NetworkConnect)	"Network connection detected:
RuleName: Sysmon_Event_3(NetworkConnect)
UtcTime: 2022-06-24 13:21:44.426
ProcessGuid: {df655c70-91fb-62b3-eb03-000000000000}
ProcessId: 4
Image: System
User: NT AUTHORITY\SYSTEM
Protocol: udp
Initiated: true
SourceIsIpv6: false
SourceIp: 192.168.156.105
SourceHostname: LAPTOP-ROPR18AK
SourcePort: 137
SourcePortName: netbios-ns
DestinationIsIpv6: false
DestinationIp: 192.168.156.255
DestinationHostname: -
DestinationPort: 137
DestinationPortName: netbios-ns"
Information	24/06/2022 16:21:42	Microsoft-Windows-Sysmon	3	Network connection detected (rule: NetworkConnect)	"Network connection detected:
RuleName: Sysmon_Event_3(NetworkConnect)
UtcTime: 2022-06-24 13:21:42.162
ProcessGuid: {df655c70-91fb-62b3-eb03-000000000000}
ProcessId: 4
Image: System
User: NT AUTHORITY\SYSTEM
Protocol: udp
Initiated: false
SourceIsIpv6: false
SourceIp: 169.254.255.255
SourceHostname: -
SourcePort: 137
SourcePortName: netbios-ns
DestinationIsIpv6: false
DestinationIp: 169.254.250.108
DestinationHostname: LAPTOP-ROPR18AK
DestinationPort: 137
DestinationPortName: netbios-ns"
Information	24/06/2022 16:21:42	Microsoft-Windows-Sysmon	3	Network connection detected (rule: NetworkConnect)	"Network connection detected:
RuleName: Sysmon_Event_3(NetworkConnect)
UtcTime: 2022-06-24 13:21:42.162
ProcessGuid: {df655c70-91fb-62b3-eb03-000000000000}
ProcessId: 4
Image: System
User: NT AUTHORITY\SYSTEM
Protocol: udp
Initiated: true
SourceIsIpv6: false
SourceIp: 169.254.250.108
SourceHostname: LAPTOP-ROPR18AK
SourcePort: 137
SourcePortName: netbios-ns
DestinationIsIpv6: false
DestinationIp: 169.254.255.255
DestinationHostname: -
DestinationPort: 137
DestinationPortName: netbios-ns"
Information	24/06/2022 16:21:40	Microsoft-Windows-Sysmon	5	Process terminated (rule: ProcessTerminate)	"Process terminated:
RuleName: C:\ProgramData
UtcTime: 2022-06-24 13:21:40.357
ProcessGuid: {df655c70-ba64-62b5-0e11-000000005101}
ProcessId: 3144
Image: C:\ProgramData\Microsoft\Windows Defender\Platform\4.18.2203.5-0\MpCmdRun.exe
User: NT AUTHORITY\SYSTEM"
Information	24/06/2022 16:21:39	Microsoft-Windows-Sysmon	3	Network connection detected (rule: NetworkConnect)	"Network connection detected:
RuleName: Sysmon_Event_3(NetworkConnect)
UtcTime: 2022-06-24 13:21:39.901
ProcessGuid: {df655c70-91fb-62b3-eb03-000000000000}
ProcessId: 4
Image: System
User: NT AUTHORITY\SYSTEM
Protocol: udp
Initiated: false
SourceIsIpv6: false
SourceIp: 192.168.128.255
SourceHostname: -
SourcePort: 137
SourcePortName: netbios-ns
DestinationIsIpv6: false
DestinationIp: 192.168.128.102
DestinationHostname: LAPTOP-ROPR18AK
DestinationPort: 137
DestinationPortName: netbios-ns"
Information	24/06/2022 16:21:39	Microsoft-Windows-Sysmon	3	Network connection detected (rule: NetworkConnect)	"Network connection detected:
RuleName: Sysmon_Event_3(NetworkConnect)
UtcTime: 2022-06-24 13:21:39.901
ProcessGuid: {df655c70-91fb-62b3-eb03-000000000000}
ProcessId: 4
Image: System
User: NT AUTHORITY\SYSTEM
Protocol: udp
Initiated: true
SourceIsIpv6: false
SourceIp: 192.168.128.102
SourceHostname: LAPTOP-ROPR18AK
SourcePort: 137
SourcePortName: netbios-ns
DestinationIsIpv6: false
DestinationIp: 192.168.128.255
DestinationHostname: -
DestinationPort: 137
DestinationPortName: netbios-ns"
Information	24/06/2022 16:21:38	Microsoft-Windows-Sysmon	3	Network connection detected (rule: NetworkConnect)	"Network connection detected:
RuleName: Sysmon_Event_3(NetworkConnect)
UtcTime: 2022-06-24 13:21:37.641
ProcessGuid: {df655c70-91fb-62b3-eb03-000000000000}
ProcessId: 4
Image: System
User: NT AUTHORITY\SYSTEM
Protocol: udp
Initiated: false
SourceIsIpv6: false
SourceIp: 169.254.255.255
SourceHostname: -
SourcePort: 137
SourcePortName: netbios-ns
DestinationIsIpv6: false
DestinationIp: 169.254.9.4
DestinationHostname: LAPTOP-ROPR18AK
DestinationPort: 137
DestinationPortName: netbios-ns"
Information	24/06/2022 16:21:38	Microsoft-Windows-Sysmon	3	Network connection detected (rule: NetworkConnect)	"Network connection detected:
RuleName: Sysmon_Event_3(NetworkConnect)
UtcTime: 2022-06-24 13:21:37.641
ProcessGuid: {df655c70-91fb-62b3-eb03-000000000000}
ProcessId: 4
Image: System
User: NT AUTHORITY\SYSTEM
Protocol: udp
Initiated: true
SourceIsIpv6: false
SourceIp: 169.254.9.4
SourceHostname: LAPTOP-ROPR18AK
SourcePort: 137
SourcePortName: netbios-ns
DestinationIsIpv6: false
DestinationIp: 169.254.255.255
DestinationHostname: -
DestinationPort: 137
DestinationPortName: netbios-ns"
Information	24/06/2022 16:21:37	Microsoft-Windows-Sysmon	5	Process terminated (rule: ProcessTerminate)	"Process terminated:
RuleName: C:\ProgramData
UtcTime: 2022-06-24 13:21:37.062
ProcessGuid: {df655c70-ba60-62b5-0811-000000005101}
ProcessId: 17116
Image: C:\ProgramData\Microsoft\Windows Defender\Platform\4.18.2203.5-0\MpCmdRun.exe
User: NT AUTHORITY\SYSTEM"
Information	24/06/2022 16:21:36	Microsoft-Windows-Sysmon	3	Network connection detected (rule: NetworkConnect)	"Network connection detected:
RuleName: Sysmon_Event_3(NetworkConnect)
UtcTime: 2022-06-24 13:21:37.152
ProcessGuid: {df655c70-91fb-62b3-eb03-000000000000}
ProcessId: 4
Image: System
User: NT AUTHORITY\SYSTEM
Protocol: udp
Initiated: false
SourceIsIpv6: false
SourceIp: 169.254.255.255
SourceHostname: -
SourcePort: 137
SourcePortName: netbios-ns
DestinationIsIpv6: false
DestinationIp: 169.254.80.102
DestinationHostname: LAPTOP-ROPR18AK
DestinationPort: 137
DestinationPortName: netbios-ns"
Information	24/06/2022 16:21:36	Microsoft-Windows-Sysmon	3	Network connection detected (rule: NetworkConnect)	"Network connection detected:
RuleName: Sysmon_Event_3(NetworkConnect)
UtcTime: 2022-06-24 13:21:37.152
ProcessGuid: {df655c70-91fb-62b3-eb03-000000000000}
ProcessId: 4
Image: System
User: NT AUTHORITY\SYSTEM
Protocol: udp
Initiated: true
SourceIsIpv6: false
SourceIp: 169.254.80.102
SourceHostname: LAPTOP-ROPR18AK
SourcePort: 137
SourcePortName: netbios-ns
DestinationIsIpv6: false
DestinationIp: 169.254.255.255
DestinationHostname: -
DestinationPort: 137
DestinationPortName: netbios-ns"
Information	24/06/2022 16:21:35	Microsoft-Windows-Sysmon	3	Network connection detected (rule: NetworkConnect)	"Network connection detected:
RuleName: Sysmon_Event_3(NetworkConnect)
UtcTime: 2022-06-24 13:21:35.380
ProcessGuid: {df655c70-91fb-62b3-eb03-000000000000}
ProcessId: 4
Image: System
User: NT AUTHORITY\SYSTEM
Protocol: udp
Initiated: false
SourceIsIpv6: false
SourceIp: 169.254.255.255
SourceHostname: -
SourcePort: 137
SourcePortName: netbios-ns
DestinationIsIpv6: false
DestinationIp: 169.254.3.2
DestinationHostname: LAPTOP-ROPR18AK
DestinationPort: 137
DestinationPortName: netbios-ns"
Information	24/06/2022 16:21:35	Microsoft-Windows-Sysmon	3	Network connection detected (rule: NetworkConnect)	"Network connection detected:
RuleName: Sysmon_Event_3(NetworkConnect)
UtcTime: 2022-06-24 13:21:35.379
ProcessGuid: {df655c70-91fb-62b3-eb03-000000000000}
ProcessId: 4
Image: System
User: NT AUTHORITY\SYSTEM
Protocol: udp
Initiated: true
SourceIsIpv6: false
SourceIp: 169.254.3.2
SourceHostname: LAPTOP-ROPR18AK
SourcePort: 137
SourcePortName: netbios-ns
DestinationIsIpv6: false
DestinationIp: 169.254.255.255
DestinationHostname: -
DestinationPort: 137
DestinationPortName: netbios-ns"
Information	24/06/2022 16:21:34	Microsoft-Windows-Sysmon	3	Network connection detected (rule: NetworkConnect)	"Network connection detected:
RuleName: Sysmon_Event_3(NetworkConnect)
UtcTime: 2022-06-24 13:21:34.092
ProcessGuid: {df655c70-91fb-62b3-eb03-000000000000}
ProcessId: 4
Image: System
User: NT AUTHORITY\SYSTEM
Protocol: udp
Initiated: false
SourceIsIpv6: false
SourceIp: 169.254.255.255
SourceHostname: -
SourcePort: 137
SourcePortName: netbios-ns
DestinationIsIpv6: false
DestinationIp: 169.254.77.2
DestinationHostname: LAPTOP-ROPR18AK
DestinationPort: 137
DestinationPortName: netbios-ns"
Information	24/06/2022 16:21:34	Microsoft-Windows-Sysmon	3	Network connection detected (rule: NetworkConnect)	"Network connection detected:
RuleName: Sysmon_Event_3(NetworkConnect)
UtcTime: 2022-06-24 13:21:34.092
ProcessGuid: {df655c70-91fb-62b3-eb03-000000000000}
ProcessId: 4
Image: System
User: NT AUTHORITY\SYSTEM
Protocol: udp
Initiated: true
SourceIsIpv6: false
SourceIp: 169.254.77.2
SourceHostname: LAPTOP-ROPR18AK
SourcePort: 137
SourcePortName: netbios-ns
DestinationIsIpv6: false
DestinationIp: 169.254.255.255
DestinationHostname: -
DestinationPort: 137
DestinationPortName: netbios-ns"
Information	24/06/2022 16:21:33	Microsoft-Windows-Sysmon	3	Network connection detected (rule: NetworkConnect)	"Network connection detected:
RuleName: Sysmon_Event_3(NetworkConnect)
UtcTime: 2022-06-24 13:21:33.119
ProcessGuid: {df655c70-91fb-62b3-eb03-000000000000}
ProcessId: 4
Image: System
User: NT AUTHORITY\SYSTEM
Protocol: udp
Initiated: false
SourceIsIpv6: false
SourceIp: 169.254.255.255
SourceHostname: -
SourcePort: 137
SourcePortName: netbios-ns
DestinationIsIpv6: false
DestinationIp: 169.254.234.2
DestinationHostname: LAPTOP-ROPR18AK
DestinationPort: 137
DestinationPortName: netbios-ns"
Information	24/06/2022 16:21:33	Microsoft-Windows-Sysmon	3	Network connection detected (rule: NetworkConnect)	"Network connection detected:
RuleName: Sysmon_Event_3(NetworkConnect)
UtcTime: 2022-06-24 13:21:33.119
ProcessGuid: {df655c70-91fb-62b3-eb03-000000000000}
ProcessId: 4
Image: System
User: NT AUTHORITY\SYSTEM
Protocol: udp
Initiated: true
SourceIsIpv6: false
SourceIp: 169.254.234.2
SourceHostname: LAPTOP-ROPR18AK
SourcePort: 137
SourcePortName: netbios-ns
DestinationIsIpv6: false
DestinationIp: 169.254.255.255
DestinationHostname: -
DestinationPort: 137
DestinationPortName: netbios-ns"
Information	24/06/2022 16:21:31	Microsoft-Windows-Sysmon	5	Process terminated (rule: ProcessTerminate)	"Process terminated:
RuleName: sc Execution
UtcTime: 2022-06-24 13:21:31.596
ProcessGuid: {df655c70-ba5b-62b5-c210-000000005101}
ProcessId: 20376
Image: C:\Windows\System32\sc.exe
User: NT AUTHORITY\SYSTEM"
Information	24/06/2022 16:21:30	Microsoft-Windows-Sysmon	3	Network connection detected (rule: NetworkConnect)	"Network connection detected:
RuleName: Sysmon_Event_3(NetworkConnect)
UtcTime: 2022-06-24 13:21:31.611
ProcessGuid: {df655c70-91fb-62b3-eb03-000000000000}
ProcessId: 4
Image: System
User: NT AUTHORITY\SYSTEM
Protocol: udp
Initiated: false
SourceIsIpv6: false
SourceIp: 169.254.255.255
SourceHostname: -
SourcePort: 137
SourcePortName: netbios-ns
DestinationIsIpv6: false
DestinationIp: 169.254.157.2
DestinationHostname: LAPTOP-ROPR18AK
DestinationPort: 137
DestinationPortName: netbios-ns"
Information	24/06/2022 16:21:30	Microsoft-Windows-Sysmon	3	Network connection detected (rule: NetworkConnect)	"Network connection detected:
RuleName: Sysmon_Event_3(NetworkConnect)
UtcTime: 2022-06-24 13:21:31.611
ProcessGuid: {df655c70-91fb-62b3-eb03-000000000000}
ProcessId: 4
Image: System
User: NT AUTHORITY\SYSTEM
Protocol: udp
Initiated: true
SourceIsIpv6: false
SourceIp: 169.254.157.2
SourceHostname: LAPTOP-ROPR18AK
SourcePort: 137
SourcePortName: netbios-ns
DestinationIsIpv6: false
DestinationIp: 169.254.255.255
DestinationHostname: -
DestinationPort: 137
DestinationPortName: netbios-ns"
Information	24/06/2022 16:21:30	Microsoft-Windows-Sysmon	3	Network connection detected (rule: NetworkConnect)	"Network connection detected:
RuleName: Sysmon_Event_3(NetworkConnect)
UtcTime: 2022-06-24 13:21:31.051
ProcessGuid: {df655c70-91fb-62b3-eb03-000000000000}
ProcessId: 4
Image: System
User: NT AUTHORITY\SYSTEM
Protocol: udp
Initiated: false
SourceIsIpv6: false
SourceIp: 169.254.255.255
SourceHostname: -
SourcePort: 137
SourcePortName: netbios-ns
DestinationIsIpv6: false
DestinationIp: 169.254.228.2
DestinationHostname: LAPTOP-ROPR18AK
DestinationPort: 137
DestinationPortName: netbios-ns"
Information	24/06/2022 16:21:30	Microsoft-Windows-Sysmon	3	Network connection detected (rule: NetworkConnect)	"Network connection detected:
RuleName: Sysmon_Event_3(NetworkConnect)
UtcTime: 2022-06-24 13:21:31.051
ProcessGuid: {df655c70-91fb-62b3-eb03-000000000000}
ProcessId: 4
Image: System
User: NT AUTHORITY\SYSTEM
Protocol: udp
Initiated: true
SourceIsIpv6: false
SourceIp: 169.254.228.2
SourceHostname: LAPTOP-ROPR18AK
SourcePort: 137
SourcePortName: netbios-ns
DestinationIsIpv6: false
DestinationIp: 169.254.255.255
DestinationHostname: -
DestinationPort: 137
DestinationPortName: netbios-ns"
Information	24/06/2022 14:04:41	Microsoft-Windows-Sysmon	3	Network connection detected (rule: NetworkConnect)	"Network connection detected:
RuleName: Sysmon_Event_3(NetworkConnect)
UtcTime: 2022-06-24 11:04:39.752
ProcessGuid: {df655c70-91fb-62b3-eb03-000000000000}
ProcessId: 4
Image: System
User: NT AUTHORITY\SYSTEM
Protocol: udp
Initiated: true
SourceIsIpv6: false
SourceIp: 192.168.1.21
SourceHostname: LAPTOP-ROPR18AK
SourcePort: 137
SourcePortName: netbios-ns
DestinationIsIpv6: false
DestinationIp: 104.208.16.94
DestinationHostname: -
DestinationPort: 137
DestinationPortName: netbios-ns"
Information	24/06/2022 14:04:38	Microsoft-Windows-Sysmon	3	Network connection detected (rule: NetworkConnect)	"Network connection detected:
RuleName: Sysmon_Event_3(NetworkConnect)
UtcTime: 2022-06-24 11:04:37.735
ProcessGuid: {df655c70-91fb-62b3-eb03-000000000000}
ProcessId: 4
Image: System
User: NT AUTHORITY\SYSTEM
Protocol: udp
Initiated: true
SourceIsIpv6: false
SourceIp: 192.168.1.21
SourceHostname: LAPTOP-ROPR18AK
SourcePort: 137
SourcePortName: netbios-ns
DestinationIsIpv6: false
DestinationIp: 13.78.111.198
DestinationHostname: -
DestinationPort: 137
DestinationPortName: netbios-ns"
Information	24/06/2022 14:04:31	Microsoft-Windows-Sysmon	5	Process terminated (rule: ProcessTerminate)	"Process terminated:
RuleName: C:\Users
UtcTime: 2022-06-24 11:04:31.385
ProcessGuid: {df655c70-3b40-62b5-0b0b-000000005101}
ProcessId: 24780
Image: C:\Users\chrsm\AppData\Local\Viber\Viber.exe
User: LAPTOP-ROPR18AK\chrsm"
Information	24/06/2022 14:04:26	Microsoft-Windows-Sysmon	5	Process terminated (rule: ProcessTerminate)	"Process terminated:
RuleName: C:\Users
UtcTime: 2022-06-24 11:04:26.279
ProcessGuid: {df655c70-3b46-62b5-270b-000000005101}
ProcessId: 15260
Image: C:\Users\chrsm\AppData\Local\slack\app-4.26.2\slack.exe
User: LAPTOP-ROPR18AK\chrsm"
Information	24/06/2022 14:04:26	Microsoft-Windows-Sysmon	5	Process terminated (rule: ProcessTerminate)	"Process terminated:
RuleName: C:\Users
UtcTime: 2022-06-24 11:04:26.252
ProcessGuid: {df655c70-3b4c-62b5-360b-000000005101}
ProcessId: 14768
Image: C:\Users\chrsm\AppData\Local\slack\app-4.26.2\slack.exe
User: LAPTOP-ROPR18AK\chrsm"
Information	24/06/2022 14:04:26	Microsoft-Windows-Sysmon	5	Process terminated (rule: ProcessTerminate)	"Process terminated:
RuleName: C:\Users
UtcTime: 2022-06-24 11:04:26.247
ProcessGuid: {df655c70-3b45-62b5-210b-000000005101}
ProcessId: 5788
Image: C:\Users\chrsm\AppData\Local\slack\app-4.26.2\slack.exe
User: LAPTOP-ROPR18AK\chrsm"
Information	24/06/2022 14:04:26	Microsoft-Windows-Sysmon	5	Process terminated (rule: ProcessTerminate)	"Process terminated:
RuleName: C:\Users
UtcTime: 2022-06-24 11:04:26.230
ProcessGuid: {df655c70-3b4b-62b5-340b-000000005101}
ProcessId: 18300
Image: C:\Users\chrsm\AppData\Local\slack\app-4.26.2\slack.exe
User: LAPTOP-ROPR18AK\chrsm"
Information	24/06/2022 14:04:26	Microsoft-Windows-Sysmon	5	Process terminated (rule: ProcessTerminate)	"Process terminated:
RuleName: C:\Users
UtcTime: 2022-06-24 11:04:26.178
ProcessGuid: {df655c70-3b4b-62b5-350b-000000005101}
ProcessId: 18836
Image: C:\Users\chrsm\AppData\Local\slack\app-4.26.2\slack.exe
User: LAPTOP-ROPR18AK\chrsm"
Information	24/06/2022 14:03:32	Microsoft-Windows-Sysmon	3	Network connection detected (rule: NetworkConnect)	"Network connection detected:
RuleName: Sysmon_Event_3(NetworkConnect)
UtcTime: 2022-06-24 11:03:31.869
ProcessGuid: {df655c70-91fb-62b3-eb03-000000000000}
ProcessId: 4
Image: System
User: NT AUTHORITY\SYSTEM
Protocol: udp
Initiated: false
SourceIsIpv6: false
SourceIp: 192.168.1.255
SourceHostname: -
SourcePort: 138
SourcePortName: netbios-dgm
DestinationIsIpv6: false
DestinationIp: 192.168.1.21
DestinationHostname: LAPTOP-ROPR18AK
DestinationPort: 138
DestinationPortName: netbios-dgm"
Information	24/06/2022 14:03:32	Microsoft-Windows-Sysmon	3	Network connection detected (rule: NetworkConnect)	"Network connection detected:
RuleName: Sysmon_Event_3(NetworkConnect)
UtcTime: 2022-06-24 11:03:31.869
ProcessGuid: {df655c70-91fb-62b3-eb03-000000000000}
ProcessId: 4
Image: System
User: NT AUTHORITY\SYSTEM
Protocol: udp
Initiated: true
SourceIsIpv6: false
SourceIp: 192.168.1.21
SourceHostname: LAPTOP-ROPR18AK
SourcePort: 138
SourcePortName: netbios-dgm
DestinationIsIpv6: false
DestinationIp: 192.168.1.255
DestinationHostname: -
DestinationPort: 138
DestinationPortName: netbios-dgm"
Information	24/06/2022 13:59:19	Microsoft-Windows-Sysmon	3	Network connection detected (rule: NetworkConnect)	"Network connection detected:
RuleName: Sysmon_Event_3(NetworkConnect)
UtcTime: 2022-06-24 10:59:18.461
ProcessGuid: {df655c70-91fb-62b3-eb03-000000000000}
ProcessId: 4
Image: System
User: NT AUTHORITY\SYSTEM
Protocol: udp
Initiated: false
SourceIsIpv6: false
SourceIp: 192.168.1.255
SourceHostname: -
SourcePort: 137
SourcePortName: netbios-ns
DestinationIsIpv6: false
DestinationIp: 192.168.1.21
DestinationHostname: LAPTOP-ROPR18AK
DestinationPort: 137
DestinationPortName: netbios-ns"
Information	24/06/2022 13:59:19	Microsoft-Windows-Sysmon	3	Network connection detected (rule: NetworkConnect)	"Network connection detected:
RuleName: Sysmon_Event_3(NetworkConnect)
UtcTime: 2022-06-24 10:59:18.460
ProcessGuid: {df655c70-91fb-62b3-eb03-000000000000}
ProcessId: 4
Image: System
User: NT AUTHORITY\SYSTEM
Protocol: udp
Initiated: true
SourceIsIpv6: false
SourceIp: 192.168.1.21
SourceHostname: LAPTOP-ROPR18AK
SourcePort: 137
SourcePortName: netbios-ns
DestinationIsIpv6: false
DestinationIp: 192.168.1.255
DestinationHostname: -
DestinationPort: 137
DestinationPortName: netbios-ns"
Information	24/06/2022 13:59:16	Microsoft-Windows-Sysmon	3	Network connection detected (rule: NetworkConnect)	"Network connection detected:
RuleName: Sysmon_Event_3(NetworkConnect)
UtcTime: 2022-06-24 10:59:16.173
ProcessGuid: {df655c70-91fb-62b3-eb03-000000000000}
ProcessId: 4
Image: System
User: NT AUTHORITY\SYSTEM
Protocol: udp
Initiated: false
SourceIsIpv6: false
SourceIp: 169.254.255.255
SourceHostname: -
SourcePort: 137
SourcePortName: netbios-ns
DestinationIsIpv6: false
DestinationIp: 169.254.50.19
DestinationHostname: LAPTOP-ROPR18AK
DestinationPort: 137
DestinationPortName: netbios-ns"
Information	24/06/2022 13:59:16	Microsoft-Windows-Sysmon	3	Network connection detected (rule: NetworkConnect)	"Network connection detected:
RuleName: Sysmon_Event_3(NetworkConnect)
UtcTime: 2022-06-24 10:59:16.172
ProcessGuid: {df655c70-91fb-62b3-eb03-000000000000}
ProcessId: 4
Image: System
User: NT AUTHORITY\SYSTEM
Protocol: udp
Initiated: true
SourceIsIpv6: false
SourceIp: 169.254.50.19
SourceHostname: LAPTOP-ROPR18AK
SourcePort: 137
SourcePortName: netbios-ns
DestinationIsIpv6: false
DestinationIp: 169.254.255.255
DestinationHostname: -
DestinationPort: 137
DestinationPortName: netbios-ns"
Information	24/06/2022 13:59:15	Microsoft-Windows-Sysmon	3	Network connection detected (rule: NetworkConnect)	"Network connection detected:
RuleName: Sysmon_Event_3(NetworkConnect)
UtcTime: 2022-06-24 10:59:13.893
ProcessGuid: {df655c70-91fb-62b3-eb03-000000000000}
ProcessId: 4
Image: System
User: NT AUTHORITY\SYSTEM
Protocol: udp
Initiated: false
SourceIsIpv6: false
SourceIp: 192.168.179.255
SourceHostname: -
SourcePort: 137
SourcePortName: netbios-ns
DestinationIsIpv6: false
DestinationIp: 192.168.179.2
DestinationHostname: LAPTOP-ROPR18AK
DestinationPort: 137
DestinationPortName: netbios-ns"
Information	24/06/2022 13:59:15	Microsoft-Windows-Sysmon	3	Network connection detected (rule: NetworkConnect)	"Network connection detected:
RuleName: Sysmon_Event_3(NetworkConnect)
UtcTime: 2022-06-24 10:59:13.893
ProcessGuid: {df655c70-91fb-62b3-eb03-000000000000}
ProcessId: 4
Image: System
User: NT AUTHORITY\SYSTEM
Protocol: udp
Initiated: true
SourceIsIpv6: false
SourceIp: 192.168.179.2
SourceHostname: LAPTOP-ROPR18AK
SourcePort: 137
SourcePortName: netbios-ns
DestinationIsIpv6: false
DestinationIp: 192.168.179.255
DestinationHostname: -
DestinationPort: 137
DestinationPortName: netbios-ns"
Information	24/06/2022 13:59:12	Microsoft-Windows-Sysmon	3	Network connection detected (rule: NetworkConnect)	"Network connection detected:
RuleName: Sysmon_Event_3(NetworkConnect)
UtcTime: 2022-06-24 10:59:11.603
ProcessGuid: {df655c70-91fb-62b3-eb03-000000000000}
ProcessId: 4
Image: System
User: NT AUTHORITY\SYSTEM
Protocol: udp
Initiated: false
SourceIsIpv6: false
SourceIp: 169.254.255.255
SourceHostname: -
SourcePort: 137
SourcePortName: netbios-ns
DestinationIsIpv6: false
DestinationIp: 169.254.30.169
DestinationHostname: LAPTOP-ROPR18AK
DestinationPort: 137
DestinationPortName: netbios-ns"
Information	24/06/2022 13:59:12	Microsoft-Windows-Sysmon	3	Network connection detected (rule: NetworkConnect)	"Network connection detected:
RuleName: Sysmon_Event_3(NetworkConnect)
UtcTime: 2022-06-24 10:59:11.603
ProcessGuid: {df655c70-91fb-62b3-eb03-000000000000}
ProcessId: 4
Image: System
User: NT AUTHORITY\SYSTEM
Protocol: udp
Initiated: true
SourceIsIpv6: false
SourceIp: 169.254.30.169
SourceHostname: LAPTOP-ROPR18AK
SourcePort: 137
SourcePortName: netbios-ns
DestinationIsIpv6: false
DestinationIp: 169.254.255.255
DestinationHostname: -
DestinationPort: 137
DestinationPortName: netbios-ns"
Information	24/06/2022 13:59:10	Microsoft-Windows-Sysmon	3	Network connection detected (rule: NetworkConnect)	"Network connection detected:
RuleName: Sysmon_Event_3(NetworkConnect)
UtcTime: 2022-06-24 10:59:09.315
ProcessGuid: {df655c70-91fb-62b3-eb03-000000000000}
ProcessId: 4
Image: System
User: NT AUTHORITY\SYSTEM
Protocol: udp
Initiated: false
SourceIsIpv6: false
SourceIp: 169.254.255.255
SourceHostname: -
SourcePort: 137
SourcePortName: netbios-ns
DestinationIsIpv6: false
DestinationIp: 169.254.97.182
DestinationHostname: LAPTOP-ROPR18AK
DestinationPort: 137
DestinationPortName: netbios-ns"
Information	24/06/2022 13:59:10	Microsoft-Windows-Sysmon	3	Network connection detected (rule: NetworkConnect)	"Network connection detected:
RuleName: Sysmon_Event_3(NetworkConnect)
UtcTime: 2022-06-24 10:59:09.315
ProcessGuid: {df655c70-91fb-62b3-eb03-000000000000}
ProcessId: 4
Image: System
User: NT AUTHORITY\SYSTEM
Protocol: udp
Initiated: true
SourceIsIpv6: false
SourceIp: 169.254.97.182
SourceHostname: LAPTOP-ROPR18AK
SourcePort: 137
SourcePortName: netbios-ns
DestinationIsIpv6: false
DestinationIp: 169.254.255.255
DestinationHostname: -
DestinationPort: 137
DestinationPortName: netbios-ns"
Information	24/06/2022 13:59:07	Microsoft-Windows-Sysmon	3	Network connection detected (rule: NetworkConnect)	"Network connection detected:
RuleName: Sysmon_Event_3(NetworkConnect)
UtcTime: 2022-06-24 10:59:07.037
ProcessGuid: {df655c70-91fb-62b3-eb03-000000000000}
ProcessId: 4
Image: System
User: NT AUTHORITY\SYSTEM
Protocol: udp
Initiated: false
SourceIsIpv6: false
SourceIp: 169.254.255.255
SourceHostname: -
SourcePort: 137
SourcePortName: netbios-ns
DestinationIsIpv6: false
DestinationIp: 169.254.219.4
DestinationHostname: LAPTOP-ROPR18AK
DestinationPort: 137
DestinationPortName: netbios-ns"
Information	24/06/2022 13:59:07	Microsoft-Windows-Sysmon	3	Network connection detected (rule: NetworkConnect)	"Network connection detected:
RuleName: Sysmon_Event_3(NetworkConnect)
UtcTime: 2022-06-24 10:59:07.037
ProcessGuid: {df655c70-91fb-62b3-eb03-000000000000}
ProcessId: 4
Image: System
User: NT AUTHORITY\SYSTEM
Protocol: udp
Initiated: true
SourceIsIpv6: false
SourceIp: 169.254.219.4
SourceHostname: LAPTOP-ROPR18AK
SourcePort: 137
SourcePortName: netbios-ns
DestinationIsIpv6: false
DestinationIp: 169.254.255.255
DestinationHostname: -
DestinationPort: 137
DestinationPortName: netbios-ns"
Information	24/06/2022 13:59:05	Microsoft-Windows-Sysmon	3	Network connection detected (rule: NetworkConnect)	"Network connection detected:
RuleName: Sysmon_Event_3(NetworkConnect)
UtcTime: 2022-06-24 10:59:04.760
ProcessGuid: {df655c70-91fb-62b3-eb03-000000000000}
ProcessId: 4
Image: System
User: NT AUTHORITY\SYSTEM
Protocol: udp
Initiated: false
SourceIsIpv6: false
SourceIp: 192.168.98.255
SourceHostname: -
SourcePort: 137
SourcePortName: netbios-ns
DestinationIsIpv6: false
DestinationIp: 192.168.98.2
DestinationHostname: LAPTOP-ROPR18AK
DestinationPort: 137
DestinationPortName: netbios-ns"
Information	24/06/2022 13:59:05	Microsoft-Windows-Sysmon	3	Network connection detected (rule: NetworkConnect)	"Network connection detected:
RuleName: Sysmon_Event_3(NetworkConnect)
UtcTime: 2022-06-24 10:59:04.760
ProcessGuid: {df655c70-91fb-62b3-eb03-000000000000}
ProcessId: 4
Image: System
User: NT AUTHORITY\SYSTEM
Protocol: udp
Initiated: true
SourceIsIpv6: false
SourceIp: 192.168.98.2
SourceHostname: LAPTOP-ROPR18AK
SourcePort: 137
SourcePortName: netbios-ns
DestinationIsIpv6: false
DestinationIp: 192.168.98.255
DestinationHostname: -
DestinationPort: 137
DestinationPortName: netbios-ns"
Information	24/06/2022 13:59:03	Microsoft-Windows-Sysmon	3	Network connection detected (rule: NetworkConnect)	"Network connection detected:
RuleName: Sysmon_Event_3(NetworkConnect)
UtcTime: 2022-06-24 10:59:02.485
ProcessGuid: {df655c70-91fb-62b3-eb03-000000000000}
ProcessId: 4
Image: System
User: NT AUTHORITY\SYSTEM
Protocol: udp
Initiated: false
SourceIsIpv6: false
SourceIp: 169.254.255.255
SourceHostname: -
SourcePort: 137
SourcePortName: netbios-ns
DestinationIsIpv6: false
DestinationIp: 169.254.45.171
DestinationHostname: LAPTOP-ROPR18AK
DestinationPort: 137
DestinationPortName: netbios-ns"
Information	24/06/2022 13:59:03	Microsoft-Windows-Sysmon	3	Network connection detected (rule: NetworkConnect)	"Network connection detected:
RuleName: Sysmon_Event_3(NetworkConnect)
UtcTime: 2022-06-24 10:59:02.485
ProcessGuid: {df655c70-91fb-62b3-eb03-000000000000}
ProcessId: 4
Image: System
User: NT AUTHORITY\SYSTEM
Protocol: udp
Initiated: true
SourceIsIpv6: false
SourceIp: 169.254.45.171
SourceHostname: LAPTOP-ROPR18AK
SourcePort: 137
SourcePortName: netbios-ns
DestinationIsIpv6: false
DestinationIp: 169.254.255.255
DestinationHostname: -
DestinationPort: 137
DestinationPortName: netbios-ns"
Information	24/06/2022 13:59:01	Microsoft-Windows-Sysmon	3	Network connection detected (rule: NetworkConnect)	"Network connection detected:
RuleName: Sysmon_Event_3(NetworkConnect)
UtcTime: 2022-06-24 10:59:00.197
ProcessGuid: {df655c70-91fb-62b3-eb03-000000000000}
ProcessId: 4
Image: System
User: NT AUTHORITY\SYSTEM
Protocol: udp
Initiated: false
SourceIsIpv6: false
SourceIp: 169.254.255.255
SourceHostname: -
SourcePort: 137
SourcePortName: netbios-ns
DestinationIsIpv6: false
DestinationIp: 169.254.43.26
DestinationHostname: LAPTOP-ROPR18AK
DestinationPort: 137
DestinationPortName: netbios-ns"
Information	24/06/2022 13:59:01	Microsoft-Windows-Sysmon	3	Network connection detected (rule: NetworkConnect)	"Network connection detected:
RuleName: Sysmon_Event_3(NetworkConnect)
UtcTime: 2022-06-24 10:59:00.196
ProcessGuid: {df655c70-91fb-62b3-eb03-000000000000}
ProcessId: 4
Image: System
User: NT AUTHORITY\SYSTEM
Protocol: udp
Initiated: true
SourceIsIpv6: false
SourceIp: 169.254.43.26
SourceHostname: LAPTOP-ROPR18AK
SourcePort: 137
SourcePortName: netbios-ns
DestinationIsIpv6: false
DestinationIp: 169.254.255.255
DestinationHostname: -
DestinationPort: 137
DestinationPortName: netbios-ns"
Information	24/06/2022 13:58:58	Microsoft-Windows-Sysmon	3	Network connection detected (rule: NetworkConnect)	"Network connection detected:
RuleName: Sysmon_Event_3(NetworkConnect)
UtcTime: 2022-06-24 10:58:57.919
ProcessGuid: {df655c70-91fb-62b3-eb03-000000000000}
ProcessId: 4
Image: System
User: NT AUTHORITY\SYSTEM
Protocol: udp
Initiated: false
SourceIsIpv6: false
SourceIp: 192.168.214.255
SourceHostname: -
SourcePort: 137
SourcePortName: netbios-ns
DestinationIsIpv6: false
DestinationIp: 192.168.214.2
DestinationHostname: LAPTOP-ROPR18AK
DestinationPort: 137
DestinationPortName: netbios-ns"
Information	24/06/2022 13:58:58	Microsoft-Windows-Sysmon	3	Network connection detected (rule: NetworkConnect)	"Network connection detected:
RuleName: Sysmon_Event_3(NetworkConnect)
UtcTime: 2022-06-24 10:58:57.919
ProcessGuid: {df655c70-91fb-62b3-eb03-000000000000}
ProcessId: 4
Image: System
User: NT AUTHORITY\SYSTEM
Protocol: udp
Initiated: true
SourceIsIpv6: false
SourceIp: 192.168.214.2
SourceHostname: LAPTOP-ROPR18AK
SourcePort: 137
SourcePortName: netbios-ns
DestinationIsIpv6: false
DestinationIp: 192.168.214.255
DestinationHostname: -
DestinationPort: 137
DestinationPortName: netbios-ns"
Information	24/06/2022 13:58:57	Microsoft-Windows-Sysmon	3	Network connection detected (rule: NetworkConnect)	"Network connection detected:
RuleName: Sysmon_Event_3(NetworkConnect)
UtcTime: 2022-06-24 10:58:55.630
ProcessGuid: {df655c70-91fb-62b3-eb03-000000000000}
ProcessId: 4
Image: System
User: NT AUTHORITY\SYSTEM
Protocol: udp
Initiated: false
SourceIsIpv6: false
SourceIp: 169.254.255.255
SourceHostname: -
SourcePort: 137
SourcePortName: netbios-ns
DestinationIsIpv6: false
DestinationIp: 169.254.138.2
DestinationHostname: LAPTOP-ROPR18AK
DestinationPort: 137
DestinationPortName: netbios-ns"
Information	24/06/2022 13:58:57	Microsoft-Windows-Sysmon	3	Network connection detected (rule: NetworkConnect)	"Network connection detected:
RuleName: Sysmon_Event_3(NetworkConnect)
UtcTime: 2022-06-24 10:58:55.630
ProcessGuid: {df655c70-91fb-62b3-eb03-000000000000}
ProcessId: 4
Image: System
User: NT AUTHORITY\SYSTEM
Protocol: udp
Initiated: true
SourceIsIpv6: false
SourceIp: 169.254.138.2
SourceHostname: LAPTOP-ROPR18AK
SourcePort: 137
SourcePortName: netbios-ns
DestinationIsIpv6: false
DestinationIp: 169.254.255.255
DestinationHostname: -
DestinationPort: 137
DestinationPortName: netbios-ns"
Information	24/06/2022 13:58:54	Microsoft-Windows-Sysmon	3	Network connection detected (rule: NetworkConnect)	"Network connection detected:
RuleName: Sysmon_Event_3(NetworkConnect)
UtcTime: 2022-06-24 10:58:53.345
ProcessGuid: {df655c70-91fb-62b3-eb03-000000000000}
ProcessId: 4
Image: System
User: NT AUTHORITY\SYSTEM
Protocol: udp
Initiated: false
SourceIsIpv6: false
SourceIp: 192.168.16.255
SourceHostname: -
SourcePort: 137
SourcePortName: netbios-ns
DestinationIsIpv6: false
DestinationIp: 192.168.16.2
DestinationHostname: LAPTOP-ROPR18AK
DestinationPort: 137
DestinationPortName: netbios-ns"
Information	24/06/2022 13:58:54	Microsoft-Windows-Sysmon	3	Network connection detected (rule: NetworkConnect)	"Network connection detected:
RuleName: Sysmon_Event_3(NetworkConnect)
UtcTime: 2022-06-24 10:58:53.344
ProcessGuid: {df655c70-91fb-62b3-eb03-000000000000}
ProcessId: 4
Image: System
User: NT AUTHORITY\SYSTEM
Protocol: udp
Initiated: true
SourceIsIpv6: false
SourceIp: 192.168.16.2
SourceHostname: LAPTOP-ROPR18AK
SourcePort: 137
SourcePortName: netbios-ns
DestinationIsIpv6: false
DestinationIp: 192.168.16.255
DestinationHostname: -
DestinationPort: 137
DestinationPortName: netbios-ns"
Information	24/06/2022 13:58:52	Microsoft-Windows-Sysmon	3	Network connection detected (rule: NetworkConnect)	"Network connection detected:
RuleName: Sysmon_Event_3(NetworkConnect)
UtcTime: 2022-06-24 10:58:51.056
ProcessGuid: {df655c70-91fb-62b3-eb03-000000000000}
ProcessId: 4
Image: System
User: NT AUTHORITY\SYSTEM
Protocol: udp
Initiated: false
SourceIsIpv6: false
SourceIp: 192.168.229.255
SourceHostname: -
SourcePort: 137
SourcePortName: netbios-ns
DestinationIsIpv6: false
DestinationIp: 192.168.229.2
DestinationHostname: LAPTOP-ROPR18AK
DestinationPort: 137
DestinationPortName: netbios-ns"
Information	24/06/2022 13:58:52	Microsoft-Windows-Sysmon	3	Network connection detected (rule: NetworkConnect)	"Network connection detected:
RuleName: Sysmon_Event_3(NetworkConnect)
UtcTime: 2022-06-24 10:58:51.056
ProcessGuid: {df655c70-91fb-62b3-eb03-000000000000}
ProcessId: 4
Image: System
User: NT AUTHORITY\SYSTEM
Protocol: udp
Initiated: true
SourceIsIpv6: false
SourceIp: 192.168.229.2
SourceHostname: LAPTOP-ROPR18AK
SourcePort: 137
SourcePortName: netbios-ns
DestinationIsIpv6: false
DestinationIp: 192.168.229.255
DestinationHostname: -
DestinationPort: 137
DestinationPortName: netbios-ns"
Information	24/06/2022 13:58:49	Microsoft-Windows-Sysmon	3	Network connection detected (rule: NetworkConnect)	"Network connection detected:
RuleName: Sysmon_Event_3(NetworkConnect)
UtcTime: 2022-06-24 10:58:48.790
ProcessGuid: {df655c70-91fb-62b3-eb03-000000000000}
ProcessId: 4
Image: System
User: NT AUTHORITY\SYSTEM
Protocol: udp
Initiated: false
SourceIsIpv6: false
SourceIp: 169.254.255.255
SourceHostname: -
SourcePort: 137
SourcePortName: netbios-ns
DestinationIsIpv6: false
DestinationIp: 169.254.142.2
DestinationHostname: LAPTOP-ROPR18AK
DestinationPort: 137
DestinationPortName: netbios-ns"
Information	24/06/2022 13:58:49	Microsoft-Windows-Sysmon	3	Network connection detected (rule: NetworkConnect)	"Network connection detected:
RuleName: Sysmon_Event_3(NetworkConnect)
UtcTime: 2022-06-24 10:58:48.790
ProcessGuid: {df655c70-91fb-62b3-eb03-000000000000}
ProcessId: 4
Image: System
User: NT AUTHORITY\SYSTEM
Protocol: udp
Initiated: true
SourceIsIpv6: false
SourceIp: 169.254.142.2
SourceHostname: LAPTOP-ROPR18AK
SourcePort: 137
SourcePortName: netbios-ns
DestinationIsIpv6: false
DestinationIp: 169.254.255.255
DestinationHostname: -
DestinationPort: 137
DestinationPortName: netbios-ns"
Information	24/06/2022 13:58:48	Microsoft-Windows-Sysmon	3	Network connection detected (rule: NetworkConnect)	"Network connection detected:
RuleName: Sysmon_Event_3(NetworkConnect)
UtcTime: 2022-06-24 10:58:46.513
ProcessGuid: {df655c70-91fb-62b3-eb03-000000000000}
ProcessId: 4
Image: System
User: NT AUTHORITY\SYSTEM
Protocol: udp
Initiated: false
SourceIsIpv6: false
SourceIp: 192.168.76.255
SourceHostname: -
SourcePort: 137
SourcePortName: netbios-ns
DestinationIsIpv6: false
DestinationIp: 192.168.76.2
DestinationHostname: LAPTOP-ROPR18AK
DestinationPort: 137
DestinationPortName: netbios-ns"
Information	24/06/2022 13:58:48	Microsoft-Windows-Sysmon	3	Network connection detected (rule: NetworkConnect)	"Network connection detected:
RuleName: Sysmon_Event_3(NetworkConnect)
UtcTime: 2022-06-24 10:58:46.513
ProcessGuid: {df655c70-91fb-62b3-eb03-000000000000}
ProcessId: 4
Image: System
User: NT AUTHORITY\SYSTEM
Protocol: udp
Initiated: true
SourceIsIpv6: false
SourceIp: 192.168.76.2
SourceHostname: LAPTOP-ROPR18AK
SourcePort: 137
SourcePortName: netbios-ns
DestinationIsIpv6: false
DestinationIp: 192.168.76.255
DestinationHostname: -
DestinationPort: 137
DestinationPortName: netbios-ns"
Information	24/06/2022 13:58:45	Microsoft-Windows-Sysmon	3	Network connection detected (rule: NetworkConnect)	"Network connection detected:
RuleName: Sysmon_Event_3(NetworkConnect)
UtcTime: 2022-06-24 10:58:44.223
ProcessGuid: {df655c70-91fb-62b3-eb03-000000000000}
ProcessId: 4
Image: System
User: NT AUTHORITY\SYSTEM
Protocol: udp
Initiated: false
SourceIsIpv6: false
SourceIp: 192.168.156.255
SourceHostname: -
SourcePort: 137
SourcePortName: netbios-ns
DestinationIsIpv6: false
DestinationIp: 192.168.156.105
DestinationHostname: LAPTOP-ROPR18AK
DestinationPort: 137
DestinationPortName: netbios-ns"
Information	24/06/2022 13:58:45	Microsoft-Windows-Sysmon	3	Network connection detected (rule: NetworkConnect)	"Network connection detected:
RuleName: Sysmon_Event_3(NetworkConnect)
UtcTime: 2022-06-24 10:58:44.223
ProcessGuid: {df655c70-91fb-62b3-eb03-000000000000}
ProcessId: 4
Image: System
User: NT AUTHORITY\SYSTEM
Protocol: udp
Initiated: true
SourceIsIpv6: false
SourceIp: 192.168.156.105
SourceHostname: LAPTOP-ROPR18AK
SourcePort: 137
SourcePortName: netbios-ns
DestinationIsIpv6: false
DestinationIp: 192.168.156.255
DestinationHostname: -
DestinationPort: 137
DestinationPortName: netbios-ns"
Information	24/06/2022 13:58:43	Microsoft-Windows-Sysmon	3	Network connection detected (rule: NetworkConnect)	"Network connection detected:
RuleName: Sysmon_Event_3(NetworkConnect)
UtcTime: 2022-06-24 10:58:41.944
ProcessGuid: {df655c70-91fb-62b3-eb03-000000000000}
ProcessId: 4
Image: System
User: NT AUTHORITY\SYSTEM
Protocol: udp
Initiated: false
SourceIsIpv6: false
SourceIp: 169.254.255.255
SourceHostname: -
SourcePort: 137
SourcePortName: netbios-ns
DestinationIsIpv6: false
DestinationIp: 169.254.250.108
DestinationHostname: LAPTOP-ROPR18AK
DestinationPort: 137
DestinationPortName: netbios-ns"
Information	24/06/2022 13:58:43	Microsoft-Windows-Sysmon	3	Network connection detected (rule: NetworkConnect)	"Network connection detected:
RuleName: Sysmon_Event_3(NetworkConnect)
UtcTime: 2022-06-24 10:58:41.944
ProcessGuid: {df655c70-91fb-62b3-eb03-000000000000}
ProcessId: 4
Image: System
User: NT AUTHORITY\SYSTEM
Protocol: udp
Initiated: true
SourceIsIpv6: false
SourceIp: 169.254.250.108
SourceHostname: LAPTOP-ROPR18AK
SourcePort: 137
SourcePortName: netbios-ns
DestinationIsIpv6: false
DestinationIp: 169.254.255.255
DestinationHostname: -
DestinationPort: 137
DestinationPortName: netbios-ns"
Information	24/06/2022 13:58:40	Microsoft-Windows-Sysmon	3	Network connection detected (rule: NetworkConnect)	"Network connection detected:
RuleName: Sysmon_Event_3(NetworkConnect)
UtcTime: 2022-06-24 10:58:39.667
ProcessGuid: {df655c70-91fb-62b3-eb03-000000000000}
ProcessId: 4
Image: System
User: NT AUTHORITY\SYSTEM
Protocol: udp
Initiated: false
SourceIsIpv6: false
SourceIp: 192.168.128.255
SourceHostname: -
SourcePort: 137
SourcePortName: netbios-ns
DestinationIsIpv6: false
DestinationIp: 192.168.128.102
DestinationHostname: LAPTOP-ROPR18AK
DestinationPort: 137
DestinationPortName: netbios-ns"
Information	24/06/2022 13:58:40	Microsoft-Windows-Sysmon	3	Network connection detected (rule: NetworkConnect)	"Network connection detected:
RuleName: Sysmon_Event_3(NetworkConnect)
UtcTime: 2022-06-24 10:58:39.667
ProcessGuid: {df655c70-91fb-62b3-eb03-000000000000}
ProcessId: 4
Image: System
User: NT AUTHORITY\SYSTEM
Protocol: udp
Initiated: true
SourceIsIpv6: false
SourceIp: 192.168.128.102
SourceHostname: LAPTOP-ROPR18AK
SourcePort: 137
SourcePortName: netbios-ns
DestinationIsIpv6: false
DestinationIp: 192.168.128.255
DestinationHostname: -
DestinationPort: 137
DestinationPortName: netbios-ns"
Information	24/06/2022 13:58:38	Microsoft-Windows-Sysmon	3	Network connection detected (rule: NetworkConnect)	"Network connection detected:
RuleName: Sysmon_Event_3(NetworkConnect)
UtcTime: 2022-06-24 10:58:37.376
ProcessGuid: {df655c70-91fb-62b3-eb03-000000000000}
ProcessId: 4
Image: System
User: NT AUTHORITY\SYSTEM
Protocol: udp
Initiated: false
SourceIsIpv6: false
SourceIp: 169.254.255.255
SourceHostname: -
SourcePort: 137
SourcePortName: netbios-ns
DestinationIsIpv6: false
DestinationIp: 169.254.9.4
DestinationHostname: LAPTOP-ROPR18AK
DestinationPort: 137
DestinationPortName: netbios-ns"
Information	24/06/2022 13:58:38	Microsoft-Windows-Sysmon	3	Network connection detected (rule: NetworkConnect)	"Network connection detected:
RuleName: Sysmon_Event_3(NetworkConnect)
UtcTime: 2022-06-24 10:58:37.376
ProcessGuid: {df655c70-91fb-62b3-eb03-000000000000}
ProcessId: 4
Image: System
User: NT AUTHORITY\SYSTEM
Protocol: udp
Initiated: true
SourceIsIpv6: false
SourceIp: 169.254.9.4
SourceHostname: LAPTOP-ROPR18AK
SourcePort: 137
SourcePortName: netbios-ns
DestinationIsIpv6: false
DestinationIp: 169.254.255.255
DestinationHostname: -
DestinationPort: 137
DestinationPortName: netbios-ns"
Information	24/06/2022 13:58:36	Microsoft-Windows-Sysmon	3	Network connection detected (rule: NetworkConnect)	"Network connection detected:
RuleName: Sysmon_Event_3(NetworkConnect)
UtcTime: 2022-06-24 10:58:35.090
ProcessGuid: {df655c70-91fb-62b3-eb03-000000000000}
ProcessId: 4
Image: System
User: NT AUTHORITY\SYSTEM
Protocol: udp
Initiated: false
SourceIsIpv6: false
SourceIp: 169.254.255.255
SourceHostname: -
SourcePort: 137
SourcePortName: netbios-ns
DestinationIsIpv6: false
DestinationIp: 169.254.3.2
DestinationHostname: LAPTOP-ROPR18AK
DestinationPort: 137
DestinationPortName: netbios-ns"
Information	24/06/2022 13:58:36	Microsoft-Windows-Sysmon	3	Network connection detected (rule: NetworkConnect)	"Network connection detected:
RuleName: Sysmon_Event_3(NetworkConnect)
UtcTime: 2022-06-24 10:58:35.090
ProcessGuid: {df655c70-91fb-62b3-eb03-000000000000}
ProcessId: 4
Image: System
User: NT AUTHORITY\SYSTEM
Protocol: udp
Initiated: true
SourceIsIpv6: false
SourceIp: 169.254.3.2
SourceHostname: LAPTOP-ROPR18AK
SourcePort: 137
SourcePortName: netbios-ns
DestinationIsIpv6: false
DestinationIp: 169.254.255.255
DestinationHostname: -
DestinationPort: 137
DestinationPortName: netbios-ns"
Information	24/06/2022 13:58:34	Microsoft-Windows-Sysmon	3	Network connection detected (rule: NetworkConnect)	"Network connection detected:
RuleName: Sysmon_Event_3(NetworkConnect)
UtcTime: 2022-06-24 10:58:32.807
ProcessGuid: {df655c70-91fb-62b3-eb03-000000000000}
ProcessId: 4
Image: System
User: NT AUTHORITY\SYSTEM
Protocol: udp
Initiated: false
SourceIsIpv6: false
SourceIp: 169.254.255.255
SourceHostname: -
SourcePort: 137
SourcePortName: netbios-ns
DestinationIsIpv6: false
DestinationIp: 169.254.234.2
DestinationHostname: LAPTOP-ROPR18AK
DestinationPort: 137
DestinationPortName: netbios-ns"
Information	24/06/2022 13:58:34	Microsoft-Windows-Sysmon	3	Network connection detected (rule: NetworkConnect)	"Network connection detected:
RuleName: Sysmon_Event_3(NetworkConnect)
UtcTime: 2022-06-24 10:58:32.807
ProcessGuid: {df655c70-91fb-62b3-eb03-000000000000}
ProcessId: 4
Image: System
User: NT AUTHORITY\SYSTEM
Protocol: udp
Initiated: true
SourceIsIpv6: false
SourceIp: 169.254.234.2
SourceHostname: LAPTOP-ROPR18AK
SourcePort: 137
SourcePortName: netbios-ns
DestinationIsIpv6: false
DestinationIp: 169.254.255.255
DestinationHostname: -
DestinationPort: 137
DestinationPortName: netbios-ns"
Information	24/06/2022 13:58:32	Microsoft-Windows-Sysmon	3	Network connection detected (rule: NetworkConnect)	"Network connection detected:
RuleName: Sysmon_Event_3(NetworkConnect)
UtcTime: 2022-06-24 10:58:30.525
ProcessGuid: {df655c70-91fb-62b3-eb03-000000000000}
ProcessId: 4
Image: System
User: NT AUTHORITY\SYSTEM
Protocol: udp
Initiated: false
SourceIsIpv6: false
SourceIp: 169.254.255.255
SourceHostname: -
SourcePort: 137
SourcePortName: netbios-ns
DestinationIsIpv6: false
DestinationIp: 169.254.157.2
DestinationHostname: LAPTOP-ROPR18AK
DestinationPort: 137
DestinationPortName: netbios-ns"
Information	24/06/2022 13:58:32	Microsoft-Windows-Sysmon	3	Network connection detected (rule: NetworkConnect)	"Network connection detected:
RuleName: Sysmon_Event_3(NetworkConnect)
UtcTime: 2022-06-24 10:58:30.525
ProcessGuid: {df655c70-91fb-62b3-eb03-000000000000}
ProcessId: 4
Image: System
User: NT AUTHORITY\SYSTEM
Protocol: udp
Initiated: true
SourceIsIpv6: false
SourceIp: 169.254.157.2
SourceHostname: LAPTOP-ROPR18AK
SourcePort: 137
SourcePortName: netbios-ns
DestinationIsIpv6: false
DestinationIp: 169.254.255.255
DestinationHostname: -
DestinationPort: 137
DestinationPortName: netbios-ns"
Information	24/06/2022 13:58:30	Microsoft-Windows-Sysmon	3	Network connection detected (rule: NetworkConnect)	"Network connection detected:
RuleName: Sysmon_Event_3(NetworkConnect)
UtcTime: 2022-06-24 10:58:28.236
ProcessGuid: {df655c70-91fb-62b3-eb03-000000000000}
ProcessId: 4
Image: System
User: NT AUTHORITY\SYSTEM
Protocol: udp
Initiated: false
SourceIsIpv6: false
SourceIp: 169.254.255.255
SourceHostname: -
SourcePort: 137
SourcePortName: netbios-ns
DestinationIsIpv6: false
DestinationIp: 169.254.80.102
DestinationHostname: LAPTOP-ROPR18AK
DestinationPort: 137
DestinationPortName: netbios-ns"
Information	24/06/2022 13:58:30	Microsoft-Windows-Sysmon	3	Network connection detected (rule: NetworkConnect)	"Network connection detected:
RuleName: Sysmon_Event_3(NetworkConnect)
UtcTime: 2022-06-24 10:58:28.236
ProcessGuid: {df655c70-91fb-62b3-eb03-000000000000}
ProcessId: 4
Image: System
User: NT AUTHORITY\SYSTEM
Protocol: udp
Initiated: true
SourceIsIpv6: false
SourceIp: 169.254.80.102
SourceHostname: LAPTOP-ROPR18AK
SourcePort: 137
SourcePortName: netbios-ns
DestinationIsIpv6: false
DestinationIp: 169.254.255.255
DestinationHostname: -
DestinationPort: 137
DestinationPortName: netbios-ns"
Information	24/06/2022 13:58:26	Microsoft-Windows-Sysmon	3	Network connection detected (rule: NetworkConnect)	"Network connection detected:
RuleName: Sysmon_Event_3(NetworkConnect)
UtcTime: 2022-06-24 10:58:25.946
ProcessGuid: {df655c70-91fb-62b3-eb03-000000000000}
ProcessId: 4
Image: System
User: NT AUTHORITY\SYSTEM
Protocol: udp
Initiated: false
SourceIsIpv6: false
SourceIp: 169.254.255.255
SourceHostname: -
SourcePort: 137
SourcePortName: netbios-ns
DestinationIsIpv6: false
DestinationIp: 169.254.77.2
DestinationHostname: LAPTOP-ROPR18AK
DestinationPort: 137
DestinationPortName: netbios-ns"
Information	24/06/2022 13:58:26	Microsoft-Windows-Sysmon	3	Network connection detected (rule: NetworkConnect)	"Network connection detected:
RuleName: Sysmon_Event_3(NetworkConnect)
UtcTime: 2022-06-24 10:58:25.946
ProcessGuid: {df655c70-91fb-62b3-eb03-000000000000}
ProcessId: 4
Image: System
User: NT AUTHORITY\SYSTEM
Protocol: udp
Initiated: true
SourceIsIpv6: false
SourceIp: 169.254.77.2
SourceHostname: LAPTOP-ROPR18AK
SourcePort: 137
SourcePortName: netbios-ns
DestinationIsIpv6: false
DestinationIp: 169.254.255.255
DestinationHostname: -
DestinationPort: 137
DestinationPortName: netbios-ns"
Information	24/06/2022 13:58:24	Microsoft-Windows-Sysmon	3	Network connection detected (rule: NetworkConnect)	"Network connection detected:
RuleName: Sysmon_Event_3(NetworkConnect)
UtcTime: 2022-06-24 10:58:23.663
ProcessGuid: {df655c70-91fb-62b3-eb03-000000000000}
ProcessId: 4
Image: System
User: NT AUTHORITY\SYSTEM
Protocol: udp
Initiated: false
SourceIsIpv6: false
SourceIp: 169.254.255.255
SourceHostname: -
SourcePort: 137
SourcePortName: netbios-ns
DestinationIsIpv6: false
DestinationIp: 169.254.228.2
DestinationHostname: LAPTOP-ROPR18AK
DestinationPort: 137
DestinationPortName: netbios-ns"
Information	24/06/2022 13:58:24	Microsoft-Windows-Sysmon	3	Network connection detected (rule: NetworkConnect)	"Network connection detected:
RuleName: Sysmon_Event_3(NetworkConnect)
UtcTime: 2022-06-24 10:58:23.663
ProcessGuid: {df655c70-91fb-62b3-eb03-000000000000}
ProcessId: 4
Image: System
User: NT AUTHORITY\SYSTEM
Protocol: udp
Initiated: true
SourceIsIpv6: false
SourceIp: 169.254.228.2
SourceHostname: LAPTOP-ROPR18AK
SourcePort: 137
SourcePortName: netbios-ns
DestinationIsIpv6: false
DestinationIp: 169.254.255.255
DestinationHostname: -
DestinationPort: 137
DestinationPortName: netbios-ns"
Information	24/06/2022 13:55:34	Microsoft-Windows-Sysmon	3	Network connection detected (rule: NetworkConnect)	"Network connection detected:
RuleName: Sysmon_Event_3(NetworkConnect)
UtcTime: 2022-06-24 10:55:33.838
ProcessGuid: {df655c70-91fb-62b3-eb03-000000000000}
ProcessId: 4
Image: System
User: NT AUTHORITY\SYSTEM
Protocol: udp
Initiated: true
SourceIsIpv6: false
SourceIp: 192.168.1.21
SourceHostname: LAPTOP-ROPR18AK
SourcePort: 137
SourcePortName: netbios-ns
DestinationIsIpv6: false
DestinationIp: 20.189.173.13
DestinationHostname: -
DestinationPort: 137
DestinationPortName: netbios-ns"
Information	24/06/2022 13:51:32	Microsoft-Windows-Sysmon	3	Network connection detected (rule: NetworkConnect)	"Network connection detected:
RuleName: Sysmon_Event_3(NetworkConnect)
UtcTime: 2022-06-24 10:51:31.979
ProcessGuid: {df655c70-91fb-62b3-eb03-000000000000}
ProcessId: 4
Image: System
User: NT AUTHORITY\SYSTEM
Protocol: udp
Initiated: false
SourceIsIpv6: false
SourceIp: 169.254.255.255
SourceHostname: -
SourcePort: 138
SourcePortName: netbios-dgm
DestinationIsIpv6: false
DestinationIp: 169.254.228.2
DestinationHostname: LAPTOP-ROPR18AK
DestinationPort: 138
DestinationPortName: netbios-dgm"
Information	24/06/2022 13:51:32	Microsoft-Windows-Sysmon	3	Network connection detected (rule: NetworkConnect)	"Network connection detected:
RuleName: Sysmon_Event_3(NetworkConnect)
UtcTime: 2022-06-24 10:51:31.979
ProcessGuid: {df655c70-91fb-62b3-eb03-000000000000}
ProcessId: 4
Image: System
User: NT AUTHORITY\SYSTEM
Protocol: udp
Initiated: true
SourceIsIpv6: false
SourceIp: 169.254.228.2
SourceHostname: LAPTOP-ROPR18AK
SourcePort: 138
SourcePortName: netbios-dgm
DestinationIsIpv6: false
DestinationIp: 169.254.255.255
DestinationHostname: -
DestinationPort: 138
DestinationPortName: netbios-dgm"
