Information	25/06/2022 18:23:08	Microsoft-Windows-Sysmon	3	Network connection detected (rule: NetworkConnect)	"Network connection detected:
RuleName: Sysmon_Event_3(NetworkConnect)
UtcTime: 2022-06-25 15:23:11.083
ProcessGuid: {df655c70-91fb-62b3-eb03-000000000000}
ProcessId: 4
Image: System
User: NT AUTHORITY\SYSTEM
Protocol: udp
Initiated: true
SourceIsIpv6: false
SourceIp: 169.254.142.2
SourceHostname: LAPTOP-ROPR18AK
SourcePort: 138
SourcePortName: netbios-dgm
DestinationIsIpv6: false
DestinationIp: 169.254.255.255
DestinationHostname: -
DestinationPort: 138
DestinationPortName: netbios-dgm"
Information	25/06/2022 18:23:08	Microsoft-Windows-Sysmon	3	Network connection detected (rule: NetworkConnect)	"Network connection detected:
RuleName: Sysmon_Event_3(NetworkConnect)
UtcTime: 2022-06-25 15:23:11.083
ProcessGuid: {df655c70-91fb-62b3-eb03-000000000000}
ProcessId: 4
Image: System
User: NT AUTHORITY\SYSTEM
Protocol: udp
Initiated: false
SourceIsIpv6: false
SourceIp: 192.168.229.255
SourceHostname: -
SourcePort: 138
SourcePortName: netbios-dgm
DestinationIsIpv6: false
DestinationIp: 192.168.229.2
DestinationHostname: LAPTOP-ROPR18AK
DestinationPort: 138
DestinationPortName: netbios-dgm"
Information	25/06/2022 18:23:08	Microsoft-Windows-Sysmon	3	Network connection detected (rule: NetworkConnect)	"Network connection detected:
RuleName: Sysmon_Event_3(NetworkConnect)
UtcTime: 2022-06-25 15:23:11.083
ProcessGuid: {df655c70-91fb-62b3-eb03-000000000000}
ProcessId: 4
Image: System
User: NT AUTHORITY\SYSTEM
Protocol: udp
Initiated: true
SourceIsIpv6: false
SourceIp: 192.168.229.2
SourceHostname: LAPTOP-ROPR18AK
SourcePort: 138
SourcePortName: netbios-dgm
DestinationIsIpv6: false
DestinationIp: 192.168.229.255
DestinationHostname: -
DestinationPort: 138
DestinationPortName: netbios-dgm"
Information	25/06/2022 18:23:08	Microsoft-Windows-Sysmon	3	Network connection detected (rule: NetworkConnect)	"Network connection detected:
RuleName: Sysmon_Event_3(NetworkConnect)
UtcTime: 2022-06-25 15:23:11.083
ProcessGuid: {df655c70-91fb-62b3-eb03-000000000000}
ProcessId: 4
Image: System
User: NT AUTHORITY\SYSTEM
Protocol: udp
Initiated: false
SourceIsIpv6: false
SourceIp: 192.168.16.255
SourceHostname: -
SourcePort: 138
SourcePortName: netbios-dgm
DestinationIsIpv6: false
DestinationIp: 192.168.16.2
DestinationHostname: LAPTOP-ROPR18AK
DestinationPort: 138
DestinationPortName: netbios-dgm"
Information	25/06/2022 18:23:08	Microsoft-Windows-Sysmon	3	Network connection detected (rule: NetworkConnect)	"Network connection detected:
RuleName: Sysmon_Event_3(NetworkConnect)
UtcTime: 2022-06-25 15:23:11.083
ProcessGuid: {df655c70-91fb-62b3-eb03-000000000000}
ProcessId: 4
Image: System
User: NT AUTHORITY\SYSTEM
Protocol: udp
Initiated: true
SourceIsIpv6: false
SourceIp: 192.168.16.2
SourceHostname: LAPTOP-ROPR18AK
SourcePort: 138
SourcePortName: netbios-dgm
DestinationIsIpv6: false
DestinationIp: 192.168.16.255
DestinationHostname: -
DestinationPort: 138
DestinationPortName: netbios-dgm"
Information	25/06/2022 18:23:08	Microsoft-Windows-Sysmon	3	Network connection detected (rule: NetworkConnect)	"Network connection detected:
RuleName: Sysmon_Event_3(NetworkConnect)
UtcTime: 2022-06-25 15:23:11.083
ProcessGuid: {df655c70-91fb-62b3-eb03-000000000000}
ProcessId: 4
Image: System
User: NT AUTHORITY\SYSTEM
Protocol: udp
Initiated: false
SourceIsIpv6: false
SourceIp: 169.254.255.255
SourceHostname: -
SourcePort: 138
SourcePortName: netbios-dgm
DestinationIsIpv6: false
DestinationIp: 169.254.138.2
DestinationHostname: LAPTOP-ROPR18AK
DestinationPort: 138
DestinationPortName: netbios-dgm"
Information	25/06/2022 18:23:08	Microsoft-Windows-Sysmon	3	Network connection detected (rule: NetworkConnect)	"Network connection detected:
RuleName: Sysmon_Event_3(NetworkConnect)
UtcTime: 2022-06-25 15:23:11.083
ProcessGuid: {df655c70-91fb-62b3-eb03-000000000000}
ProcessId: 4
Image: System
User: NT AUTHORITY\SYSTEM
Protocol: udp
Initiated: true
SourceIsIpv6: false
SourceIp: 169.254.138.2
SourceHostname: LAPTOP-ROPR18AK
SourcePort: 138
SourcePortName: netbios-dgm
DestinationIsIpv6: false
DestinationIp: 169.254.255.255
DestinationHostname: -
DestinationPort: 138
DestinationPortName: netbios-dgm"
Information	25/06/2022 18:23:08	Microsoft-Windows-Sysmon	3	Network connection detected (rule: NetworkConnect)	"Network connection detected:
RuleName: Sysmon_Event_3(NetworkConnect)
UtcTime: 2022-06-25 15:23:11.083
ProcessGuid: {df655c70-91fb-62b3-eb03-000000000000}
ProcessId: 4
Image: System
User: NT AUTHORITY\SYSTEM
Protocol: udp
Initiated: false
SourceIsIpv6: false
SourceIp: 192.168.214.255
SourceHostname: -
SourcePort: 138
SourcePortName: netbios-dgm
DestinationIsIpv6: false
DestinationIp: 192.168.214.2
DestinationHostname: LAPTOP-ROPR18AK
DestinationPort: 138
DestinationPortName: netbios-dgm"
Information	25/06/2022 18:23:08	Microsoft-Windows-Sysmon	3	Network connection detected (rule: NetworkConnect)	"Network connection detected:
RuleName: Sysmon_Event_3(NetworkConnect)
UtcTime: 2022-06-25 15:23:11.082
ProcessGuid: {df655c70-91fb-62b3-eb03-000000000000}
ProcessId: 4
Image: System
User: NT AUTHORITY\SYSTEM
Protocol: udp
Initiated: true
SourceIsIpv6: false
SourceIp: 192.168.214.2
SourceHostname: LAPTOP-ROPR18AK
SourcePort: 138
SourcePortName: netbios-dgm
DestinationIsIpv6: false
DestinationIp: 192.168.214.255
DestinationHostname: -
DestinationPort: 138
DestinationPortName: netbios-dgm"
Information	25/06/2022 18:23:08	Microsoft-Windows-Sysmon	3	Network connection detected (rule: NetworkConnect)	"Network connection detected:
RuleName: Sysmon_Event_3(NetworkConnect)
UtcTime: 2022-06-25 15:23:11.082
ProcessGuid: {df655c70-91fb-62b3-eb03-000000000000}
ProcessId: 4
Image: System
User: NT AUTHORITY\SYSTEM
Protocol: udp
Initiated: false
SourceIsIpv6: false
SourceIp: 169.254.255.255
SourceHostname: -
SourcePort: 138
SourcePortName: netbios-dgm
DestinationIsIpv6: false
DestinationIp: 169.254.43.26
DestinationHostname: LAPTOP-ROPR18AK
DestinationPort: 138
DestinationPortName: netbios-dgm"
Information	25/06/2022 18:23:08	Microsoft-Windows-Sysmon	3	Network connection detected (rule: NetworkConnect)	"Network connection detected:
RuleName: Sysmon_Event_3(NetworkConnect)
UtcTime: 2022-06-25 15:23:11.082
ProcessGuid: {df655c70-91fb-62b3-eb03-000000000000}
ProcessId: 4
Image: System
User: NT AUTHORITY\SYSTEM
Protocol: udp
Initiated: true
SourceIsIpv6: false
SourceIp: 169.254.43.26
SourceHostname: LAPTOP-ROPR18AK
SourcePort: 138
SourcePortName: netbios-dgm
DestinationIsIpv6: false
DestinationIp: 169.254.255.255
DestinationHostname: -
DestinationPort: 138
DestinationPortName: netbios-dgm"
Information	25/06/2022 18:23:08	Microsoft-Windows-Sysmon	3	Network connection detected (rule: NetworkConnect)	"Network connection detected:
RuleName: Sysmon_Event_3(NetworkConnect)
UtcTime: 2022-06-25 15:23:11.082
ProcessGuid: {df655c70-91fb-62b3-eb03-000000000000}
ProcessId: 4
Image: System
User: NT AUTHORITY\SYSTEM
Protocol: udp
Initiated: false
SourceIsIpv6: false
SourceIp: 169.254.255.255
SourceHostname: -
SourcePort: 138
SourcePortName: netbios-dgm
DestinationIsIpv6: false
DestinationIp: 169.254.45.171
DestinationHostname: LAPTOP-ROPR18AK
DestinationPort: 138
DestinationPortName: netbios-dgm"
Information	25/06/2022 18:23:08	Microsoft-Windows-Sysmon	3	Network connection detected (rule: NetworkConnect)	"Network connection detected:
RuleName: Sysmon_Event_3(NetworkConnect)
UtcTime: 2022-06-25 15:23:11.082
ProcessGuid: {df655c70-91fb-62b3-eb03-000000000000}
ProcessId: 4
Image: System
User: NT AUTHORITY\SYSTEM
Protocol: udp
Initiated: true
SourceIsIpv6: false
SourceIp: 169.254.45.171
SourceHostname: LAPTOP-ROPR18AK
SourcePort: 138
SourcePortName: netbios-dgm
DestinationIsIpv6: false
DestinationIp: 169.254.255.255
DestinationHostname: -
DestinationPort: 138
DestinationPortName: netbios-dgm"
Information	25/06/2022 18:23:08	Microsoft-Windows-Sysmon	3	Network connection detected (rule: NetworkConnect)	"Network connection detected:
RuleName: Sysmon_Event_3(NetworkConnect)
UtcTime: 2022-06-25 15:23:11.082
ProcessGuid: {df655c70-91fb-62b3-eb03-000000000000}
ProcessId: 4
Image: System
User: NT AUTHORITY\SYSTEM
Protocol: udp
Initiated: false
SourceIsIpv6: false
SourceIp: 192.168.98.255
SourceHostname: -
SourcePort: 138
SourcePortName: netbios-dgm
DestinationIsIpv6: false
DestinationIp: 192.168.98.2
DestinationHostname: LAPTOP-ROPR18AK
DestinationPort: 138
DestinationPortName: netbios-dgm"
Information	25/06/2022 18:23:08	Microsoft-Windows-Sysmon	3	Network connection detected (rule: NetworkConnect)	"Network connection detected:
RuleName: Sysmon_Event_3(NetworkConnect)
UtcTime: 2022-06-25 15:23:11.082
ProcessGuid: {df655c70-91fb-62b3-eb03-000000000000}
ProcessId: 4
Image: System
User: NT AUTHORITY\SYSTEM
Protocol: udp
Initiated: true
SourceIsIpv6: false
SourceIp: 192.168.98.2
SourceHostname: LAPTOP-ROPR18AK
SourcePort: 138
SourcePortName: netbios-dgm
DestinationIsIpv6: false
DestinationIp: 192.168.98.255
DestinationHostname: -
DestinationPort: 138
DestinationPortName: netbios-dgm"
Information	25/06/2022 18:23:08	Microsoft-Windows-Sysmon	3	Network connection detected (rule: NetworkConnect)	"Network connection detected:
RuleName: Sysmon_Event_3(NetworkConnect)
UtcTime: 2022-06-25 15:23:11.081
ProcessGuid: {df655c70-91fb-62b3-eb03-000000000000}
ProcessId: 4
Image: System
User: NT AUTHORITY\SYSTEM
Protocol: udp
Initiated: false
SourceIsIpv6: false
SourceIp: 169.254.255.255
SourceHostname: -
SourcePort: 138
SourcePortName: netbios-dgm
DestinationIsIpv6: false
DestinationIp: 169.254.219.4
DestinationHostname: LAPTOP-ROPR18AK
DestinationPort: 138
DestinationPortName: netbios-dgm"
Information	25/06/2022 18:23:08	Microsoft-Windows-Sysmon	3	Network connection detected (rule: NetworkConnect)	"Network connection detected:
RuleName: Sysmon_Event_3(NetworkConnect)
UtcTime: 2022-06-25 15:23:11.081
ProcessGuid: {df655c70-91fb-62b3-eb03-000000000000}
ProcessId: 4
Image: System
User: NT AUTHORITY\SYSTEM
Protocol: udp
Initiated: true
SourceIsIpv6: false
SourceIp: 169.254.219.4
SourceHostname: LAPTOP-ROPR18AK
SourcePort: 138
SourcePortName: netbios-dgm
DestinationIsIpv6: false
DestinationIp: 169.254.255.255
DestinationHostname: -
DestinationPort: 138
DestinationPortName: netbios-dgm"
Information	25/06/2022 18:23:08	Microsoft-Windows-Sysmon	3	Network connection detected (rule: NetworkConnect)	"Network connection detected:
RuleName: Sysmon_Event_3(NetworkConnect)
UtcTime: 2022-06-25 15:23:11.081
ProcessGuid: {df655c70-91fb-62b3-eb03-000000000000}
ProcessId: 4
Image: System
User: NT AUTHORITY\SYSTEM
Protocol: udp
Initiated: false
SourceIsIpv6: false
SourceIp: 169.254.255.255
SourceHostname: -
SourcePort: 138
SourcePortName: netbios-dgm
DestinationIsIpv6: false
DestinationIp: 169.254.97.182
DestinationHostname: LAPTOP-ROPR18AK
DestinationPort: 138
DestinationPortName: netbios-dgm"
Information	25/06/2022 18:23:08	Microsoft-Windows-Sysmon	3	Network connection detected (rule: NetworkConnect)	"Network connection detected:
RuleName: Sysmon_Event_3(NetworkConnect)
UtcTime: 2022-06-25 15:23:11.081
ProcessGuid: {df655c70-91fb-62b3-eb03-000000000000}
ProcessId: 4
Image: System
User: NT AUTHORITY\SYSTEM
Protocol: udp
Initiated: true
SourceIsIpv6: false
SourceIp: 169.254.97.182
SourceHostname: LAPTOP-ROPR18AK
SourcePort: 138
SourcePortName: netbios-dgm
DestinationIsIpv6: false
DestinationIp: 169.254.255.255
DestinationHostname: -
DestinationPort: 138
DestinationPortName: netbios-dgm"
Information	25/06/2022 18:23:08	Microsoft-Windows-Sysmon	3	Network connection detected (rule: NetworkConnect)	"Network connection detected:
RuleName: Sysmon_Event_3(NetworkConnect)
UtcTime: 2022-06-25 15:23:11.081
ProcessGuid: {df655c70-91fb-62b3-eb03-000000000000}
ProcessId: 4
Image: System
User: NT AUTHORITY\SYSTEM
Protocol: udp
Initiated: false
SourceIsIpv6: false
SourceIp: 169.254.255.255
SourceHostname: -
SourcePort: 138
SourcePortName: netbios-dgm
DestinationIsIpv6: false
DestinationIp: 169.254.30.169
DestinationHostname: LAPTOP-ROPR18AK
DestinationPort: 138
DestinationPortName: netbios-dgm"
Information	25/06/2022 18:23:08	Microsoft-Windows-Sysmon	3	Network connection detected (rule: NetworkConnect)	"Network connection detected:
RuleName: Sysmon_Event_3(NetworkConnect)
UtcTime: 2022-06-25 15:23:11.081
ProcessGuid: {df655c70-91fb-62b3-eb03-000000000000}
ProcessId: 4
Image: System
User: NT AUTHORITY\SYSTEM
Protocol: udp
Initiated: true
SourceIsIpv6: false
SourceIp: 169.254.30.169
SourceHostname: LAPTOP-ROPR18AK
SourcePort: 138
SourcePortName: netbios-dgm
DestinationIsIpv6: false
DestinationIp: 169.254.255.255
DestinationHostname: -
DestinationPort: 138
DestinationPortName: netbios-dgm"
Information	25/06/2022 18:23:08	Microsoft-Windows-Sysmon	3	Network connection detected (rule: NetworkConnect)	"Network connection detected:
RuleName: Sysmon_Event_3(NetworkConnect)
UtcTime: 2022-06-25 15:23:11.080
ProcessGuid: {df655c70-91fb-62b3-eb03-000000000000}
ProcessId: 4
Image: System
User: NT AUTHORITY\SYSTEM
Protocol: udp
Initiated: false
SourceIsIpv6: false
SourceIp: 192.168.179.255
SourceHostname: -
SourcePort: 138
SourcePortName: netbios-dgm
DestinationIsIpv6: false
DestinationIp: 192.168.179.2
DestinationHostname: LAPTOP-ROPR18AK
DestinationPort: 138
DestinationPortName: netbios-dgm"
Information	25/06/2022 18:23:08	Microsoft-Windows-Sysmon	3	Network connection detected (rule: NetworkConnect)	"Network connection detected:
RuleName: Sysmon_Event_3(NetworkConnect)
UtcTime: 2022-06-25 15:23:11.080
ProcessGuid: {df655c70-91fb-62b3-eb03-000000000000}
ProcessId: 4
Image: System
User: NT AUTHORITY\SYSTEM
Protocol: udp
Initiated: true
SourceIsIpv6: false
SourceIp: 192.168.179.2
SourceHostname: LAPTOP-ROPR18AK
SourcePort: 138
SourcePortName: netbios-dgm
DestinationIsIpv6: false
DestinationIp: 192.168.179.255
DestinationHostname: -
DestinationPort: 138
DestinationPortName: netbios-dgm"
Information	25/06/2022 18:23:08	Microsoft-Windows-Sysmon	3	Network connection detected (rule: NetworkConnect)	"Network connection detected:
RuleName: Sysmon_Event_3(NetworkConnect)
UtcTime: 2022-06-25 15:23:11.080
ProcessGuid: {df655c70-91fb-62b3-eb03-000000000000}
ProcessId: 4
Image: System
User: NT AUTHORITY\SYSTEM
Protocol: udp
Initiated: false
SourceIsIpv6: false
SourceIp: 169.254.255.255
SourceHostname: -
SourcePort: 138
SourcePortName: netbios-dgm
DestinationIsIpv6: false
DestinationIp: 169.254.50.19
DestinationHostname: LAPTOP-ROPR18AK
DestinationPort: 138
DestinationPortName: netbios-dgm"
Information	25/06/2022 18:23:08	Microsoft-Windows-Sysmon	3	Network connection detected (rule: NetworkConnect)	"Network connection detected:
RuleName: Sysmon_Event_3(NetworkConnect)
UtcTime: 2022-06-25 15:23:11.080
ProcessGuid: {df655c70-91fb-62b3-eb03-000000000000}
ProcessId: 4
Image: System
User: NT AUTHORITY\SYSTEM
Protocol: udp
Initiated: true
SourceIsIpv6: false
SourceIp: 169.254.50.19
SourceHostname: LAPTOP-ROPR18AK
SourcePort: 138
SourcePortName: netbios-dgm
DestinationIsIpv6: false
DestinationIp: 169.254.255.255
DestinationHostname: -
DestinationPort: 138
DestinationPortName: netbios-dgm"
Information	25/06/2022 18:23:08	Microsoft-Windows-Sysmon	3	Network connection detected (rule: NetworkConnect)	"Network connection detected:
RuleName: Sysmon_Event_3(NetworkConnect)
UtcTime: 2022-06-25 15:23:11.080
ProcessGuid: {df655c70-91fb-62b3-eb03-000000000000}
ProcessId: 4
Image: System
User: NT AUTHORITY\SYSTEM
Protocol: udp
Initiated: false
SourceIsIpv6: false
SourceIp: 192.168.1.255
SourceHostname: -
SourcePort: 138
SourcePortName: netbios-dgm
DestinationIsIpv6: false
DestinationIp: 192.168.1.5
DestinationHostname: iphonechristos
DestinationPort: 138
DestinationPortName: netbios-dgm"
Information	25/06/2022 18:23:08	Microsoft-Windows-Sysmon	3	Network connection detected (rule: NetworkConnect)	"Network connection detected:
RuleName: Sysmon_Event_3(NetworkConnect)
UtcTime: 2022-06-25 15:23:11.079
ProcessGuid: {df655c70-91fb-62b3-eb03-000000000000}
ProcessId: 4
Image: System
User: NT AUTHORITY\SYSTEM
Protocol: udp
Initiated: true
SourceIsIpv6: false
SourceIp: 192.168.1.5
SourceHostname: iphonechristos
SourcePort: 138
SourcePortName: netbios-dgm
DestinationIsIpv6: false
DestinationIp: 192.168.1.255
DestinationHostname: -
DestinationPort: 138
DestinationPortName: netbios-dgm"
Information	25/06/2022 18:18:59	Microsoft-Windows-Sysmon	3	Network connection detected (rule: NetworkConnect)	"Network connection detected:
RuleName: Sysmon_Event_3(NetworkConnect)
UtcTime: 2022-06-25 15:19:01.282
ProcessGuid: {df655c70-91fb-62b3-eb03-000000000000}
ProcessId: 4
Image: System
User: NT AUTHORITY\SYSTEM
Protocol: udp
Initiated: false
SourceIsIpv6: false
SourceIp: 192.168.1.255
SourceHostname: -
SourcePort: 137
SourcePortName: netbios-ns
DestinationIsIpv6: false
DestinationIp: 192.168.1.22
DestinationHostname: -
DestinationPort: 137
DestinationPortName: netbios-ns"
Information	25/06/2022 18:18:20	Microsoft-Windows-Sysmon	5	Process terminated (rule: ProcessTerminate)	"Process terminated:
RuleName: C:\Users
UtcTime: 2022-06-25 15:18:20.544
ProcessGuid: {df655c70-2734-62b7-9619-000000005101}
ProcessId: 16888
Image: C:\Users\chrsm\AppData\Local\Viber\Viber.exe
User: LAPTOP-ROPR18AK\chrsm"
Information	25/06/2022 18:17:53	Microsoft-Windows-Sysmon	3	Network connection detected (rule: NetworkConnect)	"Network connection detected:
RuleName: Sysmon_Event_3(NetworkConnect)
UtcTime: 2022-06-25 15:17:55.742
ProcessGuid: {df655c70-91fb-62b3-eb03-000000000000}
ProcessId: 4
Image: System
User: NT AUTHORITY\SYSTEM
Protocol: udp
Initiated: true
SourceIsIpv6: false
SourceIp: 192.168.1.5
SourceHostname: iphonechristos
SourcePort: 137
SourcePortName: netbios-ns
DestinationIsIpv6: false
DestinationIp: 20.120.124.64
DestinationHostname: -
DestinationPort: 137
DestinationPortName: netbios-ns"
Information	25/06/2022 18:14:52	Microsoft-Windows-Sysmon	3	Network connection detected (rule: NetworkConnect)	"Network connection detected:
RuleName: Sysmon_Event_3(NetworkConnect)
UtcTime: 2022-06-25 15:14:55.104
ProcessGuid: {df655c70-91fb-62b3-eb03-000000000000}
ProcessId: 4
Image: System
User: NT AUTHORITY\SYSTEM
Protocol: udp
Initiated: false
SourceIsIpv6: false
SourceIp: 192.168.1.255
SourceHostname: -
SourcePort: 137
SourcePortName: netbios-ns
DestinationIsIpv6: false
DestinationIp: 192.168.1.5
DestinationHostname: iphonechristos
DestinationPort: 137
DestinationPortName: netbios-ns"
Information	25/06/2022 18:14:52	Microsoft-Windows-Sysmon	3	Network connection detected (rule: NetworkConnect)	"Network connection detected:
RuleName: Sysmon_Event_3(NetworkConnect)
UtcTime: 2022-06-25 15:14:55.104
ProcessGuid: {df655c70-91fb-62b3-eb03-000000000000}
ProcessId: 4
Image: System
User: NT AUTHORITY\SYSTEM
Protocol: udp
Initiated: true
SourceIsIpv6: false
SourceIp: 192.168.1.5
SourceHostname: iphonechristos
SourcePort: 137
SourcePortName: netbios-ns
DestinationIsIpv6: false
DestinationIp: 192.168.1.255
DestinationHostname: -
DestinationPort: 137
DestinationPortName: netbios-ns"
Information	25/06/2022 18:14:48	Microsoft-Windows-Sysmon	3	Network connection detected (rule: NetworkConnect)	"Network connection detected:
RuleName: Sysmon_Event_3(NetworkConnect)
UtcTime: 2022-06-25 15:14:50.550
ProcessGuid: {df655c70-91fb-62b3-eb03-000000000000}
ProcessId: 4
Image: System
User: NT AUTHORITY\SYSTEM
Protocol: udp
Initiated: true
SourceIsIpv6: false
SourceIp: 192.168.1.5
SourceHostname: iphonechristos
SourcePort: 137
SourcePortName: netbios-ns
DestinationIsIpv6: false
DestinationIp: 192.168.1.1
DestinationHostname: -
DestinationPort: 137
DestinationPortName: netbios-ns"
Information	25/06/2022 18:14:26	Microsoft-Windows-Sysmon	3	Network connection detected (rule: NetworkConnect)	"Network connection detected:
RuleName: Sysmon_Event_3(NetworkConnect)
UtcTime: 2022-06-25 15:14:29.622
ProcessGuid: {df655c70-91fb-62b3-eb03-000000000000}
ProcessId: 4
Image: System
User: NT AUTHORITY\SYSTEM
Protocol: udp
Initiated: false
SourceIsIpv6: false
SourceIp: 169.254.255.255
SourceHostname: -
SourcePort: 137
SourcePortName: netbios-ns
DestinationIsIpv6: false
DestinationIp: 169.254.50.19
DestinationHostname: LAPTOP-ROPR18AK
DestinationPort: 137
DestinationPortName: netbios-ns"
Information	25/06/2022 18:14:26	Microsoft-Windows-Sysmon	3	Network connection detected (rule: NetworkConnect)	"Network connection detected:
RuleName: Sysmon_Event_3(NetworkConnect)
UtcTime: 2022-06-25 15:14:29.622
ProcessGuid: {df655c70-91fb-62b3-eb03-000000000000}
ProcessId: 4
Image: System
User: NT AUTHORITY\SYSTEM
Protocol: udp
Initiated: true
SourceIsIpv6: false
SourceIp: 169.254.50.19
SourceHostname: LAPTOP-ROPR18AK
SourcePort: 137
SourcePortName: netbios-ns
DestinationIsIpv6: false
DestinationIp: 169.254.255.255
DestinationHostname: -
DestinationPort: 137
DestinationPortName: netbios-ns"
Information	25/06/2022 18:14:23	Microsoft-Windows-Sysmon	3	Network connection detected (rule: NetworkConnect)	"Network connection detected:
RuleName: Sysmon_Event_3(NetworkConnect)
UtcTime: 2022-06-25 15:14:26.530
ProcessGuid: {df655c70-91fb-62b3-eb03-000000000000}
ProcessId: 4
Image: System
User: NT AUTHORITY\SYSTEM
Protocol: udp
Initiated: false
SourceIsIpv6: false
SourceIp: 192.168.179.255
SourceHostname: -
SourcePort: 137
SourcePortName: netbios-ns
DestinationIsIpv6: false
DestinationIp: 192.168.179.2
DestinationHostname: LAPTOP-ROPR18AK
DestinationPort: 137
DestinationPortName: netbios-ns"
Information	25/06/2022 18:14:23	Microsoft-Windows-Sysmon	3	Network connection detected (rule: NetworkConnect)	"Network connection detected:
RuleName: Sysmon_Event_3(NetworkConnect)
UtcTime: 2022-06-25 15:14:26.530
ProcessGuid: {df655c70-91fb-62b3-eb03-000000000000}
ProcessId: 4
Image: System
User: NT AUTHORITY\SYSTEM
Protocol: udp
Initiated: true
SourceIsIpv6: false
SourceIp: 192.168.179.2
SourceHostname: LAPTOP-ROPR18AK
SourcePort: 137
SourcePortName: netbios-ns
DestinationIsIpv6: false
DestinationIp: 192.168.179.255
DestinationHostname: -
DestinationPort: 137
DestinationPortName: netbios-ns"
Information	25/06/2022 18:14:20	Microsoft-Windows-Sysmon	3	Network connection detected (rule: NetworkConnect)	"Network connection detected:
RuleName: Sysmon_Event_3(NetworkConnect)
UtcTime: 2022-06-25 15:14:23.423
ProcessGuid: {df655c70-91fb-62b3-eb03-000000000000}
ProcessId: 4
Image: System
User: NT AUTHORITY\SYSTEM
Protocol: udp
Initiated: false
SourceIsIpv6: false
SourceIp: 169.254.255.255
SourceHostname: -
SourcePort: 137
SourcePortName: netbios-ns
DestinationIsIpv6: false
DestinationIp: 169.254.30.169
DestinationHostname: LAPTOP-ROPR18AK
DestinationPort: 137
DestinationPortName: netbios-ns"
Information	25/06/2022 18:14:20	Microsoft-Windows-Sysmon	3	Network connection detected (rule: NetworkConnect)	"Network connection detected:
RuleName: Sysmon_Event_3(NetworkConnect)
UtcTime: 2022-06-25 15:14:23.423
ProcessGuid: {df655c70-91fb-62b3-eb03-000000000000}
ProcessId: 4
Image: System
User: NT AUTHORITY\SYSTEM
Protocol: udp
Initiated: true
SourceIsIpv6: false
SourceIp: 169.254.30.169
SourceHostname: LAPTOP-ROPR18AK
SourcePort: 137
SourcePortName: netbios-ns
DestinationIsIpv6: false
DestinationIp: 169.254.255.255
DestinationHostname: -
DestinationPort: 137
DestinationPortName: netbios-ns"
Information	25/06/2022 18:14:18	Microsoft-Windows-Sysmon	3	Network connection detected (rule: NetworkConnect)	"Network connection detected:
RuleName: Sysmon_Event_3(NetworkConnect)
UtcTime: 2022-06-25 15:14:20.320
ProcessGuid: {df655c70-91fb-62b3-eb03-000000000000}
ProcessId: 4
Image: System
User: NT AUTHORITY\SYSTEM
Protocol: udp
Initiated: false
SourceIsIpv6: false
SourceIp: 169.254.255.255
SourceHostname: -
SourcePort: 137
SourcePortName: netbios-ns
DestinationIsIpv6: false
DestinationIp: 169.254.97.182
DestinationHostname: LAPTOP-ROPR18AK
DestinationPort: 137
DestinationPortName: netbios-ns"
Information	25/06/2022 18:14:18	Microsoft-Windows-Sysmon	3	Network connection detected (rule: NetworkConnect)	"Network connection detected:
RuleName: Sysmon_Event_3(NetworkConnect)
UtcTime: 2022-06-25 15:14:20.320
ProcessGuid: {df655c70-91fb-62b3-eb03-000000000000}
ProcessId: 4
Image: System
User: NT AUTHORITY\SYSTEM
Protocol: udp
Initiated: true
SourceIsIpv6: false
SourceIp: 169.254.97.182
SourceHostname: LAPTOP-ROPR18AK
SourcePort: 137
SourcePortName: netbios-ns
DestinationIsIpv6: false
DestinationIp: 169.254.255.255
DestinationHostname: -
DestinationPort: 137
DestinationPortName: netbios-ns"
Information	25/06/2022 18:14:14	Microsoft-Windows-Sysmon	3	Network connection detected (rule: NetworkConnect)	"Network connection detected:
RuleName: Sysmon_Event_3(NetworkConnect)
UtcTime: 2022-06-25 15:14:17.231
ProcessGuid: {df655c70-91fb-62b3-eb03-000000000000}
ProcessId: 4
Image: System
User: NT AUTHORITY\SYSTEM
Protocol: udp
Initiated: false
SourceIsIpv6: false
SourceIp: 169.254.255.255
SourceHostname: -
SourcePort: 137
SourcePortName: netbios-ns
DestinationIsIpv6: false
DestinationIp: 169.254.219.4
DestinationHostname: LAPTOP-ROPR18AK
DestinationPort: 137
DestinationPortName: netbios-ns"
Information	25/06/2022 18:14:14	Microsoft-Windows-Sysmon	3	Network connection detected (rule: NetworkConnect)	"Network connection detected:
RuleName: Sysmon_Event_3(NetworkConnect)
UtcTime: 2022-06-25 15:14:17.231
ProcessGuid: {df655c70-91fb-62b3-eb03-000000000000}
ProcessId: 4
Image: System
User: NT AUTHORITY\SYSTEM
Protocol: udp
Initiated: true
SourceIsIpv6: false
SourceIp: 169.254.219.4
SourceHostname: LAPTOP-ROPR18AK
SourcePort: 137
SourcePortName: netbios-ns
DestinationIsIpv6: false
DestinationIp: 169.254.255.255
DestinationHostname: -
DestinationPort: 137
DestinationPortName: netbios-ns"
Information	25/06/2022 18:14:11	Microsoft-Windows-Sysmon	3	Network connection detected (rule: NetworkConnect)	"Network connection detected:
RuleName: Sysmon_Event_3(NetworkConnect)
UtcTime: 2022-06-25 15:14:14.163
ProcessGuid: {df655c70-91fb-62b3-eb03-000000000000}
ProcessId: 4
Image: System
User: NT AUTHORITY\SYSTEM
Protocol: udp
Initiated: false
SourceIsIpv6: false
SourceIp: 192.168.98.255
SourceHostname: -
SourcePort: 137
SourcePortName: netbios-ns
DestinationIsIpv6: false
DestinationIp: 192.168.98.2
DestinationHostname: LAPTOP-ROPR18AK
DestinationPort: 137
DestinationPortName: netbios-ns"
Information	25/06/2022 18:14:11	Microsoft-Windows-Sysmon	3	Network connection detected (rule: NetworkConnect)	"Network connection detected:
RuleName: Sysmon_Event_3(NetworkConnect)
UtcTime: 2022-06-25 15:14:14.163
ProcessGuid: {df655c70-91fb-62b3-eb03-000000000000}
ProcessId: 4
Image: System
User: NT AUTHORITY\SYSTEM
Protocol: udp
Initiated: true
SourceIsIpv6: false
SourceIp: 192.168.98.2
SourceHostname: LAPTOP-ROPR18AK
SourcePort: 137
SourcePortName: netbios-ns
DestinationIsIpv6: false
DestinationIp: 192.168.98.255
DestinationHostname: -
DestinationPort: 137
DestinationPortName: netbios-ns"
Information	25/06/2022 18:14:08	Microsoft-Windows-Sysmon	3	Network connection detected (rule: NetworkConnect)	"Network connection detected:
RuleName: Sysmon_Event_3(NetworkConnect)
UtcTime: 2022-06-25 15:14:11.081
ProcessGuid: {df655c70-91fb-62b3-eb03-000000000000}
ProcessId: 4
Image: System
User: NT AUTHORITY\SYSTEM
Protocol: udp
Initiated: false
SourceIsIpv6: false
SourceIp: 169.254.255.255
SourceHostname: -
SourcePort: 137
SourcePortName: netbios-ns
DestinationIsIpv6: false
DestinationIp: 169.254.45.171
DestinationHostname: LAPTOP-ROPR18AK
DestinationPort: 137
DestinationPortName: netbios-ns"
Information	25/06/2022 18:14:08	Microsoft-Windows-Sysmon	3	Network connection detected (rule: NetworkConnect)	"Network connection detected:
RuleName: Sysmon_Event_3(NetworkConnect)
UtcTime: 2022-06-25 15:14:11.081
ProcessGuid: {df655c70-91fb-62b3-eb03-000000000000}
ProcessId: 4
Image: System
User: NT AUTHORITY\SYSTEM
Protocol: udp
Initiated: true
SourceIsIpv6: false
SourceIp: 169.254.45.171
SourceHostname: LAPTOP-ROPR18AK
SourcePort: 137
SourcePortName: netbios-ns
DestinationIsIpv6: false
DestinationIp: 169.254.255.255
DestinationHostname: -
DestinationPort: 137
DestinationPortName: netbios-ns"
Information	25/06/2022 18:14:06	Microsoft-Windows-Sysmon	3	Network connection detected (rule: NetworkConnect)	"Network connection detected:
RuleName: Sysmon_Event_3(NetworkConnect)
UtcTime: 2022-06-25 15:14:07.983
ProcessGuid: {df655c70-91fb-62b3-eb03-000000000000}
ProcessId: 4
Image: System
User: NT AUTHORITY\SYSTEM
Protocol: udp
Initiated: false
SourceIsIpv6: false
SourceIp: 169.254.255.255
SourceHostname: -
SourcePort: 137
SourcePortName: netbios-ns
DestinationIsIpv6: false
DestinationIp: 169.254.43.26
DestinationHostname: LAPTOP-ROPR18AK
DestinationPort: 137
DestinationPortName: netbios-ns"
Information	25/06/2022 18:14:06	Microsoft-Windows-Sysmon	3	Network connection detected (rule: NetworkConnect)	"Network connection detected:
RuleName: Sysmon_Event_3(NetworkConnect)
UtcTime: 2022-06-25 15:14:07.983
ProcessGuid: {df655c70-91fb-62b3-eb03-000000000000}
ProcessId: 4
Image: System
User: NT AUTHORITY\SYSTEM
Protocol: udp
Initiated: true
SourceIsIpv6: false
SourceIp: 169.254.43.26
SourceHostname: LAPTOP-ROPR18AK
SourcePort: 137
SourcePortName: netbios-ns
DestinationIsIpv6: false
DestinationIp: 169.254.255.255
DestinationHostname: -
DestinationPort: 137
DestinationPortName: netbios-ns"
Information	25/06/2022 18:14:02	Microsoft-Windows-Sysmon	3	Network connection detected (rule: NetworkConnect)	"Network connection detected:
RuleName: Sysmon_Event_3(NetworkConnect)
UtcTime: 2022-06-25 15:14:04.559
ProcessGuid: {df655c70-91fb-62b3-eb03-000000000000}
ProcessId: 4
Image: System
User: NT AUTHORITY\SYSTEM
Protocol: udp
Initiated: false
SourceIsIpv6: false
SourceIp: 192.168.214.255
SourceHostname: -
SourcePort: 137
SourcePortName: netbios-ns
DestinationIsIpv6: false
DestinationIp: 192.168.214.2
DestinationHostname: LAPTOP-ROPR18AK
DestinationPort: 137
DestinationPortName: netbios-ns"
Information	25/06/2022 18:14:02	Microsoft-Windows-Sysmon	3	Network connection detected (rule: NetworkConnect)	"Network connection detected:
RuleName: Sysmon_Event_3(NetworkConnect)
UtcTime: 2022-06-25 15:14:04.559
ProcessGuid: {df655c70-91fb-62b3-eb03-000000000000}
ProcessId: 4
Image: System
User: NT AUTHORITY\SYSTEM
Protocol: udp
Initiated: true
SourceIsIpv6: false
SourceIp: 192.168.214.2
SourceHostname: LAPTOP-ROPR18AK
SourcePort: 137
SourcePortName: netbios-ns
DestinationIsIpv6: false
DestinationIp: 192.168.214.255
DestinationHostname: -
DestinationPort: 137
DestinationPortName: netbios-ns"
Information	25/06/2022 18:13:59	Microsoft-Windows-Sysmon	3	Network connection detected (rule: NetworkConnect)	"Network connection detected:
RuleName: Sysmon_Event_3(NetworkConnect)
UtcTime: 2022-06-25 15:14:01.428
ProcessGuid: {df655c70-91fb-62b3-eb03-000000000000}
ProcessId: 4
Image: System
User: NT AUTHORITY\SYSTEM
Protocol: udp
Initiated: false
SourceIsIpv6: false
SourceIp: 169.254.255.255
SourceHostname: -
SourcePort: 137
SourcePortName: netbios-ns
DestinationIsIpv6: false
DestinationIp: 169.254.138.2
DestinationHostname: LAPTOP-ROPR18AK
DestinationPort: 137
DestinationPortName: netbios-ns"
Information	25/06/2022 18:13:59	Microsoft-Windows-Sysmon	3	Network connection detected (rule: NetworkConnect)	"Network connection detected:
RuleName: Sysmon_Event_3(NetworkConnect)
UtcTime: 2022-06-25 15:14:01.428
ProcessGuid: {df655c70-91fb-62b3-eb03-000000000000}
ProcessId: 4
Image: System
User: NT AUTHORITY\SYSTEM
Protocol: udp
Initiated: true
SourceIsIpv6: false
SourceIp: 169.254.138.2
SourceHostname: LAPTOP-ROPR18AK
SourcePort: 137
SourcePortName: netbios-ns
DestinationIsIpv6: false
DestinationIp: 169.254.255.255
DestinationHostname: -
DestinationPort: 137
DestinationPortName: netbios-ns"
Information	25/06/2022 18:13:55	Microsoft-Windows-Sysmon	3	Network connection detected (rule: NetworkConnect)	"Network connection detected:
RuleName: Sysmon_Event_3(NetworkConnect)
UtcTime: 2022-06-25 15:13:58.351
ProcessGuid: {df655c70-91fb-62b3-eb03-000000000000}
ProcessId: 4
Image: System
User: NT AUTHORITY\SYSTEM
Protocol: udp
Initiated: false
SourceIsIpv6: false
SourceIp: 192.168.16.255
SourceHostname: -
SourcePort: 137
SourcePortName: netbios-ns
DestinationIsIpv6: false
DestinationIp: 192.168.16.2
DestinationHostname: LAPTOP-ROPR18AK
DestinationPort: 137
DestinationPortName: netbios-ns"
Information	25/06/2022 18:13:55	Microsoft-Windows-Sysmon	3	Network connection detected (rule: NetworkConnect)	"Network connection detected:
RuleName: Sysmon_Event_3(NetworkConnect)
UtcTime: 2022-06-25 15:13:58.350
ProcessGuid: {df655c70-91fb-62b3-eb03-000000000000}
ProcessId: 4
Image: System
User: NT AUTHORITY\SYSTEM
Protocol: udp
Initiated: true
SourceIsIpv6: false
SourceIp: 192.168.16.2
SourceHostname: LAPTOP-ROPR18AK
SourcePort: 137
SourcePortName: netbios-ns
DestinationIsIpv6: false
DestinationIp: 192.168.16.255
DestinationHostname: -
DestinationPort: 137
DestinationPortName: netbios-ns"
Information	25/06/2022 18:13:52	Microsoft-Windows-Sysmon	3	Network connection detected (rule: NetworkConnect)	"Network connection detected:
RuleName: Sysmon_Event_3(NetworkConnect)
UtcTime: 2022-06-25 15:13:55.289
ProcessGuid: {df655c70-91fb-62b3-eb03-000000000000}
ProcessId: 4
Image: System
User: NT AUTHORITY\SYSTEM
Protocol: udp
Initiated: false
SourceIsIpv6: false
SourceIp: 192.168.229.255
SourceHostname: -
SourcePort: 137
SourcePortName: netbios-ns
DestinationIsIpv6: false
DestinationIp: 192.168.229.2
DestinationHostname: LAPTOP-ROPR18AK
DestinationPort: 137
DestinationPortName: netbios-ns"
Information	25/06/2022 18:13:52	Microsoft-Windows-Sysmon	3	Network connection detected (rule: NetworkConnect)	"Network connection detected:
RuleName: Sysmon_Event_3(NetworkConnect)
UtcTime: 2022-06-25 15:13:55.289
ProcessGuid: {df655c70-91fb-62b3-eb03-000000000000}
ProcessId: 4
Image: System
User: NT AUTHORITY\SYSTEM
Protocol: udp
Initiated: true
SourceIsIpv6: false
SourceIp: 192.168.229.2
SourceHostname: LAPTOP-ROPR18AK
SourcePort: 137
SourcePortName: netbios-ns
DestinationIsIpv6: false
DestinationIp: 192.168.229.255
DestinationHostname: -
DestinationPort: 137
DestinationPortName: netbios-ns"
Information	25/06/2022 18:13:50	Microsoft-Windows-Sysmon	3	Network connection detected (rule: NetworkConnect)	"Network connection detected:
RuleName: Sysmon_Event_3(NetworkConnect)
UtcTime: 2022-06-25 15:13:52.227
ProcessGuid: {df655c70-91fb-62b3-eb03-000000000000}
ProcessId: 4
Image: System
User: NT AUTHORITY\SYSTEM
Protocol: udp
Initiated: false
SourceIsIpv6: false
SourceIp: 169.254.255.255
SourceHostname: -
SourcePort: 137
SourcePortName: netbios-ns
DestinationIsIpv6: false
DestinationIp: 169.254.142.2
DestinationHostname: LAPTOP-ROPR18AK
DestinationPort: 137
DestinationPortName: netbios-ns"
Information	25/06/2022 18:13:50	Microsoft-Windows-Sysmon	3	Network connection detected (rule: NetworkConnect)	"Network connection detected:
RuleName: Sysmon_Event_3(NetworkConnect)
UtcTime: 2022-06-25 15:13:52.227
ProcessGuid: {df655c70-91fb-62b3-eb03-000000000000}
ProcessId: 4
Image: System
User: NT AUTHORITY\SYSTEM
Protocol: udp
Initiated: true
SourceIsIpv6: false
SourceIp: 169.254.142.2
SourceHostname: LAPTOP-ROPR18AK
SourcePort: 137
SourcePortName: netbios-ns
DestinationIsIpv6: false
DestinationIp: 169.254.255.255
DestinationHostname: -
DestinationPort: 137
DestinationPortName: netbios-ns"
Information	25/06/2022 18:13:47	Microsoft-Windows-Sysmon	3	Network connection detected (rule: NetworkConnect)	"Network connection detected:
RuleName: Sysmon_Event_3(NetworkConnect)
UtcTime: 2022-06-25 15:13:49.169
ProcessGuid: {df655c70-91fb-62b3-eb03-000000000000}
ProcessId: 4
Image: System
User: NT AUTHORITY\SYSTEM
Protocol: udp
Initiated: false
SourceIsIpv6: false
SourceIp: 192.168.76.255
SourceHostname: -
SourcePort: 137
SourcePortName: netbios-ns
DestinationIsIpv6: false
DestinationIp: 192.168.76.2
DestinationHostname: LAPTOP-ROPR18AK
DestinationPort: 137
DestinationPortName: netbios-ns"
Information	25/06/2022 18:13:47	Microsoft-Windows-Sysmon	3	Network connection detected (rule: NetworkConnect)	"Network connection detected:
RuleName: Sysmon_Event_3(NetworkConnect)
UtcTime: 2022-06-25 15:13:49.169
ProcessGuid: {df655c70-91fb-62b3-eb03-000000000000}
ProcessId: 4
Image: System
User: NT AUTHORITY\SYSTEM
Protocol: udp
Initiated: true
SourceIsIpv6: false
SourceIp: 192.168.76.2
SourceHostname: LAPTOP-ROPR18AK
SourcePort: 137
SourcePortName: netbios-ns
DestinationIsIpv6: false
DestinationIp: 192.168.76.255
DestinationHostname: -
DestinationPort: 137
DestinationPortName: netbios-ns"
Information	25/06/2022 18:13:43	Microsoft-Windows-Sysmon	3	Network connection detected (rule: NetworkConnect)	"Network connection detected:
RuleName: Sysmon_Event_3(NetworkConnect)
UtcTime: 2022-06-25 15:13:46.103
ProcessGuid: {df655c70-91fb-62b3-eb03-000000000000}
ProcessId: 4
Image: System
User: NT AUTHORITY\SYSTEM
Protocol: udp
Initiated: false
SourceIsIpv6: false
SourceIp: 192.168.156.255
SourceHostname: -
SourcePort: 137
SourcePortName: netbios-ns
DestinationIsIpv6: false
DestinationIp: 192.168.156.105
DestinationHostname: LAPTOP-ROPR18AK
DestinationPort: 137
DestinationPortName: netbios-ns"
Information	25/06/2022 18:13:43	Microsoft-Windows-Sysmon	3	Network connection detected (rule: NetworkConnect)	"Network connection detected:
RuleName: Sysmon_Event_3(NetworkConnect)
UtcTime: 2022-06-25 15:13:46.103
ProcessGuid: {df655c70-91fb-62b3-eb03-000000000000}
ProcessId: 4
Image: System
User: NT AUTHORITY\SYSTEM
Protocol: udp
Initiated: true
SourceIsIpv6: false
SourceIp: 192.168.156.105
SourceHostname: LAPTOP-ROPR18AK
SourcePort: 137
SourcePortName: netbios-ns
DestinationIsIpv6: false
DestinationIp: 192.168.156.255
DestinationHostname: -
DestinationPort: 137
DestinationPortName: netbios-ns"
Information	25/06/2022 18:13:41	Microsoft-Windows-Sysmon	3	Network connection detected (rule: NetworkConnect)	"Network connection detected:
RuleName: Sysmon_Event_3(NetworkConnect)
UtcTime: 2022-06-25 15:13:43.053
ProcessGuid: {df655c70-91fb-62b3-eb03-000000000000}
ProcessId: 4
Image: System
User: NT AUTHORITY\SYSTEM
Protocol: udp
Initiated: false
SourceIsIpv6: false
SourceIp: 169.254.255.255
SourceHostname: -
SourcePort: 137
SourcePortName: netbios-ns
DestinationIsIpv6: false
DestinationIp: 169.254.250.108
DestinationHostname: LAPTOP-ROPR18AK
DestinationPort: 137
DestinationPortName: netbios-ns"
Information	25/06/2022 18:13:41	Microsoft-Windows-Sysmon	3	Network connection detected (rule: NetworkConnect)	"Network connection detected:
RuleName: Sysmon_Event_3(NetworkConnect)
UtcTime: 2022-06-25 15:13:43.052
ProcessGuid: {df655c70-91fb-62b3-eb03-000000000000}
ProcessId: 4
Image: System
User: NT AUTHORITY\SYSTEM
Protocol: udp
Initiated: true
SourceIsIpv6: false
SourceIp: 169.254.250.108
SourceHostname: LAPTOP-ROPR18AK
SourcePort: 137
SourcePortName: netbios-ns
DestinationIsIpv6: false
DestinationIp: 169.254.255.255
DestinationHostname: -
DestinationPort: 137
DestinationPortName: netbios-ns"
Information	25/06/2022 18:13:37	Microsoft-Windows-Sysmon	3	Network connection detected (rule: NetworkConnect)	"Network connection detected:
RuleName: Sysmon_Event_3(NetworkConnect)
UtcTime: 2022-06-25 15:13:39.983
ProcessGuid: {df655c70-91fb-62b3-eb03-000000000000}
ProcessId: 4
Image: System
User: NT AUTHORITY\SYSTEM
Protocol: udp
Initiated: false
SourceIsIpv6: false
SourceIp: 192.168.128.255
SourceHostname: -
SourcePort: 137
SourcePortName: netbios-ns
DestinationIsIpv6: false
DestinationIp: 192.168.128.102
DestinationHostname: LAPTOP-ROPR18AK
DestinationPort: 137
DestinationPortName: netbios-ns"
Information	25/06/2022 18:13:37	Microsoft-Windows-Sysmon	3	Network connection detected (rule: NetworkConnect)	"Network connection detected:
RuleName: Sysmon_Event_3(NetworkConnect)
UtcTime: 2022-06-25 15:13:39.982
ProcessGuid: {df655c70-91fb-62b3-eb03-000000000000}
ProcessId: 4
Image: System
User: NT AUTHORITY\SYSTEM
Protocol: udp
Initiated: true
SourceIsIpv6: false
SourceIp: 192.168.128.102
SourceHostname: LAPTOP-ROPR18AK
SourcePort: 137
SourcePortName: netbios-ns
DestinationIsIpv6: false
DestinationIp: 192.168.128.255
DestinationHostname: -
DestinationPort: 137
DestinationPortName: netbios-ns"
Information	25/06/2022 18:13:27	Microsoft-Windows-Sysmon	3	Network connection detected (rule: NetworkConnect)	"Network connection detected:
RuleName: Sysmon_Event_3(NetworkConnect)
UtcTime: 2022-06-25 15:13:28.920
ProcessGuid: {df655c70-91fb-62b3-eb03-000000000000}
ProcessId: 4
Image: System
User: NT AUTHORITY\SYSTEM
Protocol: udp
Initiated: false
SourceIsIpv6: false
SourceIp: 169.254.255.255
SourceHostname: -
SourcePort: 137
SourcePortName: netbios-ns
DestinationIsIpv6: false
DestinationIp: 169.254.9.4
DestinationHostname: LAPTOP-ROPR18AK
DestinationPort: 137
DestinationPortName: netbios-ns"
Information	25/06/2022 18:13:27	Microsoft-Windows-Sysmon	3	Network connection detected (rule: NetworkConnect)	"Network connection detected:
RuleName: Sysmon_Event_3(NetworkConnect)
UtcTime: 2022-06-25 15:13:28.920
ProcessGuid: {df655c70-91fb-62b3-eb03-000000000000}
ProcessId: 4
Image: System
User: NT AUTHORITY\SYSTEM
Protocol: udp
Initiated: true
SourceIsIpv6: false
SourceIp: 169.254.9.4
SourceHostname: LAPTOP-ROPR18AK
SourcePort: 137
SourcePortName: netbios-ns
DestinationIsIpv6: false
DestinationIp: 169.254.255.255
DestinationHostname: -
DestinationPort: 137
DestinationPortName: netbios-ns"
Information	25/06/2022 18:13:24	Microsoft-Windows-Sysmon	3	Network connection detected (rule: NetworkConnect)	"Network connection detected:
RuleName: Sysmon_Event_3(NetworkConnect)
UtcTime: 2022-06-25 15:13:26.660
ProcessGuid: {df655c70-91fb-62b3-eb03-000000000000}
ProcessId: 4
Image: System
User: NT AUTHORITY\SYSTEM
Protocol: udp
Initiated: false
SourceIsIpv6: false
SourceIp: 169.254.255.255
SourceHostname: -
SourcePort: 137
SourcePortName: netbios-ns
DestinationIsIpv6: false
DestinationIp: 169.254.3.2
DestinationHostname: LAPTOP-ROPR18AK
DestinationPort: 137
DestinationPortName: netbios-ns"
Information	25/06/2022 18:13:24	Microsoft-Windows-Sysmon	3	Network connection detected (rule: NetworkConnect)	"Network connection detected:
RuleName: Sysmon_Event_3(NetworkConnect)
UtcTime: 2022-06-25 15:13:26.660
ProcessGuid: {df655c70-91fb-62b3-eb03-000000000000}
ProcessId: 4
Image: System
User: NT AUTHORITY\SYSTEM
Protocol: udp
Initiated: true
SourceIsIpv6: false
SourceIp: 169.254.3.2
SourceHostname: LAPTOP-ROPR18AK
SourcePort: 137
SourcePortName: netbios-ns
DestinationIsIpv6: false
DestinationIp: 169.254.255.255
DestinationHostname: -
DestinationPort: 137
DestinationPortName: netbios-ns"
Information	25/06/2022 18:13:22	Microsoft-Windows-Sysmon	3	Network connection detected (rule: NetworkConnect)	"Network connection detected:
RuleName: Sysmon_Event_3(NetworkConnect)
UtcTime: 2022-06-25 15:13:24.398
ProcessGuid: {df655c70-91fb-62b3-eb03-000000000000}
ProcessId: 4
Image: System
User: NT AUTHORITY\SYSTEM
Protocol: udp
Initiated: false
SourceIsIpv6: false
SourceIp: 169.254.255.255
SourceHostname: -
SourcePort: 137
SourcePortName: netbios-ns
DestinationIsIpv6: false
DestinationIp: 169.254.234.2
DestinationHostname: LAPTOP-ROPR18AK
DestinationPort: 137
DestinationPortName: netbios-ns"
Information	25/06/2022 18:13:22	Microsoft-Windows-Sysmon	3	Network connection detected (rule: NetworkConnect)	"Network connection detected:
RuleName: Sysmon_Event_3(NetworkConnect)
UtcTime: 2022-06-25 15:13:24.398
ProcessGuid: {df655c70-91fb-62b3-eb03-000000000000}
ProcessId: 4
Image: System
User: NT AUTHORITY\SYSTEM
Protocol: udp
Initiated: true
SourceIsIpv6: false
SourceIp: 169.254.234.2
SourceHostname: LAPTOP-ROPR18AK
SourcePort: 137
SourcePortName: netbios-ns
DestinationIsIpv6: false
DestinationIp: 169.254.255.255
DestinationHostname: -
DestinationPort: 137
DestinationPortName: netbios-ns"
Information	25/06/2022 18:13:19	Microsoft-Windows-Sysmon	3	Network connection detected (rule: NetworkConnect)	"Network connection detected:
RuleName: Sysmon_Event_3(NetworkConnect)
UtcTime: 2022-06-25 15:13:22.137
ProcessGuid: {df655c70-91fb-62b3-eb03-000000000000}
ProcessId: 4
Image: System
User: NT AUTHORITY\SYSTEM
Protocol: udp
Initiated: false
SourceIsIpv6: false
SourceIp: 169.254.255.255
SourceHostname: -
SourcePort: 137
SourcePortName: netbios-ns
DestinationIsIpv6: false
DestinationIp: 169.254.157.2
DestinationHostname: LAPTOP-ROPR18AK
DestinationPort: 137
DestinationPortName: netbios-ns"
Information	25/06/2022 18:13:19	Microsoft-Windows-Sysmon	3	Network connection detected (rule: NetworkConnect)	"Network connection detected:
RuleName: Sysmon_Event_3(NetworkConnect)
UtcTime: 2022-06-25 15:13:22.137
ProcessGuid: {df655c70-91fb-62b3-eb03-000000000000}
ProcessId: 4
Image: System
User: NT AUTHORITY\SYSTEM
Protocol: udp
Initiated: true
SourceIsIpv6: false
SourceIp: 169.254.157.2
SourceHostname: LAPTOP-ROPR18AK
SourcePort: 137
SourcePortName: netbios-ns
DestinationIsIpv6: false
DestinationIp: 169.254.255.255
DestinationHostname: -
DestinationPort: 137
DestinationPortName: netbios-ns"
Information	25/06/2022 18:13:19	Microsoft-Windows-Sysmon	3	Network connection detected (rule: NetworkConnect)	"Network connection detected:
RuleName: Sysmon_Event_3(NetworkConnect)
UtcTime: 2022-06-25 15:13:21.191
ProcessGuid: {df655c70-91fb-62b3-eb03-000000000000}
ProcessId: 4
Image: System
User: NT AUTHORITY\SYSTEM
Protocol: udp
Initiated: false
SourceIsIpv6: false
SourceIp: 169.254.255.255
SourceHostname: -
SourcePort: 137
SourcePortName: netbios-ns
DestinationIsIpv6: false
DestinationIp: 169.254.77.2
DestinationHostname: LAPTOP-ROPR18AK
DestinationPort: 137
DestinationPortName: netbios-ns"
Information	25/06/2022 18:13:19	Microsoft-Windows-Sysmon	3	Network connection detected (rule: NetworkConnect)	"Network connection detected:
RuleName: Sysmon_Event_3(NetworkConnect)
UtcTime: 2022-06-25 15:13:21.191
ProcessGuid: {df655c70-91fb-62b3-eb03-000000000000}
ProcessId: 4
Image: System
User: NT AUTHORITY\SYSTEM
Protocol: udp
Initiated: true
SourceIsIpv6: false
SourceIp: 169.254.77.2
SourceHostname: LAPTOP-ROPR18AK
SourcePort: 137
SourcePortName: netbios-ns
DestinationIsIpv6: false
DestinationIp: 169.254.255.255
DestinationHostname: -
DestinationPort: 137
DestinationPortName: netbios-ns"
Information	25/06/2022 18:13:17	Microsoft-Windows-Sysmon	3	Network connection detected (rule: NetworkConnect)	"Network connection detected:
RuleName: Sysmon_Event_3(NetworkConnect)
UtcTime: 2022-06-25 15:13:19.876
ProcessGuid: {df655c70-91fb-62b3-eb03-000000000000}
ProcessId: 4
Image: System
User: NT AUTHORITY\SYSTEM
Protocol: udp
Initiated: false
SourceIsIpv6: false
SourceIp: 169.254.255.255
SourceHostname: -
SourcePort: 137
SourcePortName: netbios-ns
DestinationIsIpv6: false
DestinationIp: 169.254.80.102
DestinationHostname: LAPTOP-ROPR18AK
DestinationPort: 137
DestinationPortName: netbios-ns"
Information	25/06/2022 18:13:17	Microsoft-Windows-Sysmon	3	Network connection detected (rule: NetworkConnect)	"Network connection detected:
RuleName: Sysmon_Event_3(NetworkConnect)
UtcTime: 2022-06-25 15:13:19.876
ProcessGuid: {df655c70-91fb-62b3-eb03-000000000000}
ProcessId: 4
Image: System
User: NT AUTHORITY\SYSTEM
Protocol: udp
Initiated: true
SourceIsIpv6: false
SourceIp: 169.254.80.102
SourceHostname: LAPTOP-ROPR18AK
SourcePort: 137
SourcePortName: netbios-ns
DestinationIsIpv6: false
DestinationIp: 169.254.255.255
DestinationHostname: -
DestinationPort: 137
DestinationPortName: netbios-ns"
Information	25/06/2022 18:13:15	Microsoft-Windows-Sysmon	3	Network connection detected (rule: NetworkConnect)	"Network connection detected:
RuleName: Sysmon_Event_3(NetworkConnect)
UtcTime: 2022-06-25 15:13:18.107
ProcessGuid: {df655c70-91fb-62b3-eb03-000000000000}
ProcessId: 4
Image: System
User: NT AUTHORITY\SYSTEM
Protocol: udp
Initiated: false
SourceIsIpv6: false
SourceIp: 169.254.255.255
SourceHostname: -
SourcePort: 137
SourcePortName: netbios-ns
DestinationIsIpv6: false
DestinationIp: 169.254.228.2
DestinationHostname: LAPTOP-ROPR18AK
DestinationPort: 137
DestinationPortName: netbios-ns"
Information	25/06/2022 18:13:15	Microsoft-Windows-Sysmon	3	Network connection detected (rule: NetworkConnect)	"Network connection detected:
RuleName: Sysmon_Event_3(NetworkConnect)
UtcTime: 2022-06-25 15:13:18.107
ProcessGuid: {df655c70-91fb-62b3-eb03-000000000000}
ProcessId: 4
Image: System
User: NT AUTHORITY\SYSTEM
Protocol: udp
Initiated: true
SourceIsIpv6: false
SourceIp: 169.254.228.2
SourceHostname: LAPTOP-ROPR18AK
SourcePort: 137
SourcePortName: netbios-ns
DestinationIsIpv6: false
DestinationIp: 169.254.255.255
DestinationHostname: -
DestinationPort: 137
DestinationPortName: netbios-ns"
Information	25/06/2022 15:57:01	Microsoft-Windows-Sysmon	5	Process terminated (rule: ProcessTerminate)	"Process terminated:
RuleName: notepad Execution
UtcTime: 2022-06-25 12:57:01.863
ProcessGuid: {df655c70-0611-62b7-2c19-000000005101}
ProcessId: 19264
Image: C:\Windows\System32\notepad.exe
User: LAPTOP-ROPR18AK\chrsm"
Information	25/06/2022 15:55:50	Microsoft-Windows-Sysmon	5	Process terminated (rule: ProcessTerminate)	"Process terminated:
RuleName: C:\Users
UtcTime: 2022-06-25 12:55:50.552
ProcessGuid: {df655c70-05d2-62b7-2a19-000000005101}
ProcessId: 19760
Image: C:\Users\chrsm\AppData\Local\Programs\Opera\87.0.4390.45\opera_autoupdate.exe
User: LAPTOP-ROPR18AK\chrsm"
Information	25/06/2022 15:55:50	Microsoft-Windows-Sysmon	5	Process terminated (rule: ProcessTerminate)	"Process terminated:
RuleName: C:\Users
UtcTime: 2022-06-25 12:55:50.547
ProcessGuid: {df655c70-05d2-62b7-2919-000000005101}
ProcessId: 25484
Image: C:\Users\chrsm\AppData\Local\Programs\Opera\87.0.4390.45\opera_autoupdate.exe
User: LAPTOP-ROPR18AK\chrsm"
Information	25/06/2022 15:55:46	Microsoft-Windows-Sysmon	5	Process terminated (rule: ProcessTerminate)	"Process terminated:
RuleName: C:\Users
UtcTime: 2022-06-25 12:55:46.892
ProcessGuid: {df655c70-05b8-62b7-b218-000000005101}
ProcessId: 12948
Image: C:\Users\chrsm\AppData\Local\Programs\Opera\87.0.4390.45\opera_crashreporter.exe
User: LAPTOP-ROPR18AK\chrsm"
